Logit-30-09-2020_01_20_33.json ------- No test affected or reported. Matches
Logit-30-09-2020_01_21_26.json ------- No test affected or reported. Matches
Logit-30-09-2020_01_22_17.json ------- No test affected or reported. Matches
Logit-30-09-2020_01_23_11.json ------- No test affected or reported. Matches
VERIFICATION DONE===========Logit-30-09-2020_01_24_07.json is good
VERIFICATION DONE===========Logit-30-09-2020_01_25_53.json is good
Logit-30-09-2020_01_27_55.json ------- No test affected or reported. Matches
Logit-30-09-2020_01_28_59.json ------- No test affected or reported. Matches
VERIFICATION DONE===========Logit-30-09-2020_01_30_06.json is good
VERIFICATION DONE===========Logit-30-09-2020_01_31_45.json is good
VERIFICATION DONE===========Logit-30-09-2020_01_33_08.json is good
VERIFICATION DONE===========Logit-30-09-2020_01_34_26.json is good
VERIFICATION DONE===========Logit-30-09-2020_01_35_42.json is good
Logit-30-09-2020_01_37_00.json ------- No test affected or reported. Matches
Logit-30-09-2020_01_37_59.json ------- No test affected or reported. Matches
Logit-30-09-2020_01_38_57.json ------- No test affected or reported. Matches
Logit-30-09-2020_01_39_54.json ------- No test affected or reported. Matches
Logit-30-09-2020_01_40_52.json ------- No test affected or reported. Matches
Logit-30-09-2020_01_41_49.json ------- No test affected or reported. Matches
Logit-30-09-2020_01_42_46.json ------- No test affected or reported. Matches
Logit-30-09-2020_01_43_43.json ------- No test affected or reported. Matches
Logit-30-09-2020_01_44_40.json ------- No test affected or reported. Matches
Logit-30-09-2020_01_45_42.json ------- No test affected or reported. Matches
Logit-30-09-2020_01_46_42.json ------- No test affected or reported. Matches
Logit-30-09-2020_01_47_48.json ------- No test affected or reported. Matches
Logit-30-09-2020_01_48_54.json ------- No test affected or reported. Matches
Logit-30-09-2020_01_49_54.json ------- No test affected or reported. Matches
Logit-30-09-2020_01_50_56.json ------- No test affected or reported. Matches
Logit-30-09-2020_01_51_56.json ------- No test affected or reported. Matches
Logit-30-09-2020_01_52_52.json ------- No test affected or reported. Matches
Logit-30-09-2020_01_53_46.json ------- No test affected or reported. Matches
Logit-30-09-2020_01_54_42.json ------- No test affected or reported. Matches
Logit-30-09-2020_01_55_40.json ------- No test affected or reported. Matches
Logit-30-09-2020_01_56_40.json ------- No test affected or reported. Matches
Logit-30-09-2020_01_57_39.json ------- No test affected or reported. Matches
Logit-30-09-2020_01_58_36.json ------- No test affected or reported. Matches
Logit-30-09-2020_01_59_33.json ------- No test affected or reported. Matches
Logit-30-09-2020_02_00_30.json ------- No test affected or reported. Matches
VERIFICATION DONE===========Logit-30-09-2020_02_01_28.json is good but extra lines flagged
VERIFICATION DONE===========Logit-30-09-2020_02_03_11.json is good
VERIFICATION DONE===========Logit-30-09-2020_02_04_40.json is good
VERIFICATION DONE===========Logit-30-09-2020_02_06_06.json is good
VERIFICATION DONE===========Logit-30-09-2020_02_07_32.json is good
VERIFICATION DONE===========Logit-30-09-2020_02_09_02.json is good but extra lines flagged
VERIFICATION DONE===========Logit-30-09-2020_02_10_45.json is good
VERIFICATION DONE===========Logit-30-09-2020_02_12_06.json is good
VERIFICATION DONE===========Logit-30-09-2020_02_13_31.json is good
VERIFICATION DONE===========Logit-30-09-2020_02_15_23.json is good
VERIFICATION DONE===========Logit-30-09-2020_02_17_14.json is good
VERIFICATION DONE===========Logit-30-09-2020_02_19_04.json is good


VERIFICATION DONE===========Sigmoid-30-09-2020_08_03_24.json is good
VERIFICATION DONE===========Sigmoid-30-09-2020_08_04_43.json is good
VERIFICATION DONE===========Sigmoid-30-09-2020_08_06_15.json is good
VERIFICATION DONE===========Sigmoid-30-09-2020_08_07_46.json is good
VERIFICATION DONE===========Sigmoid-30-09-2020_08_09_23.json is good
VERIFICATION DONE===========Sigmoid-30-09-2020_08_11_17.json is good
Sigmoid-30-09-2020_08_13_25.json ------- No test affected or reported. Matches
VERIFICATION DONE===========Sigmoid-30-09-2020_08_15_33.json is good
VERIFICATION DONE===========Sigmoid-30-09-2020_08_17_55.json is good
VERIFICATION DONE===========Sigmoid-30-09-2020_08_19_46.json is good
VERIFICATION DONE===========Sigmoid-30-09-2020_08_21_14.json is good
VERIFICATION DONE===========Sigmoid-30-09-2020_08_22_37.json is good
VERIFICATION DONE===========Sigmoid-30-09-2020_08_24_16.json is good
Sigmoid-30-09-2020_08_26_09.json ------- No test affected or reported. Matches
Sigmoid-30-09-2020_08_27_45.json ------- No test affected or reported. Matches
Sigmoid-30-09-2020_08_29_23.json ------- No test affected or reported. Matches
Sigmoid-30-09-2020_08_31_18.json ------- No test affected or reported. Matches
Sigmoid-30-09-2020_08_33_59.json ------- No test affected or reported. Matches
Sigmoid-30-09-2020_08_35_44.json ------- No test affected or reported. Matches
Sigmoid-30-09-2020_08_37_40.json ------- No test affected or reported. Matches
Sigmoid-30-09-2020_08_38_58.json ------- No test affected or reported. Matches
Sigmoid-30-09-2020_08_40_14.json ------- No test affected or reported. Matches
Sigmoid-30-09-2020_08_41_27.json ------- No test affected or reported. Matches
Sigmoid-30-09-2020_08_42_42.json ------- No test affected or reported. Matches
Sigmoid-30-09-2020_08_43_55.json ------- No test affected or reported. Matches
Sigmoid-30-09-2020_08_45_06.json ------- No test affected or reported. Matches
Sigmoid-30-09-2020_08_46_18.json ------- No test affected or reported. Matches
Sigmoid-30-09-2020_08_47_27.json ------- No test affected or reported. Matches
Sigmoid-30-09-2020_08_48_49.json ------- No test affected or reported. Matches
Sigmoid-30-09-2020_08_50_01.json ------- No test affected or reported. Matches
Sigmoid-30-09-2020_08_51_11.json ------- No test affected or reported. Matches
Sigmoid-30-09-2020_08_52_24.json ------- No test affected or reported. Matches
Sigmoid-30-09-2020_08_53_35.json ------- No test affected or reported. Matches
VERIFICATION DONE===========Sigmoid-30-09-2020_08_54_45.json is good but extra lines flagged
VERIFICATION DONE===========Sigmoid-30-09-2020_08_56_19.json is good
VERIFICATION DONE===========Sigmoid-30-09-2020_08_57_44.json is good
VERIFICATION DONE===========Sigmoid-30-09-2020_08_59_21.json is good
VERIFICATION DONE===========Sigmoid-30-09-2020_09_01_03.json is good
VERIFICATION DONE===========Sigmoid-30-09-2020_09_02_42.json is good but extra lines flagged
VERIFICATION DONE===========Sigmoid-30-09-2020_09_04_18.json is good
VERIFICATION DONE===========Sigmoid-30-09-2020_09_05_51.json is good
Sigmoid-30-09-2020_09_07_27.json ------- No test affected or reported. Matches
Sigmoid-30-09-2020_09_08_55.json ------- No test affected or reported. Matches
Sigmoid-30-09-2020_09_10_15.json ------- No test affected or reported. Matches
Sigmoid-30-09-2020_09_11_34.json ------- No test affected or reported. Matches
Sigmoid-30-09-2020_09_12_50.json ------- No test affected or reported. Matches
Sigmoid-30-09-2020_09_14_13.json ------- No test affected or reported. Matches
Sigmoid-30-09-2020_09_15_47.json ------- No test affected or reported. Matches
Sigmoid-30-09-2020_09_17_12.json ------- No test affected or reported. Matches
Sigmoid-30-09-2020_09_18_38.json ------- No test affected or reported. Matches

Sqrt-30-09-2020_12_10_48.json ------- No test affected or reported. Matches
Sqrt-30-09-2020_12_12_15.json ------- No test affected or reported. Matches
VERIFICATION DONE===========Sqrt-30-09-2020_12_13_39.json is good

VERIFICATION DONE===========StepFunction-30-09-2020_12_24_10.json is good
StepFunction-30-09-2020_12_25_37.json ------- Line didn't match
VERIFICATION DONE===========StepFunction-30-09-2020_12_27_02.json is good
VERIFICATION DONE===========StepFunction-30-09-2020_12_28_18.json is good
StepFunction-30-09-2020_12_29_29.json ------- Line didn't match
VERIFICATION DONE===========StepFunction-30-09-2020_12_30_40.json is good but extra lines flagged
VERIFICATION DONE===========StepFunction-30-09-2020_12_31_52.json is good
VERIFICATION DONE===========StepFunction-30-09-2020_12_32_55.json is good
VERIFICATION DONE===========StepFunction-30-09-2020_12_33_58.json is good
VERIFICATION DONE===========StepFunction-30-09-2020_12_35_00.json is good
VERIFICATION DONE===========StepFunction-30-09-2020_12_36_02.json is good
StepFunction-30-09-2020_12_37_05.json ------- Line didn't match
StepFunction-30-09-2020_12_38_09.json ------- Line didn't match
StepFunction-30-09-2020_12_39_11.json ------- Line didn't match
StepFunction-30-09-2020_12_40_14.json ------- Line didn't match
StepFunction-30-09-2020_12_41_16.json ------- Line didn't match
VERIFICATION DONE===========StepFunction-30-09-2020_12_42_18.json is good
VERIFICATION DONE===========StepFunction-30-09-2020_12_43_25.json is good
StepFunction-30-09-2020_12_44_34.json ------- Line didn't match
VERIFICATION DONE===========StepFunction-30-09-2020_12_45_42.json is good but extra lines flagged
VERIFICATION DONE===========StepFunction-30-09-2020_12_46_45.json is good
VERIFICATION DONE===========StepFunction-30-09-2020_12_47_38.json is good
VERIFICATION DONE===========StepFunction-30-09-2020_12_48_41.json is good but extra lines flagged
VERIFICATION DONE===========StepFunction-30-09-2020_12_49_47.json is good
VERIFICATION DONE===========StepFunction-30-09-2020_12_50_47.json is good but extra lines flagged
VERIFICATION DONE===========StepFunction-30-09-2020_12_51_39.json is good
StepFunction-30-09-2020_12_52_37.json ------------ Affected requirement didn't match
VERIFICATION DONE===========StepFunction-30-09-2020_12_53_30.json is good
VERIFICATION DONE===========StepFunction-30-09-2020_12_54_23.json is good
VERIFICATION DONE===========StepFunction-30-09-2020_12_55_13.json is good
VERIFICATION DONE===========StepFunction-30-09-2020_12_56_06.json is good
VERIFICATION DONE===========StepFunction-30-09-2020_12_56_58.json is good
VERIFICATION DONE===========StepFunction-30-09-2020_12_57_50.json is good
VERIFICATION DONE===========StepFunction-30-09-2020_12_58_40.json is good but extra lines flagged
VERIFICATION DONE===========StepFunction-30-09-2020_12_59_32.json is good
VERIFICATION DONE===========StepFunction-30-09-2020_13_00_26.json is good
VERIFICATION DONE===========StepFunction-30-09-2020_13_01_27.json is good
VERIFICATION DONE===========StepFunction-30-09-2020_13_02_25.json is good
VERIFICATION DONE===========StepFunction-30-09-2020_13_03_12.json is good
VERIFICATION DONE===========StepFunction-30-09-2020_13_04_09.json is good
VERIFICATION DONE===========StepFunction-30-09-2020_13_05_02.json is good
VERIFICATION DONE===========StepFunction-30-09-2020_13_05_52.json is good
VERIFICATION DONE===========StepFunction-30-09-2020_13_06_45.json is good
VERIFICATION DONE===========StepFunction-30-09-2020_13_08_11.json is good
VERIFICATION DONE===========StepFunction-30-09-2020_13_09_14.json is good
VERIFICATION DONE===========StepFunction-30-09-2020_13_10_19.json is good
VERIFICATION DONE===========StepFunction-30-09-2020_13_11_22.json is good
StepFunction-30-09-2020_13_13_08.json ------------ Affected requirement didn't match
VERIFICATION DONE===========StepFunction-30-09-2020_13_14_20.json is good
VERIFICATION DONE===========StepFunction-30-09-2020_13_15_26.json is good

Final result file was empty

VERIFICATION DONE===========IterativeLegendreGaussIntegrator-30-09-2020_15_05_57.json is good
VERIFICATION DONE===========IterativeLegendreGaussIntegrator-30-09-2020_15_08_15.json is good
VERIFICATION DONE===========IterativeLegendreGaussIntegrator-30-09-2020_15_10_26.json is good
VERIFICATION DONE===========IterativeLegendreGaussIntegrator-30-09-2020_15_12_35.json is good
VERIFICATION DONE===========IterativeLegendreGaussIntegrator-30-09-2020_15_14_45.json is good but extra lines flagged
VERIFICATION DONE===========IterativeLegendreGaussIntegrator-30-09-2020_15_16_58.json is good
VERIFICATION DONE===========IterativeLegendreGaussIntegrator-30-09-2020_15_19_06.json is good
VERIFICATION DONE===========IterativeLegendreGaussIntegrator-30-09-2020_15_21_00.json is good
VERIFICATION DONE===========IterativeLegendreGaussIntegrator-30-09-2020_15_23_00.json is good
VERIFICATION DONE===========IterativeLegendreGaussIntegrator-30-09-2020_15_24_55.json is good
VERIFICATION DONE===========IterativeLegendreGaussIntegrator-30-09-2020_15_26_47.json is good
VERIFICATION DONE===========IterativeLegendreGaussIntegrator-30-09-2020_15_28_40.json is good
VERIFICATION DONE===========IterativeLegendreGaussIntegrator-30-09-2020_15_30_39.json is good
VERIFICATION DONE===========IterativeLegendreGaussIntegrator-30-09-2020_15_32_39.json is good
VERIFICATION DONE===========IterativeLegendreGaussIntegrator-30-09-2020_15_34_37.json is good
IterativeLegendreGaussIntegrator-30-09-2020_15_36_45.json ------- Line didn't match
IterativeLegendreGaussIntegrator-30-09-2020_15_38_53.json ------- Line didn't match
IterativeLegendreGaussIntegrator-30-09-2020_15_40_55.json ------- Line didn't match
IterativeLegendreGaussIntegrator-30-09-2020_15_42_58.json ------- Line didn't match
IterativeLegendreGaussIntegrator-30-09-2020_15_45_00.json ------- Line didn't match
IterativeLegendreGaussIntegrator-30-09-2020_15_47_05.json ------- Line didn't match
IterativeLegendreGaussIntegrator-30-09-2020_15_49_14.json ------- Line didn't match
IterativeLegendreGaussIntegrator-30-09-2020_15_51_16.json ------- Line didn't match
IterativeLegendreGaussIntegrator-30-09-2020_15_53_28.json ------- Line didn't match
IterativeLegendreGaussIntegrator-30-09-2020_15_55_30.json ------- Line didn't match
IterativeLegendreGaussIntegrator-30-09-2020_15_57_36.json ------- Line didn't match
IterativeLegendreGaussIntegrator-30-09-2020_15_59_42.json ------- Line didn't match
IterativeLegendreGaussIntegrator-30-09-2020_16_01_44.json ------- Line didn't match
IterativeLegendreGaussIntegrator-30-09-2020_16_03_53.json ------- Line didn't match
VERIFICATION DONE===========IterativeLegendreGaussIntegrator-30-09-2020_16_06_04.json is good
VERIFICATION DONE===========IterativeLegendreGaussIntegrator-30-09-2020_16_08_14.json is good
VERIFICATION DONE===========IterativeLegendreGaussIntegrator-30-09-2020_16_10_36.json is good
VERIFICATION DONE===========IterativeLegendreGaussIntegrator-30-09-2020_16_12_51.json is good
VERIFICATION DONE===========IterativeLegendreGaussIntegrator-30-09-2020_16_14_54.json is good
VERIFICATION DONE===========IterativeLegendreGaussIntegrator-30-09-2020_16_16_55.json is good
VERIFICATION DONE===========IterativeLegendreGaussIntegrator-30-09-2020_16_18_56.json is good
VERIFICATION DONE===========IterativeLegendreGaussIntegrator-30-09-2020_16_20_53.json is good
IterativeLegendreGaussIntegrator-30-09-2020_16_22_49.json ------------ Affected requirement didn't match
IterativeLegendreGaussIntegrator-30-09-2020_16_24_41.json ------- Line didn't match
IterativeLegendreGaussIntegrator-30-09-2020_16_26_32.json ------- Line didn't match
IterativeLegendreGaussIntegrator-30-09-2020_16_28_17.json ------- Line didn't match
VERIFICATION DONE===========IterativeLegendreGaussIntegrator-30-09-2020_16_30_00.json is good
IterativeLegendreGaussIntegrator-30-09-2020_16_31_45.json ------------ Affected requirement didn't match
VERIFICATION DONE===========IterativeLegendreGaussIntegrator-30-09-2020_16_33_27.json is good
IterativeLegendreGaussIntegrator-30-09-2020_16_35_10.json ------- Line didn't match
VERIFICATION DONE===========IterativeLegendreGaussIntegrator-30-09-2020_16_36_51.json is good
VERIFICATION DONE===========IterativeLegendreGaussIntegrator-30-09-2020_16_38_34.json is good
VERIFICATION DONE===========IterativeLegendreGaussIntegrator-30-09-2020_16_40_18.json is good
VERIFICATION DONE===========IterativeLegendreGaussIntegrator-30-09-2020_16_42_00.json is good

Final result file was empty
Final result file was empty
Final result file was empty
Final result file was empty
Final result file was empty
Final result file was empty
Final result file was empty
Final result file was empty
Final result file was empty
Final result file was empty
Final result file was empty
Final result file was empty
Final result file was empty
Final result file was empty
Final result file was empty
Final result file was empty
Final result file was empty
Final result file was empty
Final result file was empty
Final result file was empty
Final result file was empty
Final result file was empty
Final result file was empty
Final result file was empty
Final result file was empty
Final result file was empty
Final result file was empty
Final result file was empty
Final result file was empty
Final result file was empty
Final result file was empty
Final result file was empty
Final result file was empty
Final result file was empty
Final result file was empty
Final result file was empty
Final result file was empty
Final result file was empty
Final result file was empty
Final result file was empty
Final result file was empty
Final result file was empty
Final result file was empty
Final result file was empty
Final result file was empty
Final result file was empty
Final result file was empty
Final result file was empty
Final result file was empty
Final result file was empty


RombergIntegrator-01-10-2020_09_10_34.json ------- No test affected or reported. Matches
RombergIntegrator-01-10-2020_09_10_42.json ------- No test affected or reported. Matches
RombergIntegrator-01-10-2020_09_10_51.json ------- No test affected or reported. Matches
RombergIntegrator-01-10-2020_09_10_58.json ------- Line didn't match
VERIFICATION DONE===========RombergIntegrator-01-10-2020_09_11_05.json is good
VERIFICATION DONE===========RombergIntegrator-01-10-2020_09_11_35.json is good
VERIFICATION DONE===========RombergIntegrator-01-10-2020_09_11_59.json is good but extra lines flagged
RombergIntegrator-01-10-2020_09_12_27.json ------- Line didn't match
VERIFICATION DONE===========RombergIntegrator-01-10-2020_09_12_54.json is good
VERIFICATION DONE===========RombergIntegrator-01-10-2020_09_13_26.json is good
VERIFICATION DONE===========RombergIntegrator-01-10-2020_09_14_07.json is good
VERIFICATION DONE===========RombergIntegrator-01-10-2020_09_14_42.json is good
VERIFICATION DONE===========RombergIntegrator-01-10-2020_09_15_19.json is good
VERIFICATION DONE===========RombergIntegrator-01-10-2020_09_15_58.json is good
VERIFICATION DONE===========RombergIntegrator-01-10-2020_09_16_35.json is good
VERIFICATION DONE===========RombergIntegrator-01-10-2020_09_17_14.json is good
VERIFICATION DONE===========RombergIntegrator-01-10-2020_09_17_49.json is good
VERIFICATION DONE===========RombergIntegrator-01-10-2020_09_18_26.json is good
VERIFICATION DONE===========RombergIntegrator-01-10-2020_09_19_05.json is good
VERIFICATION DONE===========RombergIntegrator-01-10-2020_09_19_38.json is good
VERIFICATION DONE===========RombergIntegrator-01-10-2020_09_20_09.json is good
VERIFICATION DONE===========RombergIntegrator-01-10-2020_09_20_41.json is good
VERIFICATION DONE===========RombergIntegrator-01-10-2020_09_21_20.json is good
VERIFICATION DONE===========RombergIntegrator-01-10-2020_09_21_52.json is good
VERIFICATION DONE===========RombergIntegrator-01-10-2020_09_22_23.json is good
RombergIntegrator-01-10-2020_09_22_53.json ------------ Affected requirement didn't match
VERIFICATION DONE===========RombergIntegrator-01-10-2020_09_23_24.json is good
VERIFICATION DONE===========RombergIntegrator-01-10-2020_09_23_55.json is good
VERIFICATION DONE===========RombergIntegrator-01-10-2020_09_24_24.json is good
VERIFICATION DONE===========RombergIntegrator-01-10-2020_09_24_53.json is good
VERIFICATION DONE===========RombergIntegrator-01-10-2020_09_25_23.json is good
VERIFICATION DONE===========RombergIntegrator-01-10-2020_09_25_58.json is good
VERIFICATION DONE===========RombergIntegrator-01-10-2020_09_26_34.json is good
VERIFICATION DONE===========RombergIntegrator-01-10-2020_09_27_06.json is good
VERIFICATION DONE===========RombergIntegrator-01-10-2020_09_27_37.json is good
VERIFICATION DONE===========RombergIntegrator-01-10-2020_09_28_14.json is good
VERIFICATION DONE===========RombergIntegrator-01-10-2020_09_28_48.json is good
VERIFICATION DONE===========RombergIntegrator-01-10-2020_09_29_23.json is good
VERIFICATION DONE===========RombergIntegrator-01-10-2020_09_30_08.json is good
VERIFICATION DONE===========RombergIntegrator-01-10-2020_09_30_48.json is good
VERIFICATION DONE===========RombergIntegrator-01-10-2020_09_31_18.json is good
VERIFICATION DONE===========RombergIntegrator-01-10-2020_09_31_47.json is good
VERIFICATION DONE===========RombergIntegrator-01-10-2020_09_32_19.json is good
VERIFICATION DONE===========RombergIntegrator-01-10-2020_09_32_57.json is good
VERIFICATION DONE===========RombergIntegrator-01-10-2020_09_33_41.json is good
VERIFICATION DONE===========RombergIntegrator-01-10-2020_09_34_18.json is good
VERIFICATION DONE===========RombergIntegrator-01-10-2020_09_34_51.json is good
VERIFICATION DONE===========RombergIntegrator-01-10-2020_09_35_22.json is good
VERIFICATION DONE===========RombergIntegrator-01-10-2020_09_35_56.json is good
VERIFICATION DONE===========RombergIntegrator-01-10-2020_09_36_37.json is good


SimpsonIntegrator-01-10-2020_09_37_25.json ------- No test affected or reported. Matches
SimpsonIntegrator-01-10-2020_09_37_41.json ------- No test affected or reported. Matches
SimpsonIntegrator-01-10-2020_09_37_55.json ------- No test affected or reported. Matches
SimpsonIntegrator-01-10-2020_09_38_10.json ------- Line didn't match
VERIFICATION DONE===========SimpsonIntegrator-01-10-2020_09_38_25.json is good
VERIFICATION DONE===========SimpsonIntegrator-01-10-2020_09_39_08.json is good
VERIFICATION DONE===========SimpsonIntegrator-01-10-2020_09_39_54.json is good but extra lines flagged
SimpsonIntegrator-01-10-2020_09_40_38.json ------- Line didn't match
VERIFICATION DONE===========SimpsonIntegrator-01-10-2020_09_41_19.json is good
VERIFICATION DONE===========SimpsonIntegrator-01-10-2020_09_42_08.json is good
VERIFICATION DONE===========SimpsonIntegrator-01-10-2020_09_42_53.json is good
VERIFICATION DONE===========SimpsonIntegrator-01-10-2020_09_43_38.json is good
VERIFICATION DONE===========SimpsonIntegrator-01-10-2020_09_44_50.json is good
VERIFICATION DONE===========SimpsonIntegrator-01-10-2020_09_45_43.json is good but extra lines flagged
SimpsonIntegrator-01-10-2020_09_46_25.json ------- No test affected or reported. Matches
SimpsonIntegrator-01-10-2020_09_46_37.json ------- No test affected or reported. Matches
SimpsonIntegrator-01-10-2020_09_46_48.json ------- No test affected or reported. Matches
SimpsonIntegrator-01-10-2020_09_47_00.json ------- No test affected or reported. Matches
SimpsonIntegrator-01-10-2020_09_47_11.json ------- No test affected or reported. Matches
SimpsonIntegrator-01-10-2020_09_47_24.json ------- No test affected or reported. Matches
SimpsonIntegrator-01-10-2020_09_47_35.json ------- No test affected or reported. Matches
SimpsonIntegrator-01-10-2020_09_47_48.json ------- No test affected or reported. Matches
SimpsonIntegrator-01-10-2020_09_48_00.json ------- No test affected or reported. Matches
SimpsonIntegrator-01-10-2020_09_48_10.json ------- No test affected or reported. Matches
SimpsonIntegrator-01-10-2020_09_48_21.json ------- No test affected or reported. Matches
SimpsonIntegrator-01-10-2020_09_48_34.json ------- No test affected or reported. Matches
SimpsonIntegrator-01-10-2020_09_48_44.json ------- No test affected or reported. Matches
SimpsonIntegrator-01-10-2020_09_48_56.json ------- No test affected or reported. Matches
SimpsonIntegrator-01-10-2020_09_49_07.json ------- No test affected or reported. Matches
SimpsonIntegrator-01-10-2020_09_49_17.json ------- No test affected or reported. Matches
SimpsonIntegrator-01-10-2020_09_49_27.json ------- No test affected or reported. Matches
SimpsonIntegrator-01-10-2020_09_49_36.json ------- No test affected or reported. Matches
SimpsonIntegrator-01-10-2020_09_49_46.json ------- No test affected or reported. Matches
SimpsonIntegrator-01-10-2020_09_50_09.json ------- No test affected or reported. Matches
SimpsonIntegrator-01-10-2020_09_50_20.json ------- No test affected or reported. Matches
VERIFICATION DONE===========SimpsonIntegrator-01-10-2020_09_50_29.json is good
VERIFICATION DONE===========SimpsonIntegrator-01-10-2020_09_51_10.json is good
VERIFICATION DONE===========SimpsonIntegrator-01-10-2020_09_51_46.json is good
VERIFICATION DONE===========SimpsonIntegrator-01-10-2020_09_52_22.json is good
SimpsonIntegrator-01-10-2020_09_53_04.json ------------ Affected requirement didn't match
VERIFICATION DONE===========SimpsonIntegrator-01-10-2020_09_53_47.json is good
VERIFICATION DONE===========SimpsonIntegrator-01-10-2020_09_55_05.json is good
VERIFICATION DONE===========SimpsonIntegrator-01-10-2020_09_55_50.json is good
VERIFICATION DONE===========SimpsonIntegrator-01-10-2020_09_56_31.json is good
VERIFICATION DONE===========SimpsonIntegrator-01-10-2020_09_57_08.json is good
VERIFICATION DONE===========SimpsonIntegrator-01-10-2020_09_57_46.json is good
VERIFICATION DONE===========SimpsonIntegrator-01-10-2020_09_58_24.json is good
VERIFICATION DONE===========SimpsonIntegrator-01-10-2020_09_59_03.json is good
VERIFICATION DONE===========SimpsonIntegrator-01-10-2020_09_59_45.json is good
VERIFICATION DONE===========SimpsonIntegrator-01-10-2020_10_00_27.json is good

TrapezoidIntegrator-01-10-2020_10_01_13.json ------- No test affected or reported. Matches
TrapezoidIntegrator-01-10-2020_10_02_01.json ------- No test affected or reported. Matches
TrapezoidIntegrator-01-10-2020_10_02_49.json ------- No test affected or reported. Matches
TrapezoidIntegrator-01-10-2020_10_03_34.json ------- Line didn't match
VERIFICATION DONE===========TrapezoidIntegrator-01-10-2020_10_04_18.json is good
VERIFICATION DONE===========TrapezoidIntegrator-01-10-2020_10_05_10.json is good
VERIFICATION DONE===========TrapezoidIntegrator-01-10-2020_10_06_00.json is good but extra lines flagged
TrapezoidIntegrator-01-10-2020_10_06_47.json ------- Line didn't match
VERIFICATION DONE===========TrapezoidIntegrator-01-10-2020_10_07_30.json is good
VERIFICATION DONE===========TrapezoidIntegrator-01-10-2020_10_08_19.json is good
VERIFICATION DONE===========TrapezoidIntegrator-01-10-2020_10_09_08.json is good
VERIFICATION DONE===========TrapezoidIntegrator-01-10-2020_10_10_00.json is good
VERIFICATION DONE===========TrapezoidIntegrator-01-10-2020_10_10_51.json is good but extra lines flagged
VERIFICATION DONE===========TrapezoidIntegrator-01-10-2020_10_11_40.json is good
VERIFICATION DONE===========TrapezoidIntegrator-01-10-2020_10_12_29.json is good
VERIFICATION DONE===========TrapezoidIntegrator-01-10-2020_10_13_18.json is good
VERIFICATION DONE===========TrapezoidIntegrator-01-10-2020_10_14_06.json is good
VERIFICATION DONE===========TrapezoidIntegrator-01-10-2020_10_15_03.json is good
VERIFICATION DONE===========TrapezoidIntegrator-01-10-2020_10_15_53.json is good
VERIFICATION DONE===========TrapezoidIntegrator-01-10-2020_10_16_43.json is good
VERIFICATION DONE===========TrapezoidIntegrator-01-10-2020_10_17_33.json is good
VERIFICATION DONE===========TrapezoidIntegrator-01-10-2020_10_18_21.json is good
VERIFICATION DONE===========TrapezoidIntegrator-01-10-2020_10_19_12.json is good
VERIFICATION DONE===========TrapezoidIntegrator-01-10-2020_10_19_56.json is good
VERIFICATION DONE===========TrapezoidIntegrator-01-10-2020_10_20_38.json is good
TrapezoidIntegrator-01-10-2020_10_21_17.json ------- Line didn't match
TrapezoidIntegrator-01-10-2020_10_21_56.json ------- Line didn't match
TrapezoidIntegrator-01-10-2020_10_22_37.json ------- Line didn't match
TrapezoidIntegrator-01-10-2020_10_23_15.json ------- Line didn't match
VERIFICATION DONE===========TrapezoidIntegrator-01-10-2020_10_23_55.json is good
VERIFICATION DONE===========TrapezoidIntegrator-01-10-2020_10_24_32.json is good
VERIFICATION DONE===========TrapezoidIntegrator-01-10-2020_10_25_16.json is good
VERIFICATION DONE===========TrapezoidIntegrator-01-10-2020_10_25_54.json is good
VERIFICATION DONE===========TrapezoidIntegrator-01-10-2020_10_26_31.json is good
TrapezoidIntegrator-01-10-2020_10_27_11.json ------- No test affected or reported. Matches
VERIFICATION DONE===========TrapezoidIntegrator-01-10-2020_10_27_48.json is good
VERIFICATION DONE===========TrapezoidIntegrator-01-10-2020_10_28_38.json is good
VERIFICATION DONE===========TrapezoidIntegrator-01-10-2020_10_29_23.json is good
VERIFICATION DONE===========TrapezoidIntegrator-01-10-2020_10_30_06.json is good
VERIFICATION DONE===========TrapezoidIntegrator-01-10-2020_10_30_43.json is good
VERIFICATION DONE===========TrapezoidIntegrator-01-10-2020_10_31_26.json is good
VERIFICATION DONE===========TrapezoidIntegrator-01-10-2020_10_32_07.json is good
VERIFICATION DONE===========TrapezoidIntegrator-01-10-2020_10_32_49.json is good
VERIFICATION DONE===========TrapezoidIntegrator-01-10-2020_10_33_29.json is good
VERIFICATION DONE===========TrapezoidIntegrator-01-10-2020_10_34_13.json is good
VERIFICATION DONE===========TrapezoidIntegrator-01-10-2020_10_35_02.json is good
VERIFICATION DONE===========TrapezoidIntegrator-01-10-2020_10_35_45.json is good
VERIFICATION DONE===========TrapezoidIntegrator-01-10-2020_10_36_27.json is good
VERIFICATION DONE===========TrapezoidIntegrator-01-10-2020_10_37_09.json is good
VERIFICATION DONE===========TrapezoidIntegrator-01-10-2020_10_38_00.json is good

Final result file was empty
Final result file was empty

VERIFICATION DONE===========BaseRuleFactory-01-10-2020_10_40_00.json is good
VERIFICATION DONE===========BaseRuleFactory-01-10-2020_10_40_44.json is good
VERIFICATION DONE===========BaseRuleFactory-01-10-2020_10_41_30.json is good
VERIFICATION DONE===========BaseRuleFactory-01-10-2020_10_42_12.json is good
VERIFICATION DONE===========BaseRuleFactory-01-10-2020_10_42_49.json is good but extra lines flagged
VERIFICATION DONE===========BaseRuleFactory-01-10-2020_10_43_26.json is good
VERIFICATION DONE===========BaseRuleFactory-01-10-2020_10_44_05.json is good but extra lines flagged
VERIFICATION DONE===========BaseRuleFactory-01-10-2020_10_44_42.json is good
VERIFICATION DONE===========BaseRuleFactory-01-10-2020_10_45_18.json is good
VERIFICATION DONE===========BaseRuleFactory-01-10-2020_10_45_51.json is good
VERIFICATION DONE===========BaseRuleFactory-01-10-2020_10_46_26.json is good
BaseRuleFactory-01-10-2020_10_46_58.json ------- No test affected or reported. Matches
BaseRuleFactory-01-10-2020_10_47_23.json ------- No test affected or reported. Matches
BaseRuleFactory-01-10-2020_10_47_50.json ------- Line didn't match
BaseRuleFactory-01-10-2020_10_48_17.json ------- No test affected or reported. Matches
BaseRuleFactory-01-10-2020_10_48_44.json ------- No test affected or reported. Matches
VERIFICATION DONE===========BaseRuleFactory-01-10-2020_10_49_16.json is good
VERIFICATION DONE===========BaseRuleFactory-01-10-2020_10_49_50.json is good
VERIFICATION DONE===========BaseRuleFactory-01-10-2020_10_50_25.json is good but extra lines flagged
VERIFICATION DONE===========BaseRuleFactory-01-10-2020_10_50_59.json is good
VERIFICATION DONE===========BaseRuleFactory-01-10-2020_10_53_33.json is good
VERIFICATION DONE===========BaseRuleFactory-01-10-2020_10_54_07.json is good
VERIFICATION DONE===========BaseRuleFactory-01-10-2020_10_54_41.json is good
VERIFICATION DONE===========BaseRuleFactory-01-10-2020_10_55_13.json is good
VERIFICATION DONE===========BaseRuleFactory-01-10-2020_10_55_46.json is good
VERIFICATION DONE===========BaseRuleFactory-01-10-2020_10_56_20.json is good
VERIFICATION DONE===========BaseRuleFactory-01-10-2020_10_56_53.json is good
VERIFICATION DONE===========BaseRuleFactory-01-10-2020_10_57_24.json is good
VERIFICATION DONE===========BaseRuleFactory-01-10-2020_10_57_59.json is good
VERIFICATION DONE===========BaseRuleFactory-01-10-2020_10_58_33.json is good
BaseRuleFactory-01-10-2020_10_59_12.json ------- Line didn't match
VERIFICATION DONE===========BaseRuleFactory-01-10-2020_10_59_46.json is good
VERIFICATION DONE===========BaseRuleFactory-01-10-2020_11_00_24.json is good


VERIFICATION DONE===========GaussIntegrator-01-10-2020_11_01_03.json is good
VERIFICATION DONE===========GaussIntegrator-01-10-2020_11_01_51.json is good
VERIFICATION DONE===========GaussIntegrator-01-10-2020_11_02_33.json is good but extra lines flagged
VERIFICATION DONE===========GaussIntegrator-01-10-2020_11_03_14.json is good
VERIFICATION DONE===========GaussIntegrator-01-10-2020_11_03_55.json is good
VERIFICATION DONE===========GaussIntegrator-01-10-2020_11_04_35.json is good
VERIFICATION DONE===========GaussIntegrator-01-10-2020_11_05_17.json is good
VERIFICATION DONE===========GaussIntegrator-01-10-2020_11_05_58.json is good
VERIFICATION DONE===========GaussIntegrator-01-10-2020_11_06_44.json is good
VERIFICATION DONE===========GaussIntegrator-01-10-2020_11_07_13.json is good
VERIFICATION DONE===========GaussIntegrator-01-10-2020_11_07_47.json is good
VERIFICATION DONE===========GaussIntegrator-01-10-2020_11_08_20.json is good
VERIFICATION DONE===========GaussIntegrator-01-10-2020_11_08_57.json is good
VERIFICATION DONE===========GaussIntegrator-01-10-2020_11_09_39.json is good
VERIFICATION DONE===========GaussIntegrator-01-10-2020_11_10_20.json is good
VERIFICATION DONE===========GaussIntegrator-01-10-2020_11_10_55.json is good
VERIFICATION DONE===========GaussIntegrator-01-10-2020_11_11_24.json is good
VERIFICATION DONE===========GaussIntegrator-01-10-2020_11_11_55.json is good
VERIFICATION DONE===========GaussIntegrator-01-10-2020_11_12_37.json is good
VERIFICATION DONE===========GaussIntegrator-01-10-2020_11_13_20.json is good
VERIFICATION DONE===========GaussIntegrator-01-10-2020_11_14_02.json is good
VERIFICATION DONE===========GaussIntegrator-01-10-2020_11_14_43.json is good
VERIFICATION DONE===========GaussIntegrator-01-10-2020_11_15_28.json is good
VERIFICATION DONE===========GaussIntegrator-01-10-2020_11_16_08.json is good
VERIFICATION DONE===========GaussIntegrator-01-10-2020_11_16_45.json is good
VERIFICATION DONE===========GaussIntegrator-01-10-2020_11_17_26.json is good
VERIFICATION DONE===========GaussIntegrator-01-10-2020_11_18_02.json is good
VERIFICATION DONE===========GaussIntegrator-01-10-2020_11_18_38.json is good
VERIFICATION DONE===========GaussIntegrator-01-10-2020_11_19_15.json is good
VERIFICATION DONE===========GaussIntegrator-01-10-2020_11_19_50.json is good
VERIFICATION DONE===========GaussIntegrator-01-10-2020_11_20_23.json is good
VERIFICATION DONE===========GaussIntegrator-01-10-2020_11_20_59.json is good
VERIFICATION DONE===========GaussIntegrator-01-10-2020_11_21_30.json is good
VERIFICATION DONE===========GaussIntegrator-01-10-2020_11_22_01.json is good
VERIFICATION DONE===========GaussIntegrator-01-10-2020_11_22_31.json is good
VERIFICATION DONE===========GaussIntegrator-01-10-2020_11_23_01.json is good
VERIFICATION DONE===========GaussIntegrator-01-10-2020_11_23_33.json is good
VERIFICATION DONE===========GaussIntegrator-01-10-2020_11_24_04.json is good
VERIFICATION DONE===========GaussIntegrator-01-10-2020_11_24_34.json is good
VERIFICATION DONE===========GaussIntegrator-01-10-2020_11_25_04.json is good
VERIFICATION DONE===========GaussIntegrator-01-10-2020_11_25_36.json is good
VERIFICATION DONE===========GaussIntegrator-01-10-2020_11_26_10.json is good
VERIFICATION DONE===========GaussIntegrator-01-10-2020_11_26_40.json is good
VERIFICATION DONE===========GaussIntegrator-01-10-2020_11_27_16.json is good
VERIFICATION DONE===========GaussIntegrator-01-10-2020_11_27_49.json is good


Final result file was empty
Final result file was empty
Final result file was empty
Final result file was empty
Final result file was empty
Final result file was empty
Final result file was empty
Final result file was empty
Final result file was empty
Final result file was empty
Final result file was empty
Final result file was empty
Final result file was empty
Final result file was empty
Final result file was empty
Final result file was empty
Final result file was empty
Final result file was empty
Final result file was empty
Final result file was empty
Final result file was empty
Final result file was empty
Final result file was empty
Final result file was empty
Final result file was empty
Final result file was empty
Final result file was empty
Final result file was empty
Final result file was empty
Final result file was empty
Final result file was empty
Final result file was empty
Final result file was empty
Final result file was empty
Final result file was empty
Final result file was empty
Final result file was empty
Final result file was empty
Final result file was empty
Final result file was empty
Final result file was empty
Final result file was empty
Final result file was empty
Final result file was empty
Final result file was empty
Final result file was empty
Final result file was empty
Final result file was empty
Final result file was empty
Final result file was empty



VERIFICATION DONE===========BicubicSplineInterpolator-01-10-2020_13_17_10.json is good
VERIFICATION DONE===========BicubicSplineInterpolator-01-10-2020_13_19_44.json is good
VERIFICATION DONE===========BicubicSplineInterpolator-01-10-2020_13_22_20.json is good
VERIFICATION DONE===========BicubicSplineInterpolator-01-10-2020_13_24_31.json is good
VERIFICATION DONE===========BicubicSplineInterpolator-01-10-2020_13_26_33.json is good
VERIFICATION DONE===========BicubicSplineInterpolator-01-10-2020_13_30_16.json is good
VERIFICATION DONE===========BicubicSplineInterpolator-01-10-2020_13_34_26.json is good
VERIFICATION DONE===========BicubicSplineInterpolator-01-10-2020_13_38_44.json is good
VERIFICATION DONE===========BicubicSplineInterpolator-01-10-2020_13_42_33.json is good
VERIFICATION DONE===========BicubicSplineInterpolator-01-10-2020_13_46_38.json is good
VERIFICATION DONE===========BicubicSplineInterpolator-01-10-2020_13_50_22.json is good
VERIFICATION DONE===========BicubicSplineInterpolator-01-10-2020_13_56_02.json is good
VERIFICATION DONE===========BicubicSplineInterpolator-01-10-2020_14_00_06.json is good
BicubicSplineInterpolator-01-10-2020_14_03_33.json ------------ Affected requirement didn't match
VERIFICATION DONE===========BicubicSplineInterpolator-01-10-2020_14_06_44.json is good
VERIFICATION DONE===========BicubicSplineInterpolator-01-10-2020_14_09_26.json is good
VERIFICATION DONE===========BicubicSplineInterpolator-01-10-2020_14_11_42.json is good
VERIFICATION DONE===========BicubicSplineInterpolator-01-10-2020_14_13_49.json is good
VERIFICATION DONE===========BicubicSplineInterpolator-01-10-2020_14_15_54.json is good
VERIFICATION DONE===========BicubicSplineInterpolator-01-10-2020_14_18_02.json is good
VERIFICATION DONE===========BicubicSplineInterpolator-01-10-2020_14_20_13.json is good
BicubicSplineInterpolator-01-10-2020_14_22_53.json ------------ Affected requirement didn't match
VERIFICATION DONE===========BicubicSplineInterpolator-01-10-2020_14_24_59.json is good but extra lines flagged
VERIFICATION DONE===========BicubicSplineInterpolator-01-10-2020_14_26_54.json is good
VERIFICATION DONE===========BicubicSplineInterpolator-01-10-2020_14_29_20.json is good
VERIFICATION DONE===========BicubicSplineInterpolator-01-10-2020_14_31_39.json is good but extra lines flagged
BicubicSplineInterpolator-01-10-2020_14_33_46.json ------- Line didn't match
VERIFICATION DONE===========BicubicSplineInterpolator-01-10-2020_14_36_18.json is good
VERIFICATION DONE===========BicubicSplineInterpolator-01-10-2020_14_38_24.json is good
VERIFICATION DONE===========BicubicSplineInterpolator-01-10-2020_14_40_35.json is good
VERIFICATION DONE===========BicubicSplineInterpolator-01-10-2020_14_42_51.json is good
VERIFICATION DONE===========BicubicSplineInterpolator-01-10-2020_14_45_07.json is good
VERIFICATION DONE===========BicubicSplineInterpolator-01-10-2020_14_47_30.json is good
VERIFICATION DONE===========BicubicSplineInterpolator-01-10-2020_14_50_05.json is good
VERIFICATION DONE===========BicubicSplineInterpolator-01-10-2020_14_52_23.json is good
VERIFICATION DONE===========BicubicSplineInterpolator-01-10-2020_14_54_29.json is good
VERIFICATION DONE===========BicubicSplineInterpolator-01-10-2020_14_58_23.json is good
VERIFICATION DONE===========BicubicSplineInterpolator-01-10-2020_15_00_28.json is good
BicubicSplineInterpolator-01-10-2020_15_02_33.json ------------ Affected requirement didn't match
VERIFICATION DONE===========BicubicSplineInterpolator-01-10-2020_15_04_42.json is good
VERIFICATION DONE===========BicubicSplineInterpolator-01-10-2020_15_06_52.json is good
VERIFICATION DONE===========BicubicSplineInterpolator-01-10-2020_15_09_05.json is good
VERIFICATION DONE===========BicubicSplineInterpolator-01-10-2020_15_11_34.json is good
VERIFICATION DONE===========BicubicSplineInterpolator-01-10-2020_15_14_07.json is good
VERIFICATION DONE===========BicubicSplineInterpolator-01-10-2020_15_18_10.json is good
VERIFICATION DONE===========BicubicSplineInterpolator-01-10-2020_15_20_09.json is good
VERIFICATION DONE===========BicubicSplineInterpolator-01-10-2020_15_22_11.json is good
VERIFICATION DONE===========BicubicSplineInterpolator-01-10-2020_15_24_44.json is good
VERIFICATION DONE===========BicubicSplineInterpolator-01-10-2020_15_27_08.json is good
VERIFICATION DONE===========BicubicSplineInterpolator-01-10-2020_15_29_55.json is good


VERIFICATION DONE===========DividedDifferenceInterpolator-01-10-2020_15_32_57.json is good
VERIFICATION DONE===========DividedDifferenceInterpolator-01-10-2020_15_37_15.json is good
VERIFICATION DONE===========DividedDifferenceInterpolator-01-10-2020_15_40_41.json is good
VERIFICATION DONE===========DividedDifferenceInterpolator-01-10-2020_15_43_18.json is good
VERIFICATION DONE===========DividedDifferenceInterpolator-01-10-2020_15_45_41.json is good
VERIFICATION DONE===========DividedDifferenceInterpolator-01-10-2020_15_47_55.json is good
VERIFICATION DONE===========DividedDifferenceInterpolator-01-10-2020_15_50_15.json is good
VERIFICATION DONE===========DividedDifferenceInterpolator-01-10-2020_15_52_27.json is good
VERIFICATION DONE===========DividedDifferenceInterpolator-01-10-2020_15_54_46.json is good
VERIFICATION DONE===========DividedDifferenceInterpolator-01-10-2020_15_57_07.json is good
VERIFICATION DONE===========DividedDifferenceInterpolator-01-10-2020_15_59_35.json is good
VERIFICATION DONE===========DividedDifferenceInterpolator-01-10-2020_16_01_57.json is good
VERIFICATION DONE===========DividedDifferenceInterpolator-01-10-2020_16_04_42.json is good
VERIFICATION DONE===========DividedDifferenceInterpolator-01-10-2020_16_07_28.json is good but extra lines flagged
VERIFICATION DONE===========DividedDifferenceInterpolator-01-10-2020_16_10_01.json is good
VERIFICATION DONE===========DividedDifferenceInterpolator-01-10-2020_16_12_27.json is good
VERIFICATION DONE===========DividedDifferenceInterpolator-01-10-2020_16_14_35.json is good
VERIFICATION DONE===========DividedDifferenceInterpolator-01-10-2020_16_17_19.json is good
VERIFICATION DONE===========DividedDifferenceInterpolator-01-10-2020_16_20_01.json is good
VERIFICATION DONE===========DividedDifferenceInterpolator-01-10-2020_16_22_21.json is good
VERIFICATION DONE===========DividedDifferenceInterpolator-01-10-2020_16_24_49.json is good
VERIFICATION DONE===========DividedDifferenceInterpolator-01-10-2020_16_27_04.json is good
VERIFICATION DONE===========DividedDifferenceInterpolator-01-10-2020_16_29_20.json is good
VERIFICATION DONE===========DividedDifferenceInterpolator-01-10-2020_16_31_41.json is good
VERIFICATION DONE===========DividedDifferenceInterpolator-01-10-2020_16_33_50.json is good
VERIFICATION DONE===========DividedDifferenceInterpolator-01-10-2020_16_36_00.json is good
VERIFICATION DONE===========DividedDifferenceInterpolator-01-10-2020_16_38_06.json is good
VERIFICATION DONE===========DividedDifferenceInterpolator-01-10-2020_16_40_11.json is good
VERIFICATION DONE===========DividedDifferenceInterpolator-01-10-2020_16_42_12.json is good
VERIFICATION DONE===========DividedDifferenceInterpolator-01-10-2020_16_44_18.json is good
VERIFICATION DONE===========DividedDifferenceInterpolator-01-10-2020_16_49_10.json is good
VERIFICATION DONE===========DividedDifferenceInterpolator-01-10-2020_16_51_36.json is good
VERIFICATION DONE===========DividedDifferenceInterpolator-01-10-2020_16_54_16.json is good
VERIFICATION DONE===========DividedDifferenceInterpolator-01-10-2020_16_56_37.json is good
VERIFICATION DONE===========DividedDifferenceInterpolator-01-10-2020_16_58_56.json is good
VERIFICATION DONE===========DividedDifferenceInterpolator-01-10-2020_17_01_13.json is good
VERIFICATION DONE===========DividedDifferenceInterpolator-01-10-2020_17_03_02.json is good
VERIFICATION DONE===========DividedDifferenceInterpolator-01-10-2020_17_05_01.json is good
VERIFICATION DONE===========DividedDifferenceInterpolator-01-10-2020_17_06_59.json is good
VERIFICATION DONE===========DividedDifferenceInterpolator-01-10-2020_17_11_48.json is good
VERIFICATION DONE===========DividedDifferenceInterpolator-01-10-2020_17_14_30.json is good
VERIFICATION DONE===========DividedDifferenceInterpolator-01-10-2020_17_17_19.json is good
VERIFICATION DONE===========DividedDifferenceInterpolator-01-10-2020_17_19_56.json is good
VERIFICATION DONE===========DividedDifferenceInterpolator-01-10-2020_17_22_22.json is good
VERIFICATION DONE===========DividedDifferenceInterpolator-01-10-2020_17_24_47.json is good
VERIFICATION DONE===========DividedDifferenceInterpolator-01-10-2020_17_26_51.json is good
VERIFICATION DONE===========DividedDifferenceInterpolator-01-10-2020_17_29_32.json is good
VERIFICATION DONE===========DividedDifferenceInterpolator-01-10-2020_17_31_43.json is good
VERIFICATION DONE===========DividedDifferenceInterpolator-01-10-2020_17_33_50.json is good
VERIFICATION DONE===========DividedDifferenceInterpolator-01-10-2020_17_36_20.json is good
VERIFICATION DONE===========FieldHermiteInterpolator-01-10-2020_17_38_46.json is good
VERIFICATION DONE===========FieldHermiteInterpolator-01-10-2020_17_42_59.json is good
VERIFICATION DONE===========FieldHermiteInterpolator-01-10-2020_17_48_54.json is good
FieldHermiteInterpolator-01-10-2020_17_55_13.json ------------ Affected requirement didn't match
VERIFICATION DONE===========FieldHermiteInterpolator-01-10-2020_17_59_48.json is good but extra lines flagged
VERIFICATION DONE===========FieldHermiteInterpolator-01-10-2020_18_03_12.json is good
VERIFICATION DONE===========FieldHermiteInterpolator-01-10-2020_18_06_43.json is good
VERIFICATION DONE===========FieldHermiteInterpolator-01-10-2020_18_10_01.json is good
VERIFICATION DONE===========FieldHermiteInterpolator-01-10-2020_18_13_23.json is good
VERIFICATION DONE===========FieldHermiteInterpolator-01-10-2020_18_17_05.json is good
VERIFICATION DONE===========FieldHermiteInterpolator-01-10-2020_18_23_44.json is good
VERIFICATION DONE===========FieldHermiteInterpolator-01-10-2020_18_26_51.json is good
VERIFICATION DONE===========FieldHermiteInterpolator-01-10-2020_18_29_55.json is good
VERIFICATION DONE===========FieldHermiteInterpolator-01-10-2020_18_33_43.json is good
VERIFICATION DONE===========FieldHermiteInterpolator-01-10-2020_18_37_15.json is good
FieldHermiteInterpolator-01-10-2020_18_39_59.json ------------ Affected requirement didn't match
FieldHermiteInterpolator-01-10-2020_18_42_54.json ------- Line didn't match
FieldHermiteInterpolator-01-10-2020_18_45_13.json ------------ Affected requirement didn't match
VERIFICATION DONE===========FieldHermiteInterpolator-01-10-2020_18_48_40.json is good
VERIFICATION DONE===========FieldHermiteInterpolator-01-10-2020_18_50_51.json is good
VERIFICATION DONE===========FieldHermiteInterpolator-01-10-2020_18_52_53.json is good
VERIFICATION DONE===========FieldHermiteInterpolator-01-10-2020_18_54_56.json is good
VERIFICATION DONE===========FieldHermiteInterpolator-01-10-2020_18_57_36.json is good
VERIFICATION DONE===========FieldHermiteInterpolator-01-10-2020_19_04_57.json is good
VERIFICATION DONE===========FieldHermiteInterpolator-01-10-2020_19_07_14.json is good
VERIFICATION DONE===========FieldHermiteInterpolator-01-10-2020_19_10_00.json is good
VERIFICATION DONE===========FieldHermiteInterpolator-01-10-2020_19_13_38.json is good
VERIFICATION DONE===========FieldHermiteInterpolator-01-10-2020_19_18_48.json is good
VERIFICATION DONE===========FieldHermiteInterpolator-01-10-2020_19_24_12.json is good
VERIFICATION DONE===========FieldHermiteInterpolator-01-10-2020_19_29_32.json is good
VERIFICATION DONE===========FieldHermiteInterpolator-01-10-2020_19_34_50.json is good
VERIFICATION DONE===========FieldHermiteInterpolator-01-10-2020_19_39_42.json is good
VERIFICATION DONE===========FieldHermiteInterpolator-01-10-2020_19_44_53.json is good
VERIFICATION DONE===========FieldHermiteInterpolator-01-10-2020_19_50_00.json is good
VERIFICATION DONE===========FieldHermiteInterpolator-01-10-2020_19_54_40.json is good
VERIFICATION DONE===========FieldHermiteInterpolator-01-10-2020_20_04_40.json is good
VERIFICATION DONE===========FieldHermiteInterpolator-01-10-2020_20_09_24.json is good
VERIFICATION DONE===========FieldHermiteInterpolator-01-10-2020_20_14_16.json is good
VERIFICATION DONE===========FieldHermiteInterpolator-01-10-2020_20_19_16.json is good
VERIFICATION DONE===========FieldHermiteInterpolator-01-10-2020_20_24_50.json is good
VERIFICATION DONE===========FieldHermiteInterpolator-01-10-2020_20_29_38.json is good
VERIFICATION DONE===========FieldHermiteInterpolator-01-10-2020_20_34_09.json is good
VERIFICATION DONE===========FieldHermiteInterpolator-01-10-2020_20_40_26.json is good
VERIFICATION DONE===========FieldHermiteInterpolator-01-10-2020_20_48_03.json is good
VERIFICATION DONE===========FieldHermiteInterpolator-01-10-2020_20_55_11.json is good
VERIFICATION DONE===========FieldHermiteInterpolator-01-10-2020_21_02_17.json is good
VERIFICATION DONE===========FieldHermiteInterpolator-01-10-2020_21_08_35.json is good
VERIFICATION DONE===========FieldHermiteInterpolator-01-10-2020_21_14_46.json is good
VERIFICATION DONE===========FieldHermiteInterpolator-01-10-2020_21_21_27.json is good
VERIFICATION DONE===========FieldHermiteInterpolator-01-10-2020_21_27_15.json is good
VERIFICATION DONE===========PolynomialFunctionLagrangeForm-02-10-2020_13_20_15.json is good
VERIFICATION DONE===========PolynomialFunctionLagrangeForm-02-10-2020_13_21_25.json is good
VERIFICATION DONE===========PolynomialFunctionLagrangeForm-02-10-2020_13_22_27.json is good
VERIFICATION DONE===========PolynomialFunctionLagrangeForm-02-10-2020_13_23_54.json is good
VERIFICATION DONE===========PolynomialFunctionLagrangeForm-02-10-2020_13_25_04.json is good
VERIFICATION DONE===========PolynomialFunctionLagrangeForm-02-10-2020_13_26_07.json is good
PolynomialFunctionLagrangeForm-02-10-2020_13_27_19.json ------- Line didn't match
VERIFICATION DONE===========PolynomialFunctionLagrangeForm-02-10-2020_13_28_20.json is good
VERIFICATION DONE===========PolynomialFunctionLagrangeForm-02-10-2020_13_29_45.json is good
VERIFICATION DONE===========PolynomialFunctionLagrangeForm-02-10-2020_13_30_59.json is good
VERIFICATION DONE===========PolynomialFunctionLagrangeForm-02-10-2020_13_32_01.json is good
VERIFICATION DONE===========PolynomialFunctionLagrangeForm-02-10-2020_13_33_00.json is good
VERIFICATION DONE===========PolynomialFunctionLagrangeForm-02-10-2020_13_33_53.json is good
VERIFICATION DONE===========PolynomialFunctionLagrangeForm-02-10-2020_13_34_42.json is good
VERIFICATION DONE===========PolynomialFunctionLagrangeForm-02-10-2020_13_35_32.json is good
VERIFICATION DONE===========PolynomialFunctionLagrangeForm-02-10-2020_13_36_20.json is good but extra lines flagged
VERIFICATION DONE===========PolynomialFunctionLagrangeForm-02-10-2020_13_37_08.json is good but extra lines flagged
VERIFICATION DONE===========PolynomialFunctionLagrangeForm-02-10-2020_13_37_57.json is good
VERIFICATION DONE===========PolynomialFunctionLagrangeForm-02-10-2020_13_38_30.json is good
VERIFICATION DONE===========PolynomialFunctionLagrangeForm-02-10-2020_13_39_15.json is good
VERIFICATION DONE===========PolynomialFunctionLagrangeForm-02-10-2020_13_39_50.json is good
VERIFICATION DONE===========PolynomialFunctionLagrangeForm-02-10-2020_13_40_28.json is good
VERIFICATION DONE===========PolynomialFunctionLagrangeForm-02-10-2020_13_41_08.json is good
VERIFICATION DONE===========PolynomialFunctionLagrangeForm-02-10-2020_13_41_48.json is good
VERIFICATION DONE===========PolynomialFunctionLagrangeForm-02-10-2020_13_42_27.json is good
VERIFICATION DONE===========PolynomialFunctionLagrangeForm-02-10-2020_13_43_06.json is good
VERIFICATION DONE===========PolynomialFunctionLagrangeForm-02-10-2020_13_43_45.json is good
PolynomialFunctionLagrangeForm-02-10-2020_13_44_25.json ------- No test affected or reported. Matches
PolynomialFunctionLagrangeForm-02-10-2020_13_44_27.json ------- No test affected or reported. Matches
PolynomialFunctionLagrangeForm-02-10-2020_13_44_29.json ------- No test affected or reported. Matches
PolynomialFunctionLagrangeForm-02-10-2020_13_44_32.json ------- No test affected or reported. Matches
PolynomialFunctionLagrangeForm-02-10-2020_13_44_35.json ------- No test affected or reported. Matches
PolynomialFunctionLagrangeForm-02-10-2020_13_44_37.json ------- No test affected or reported. Matches
PolynomialFunctionLagrangeForm-02-10-2020_13_44_39.json ------- No test affected or reported. Matches
PolynomialFunctionLagrangeForm-02-10-2020_13_44_42.json ------- No test affected or reported. Matches
PolynomialFunctionLagrangeForm-02-10-2020_13_44_44.json ------- No test affected or reported. Matches
PolynomialFunctionLagrangeForm-02-10-2020_13_44_46.json ------- No test affected or reported. Matches
PolynomialFunctionLagrangeForm-02-10-2020_13_44_48.json ------- No test affected or reported. Matches
PolynomialFunctionLagrangeForm-02-10-2020_13_44_50.json ------- No test affected or reported. Matches
PolynomialFunctionLagrangeForm-02-10-2020_13_44_52.json ------- No test affected or reported. Matches
PolynomialFunctionLagrangeForm-02-10-2020_13_44_54.json ------- No test affected or reported. Matches
VERIFICATION DONE===========PolynomialFunctionLagrangeForm-02-10-2020_13_44_56.json is good but extra lines flagged
VERIFICATION DONE===========PolynomialFunctionLagrangeForm-02-10-2020_13_45_36.json is good but extra lines flagged
VERIFICATION DONE===========PolynomialFunctionLagrangeForm-02-10-2020_13_46_28.json is good
VERIFICATION DONE===========PolynomialFunctionLagrangeForm-02-10-2020_13_47_09.json is good but extra lines flagged
VERIFICATION DONE===========PolynomialFunctionLagrangeForm-02-10-2020_13_47_50.json is good
VERIFICATION DONE===========PolynomialFunctionLagrangeForm-02-10-2020_13_48_32.json is good
VERIFICATION DONE===========PolynomialFunctionLagrangeForm-02-10-2020_13_49_13.json is good
VERIFICATION DONE===========PolynomialFunctionLagrangeForm-02-10-2020_13_49_53.json is good
VERIFICATION DONE===========PolynomialFunctionLagrangeForm-02-10-2020_13_50_30.json is good
VERIFICATION DONE===========PolynomialFunctionNewtonForm-02-10-2020_13_51_22.json is good
VERIFICATION DONE===========PolynomialFunctionNewtonForm-02-10-2020_13_52_21.json is good
VERIFICATION DONE===========PolynomialFunctionNewtonForm-02-10-2020_13_53_12.json is good
VERIFICATION DONE===========PolynomialFunctionNewtonForm-02-10-2020_13_54_06.json is good
VERIFICATION DONE===========PolynomialFunctionNewtonForm-02-10-2020_13_54_52.json is good
VERIFICATION DONE===========PolynomialFunctionNewtonForm-02-10-2020_13_55_38.json is good
VERIFICATION DONE===========PolynomialFunctionNewtonForm-02-10-2020_13_56_31.json is good
PolynomialFunctionNewtonForm-02-10-2020_13_57_18.json ------- Line didn't match
VERIFICATION DONE===========PolynomialFunctionNewtonForm-02-10-2020_13_58_04.json is good
VERIFICATION DONE===========PolynomialFunctionNewtonForm-02-10-2020_13_58_49.json is good
VERIFICATION DONE===========PolynomialFunctionNewtonForm-02-10-2020_13_59_35.json is good
VERIFICATION DONE===========PolynomialFunctionNewtonForm-02-10-2020_14_00_22.json is good
VERIFICATION DONE===========PolynomialFunctionNewtonForm-02-10-2020_14_01_08.json is good
VERIFICATION DONE===========PolynomialFunctionNewtonForm-02-10-2020_14_01_59.json is good
VERIFICATION DONE===========PolynomialFunctionNewtonForm-02-10-2020_14_02_49.json is good
VERIFICATION DONE===========PolynomialFunctionNewtonForm-02-10-2020_14_03_34.json is good
VERIFICATION DONE===========PolynomialFunctionNewtonForm-02-10-2020_14_04_14.json is good
VERIFICATION DONE===========PolynomialFunctionNewtonForm-02-10-2020_14_04_38.json is good
VERIFICATION DONE===========PolynomialFunctionNewtonForm-02-10-2020_14_05_01.json is good but extra lines flagged
VERIFICATION DONE===========PolynomialFunctionNewtonForm-02-10-2020_14_05_25.json is good
VERIFICATION DONE===========PolynomialFunctionNewtonForm-02-10-2020_14_05_50.json is good
VERIFICATION DONE===========PolynomialFunctionNewtonForm-02-10-2020_14_06_13.json is good
VERIFICATION DONE===========PolynomialFunctionNewtonForm-02-10-2020_14_06_38.json is good
VERIFICATION DONE===========PolynomialFunctionNewtonForm-02-10-2020_14_07_02.json is good
VERIFICATION DONE===========PolynomialFunctionNewtonForm-02-10-2020_14_07_28.json is good
VERIFICATION DONE===========PolynomialFunctionNewtonForm-02-10-2020_14_07_51.json is good
VERIFICATION DONE===========PolynomialFunctionNewtonForm-02-10-2020_14_08_15.json is good
VERIFICATION DONE===========PolynomialFunctionNewtonForm-02-10-2020_14_08_40.json is good
VERIFICATION DONE===========PolynomialFunctionNewtonForm-02-10-2020_14_09_04.json is good
VERIFICATION DONE===========PolynomialFunctionNewtonForm-02-10-2020_14_09_32.json is good
VERIFICATION DONE===========PolynomialFunctionNewtonForm-02-10-2020_14_09_54.json is good
VERIFICATION DONE===========PolynomialFunctionNewtonForm-02-10-2020_14_10_22.json is good
VERIFICATION DONE===========PolynomialFunctionNewtonForm-02-10-2020_14_10_47.json is good
PolynomialFunctionNewtonForm-02-10-2020_14_11_30.json ------- No test affected or reported. Matches
PolynomialFunctionNewtonForm-02-10-2020_14_11_32.json ------- No test affected or reported. Matches
PolynomialFunctionNewtonForm-02-10-2020_14_11_34.json ------- No test affected or reported. Matches
PolynomialFunctionNewtonForm-02-10-2020_14_11_36.json ------- No test affected or reported. Matches
PolynomialFunctionNewtonForm-02-10-2020_14_11_38.json ------- No test affected or reported. Matches
PolynomialFunctionNewtonForm-02-10-2020_14_11_39.json ------- No test affected or reported. Matches
PolynomialFunctionNewtonForm-02-10-2020_14_11_41.json ------- No test affected or reported. Matches
PolynomialFunctionNewtonForm-02-10-2020_14_11_43.json ------- No test affected or reported. Matches
PolynomialFunctionNewtonForm-02-10-2020_14_11_45.json ------- No test affected or reported. Matches
PolynomialFunctionNewtonForm-02-10-2020_14_11_46.json ------- No test affected or reported. Matches
PolynomialFunctionNewtonForm-02-10-2020_14_11_48.json ------- No test affected or reported. Matches
PolynomialFunctionNewtonForm-02-10-2020_14_11_50.json ------- No test affected or reported. Matches
PolynomialFunctionNewtonForm-02-10-2020_14_11_51.json ------- No test affected or reported. Matches
PolynomialFunctionNewtonForm-02-10-2020_14_11_53.json ------- No test affected or reported. Matches
VERIFICATION DONE===========PolynomialFunctionNewtonForm-02-10-2020_14_11_55.json is good but extra lines flagged
VERIFICATION DONE===========PolynomialFunctionNewtonForm-02-10-2020_14_12_40.json is good but extra lines flagged
VERIFICATION DONE===========PolynomialFunctionNewtonForm-02-10-2020_14_13_27.json is good
VERIFICATION DONE===========PolynomialSplineFunction-02-10-2020_14_14_18.json is good
PolynomialSplineFunction-02-10-2020_14_14_51.json ------- Line didn't match
VERIFICATION DONE===========PolynomialSplineFunction-02-10-2020_14_15_25.json is good
VERIFICATION DONE===========PolynomialSplineFunction-02-10-2020_14_16_04.json is good
PolynomialSplineFunction-02-10-2020_14_16_33.json ------- Line didn't match
PolynomialSplineFunction-02-10-2020_14_17_17.json
Affected test didn't match
VERIFICATION DONE===========PolynomialSplineFunction-02-10-2020_14_18_09.json is good
VERIFICATION DONE===========PolynomialSplineFunction-02-10-2020_14_18_50.json is good
VERIFICATION DONE===========PolynomialSplineFunction-02-10-2020_14_19_17.json is good
VERIFICATION DONE===========PolynomialSplineFunction-02-10-2020_14_20_02.json is good
PolynomialSplineFunction-02-10-2020_14_20_34.json
Affected test didn't match
PolynomialSplineFunction-02-10-2020_14_21_10.json ------- Line didn't match
PolynomialSplineFunction-02-10-2020_14_21_12.json ------- Line didn't match
PolynomialSplineFunction-02-10-2020_14_21_14.json ------- Line didn't match
VERIFICATION DONE===========PolynomialSplineFunction-02-10-2020_14_21_16.json is good
VERIFICATION DONE===========PolynomialSplineFunction-02-10-2020_14_21_41.json is good
VERIFICATION DONE===========PolynomialSplineFunction-02-10-2020_14_22_21.json is good
VERIFICATION DONE===========PolynomialSplineFunction-02-10-2020_14_23_01.json is good
VERIFICATION DONE===========PolynomialSplineFunction-02-10-2020_14_23_45.json is good
VERIFICATION DONE===========PolynomialSplineFunction-02-10-2020_14_24_25.json is good
VERIFICATION DONE===========PolynomialSplineFunction-02-10-2020_14_25_13.json is good
VERIFICATION DONE===========PolynomialSplineFunction-02-10-2020_14_25_55.json is good
PolynomialSplineFunction-02-10-2020_14_26_22.json
Affected test didn't match
VERIFICATION DONE===========PolynomialSplineFunction-02-10-2020_14_26_59.json is good
PolynomialSplineFunction-02-10-2020_14_27_27.json ------- No test affected or reported. Matches
PolynomialSplineFunction-02-10-2020_14_27_29.json ------- No test affected or reported. Matches
PolynomialSplineFunction-02-10-2020_14_27_31.json ------- No test affected or reported. Matches
PolynomialSplineFunction-02-10-2020_14_27_34.json ------- No test affected or reported. Matches
PolynomialSplineFunction-02-10-2020_14_27_37.json ------- No test affected or reported. Matches
PolynomialSplineFunction-02-10-2020_14_27_40.json ------- No test affected or reported. Matches
PolynomialSplineFunction-02-10-2020_14_27_42.json ------- No test affected or reported. Matches
PolynomialSplineFunction-02-10-2020_14_27_44.json ------- No test affected or reported. Matches
PolynomialSplineFunction-02-10-2020_14_27_46.json ------- No test affected or reported. Matches
PolynomialSplineFunction-02-10-2020_14_27_48.json ------- No test affected or reported. Matches
PolynomialSplineFunction-02-10-2020_14_27_50.json ------- No test affected or reported. Matches
PolynomialSplineFunction-02-10-2020_14_27_52.json ------- No test affected or reported. Matches
PolynomialSplineFunction-02-10-2020_14_27_54.json ------- No test affected or reported. Matches
PolynomialSplineFunction-02-10-2020_14_27_56.json ------- No test affected or reported. Matches
PolynomialSplineFunction-02-10-2020_14_27_58.json ------- No test affected or reported. Matches
PolynomialSplineFunction-02-10-2020_14_28_00.json ------- No test affected or reported. Matches
PolynomialSplineFunction-02-10-2020_14_28_01.json ------- No test affected or reported. Matches
PolynomialSplineFunction-02-10-2020_14_28_04.json ------- No test affected or reported. Matches
PolynomialSplineFunction-02-10-2020_14_28_06.json ------- No test affected or reported. Matches
PolynomialSplineFunction-02-10-2020_14_28_08.json ------- No test affected or reported. Matches
PolynomialSplineFunction-02-10-2020_14_28_10.json ------- No test affected or reported. Matches
PolynomialSplineFunction-02-10-2020_14_28_12.json ------- No test affected or reported. Matches
PolynomialSplineFunction-02-10-2020_14_28_14.json ------- No test affected or reported. Matches
VERIFICATION DONE===========PolynomialSplineFunction-02-10-2020_14_28_16.json is good
VERIFICATION DONE===========PolynomialSplineFunction-02-10-2020_14_28_45.json is good
VERIFICATION DONE===========PolynomialSplineFunction-02-10-2020_14_29_11.json is good






VERIFICATION DONE===========DividedDifferenceInterpolator-03-10-2020_02_02_13.json is good
VERIFICATION DONE===========DividedDifferenceInterpolator-03-10-2020_02_02_27.json is good
VERIFICATION DONE===========DividedDifferenceInterpolator-03-10-2020_02_02_40.json is good
VERIFICATION DONE===========DividedDifferenceInterpolator-03-10-2020_02_02_53.json is good
VERIFICATION DONE===========DividedDifferenceInterpolator-03-10-2020_02_03_01.json is good
VERIFICATION DONE===========DividedDifferenceInterpolator-03-10-2020_02_03_14.json is good
VERIFICATION DONE===========DividedDifferenceInterpolator-03-10-2020_02_03_27.json is good
VERIFICATION DONE===========DividedDifferenceInterpolator-03-10-2020_02_03_40.json is good
VERIFICATION DONE===========DividedDifferenceInterpolator-03-10-2020_02_03_54.json is good
VERIFICATION DONE===========DividedDifferenceInterpolator-03-10-2020_02_04_08.json is good
VERIFICATION DONE===========DividedDifferenceInterpolator-03-10-2020_02_04_22.json is good
VERIFICATION DONE===========DividedDifferenceInterpolator-03-10-2020_02_04_35.json is good
VERIFICATION DONE===========DividedDifferenceInterpolator-03-10-2020_02_04_48.json is good
VERIFICATION DONE===========DividedDifferenceInterpolator-03-10-2020_02_05_02.json is good but extra lines flagged
VERIFICATION DONE===========DividedDifferenceInterpolator-03-10-2020_02_05_15.json is good
VERIFICATION DONE===========DividedDifferenceInterpolator-03-10-2020_02_05_28.json is good
VERIFICATION DONE===========DividedDifferenceInterpolator-03-10-2020_02_05_41.json is good
VERIFICATION DONE===========DividedDifferenceInterpolator-03-10-2020_02_05_54.json is good
VERIFICATION DONE===========DividedDifferenceInterpolator-03-10-2020_02_06_08.json is good
VERIFICATION DONE===========DividedDifferenceInterpolator-03-10-2020_02_06_20.json is good
VERIFICATION DONE===========DividedDifferenceInterpolator-03-10-2020_02_06_33.json is good
VERIFICATION DONE===========DividedDifferenceInterpolator-03-10-2020_02_06_46.json is good
VERIFICATION DONE===========DividedDifferenceInterpolator-03-10-2020_02_06_59.json is good
VERIFICATION DONE===========DividedDifferenceInterpolator-03-10-2020_02_07_12.json is good
VERIFICATION DONE===========DividedDifferenceInterpolator-03-10-2020_02_07_25.json is good
VERIFICATION DONE===========DividedDifferenceInterpolator-03-10-2020_02_07_38.json is good
VERIFICATION DONE===========DividedDifferenceInterpolator-03-10-2020_02_07_51.json is good
VERIFICATION DONE===========DividedDifferenceInterpolator-03-10-2020_02_08_05.json is good
VERIFICATION DONE===========DividedDifferenceInterpolator-03-10-2020_02_08_17.json is good
VERIFICATION DONE===========DividedDifferenceInterpolator-03-10-2020_02_08_30.json is good
VERIFICATION DONE===========DividedDifferenceInterpolator-03-10-2020_02_08_46.json is good
VERIFICATION DONE===========DividedDifferenceInterpolator-03-10-2020_02_08_59.json is good
VERIFICATION DONE===========DividedDifferenceInterpolator-03-10-2020_02_09_12.json is good
VERIFICATION DONE===========DividedDifferenceInterpolator-03-10-2020_02_09_25.json is good
VERIFICATION DONE===========DividedDifferenceInterpolator-03-10-2020_02_09_38.json is good
VERIFICATION DONE===========DividedDifferenceInterpolator-03-10-2020_02_09_51.json is good
VERIFICATION DONE===========DividedDifferenceInterpolator-03-10-2020_02_10_04.json is good
VERIFICATION DONE===========DividedDifferenceInterpolator-03-10-2020_02_10_17.json is good
VERIFICATION DONE===========DividedDifferenceInterpolator-03-10-2020_02_10_30.json is good
VERIFICATION DONE===========DividedDifferenceInterpolator-03-10-2020_02_10_45.json is good
VERIFICATION DONE===========DividedDifferenceInterpolator-03-10-2020_02_10_58.json is good
VERIFICATION DONE===========DividedDifferenceInterpolator-03-10-2020_02_11_11.json is good
VERIFICATION DONE===========DividedDifferenceInterpolator-03-10-2020_02_11_24.json is good
VERIFICATION DONE===========DividedDifferenceInterpolator-03-10-2020_02_11_38.json is good
VERIFICATION DONE===========DividedDifferenceInterpolator-03-10-2020_02_11_51.json is good
VERIFICATION DONE===========DividedDifferenceInterpolator-03-10-2020_02_12_04.json is good
VERIFICATION DONE===========DividedDifferenceInterpolator-03-10-2020_02_12_17.json is good
VERIFICATION DONE===========DividedDifferenceInterpolator-03-10-2020_02_12_30.json is good
VERIFICATION DONE===========DividedDifferenceInterpolator-03-10-2020_02_12_43.json is good
VERIFICATION DONE===========DividedDifferenceInterpolator-03-10-2020_02_12_56.json is good
Final result file was empty
Final result file was empty
Final result file was empty
Final result file was empty
Final result file was empty
Final result file was empty
Final result file was empty
Final result file was empty
Final result file was empty
Final result file was empty
Final result file was empty
Final result file was empty
Final result file was empty
Final result file was empty
Final result file was empty
Final result file was empty
Final result file was empty
Final result file was empty
Final result file was empty
Final result file was empty
Final result file was empty
Final result file was empty
Final result file was empty
Final result file was empty
Final result file was empty
Final result file was empty
Final result file was empty
Final result file was empty
Final result file was empty
Final result file was empty
Final result file was empty
Final result file was empty
Final result file was empty
Final result file was empty
Final result file was empty
Final result file was empty
Final result file was empty
Final result file was empty
Final result file was empty
Final result file was empty
Final result file was empty
Final result file was empty
Final result file was empty
Final result file was empty
Final result file was empty
Final result file was empty
Final result file was empty
Final result file was empty
Final result file was empty
Final result file was empty
VERIFICATION DONE===========BicubicSplineInterpolator-03-10-2020_11_20_22.json is good
VERIFICATION DONE===========BicubicSplineInterpolator-03-10-2020_11_20_40.json is good
VERIFICATION DONE===========BicubicSplineInterpolator-03-10-2020_11_20_56.json is good
VERIFICATION DONE===========BicubicSplineInterpolator-03-10-2020_11_21_13.json is good
VERIFICATION DONE===========BicubicSplineInterpolator-03-10-2020_11_21_30.json is good
VERIFICATION DONE===========BicubicSplineInterpolator-03-10-2020_11_21_50.json is good
VERIFICATION DONE===========BicubicSplineInterpolator-03-10-2020_11_22_07.json is good
VERIFICATION DONE===========BicubicSplineInterpolator-03-10-2020_11_22_24.json is good


VERIFICATION DONE===========DividedDifferenceInterpolator-03-10-2020_11_22_43.json is good
VERIFICATION DONE===========DividedDifferenceInterpolator-03-10-2020_11_23_01.json is good
VERIFICATION DONE===========DividedDifferenceInterpolator-03-10-2020_11_23_23.json is good
VERIFICATION DONE===========DividedDifferenceInterpolator-03-10-2020_11_23_45.json is good
VERIFICATION DONE===========DividedDifferenceInterpolator-03-10-2020_11_24_01.json is good
VERIFICATION DONE===========DividedDifferenceInterpolator-03-10-2020_11_24_22.json is good
VERIFICATION DONE===========DividedDifferenceInterpolator-03-10-2020_11_24_44.json is good
VERIFICATION DONE===========DividedDifferenceInterpolator-03-10-2020_11_25_07.json is good
VERIFICATION DONE===========DividedDifferenceInterpolator-03-10-2020_11_25_28.json is good
VERIFICATION DONE===========DividedDifferenceInterpolator-03-10-2020_11_25_49.json is good
VERIFICATION DONE===========DividedDifferenceInterpolator-03-10-2020_11_26_09.json is good
VERIFICATION DONE===========DividedDifferenceInterpolator-03-10-2020_11_26_35.json is good
VERIFICATION DONE===========DividedDifferenceInterpolator-03-10-2020_11_26_55.json is good
VERIFICATION DONE===========DividedDifferenceInterpolator-03-10-2020_11_27_14.json is good but extra lines flagged
VERIFICATION DONE===========DividedDifferenceInterpolator-03-10-2020_11_27_32.json is good
VERIFICATION DONE===========DividedDifferenceInterpolator-03-10-2020_11_27_54.json is good
VERIFICATION DONE===========DividedDifferenceInterpolator-03-10-2020_11_28_23.json is good
VERIFICATION DONE===========DividedDifferenceInterpolator-03-10-2020_11_28_49.json is good
VERIFICATION DONE===========DividedDifferenceInterpolator-03-10-2020_11_29_13.json is good
VERIFICATION DONE===========DividedDifferenceInterpolator-03-10-2020_11_29_38.json is good
VERIFICATION DONE===========DividedDifferenceInterpolator-03-10-2020_11_30_02.json is good
VERIFICATION DONE===========DividedDifferenceInterpolator-03-10-2020_11_30_27.json is good
VERIFICATION DONE===========DividedDifferenceInterpolator-03-10-2020_11_30_51.json is good
VERIFICATION DONE===========DividedDifferenceInterpolator-03-10-2020_11_31_15.json is good
VERIFICATION DONE===========DividedDifferenceInterpolator-03-10-2020_11_31_39.json is good
VERIFICATION DONE===========DividedDifferenceInterpolator-03-10-2020_11_32_04.json is good
VERIFICATION DONE===========DividedDifferenceInterpolator-03-10-2020_11_32_28.json is good
VERIFICATION DONE===========DividedDifferenceInterpolator-03-10-2020_11_32_54.json is good
VERIFICATION DONE===========DividedDifferenceInterpolator-03-10-2020_11_33_23.json is good
VERIFICATION DONE===========DividedDifferenceInterpolator-03-10-2020_11_33_48.json is good
VERIFICATION DONE===========DividedDifferenceInterpolator-03-10-2020_11_34_20.json is good
VERIFICATION DONE===========DividedDifferenceInterpolator-03-10-2020_11_34_46.json is good
VERIFICATION DONE===========DividedDifferenceInterpolator-03-10-2020_11_35_28.json is good
VERIFICATION DONE===========DividedDifferenceInterpolator-03-10-2020_11_36_00.json is good
VERIFICATION DONE===========DividedDifferenceInterpolator-03-10-2020_11_36_26.json is good
VERIFICATION DONE===========DividedDifferenceInterpolator-03-10-2020_11_36_52.json is good
VERIFICATION DONE===========DividedDifferenceInterpolator-03-10-2020_11_37_19.json is good
VERIFICATION DONE===========DividedDifferenceInterpolator-03-10-2020_11_37_45.json is good
VERIFICATION DONE===========DividedDifferenceInterpolator-03-10-2020_11_38_10.json is good
VERIFICATION DONE===========DividedDifferenceInterpolator-03-10-2020_11_38_39.json is good
VERIFICATION DONE===========DividedDifferenceInterpolator-03-10-2020_11_39_05.json is good
VERIFICATION DONE===========DividedDifferenceInterpolator-03-10-2020_11_39_28.json is good
VERIFICATION DONE===========DividedDifferenceInterpolator-03-10-2020_11_39_49.json is good
VERIFICATION DONE===========DividedDifferenceInterpolator-03-10-2020_11_40_09.json is good
VERIFICATION DONE===========DividedDifferenceInterpolator-03-10-2020_11_40_27.json is good
VERIFICATION DONE===========DividedDifferenceInterpolator-03-10-2020_11_40_46.json is good
VERIFICATION DONE===========DividedDifferenceInterpolator-03-10-2020_11_41_04.json is good
VERIFICATION DONE===========DividedDifferenceInterpolator-03-10-2020_11_41_23.json is good
VERIFICATION DONE===========DividedDifferenceInterpolator-03-10-2020_11_41_41.json is good
VERIFICATION DONE===========DividedDifferenceInterpolator-03-10-2020_11_42_01.json is good



VERIFICATION DONE===========LinearInterpolator-03-10-2020_12_28_40.json is good
VERIFICATION DONE===========LinearInterpolator-03-10-2020_12_28_41.json is good
VERIFICATION DONE===========LinearInterpolator-03-10-2020_12_28_42.json is good but extra lines flagged
VERIFICATION DONE===========LinearInterpolator-03-10-2020_12_28_43.json is good
VERIFICATION DONE===========LinearInterpolator-03-10-2020_12_28_44.json is good
VERIFICATION DONE===========LinearInterpolator-03-10-2020_12_28_45.json is good
VERIFICATION DONE===========LinearInterpolator-03-10-2020_12_28_46.json is good
VERIFICATION DONE===========LinearInterpolator-03-10-2020_12_28_47.json is good but extra lines flagged
LinearInterpolator-03-10-2020_12_28_48.json ------- Line didn't match
LinearInterpolator-03-10-2020_12_28_49.json ------- Line didn't match
LinearInterpolator-03-10-2020_12_28_50.json ------- Line didn't match
VERIFICATION DONE===========LinearInterpolator-03-10-2020_12_28_52.json is good
VERIFICATION DONE===========LinearInterpolator-03-10-2020_12_28_53.json is good
VERIFICATION DONE===========LinearInterpolator-03-10-2020_12_28_54.json is good
VERIFICATION DONE===========LinearInterpolator-03-10-2020_12_28_55.json is good
VERIFICATION DONE===========LinearInterpolator-03-10-2020_12_28_56.json is good
VERIFICATION DONE===========LinearInterpolator-03-10-2020_12_28_57.json is good
VERIFICATION DONE===========LinearInterpolator-03-10-2020_12_28_58.json is good
VERIFICATION DONE===========LinearInterpolator-03-10-2020_12_28_59.json is good
VERIFICATION DONE===========LinearInterpolator-03-10-2020_12_29_00.json is good
VERIFICATION DONE===========LinearInterpolator-03-10-2020_12_29_01.json is good
VERIFICATION DONE===========LinearInterpolator-03-10-2020_12_29_02.json is good
VERIFICATION DONE===========LinearInterpolator-03-10-2020_12_29_03.json is good
VERIFICATION DONE===========LinearInterpolator-03-10-2020_12_29_04.json is good
VERIFICATION DONE===========LinearInterpolator-03-10-2020_12_29_05.json is good
VERIFICATION DONE===========LinearInterpolator-03-10-2020_12_29_06.json is good
VERIFICATION DONE===========LinearInterpolator-03-10-2020_12_29_07.json is good
VERIFICATION DONE===========LinearInterpolator-03-10-2020_12_29_08.json is good
VERIFICATION DONE===========LinearInterpolator-03-10-2020_12_29_09.json is good
VERIFICATION DONE===========LinearInterpolator-03-10-2020_12_29_10.json is good
VERIFICATION DONE===========LinearInterpolator-03-10-2020_12_29_11.json is good
VERIFICATION DONE===========LinearInterpolator-03-10-2020_12_29_12.json is good
VERIFICATION DONE===========LinearInterpolator-03-10-2020_12_29_13.json is good
VERIFICATION DONE===========LinearInterpolator-03-10-2020_12_29_14.json is good
VERIFICATION DONE===========LinearInterpolator-03-10-2020_12_29_15.json is good
VERIFICATION DONE===========LinearInterpolator-03-10-2020_12_29_16.json is good
VERIFICATION DONE===========LinearInterpolator-03-10-2020_12_29_17.json is good
VERIFICATION DONE===========LinearInterpolator-03-10-2020_12_29_19.json is good
VERIFICATION DONE===========LinearInterpolator-03-10-2020_12_29_20.json is good
VERIFICATION DONE===========LinearInterpolator-03-10-2020_12_29_21.json is good
VERIFICATION DONE===========LinearInterpolator-03-10-2020_12_29_22.json is good
VERIFICATION DONE===========LinearInterpolator-03-10-2020_12_29_23.json is good
VERIFICATION DONE===========LinearInterpolator-03-10-2020_12_29_24.json is good
VERIFICATION DONE===========LinearInterpolator-03-10-2020_12_29_25.json is good
VERIFICATION DONE===========LinearInterpolator-03-10-2020_12_29_26.json is good
VERIFICATION DONE===========LinearInterpolator-03-10-2020_12_29_27.json is good
VERIFICATION DONE===========LinearInterpolator-03-10-2020_12_29_28.json is good
VERIFICATION DONE===========LinearInterpolator-03-10-2020_12_29_29.json is good
VERIFICATION DONE===========LinearInterpolator-03-10-2020_12_29_31.json is good
VERIFICATION DONE===========LinearInterpolator-03-10-2020_12_29_32.json is good
VERIFICATION DONE===========LinearInterpolator-03-10-2020_13_10_09.json is good
VERIFICATION DONE===========LinearInterpolator-03-10-2020_13_20_13.json is good
VERIFICATION DONE===========LinearInterpolator-03-10-2020_13_32_23.json is good
VERIFICATION DONE===========LinearInterpolator-03-10-2020_13_33_19.json is good
VERIFICATION DONE===========LinearInterpolator-03-10-2020_13_36_32.json is good
VERIFICATION DONE===========LinearInterpolator-03-10-2020_13_41_52.json is good




VERIFICATION DONE===========LinearInterpolator-03-10-2020_13_44_00.json is good
VERIFICATION DONE===========LinearInterpolator-03-10-2020_13_44_08.json is good
VERIFICATION DONE===========LinearInterpolator-03-10-2020_13_44_16.json is good but extra lines flagged
VERIFICATION DONE===========LinearInterpolator-03-10-2020_13_44_23.json is good
VERIFICATION DONE===========LinearInterpolator-03-10-2020_13_44_31.json is good
VERIFICATION DONE===========LinearInterpolator-03-10-2020_13_44_38.json is good
VERIFICATION DONE===========LinearInterpolator-03-10-2020_13_44_46.json is good
VERIFICATION DONE===========LinearInterpolator-03-10-2020_13_44_54.json is good but extra lines flagged
LinearInterpolator-03-10-2020_13_45_01.json ------- Line didn't match
LinearInterpolator-03-10-2020_13_45_03.json ------- Line didn't match
LinearInterpolator-03-10-2020_13_45_06.json ------- Line didn't match
VERIFICATION DONE===========LinearInterpolator-03-10-2020_13_45_08.json is good
VERIFICATION DONE===========LinearInterpolator-03-10-2020_13_45_16.json is good
VERIFICATION DONE===========LinearInterpolator-03-10-2020_13_45_23.json is good
VERIFICATION DONE===========LinearInterpolator-03-10-2020_13_45_30.json is good
VERIFICATION DONE===========LinearInterpolator-03-10-2020_13_45_37.json is good
VERIFICATION DONE===========LinearInterpolator-03-10-2020_13_45_44.json is good
VERIFICATION DONE===========LinearInterpolator-03-10-2020_13_45_50.json is good
VERIFICATION DONE===========LinearInterpolator-03-10-2020_13_45_57.json is good
VERIFICATION DONE===========LinearInterpolator-03-10-2020_13_46_03.json is good
VERIFICATION DONE===========LinearInterpolator-03-10-2020_13_46_09.json is good
VERIFICATION DONE===========LinearInterpolator-03-10-2020_13_46_15.json is good
VERIFICATION DONE===========LinearInterpolator-03-10-2020_13_46_20.json is good
VERIFICATION DONE===========LinearInterpolator-03-10-2020_13_46_26.json is good
VERIFICATION DONE===========LinearInterpolator-03-10-2020_13_46_32.json is good
VERIFICATION DONE===========LinearInterpolator-03-10-2020_13_46_37.json is good
VERIFICATION DONE===========LinearInterpolator-03-10-2020_13_46_43.json is good
VERIFICATION DONE===========LinearInterpolator-03-10-2020_13_46_49.json is good
VERIFICATION DONE===========LinearInterpolator-03-10-2020_13_46_55.json is good
VERIFICATION DONE===========LinearInterpolator-03-10-2020_13_47_00.json is good
VERIFICATION DONE===========LinearInterpolator-03-10-2020_13_47_06.json is good
VERIFICATION DONE===========LinearInterpolator-03-10-2020_13_47_11.json is good
VERIFICATION DONE===========LinearInterpolator-03-10-2020_13_47_17.json is good
VERIFICATION DONE===========LinearInterpolator-03-10-2020_13_47_24.json is good
VERIFICATION DONE===========LinearInterpolator-03-10-2020_13_47_30.json is good
VERIFICATION DONE===========LinearInterpolator-03-10-2020_13_47_36.json is good
VERIFICATION DONE===========LinearInterpolator-03-10-2020_13_47_42.json is good
VERIFICATION DONE===========LinearInterpolator-03-10-2020_13_47_47.json is good
VERIFICATION DONE===========LinearInterpolator-03-10-2020_13_47_53.json is good
VERIFICATION DONE===========LinearInterpolator-03-10-2020_13_47_59.json is good
VERIFICATION DONE===========LinearInterpolator-03-10-2020_13_48_05.json is good
VERIFICATION DONE===========LinearInterpolator-03-10-2020_13_48_11.json is good
VERIFICATION DONE===========LinearInterpolator-03-10-2020_13_48_17.json is good
VERIFICATION DONE===========LinearInterpolator-03-10-2020_13_48_23.json is good
VERIFICATION DONE===========LinearInterpolator-03-10-2020_13_48_29.json is good
VERIFICATION DONE===========LinearInterpolator-03-10-2020_13_48_34.json is good
VERIFICATION DONE===========LinearInterpolator-03-10-2020_13_48_40.json is good
VERIFICATION DONE===========LinearInterpolator-03-10-2020_13_48_46.json is good
VERIFICATION DONE===========LinearInterpolator-03-10-2020_13_48_52.json is good
VERIFICATION DONE===========LinearInterpolator-03-10-2020_13_48_58.json is good
