OUTPUT FOLDER "13-10-2020_16_04_40" created
/Users/kesina/eclipse-workspace/commons-cli/src/main/java/org/apache/commons/cli/Util
=================CFG created for Util.java
DOT FILE SUCCESSFULLY CLEAN!!
CFG GRAPH PARSING STARTED OF... Util.java
/Users/kesina/eclipse-workspace/commons-cli/output/13-10-2020_16_04_40/Util-CFGmapping.json  CREATED
/Users/kesina/eclipse-workspace/commons-cli/output/13-10-2020_16_04_40/Util-CFGedgeCoverageRequirements.txt  CREATED
/Users/kesina/eclipse-workspace/commons-cli/output/13-10-2020_16_04_40/Util-CFGnodeGrpByFunction.json  CREATED
CFG GRAPH PARSED SUCCESSFULLY!
Statement coverage wasn't tracked.
SmartTest mapping not created.
OUTPUT FOLDER "13-10-2020_16_04_41" created
/Users/kesina/eclipse-workspace/commons-cli/src/main/java/org/apache/commons/cli/Util
=================CFG created for Util.java
DOT FILE SUCCESSFULLY CLEAN!!
CFG GRAPH PARSING STARTED OF... Util.java
/Users/kesina/eclipse-workspace/commons-cli/output/13-10-2020_16_04_41/Util-CFGmapping.json  CREATED
/Users/kesina/eclipse-workspace/commons-cli/output/13-10-2020_16_04_41/Util-CFGedgeCoverageRequirements.txt  CREATED
/Users/kesina/eclipse-workspace/commons-cli/output/13-10-2020_16_04_41/Util-CFGnodeGrpByFunction.json  CREATED
CFG GRAPH PARSED SUCCESSFULLY!
Statement coverage wasn't tracked.
SmartTest mapping not created.
OUTPUT FOLDER "13-10-2020_16_04_42" created
/Users/kesina/eclipse-workspace/commons-cli/src/main/java/org/apache/commons/cli/Util
=================CFG created for Util.java
DOT FILE SUCCESSFULLY CLEAN!!
CFG GRAPH PARSING STARTED OF... Util.java
/Users/kesina/eclipse-workspace/commons-cli/output/13-10-2020_16_04_42/Util-CFGmapping.json  CREATED
/Users/kesina/eclipse-workspace/commons-cli/output/13-10-2020_16_04_42/Util-CFGedgeCoverageRequirements.txt  CREATED
/Users/kesina/eclipse-workspace/commons-cli/output/13-10-2020_16_04_42/Util-CFGnodeGrpByFunction.json  CREATED
CFG GRAPH PARSED SUCCESSFULLY!
Statement coverage wasn't tracked.
SmartTest mapping not created.
OUTPUT FOLDER "13-10-2020_16_04_43" created
/Users/kesina/eclipse-workspace/commons-cli/src/main/java/org/apache/commons/cli/Util
=================CFG created for Util.java
DOT FILE SUCCESSFULLY CLEAN!!
CFG GRAPH PARSING STARTED OF... Util.java
/Users/kesina/eclipse-workspace/commons-cli/output/13-10-2020_16_04_43/Util-CFGmapping.json  CREATED
/Users/kesina/eclipse-workspace/commons-cli/output/13-10-2020_16_04_43/Util-CFGedgeCoverageRequirements.txt  CREATED
/Users/kesina/eclipse-workspace/commons-cli/output/13-10-2020_16_04_43/Util-CFGnodeGrpByFunction.json  CREATED
CFG GRAPH PARSED SUCCESSFULLY!
Statement coverage wasn't tracked.
SmartTest mapping not created.
OUTPUT FOLDER "13-10-2020_16_04_44" created
/Users/kesina/eclipse-workspace/commons-cli/src/main/java/org/apache/commons/cli/Util
=================CFG created for Util.java
DOT FILE SUCCESSFULLY CLEAN!!
CFG GRAPH PARSING STARTED OF... Util.java
/Users/kesina/eclipse-workspace/commons-cli/output/13-10-2020_16_04_44/Util-CFGmapping.json  CREATED
/Users/kesina/eclipse-workspace/commons-cli/output/13-10-2020_16_04_44/Util-CFGedgeCoverageRequirements.txt  CREATED
/Users/kesina/eclipse-workspace/commons-cli/output/13-10-2020_16_04_44/Util-CFGnodeGrpByFunction.json  CREATED
CFG GRAPH PARSED SUCCESSFULLY!
Statement coverage wasn't tracked.
SmartTest mapping not created.
OUTPUT FOLDER "13-10-2020_16_04_45" created
/Users/kesina/eclipse-workspace/commons-cli/src/main/java/org/apache/commons/cli/Util
=================CFG created for Util.java
DOT FILE SUCCESSFULLY CLEAN!!
CFG GRAPH PARSING STARTED OF... Util.java
/Users/kesina/eclipse-workspace/commons-cli/output/13-10-2020_16_04_45/Util-CFGmapping.json  CREATED
/Users/kesina/eclipse-workspace/commons-cli/output/13-10-2020_16_04_45/Util-CFGedgeCoverageRequirements.txt  CREATED
/Users/kesina/eclipse-workspace/commons-cli/output/13-10-2020_16_04_45/Util-CFGnodeGrpByFunction.json  CREATED
CFG GRAPH PARSED SUCCESSFULLY!
Statement coverage wasn't tracked.
SmartTest mapping not created.
OUTPUT FOLDER "13-10-2020_16_04_46" created
/Users/kesina/eclipse-workspace/commons-cli/src/main/java/org/apache/commons/cli/Util
=================CFG created for Util.java
DOT FILE SUCCESSFULLY CLEAN!!
CFG GRAPH PARSING STARTED OF... Util.java
/Users/kesina/eclipse-workspace/commons-cli/output/13-10-2020_16_04_46/Util-CFGmapping.json  CREATED
/Users/kesina/eclipse-workspace/commons-cli/output/13-10-2020_16_04_46/Util-CFGedgeCoverageRequirements.txt  CREATED
/Users/kesina/eclipse-workspace/commons-cli/output/13-10-2020_16_04_46/Util-CFGnodeGrpByFunction.json  CREATED
CFG GRAPH PARSED SUCCESSFULLY!
Statement coverage wasn't tracked.
SmartTest mapping not created.
OUTPUT FOLDER "13-10-2020_16_04_46" created
/Users/kesina/eclipse-workspace/commons-cli/src/main/java/org/apache/commons/cli/Util
=================CFG created for Util.java
DOT FILE SUCCESSFULLY CLEAN!!
CFG GRAPH PARSING STARTED OF... Util.java
/Users/kesina/eclipse-workspace/commons-cli/output/13-10-2020_16_04_46/Util-CFGmapping.json  CREATED
/Users/kesina/eclipse-workspace/commons-cli/output/13-10-2020_16_04_46/Util-CFGedgeCoverageRequirements.txt  CREATED
/Users/kesina/eclipse-workspace/commons-cli/output/13-10-2020_16_04_46/Util-CFGnodeGrpByFunction.json  CREATED
CFG GRAPH PARSED SUCCESSFULLY!
Statement coverage wasn't tracked.
SmartTest mapping not created.
OUTPUT FOLDER "13-10-2020_16_04_47" created
/Users/kesina/eclipse-workspace/commons-cli/src/main/java/org/apache/commons/cli/Util
=================CFG created for Util.java
DOT FILE SUCCESSFULLY CLEAN!!
CFG GRAPH PARSING STARTED OF... Util.java
/Users/kesina/eclipse-workspace/commons-cli/output/13-10-2020_16_04_47/Util-CFGmapping.json  CREATED
/Users/kesina/eclipse-workspace/commons-cli/output/13-10-2020_16_04_47/Util-CFGedgeCoverageRequirements.txt  CREATED
/Users/kesina/eclipse-workspace/commons-cli/output/13-10-2020_16_04_47/Util-CFGnodeGrpByFunction.json  CREATED
CFG GRAPH PARSED SUCCESSFULLY!
Statement coverage wasn't tracked.
SmartTest mapping not created.
OUTPUT FOLDER "13-10-2020_16_04_48" created
/Users/kesina/eclipse-workspace/commons-cli/src/main/java/org/apache/commons/cli/Util
=================CFG created for Util.java
DOT FILE SUCCESSFULLY CLEAN!!
CFG GRAPH PARSING STARTED OF... Util.java
/Users/kesina/eclipse-workspace/commons-cli/output/13-10-2020_16_04_48/Util-CFGmapping.json  CREATED
/Users/kesina/eclipse-workspace/commons-cli/output/13-10-2020_16_04_48/Util-CFGedgeCoverageRequirements.txt  CREATED
/Users/kesina/eclipse-workspace/commons-cli/output/13-10-2020_16_04_48/Util-CFGnodeGrpByFunction.json  CREATED
CFG GRAPH PARSED SUCCESSFULLY!
Statement coverage wasn't tracked.
SmartTest mapping not created.
OUTPUT FOLDER "13-10-2020_16_04_49" created
/Users/kesina/eclipse-workspace/commons-cli/src/main/java/org/apache/commons/cli/Util
=================CFG created for Util.java
DOT FILE SUCCESSFULLY CLEAN!!
CFG GRAPH PARSING STARTED OF... Util.java
/Users/kesina/eclipse-workspace/commons-cli/output/13-10-2020_16_04_49/Util-CFGmapping.json  CREATED
/Users/kesina/eclipse-workspace/commons-cli/output/13-10-2020_16_04_49/Util-CFGedgeCoverageRequirements.txt  CREATED
/Users/kesina/eclipse-workspace/commons-cli/output/13-10-2020_16_04_49/Util-CFGnodeGrpByFunction.json  CREATED
CFG GRAPH PARSED SUCCESSFULLY!
Statement coverage wasn't tracked.
SmartTest mapping not created.
OUTPUT FOLDER "13-10-2020_16_04_50" created
/Users/kesina/eclipse-workspace/commons-cli/src/main/java/org/apache/commons/cli/Util
=================CFG created for Util.java
DOT FILE SUCCESSFULLY CLEAN!!
CFG GRAPH PARSING STARTED OF... Util.java
/Users/kesina/eclipse-workspace/commons-cli/output/13-10-2020_16_04_50/Util-CFGmapping.json  CREATED
/Users/kesina/eclipse-workspace/commons-cli/output/13-10-2020_16_04_50/Util-CFGedgeCoverageRequirements.txt  CREATED
/Users/kesina/eclipse-workspace/commons-cli/output/13-10-2020_16_04_50/Util-CFGnodeGrpByFunction.json  CREATED
CFG GRAPH PARSED SUCCESSFULLY!
Statement coverage wasn't tracked.
SmartTest mapping not created.
OUTPUT FOLDER "13-10-2020_16_04_51" created
/Users/kesina/eclipse-workspace/commons-cli/src/main/java/org/apache/commons/cli/Util
=================CFG created for Util.java
DOT FILE SUCCESSFULLY CLEAN!!
CFG GRAPH PARSING STARTED OF... Util.java
/Users/kesina/eclipse-workspace/commons-cli/output/13-10-2020_16_04_51/Util-CFGmapping.json  CREATED
/Users/kesina/eclipse-workspace/commons-cli/output/13-10-2020_16_04_51/Util-CFGedgeCoverageRequirements.txt  CREATED
/Users/kesina/eclipse-workspace/commons-cli/output/13-10-2020_16_04_51/Util-CFGnodeGrpByFunction.json  CREATED
CFG GRAPH PARSED SUCCESSFULLY!
Statement coverage wasn't tracked.
SmartTest mapping not created.
OUTPUT FOLDER "13-10-2020_16_04_52" created
/Users/kesina/eclipse-workspace/commons-cli/src/main/java/org/apache/commons/cli/Util
=================CFG created for Util.java
DOT FILE SUCCESSFULLY CLEAN!!
CFG GRAPH PARSING STARTED OF... Util.java
/Users/kesina/eclipse-workspace/commons-cli/output/13-10-2020_16_04_52/Util-CFGmapping.json  CREATED
/Users/kesina/eclipse-workspace/commons-cli/output/13-10-2020_16_04_52/Util-CFGedgeCoverageRequirements.txt  CREATED
/Users/kesina/eclipse-workspace/commons-cli/output/13-10-2020_16_04_52/Util-CFGnodeGrpByFunction.json  CREATED
CFG GRAPH PARSED SUCCESSFULLY!
Statement coverage wasn't tracked.
SmartTest mapping not created.
OUTPUT FOLDER "13-10-2020_16_04_53" created
/Users/kesina/eclipse-workspace/commons-cli/src/main/java/org/apache/commons/cli/Util
=================CFG created for Util.java
DOT FILE SUCCESSFULLY CLEAN!!
CFG GRAPH PARSING STARTED OF... Util.java
/Users/kesina/eclipse-workspace/commons-cli/output/13-10-2020_16_04_53/Util-CFGmapping.json  CREATED
/Users/kesina/eclipse-workspace/commons-cli/output/13-10-2020_16_04_53/Util-CFGedgeCoverageRequirements.txt  CREATED
/Users/kesina/eclipse-workspace/commons-cli/output/13-10-2020_16_04_53/Util-CFGnodeGrpByFunction.json  CREATED
CFG GRAPH PARSED SUCCESSFULLY!
Statement coverage wasn't tracked.
SmartTest mapping not created.
OUTPUT FOLDER "13-10-2020_16_04_54" created
/Users/kesina/eclipse-workspace/commons-cli/src/main/java/org/apache/commons/cli/Util
=================CFG created for Util.java
DOT FILE SUCCESSFULLY CLEAN!!
CFG GRAPH PARSING STARTED OF... Util.java
/Users/kesina/eclipse-workspace/commons-cli/output/13-10-2020_16_04_54/Util-CFGmapping.json  CREATED
/Users/kesina/eclipse-workspace/commons-cli/output/13-10-2020_16_04_54/Util-CFGedgeCoverageRequirements.txt  CREATED
/Users/kesina/eclipse-workspace/commons-cli/output/13-10-2020_16_04_54/Util-CFGnodeGrpByFunction.json  CREATED
CFG GRAPH PARSED SUCCESSFULLY!
Statement coverage wasn't tracked.
SmartTest mapping not created.
OUTPUT FOLDER "13-10-2020_16_04_55" created
/Users/kesina/eclipse-workspace/commons-cli/src/main/java/org/apache/commons/cli/Util
=================CFG created for Util.java
DOT FILE SUCCESSFULLY CLEAN!!
CFG GRAPH PARSING STARTED OF... Util.java
/Users/kesina/eclipse-workspace/commons-cli/output/13-10-2020_16_04_55/Util-CFGmapping.json  CREATED
/Users/kesina/eclipse-workspace/commons-cli/output/13-10-2020_16_04_55/Util-CFGedgeCoverageRequirements.txt  CREATED
/Users/kesina/eclipse-workspace/commons-cli/output/13-10-2020_16_04_55/Util-CFGnodeGrpByFunction.json  CREATED
CFG GRAPH PARSED SUCCESSFULLY!
Statement coverage wasn't tracked.
SmartTest mapping not created.
OUTPUT FOLDER "13-10-2020_16_04_56" created
/Users/kesina/eclipse-workspace/commons-cli/src/main/java/org/apache/commons/cli/Util
=================CFG created for Util.java
DOT FILE SUCCESSFULLY CLEAN!!
CFG GRAPH PARSING STARTED OF... Util.java
/Users/kesina/eclipse-workspace/commons-cli/output/13-10-2020_16_04_56/Util-CFGmapping.json  CREATED
/Users/kesina/eclipse-workspace/commons-cli/output/13-10-2020_16_04_56/Util-CFGedgeCoverageRequirements.txt  CREATED
/Users/kesina/eclipse-workspace/commons-cli/output/13-10-2020_16_04_56/Util-CFGnodeGrpByFunction.json  CREATED
CFG GRAPH PARSED SUCCESSFULLY!
Statement coverage wasn't tracked.
SmartTest mapping not created.
OUTPUT FOLDER "13-10-2020_16_04_57" created
/Users/kesina/eclipse-workspace/commons-cli/src/main/java/org/apache/commons/cli/Util
=================CFG created for Util.java
DOT FILE SUCCESSFULLY CLEAN!!
CFG GRAPH PARSING STARTED OF... Util.java
/Users/kesina/eclipse-workspace/commons-cli/output/13-10-2020_16_04_57/Util-CFGmapping.json  CREATED
/Users/kesina/eclipse-workspace/commons-cli/output/13-10-2020_16_04_57/Util-CFGedgeCoverageRequirements.txt  CREATED
/Users/kesina/eclipse-workspace/commons-cli/output/13-10-2020_16_04_57/Util-CFGnodeGrpByFunction.json  CREATED
CFG GRAPH PARSED SUCCESSFULLY!
Statement coverage wasn't tracked.
SmartTest mapping not created.
OUTPUT FOLDER "13-10-2020_16_04_58" created
/Users/kesina/eclipse-workspace/commons-cli/src/main/java/org/apache/commons/cli/Util
=================CFG created for Util.java
DOT FILE SUCCESSFULLY CLEAN!!
CFG GRAPH PARSING STARTED OF... Util.java
/Users/kesina/eclipse-workspace/commons-cli/output/13-10-2020_16_04_58/Util-CFGmapping.json  CREATED
/Users/kesina/eclipse-workspace/commons-cli/output/13-10-2020_16_04_58/Util-CFGedgeCoverageRequirements.txt  CREATED
/Users/kesina/eclipse-workspace/commons-cli/output/13-10-2020_16_04_58/Util-CFGnodeGrpByFunction.json  CREATED
CFG GRAPH PARSED SUCCESSFULLY!
Statement coverage wasn't tracked.
SmartTest mapping not created.
OUTPUT FOLDER "13-10-2020_16_04_59" created
/Users/kesina/eclipse-workspace/commons-cli/src/main/java/org/apache/commons/cli/Util
=================CFG created for Util.java
DOT FILE SUCCESSFULLY CLEAN!!
CFG GRAPH PARSING STARTED OF... Util.java
/Users/kesina/eclipse-workspace/commons-cli/output/13-10-2020_16_04_59/Util-CFGmapping.json  CREATED
/Users/kesina/eclipse-workspace/commons-cli/output/13-10-2020_16_04_59/Util-CFGedgeCoverageRequirements.txt  CREATED
/Users/kesina/eclipse-workspace/commons-cli/output/13-10-2020_16_04_59/Util-CFGnodeGrpByFunction.json  CREATED
CFG GRAPH PARSED SUCCESSFULLY!
Statement coverage wasn't tracked.
SmartTest mapping not created.
OUTPUT FOLDER "13-10-2020_16_05_00" created
/Users/kesina/eclipse-workspace/commons-cli/src/main/java/org/apache/commons/cli/Util
=================CFG created for Util.java
DOT FILE SUCCESSFULLY CLEAN!!
CFG GRAPH PARSING STARTED OF... Util.java
/Users/kesina/eclipse-workspace/commons-cli/output/13-10-2020_16_05_00/Util-CFGmapping.json  CREATED
/Users/kesina/eclipse-workspace/commons-cli/output/13-10-2020_16_05_00/Util-CFGedgeCoverageRequirements.txt  CREATED
/Users/kesina/eclipse-workspace/commons-cli/output/13-10-2020_16_05_00/Util-CFGnodeGrpByFunction.json  CREATED
CFG GRAPH PARSED SUCCESSFULLY!
Statement coverage wasn't tracked.
SmartTest mapping not created.
OUTPUT FOLDER "13-10-2020_16_05_01" created
/Users/kesina/eclipse-workspace/commons-cli/src/main/java/org/apache/commons/cli/Util
=================CFG created for Util.java
DOT FILE SUCCESSFULLY CLEAN!!
CFG GRAPH PARSING STARTED OF... Util.java
/Users/kesina/eclipse-workspace/commons-cli/output/13-10-2020_16_05_01/Util-CFGmapping.json  CREATED
/Users/kesina/eclipse-workspace/commons-cli/output/13-10-2020_16_05_01/Util-CFGedgeCoverageRequirements.txt  CREATED
/Users/kesina/eclipse-workspace/commons-cli/output/13-10-2020_16_05_01/Util-CFGnodeGrpByFunction.json  CREATED
CFG GRAPH PARSED SUCCESSFULLY!
Statement coverage wasn't tracked.
SmartTest mapping not created.
OUTPUT FOLDER "13-10-2020_16_05_01" created
/Users/kesina/eclipse-workspace/commons-cli/src/main/java/org/apache/commons/cli/Util
=================CFG created for Util.java
DOT FILE SUCCESSFULLY CLEAN!!
CFG GRAPH PARSING STARTED OF... Util.java
/Users/kesina/eclipse-workspace/commons-cli/output/13-10-2020_16_05_01/Util-CFGmapping.json  CREATED
/Users/kesina/eclipse-workspace/commons-cli/output/13-10-2020_16_05_01/Util-CFGedgeCoverageRequirements.txt  CREATED
/Users/kesina/eclipse-workspace/commons-cli/output/13-10-2020_16_05_01/Util-CFGnodeGrpByFunction.json  CREATED
CFG GRAPH PARSED SUCCESSFULLY!
Statement coverage wasn't tracked.
SmartTest mapping not created.
OUTPUT FOLDER "13-10-2020_16_05_02" created
/Users/kesina/eclipse-workspace/commons-cli/src/main/java/org/apache/commons/cli/Util
=================CFG created for Util.java
DOT FILE SUCCESSFULLY CLEAN!!
CFG GRAPH PARSING STARTED OF... Util.java
/Users/kesina/eclipse-workspace/commons-cli/output/13-10-2020_16_05_02/Util-CFGmapping.json  CREATED
/Users/kesina/eclipse-workspace/commons-cli/output/13-10-2020_16_05_02/Util-CFGedgeCoverageRequirements.txt  CREATED
/Users/kesina/eclipse-workspace/commons-cli/output/13-10-2020_16_05_02/Util-CFGnodeGrpByFunction.json  CREATED
CFG GRAPH PARSED SUCCESSFULLY!
Statement coverage wasn't tracked.
SmartTest mapping not created.
OUTPUT FOLDER "13-10-2020_16_05_03" created
/Users/kesina/eclipse-workspace/commons-cli/src/main/java/org/apache/commons/cli/Util
=================CFG created for Util.java
DOT FILE SUCCESSFULLY CLEAN!!
CFG GRAPH PARSING STARTED OF... Util.java
/Users/kesina/eclipse-workspace/commons-cli/output/13-10-2020_16_05_03/Util-CFGmapping.json  CREATED
/Users/kesina/eclipse-workspace/commons-cli/output/13-10-2020_16_05_03/Util-CFGedgeCoverageRequirements.txt  CREATED
/Users/kesina/eclipse-workspace/commons-cli/output/13-10-2020_16_05_03/Util-CFGnodeGrpByFunction.json  CREATED
CFG GRAPH PARSED SUCCESSFULLY!
Statement coverage wasn't tracked.
SmartTest mapping not created.
OUTPUT FOLDER "13-10-2020_16_05_04" created
/Users/kesina/eclipse-workspace/commons-cli/src/main/java/org/apache/commons/cli/Util
=================CFG created for Util.java
DOT FILE SUCCESSFULLY CLEAN!!
CFG GRAPH PARSING STARTED OF... Util.java
/Users/kesina/eclipse-workspace/commons-cli/output/13-10-2020_16_05_04/Util-CFGmapping.json  CREATED
/Users/kesina/eclipse-workspace/commons-cli/output/13-10-2020_16_05_04/Util-CFGedgeCoverageRequirements.txt  CREATED
/Users/kesina/eclipse-workspace/commons-cli/output/13-10-2020_16_05_04/Util-CFGnodeGrpByFunction.json  CREATED
CFG GRAPH PARSED SUCCESSFULLY!
Statement coverage wasn't tracked.
SmartTest mapping not created.
OUTPUT FOLDER "13-10-2020_16_05_05" created
/Users/kesina/eclipse-workspace/commons-cli/src/main/java/org/apache/commons/cli/Util
=================CFG created for Util.java
DOT FILE SUCCESSFULLY CLEAN!!
CFG GRAPH PARSING STARTED OF... Util.java
/Users/kesina/eclipse-workspace/commons-cli/output/13-10-2020_16_05_05/Util-CFGmapping.json  CREATED
/Users/kesina/eclipse-workspace/commons-cli/output/13-10-2020_16_05_05/Util-CFGedgeCoverageRequirements.txt  CREATED
/Users/kesina/eclipse-workspace/commons-cli/output/13-10-2020_16_05_05/Util-CFGnodeGrpByFunction.json  CREATED
CFG GRAPH PARSED SUCCESSFULLY!
Statement coverage wasn't tracked.
SmartTest mapping not created.
OUTPUT FOLDER "13-10-2020_16_05_06" created
/Users/kesina/eclipse-workspace/commons-cli/src/main/java/org/apache/commons/cli/Util
=================CFG created for Util.java
DOT FILE SUCCESSFULLY CLEAN!!
CFG GRAPH PARSING STARTED OF... Util.java
/Users/kesina/eclipse-workspace/commons-cli/output/13-10-2020_16_05_06/Util-CFGmapping.json  CREATED
/Users/kesina/eclipse-workspace/commons-cli/output/13-10-2020_16_05_06/Util-CFGedgeCoverageRequirements.txt  CREATED
/Users/kesina/eclipse-workspace/commons-cli/output/13-10-2020_16_05_06/Util-CFGnodeGrpByFunction.json  CREATED
CFG GRAPH PARSED SUCCESSFULLY!
Statement coverage wasn't tracked.
SmartTest mapping not created.
OUTPUT FOLDER "13-10-2020_16_05_07" created
/Users/kesina/eclipse-workspace/commons-cli/src/main/java/org/apache/commons/cli/Util
=================CFG created for Util.java
DOT FILE SUCCESSFULLY CLEAN!!
CFG GRAPH PARSING STARTED OF... Util.java
/Users/kesina/eclipse-workspace/commons-cli/output/13-10-2020_16_05_07/Util-CFGmapping.json  CREATED
/Users/kesina/eclipse-workspace/commons-cli/output/13-10-2020_16_05_07/Util-CFGedgeCoverageRequirements.txt  CREATED
/Users/kesina/eclipse-workspace/commons-cli/output/13-10-2020_16_05_07/Util-CFGnodeGrpByFunction.json  CREATED
CFG GRAPH PARSED SUCCESSFULLY!
Statement coverage wasn't tracked.
SmartTest mapping not created.
OUTPUT FOLDER "13-10-2020_16_05_07" created
/Users/kesina/eclipse-workspace/commons-cli/src/main/java/org/apache/commons/cli/Util
=================CFG created for Util.java
DOT FILE SUCCESSFULLY CLEAN!!
CFG GRAPH PARSING STARTED OF... Util.java
/Users/kesina/eclipse-workspace/commons-cli/output/13-10-2020_16_05_07/Util-CFGmapping.json  CREATED
/Users/kesina/eclipse-workspace/commons-cli/output/13-10-2020_16_05_07/Util-CFGedgeCoverageRequirements.txt  CREATED
/Users/kesina/eclipse-workspace/commons-cli/output/13-10-2020_16_05_07/Util-CFGnodeGrpByFunction.json  CREATED
CFG GRAPH PARSED SUCCESSFULLY!
Statement coverage wasn't tracked.
SmartTest mapping not created.
OUTPUT FOLDER "13-10-2020_16_05_08" created
/Users/kesina/eclipse-workspace/commons-cli/src/main/java/org/apache/commons/cli/Util
=================CFG created for Util.java
DOT FILE SUCCESSFULLY CLEAN!!
CFG GRAPH PARSING STARTED OF... Util.java
/Users/kesina/eclipse-workspace/commons-cli/output/13-10-2020_16_05_08/Util-CFGmapping.json  CREATED
/Users/kesina/eclipse-workspace/commons-cli/output/13-10-2020_16_05_08/Util-CFGedgeCoverageRequirements.txt  CREATED
/Users/kesina/eclipse-workspace/commons-cli/output/13-10-2020_16_05_08/Util-CFGnodeGrpByFunction.json  CREATED
CFG GRAPH PARSED SUCCESSFULLY!
Statement coverage wasn't tracked.
SmartTest mapping not created.
OUTPUT FOLDER "13-10-2020_16_05_09" created
/Users/kesina/eclipse-workspace/commons-cli/src/main/java/org/apache/commons/cli/Util
=================CFG created for Util.java
DOT FILE SUCCESSFULLY CLEAN!!
CFG GRAPH PARSING STARTED OF... Util.java
/Users/kesina/eclipse-workspace/commons-cli/output/13-10-2020_16_05_09/Util-CFGmapping.json  CREATED
/Users/kesina/eclipse-workspace/commons-cli/output/13-10-2020_16_05_09/Util-CFGedgeCoverageRequirements.txt  CREATED
/Users/kesina/eclipse-workspace/commons-cli/output/13-10-2020_16_05_09/Util-CFGnodeGrpByFunction.json  CREATED
CFG GRAPH PARSED SUCCESSFULLY!
Statement coverage wasn't tracked.
SmartTest mapping not created.
OUTPUT FOLDER "13-10-2020_16_05_10" created
/Users/kesina/eclipse-workspace/commons-cli/src/main/java/org/apache/commons/cli/Util
=================CFG created for Util.java
DOT FILE SUCCESSFULLY CLEAN!!
CFG GRAPH PARSING STARTED OF... Util.java
/Users/kesina/eclipse-workspace/commons-cli/output/13-10-2020_16_05_10/Util-CFGmapping.json  CREATED
/Users/kesina/eclipse-workspace/commons-cli/output/13-10-2020_16_05_10/Util-CFGedgeCoverageRequirements.txt  CREATED
/Users/kesina/eclipse-workspace/commons-cli/output/13-10-2020_16_05_10/Util-CFGnodeGrpByFunction.json  CREATED
CFG GRAPH PARSED SUCCESSFULLY!
Statement coverage wasn't tracked.
SmartTest mapping not created.
OUTPUT FOLDER "13-10-2020_16_05_11" created
/Users/kesina/eclipse-workspace/commons-cli/src/main/java/org/apache/commons/cli/Util
=================CFG created for Util.java
DOT FILE SUCCESSFULLY CLEAN!!
CFG GRAPH PARSING STARTED OF... Util.java
/Users/kesina/eclipse-workspace/commons-cli/output/13-10-2020_16_05_11/Util-CFGmapping.json  CREATED
/Users/kesina/eclipse-workspace/commons-cli/output/13-10-2020_16_05_11/Util-CFGedgeCoverageRequirements.txt  CREATED
/Users/kesina/eclipse-workspace/commons-cli/output/13-10-2020_16_05_11/Util-CFGnodeGrpByFunction.json  CREATED
CFG GRAPH PARSED SUCCESSFULLY!
Statement coverage wasn't tracked.
SmartTest mapping not created.
OUTPUT FOLDER "13-10-2020_16_05_12" created
/Users/kesina/eclipse-workspace/commons-cli/src/main/java/org/apache/commons/cli/Util
=================CFG created for Util.java
DOT FILE SUCCESSFULLY CLEAN!!
CFG GRAPH PARSING STARTED OF... Util.java
/Users/kesina/eclipse-workspace/commons-cli/output/13-10-2020_16_05_12/Util-CFGmapping.json  CREATED
/Users/kesina/eclipse-workspace/commons-cli/output/13-10-2020_16_05_12/Util-CFGedgeCoverageRequirements.txt  CREATED
/Users/kesina/eclipse-workspace/commons-cli/output/13-10-2020_16_05_12/Util-CFGnodeGrpByFunction.json  CREATED
CFG GRAPH PARSED SUCCESSFULLY!
Statement coverage wasn't tracked.
SmartTest mapping not created.
OUTPUT FOLDER "13-10-2020_16_05_12" created
/Users/kesina/eclipse-workspace/commons-cli/src/main/java/org/apache/commons/cli/Util
=================CFG created for Util.java
DOT FILE SUCCESSFULLY CLEAN!!
CFG GRAPH PARSING STARTED OF... Util.java
/Users/kesina/eclipse-workspace/commons-cli/output/13-10-2020_16_05_12/Util-CFGmapping.json  CREATED
/Users/kesina/eclipse-workspace/commons-cli/output/13-10-2020_16_05_12/Util-CFGedgeCoverageRequirements.txt  CREATED
/Users/kesina/eclipse-workspace/commons-cli/output/13-10-2020_16_05_12/Util-CFGnodeGrpByFunction.json  CREATED
CFG GRAPH PARSED SUCCESSFULLY!
Statement coverage wasn't tracked.
SmartTest mapping not created.
OUTPUT FOLDER "13-10-2020_16_05_13" created
/Users/kesina/eclipse-workspace/commons-cli/src/main/java/org/apache/commons/cli/Util
=================CFG created for Util.java
DOT FILE SUCCESSFULLY CLEAN!!
CFG GRAPH PARSING STARTED OF... Util.java
/Users/kesina/eclipse-workspace/commons-cli/output/13-10-2020_16_05_13/Util-CFGmapping.json  CREATED
/Users/kesina/eclipse-workspace/commons-cli/output/13-10-2020_16_05_13/Util-CFGedgeCoverageRequirements.txt  CREATED
/Users/kesina/eclipse-workspace/commons-cli/output/13-10-2020_16_05_13/Util-CFGnodeGrpByFunction.json  CREATED
CFG GRAPH PARSED SUCCESSFULLY!
Statement coverage wasn't tracked.
SmartTest mapping not created.
OUTPUT FOLDER "13-10-2020_16_05_14" created
/Users/kesina/eclipse-workspace/commons-cli/src/main/java/org/apache/commons/cli/Util
=================CFG created for Util.java
DOT FILE SUCCESSFULLY CLEAN!!
CFG GRAPH PARSING STARTED OF... Util.java
/Users/kesina/eclipse-workspace/commons-cli/output/13-10-2020_16_05_14/Util-CFGmapping.json  CREATED
/Users/kesina/eclipse-workspace/commons-cli/output/13-10-2020_16_05_14/Util-CFGedgeCoverageRequirements.txt  CREATED
/Users/kesina/eclipse-workspace/commons-cli/output/13-10-2020_16_05_14/Util-CFGnodeGrpByFunction.json  CREATED
CFG GRAPH PARSED SUCCESSFULLY!
Statement coverage wasn't tracked.
SmartTest mapping not created.
OUTPUT FOLDER "13-10-2020_16_05_15" created
/Users/kesina/eclipse-workspace/commons-cli/src/main/java/org/apache/commons/cli/Util
=================CFG created for Util.java
DOT FILE SUCCESSFULLY CLEAN!!
CFG GRAPH PARSING STARTED OF... Util.java
/Users/kesina/eclipse-workspace/commons-cli/output/13-10-2020_16_05_15/Util-CFGmapping.json  CREATED
/Users/kesina/eclipse-workspace/commons-cli/output/13-10-2020_16_05_15/Util-CFGedgeCoverageRequirements.txt  CREATED
/Users/kesina/eclipse-workspace/commons-cli/output/13-10-2020_16_05_15/Util-CFGnodeGrpByFunction.json  CREATED
CFG GRAPH PARSED SUCCESSFULLY!
Statement coverage wasn't tracked.
SmartTest mapping not created.
OUTPUT FOLDER "13-10-2020_16_05_16" created
/Users/kesina/eclipse-workspace/commons-cli/src/main/java/org/apache/commons/cli/Util
=================CFG created for Util.java
DOT FILE SUCCESSFULLY CLEAN!!
CFG GRAPH PARSING STARTED OF... Util.java
/Users/kesina/eclipse-workspace/commons-cli/output/13-10-2020_16_05_16/Util-CFGmapping.json  CREATED
/Users/kesina/eclipse-workspace/commons-cli/output/13-10-2020_16_05_16/Util-CFGedgeCoverageRequirements.txt  CREATED
/Users/kesina/eclipse-workspace/commons-cli/output/13-10-2020_16_05_16/Util-CFGnodeGrpByFunction.json  CREATED
CFG GRAPH PARSED SUCCESSFULLY!
Statement coverage wasn't tracked.
SmartTest mapping not created.
OUTPUT FOLDER "13-10-2020_16_05_17" created
/Users/kesina/eclipse-workspace/commons-cli/src/main/java/org/apache/commons/cli/Util
=================CFG created for Util.java
DOT FILE SUCCESSFULLY CLEAN!!
CFG GRAPH PARSING STARTED OF... Util.java
/Users/kesina/eclipse-workspace/commons-cli/output/13-10-2020_16_05_17/Util-CFGmapping.json  CREATED
/Users/kesina/eclipse-workspace/commons-cli/output/13-10-2020_16_05_17/Util-CFGedgeCoverageRequirements.txt  CREATED
/Users/kesina/eclipse-workspace/commons-cli/output/13-10-2020_16_05_17/Util-CFGnodeGrpByFunction.json  CREATED
CFG GRAPH PARSED SUCCESSFULLY!
Statement coverage wasn't tracked.
SmartTest mapping not created.
OUTPUT FOLDER "13-10-2020_16_05_18" created
/Users/kesina/eclipse-workspace/commons-cli/src/main/java/org/apache/commons/cli/Util
=================CFG created for Util.java
DOT FILE SUCCESSFULLY CLEAN!!
CFG GRAPH PARSING STARTED OF... Util.java
/Users/kesina/eclipse-workspace/commons-cli/output/13-10-2020_16_05_18/Util-CFGmapping.json  CREATED
/Users/kesina/eclipse-workspace/commons-cli/output/13-10-2020_16_05_18/Util-CFGedgeCoverageRequirements.txt  CREATED
/Users/kesina/eclipse-workspace/commons-cli/output/13-10-2020_16_05_18/Util-CFGnodeGrpByFunction.json  CREATED
CFG GRAPH PARSED SUCCESSFULLY!
Statement coverage wasn't tracked.
SmartTest mapping not created.
OUTPUT FOLDER "13-10-2020_16_05_19" created
/Users/kesina/eclipse-workspace/commons-cli/src/main/java/org/apache/commons/cli/Util
=================CFG created for Util.java
DOT FILE SUCCESSFULLY CLEAN!!
CFG GRAPH PARSING STARTED OF... Util.java
/Users/kesina/eclipse-workspace/commons-cli/output/13-10-2020_16_05_19/Util-CFGmapping.json  CREATED
/Users/kesina/eclipse-workspace/commons-cli/output/13-10-2020_16_05_19/Util-CFGedgeCoverageRequirements.txt  CREATED
/Users/kesina/eclipse-workspace/commons-cli/output/13-10-2020_16_05_19/Util-CFGnodeGrpByFunction.json  CREATED
CFG GRAPH PARSED SUCCESSFULLY!
Statement coverage wasn't tracked.
SmartTest mapping not created.
OUTPUT FOLDER "13-10-2020_16_05_20" created
/Users/kesina/eclipse-workspace/commons-cli/src/main/java/org/apache/commons/cli/Util
=================CFG created for Util.java
DOT FILE SUCCESSFULLY CLEAN!!
CFG GRAPH PARSING STARTED OF... Util.java
/Users/kesina/eclipse-workspace/commons-cli/output/13-10-2020_16_05_20/Util-CFGmapping.json  CREATED
/Users/kesina/eclipse-workspace/commons-cli/output/13-10-2020_16_05_20/Util-CFGedgeCoverageRequirements.txt  CREATED
/Users/kesina/eclipse-workspace/commons-cli/output/13-10-2020_16_05_20/Util-CFGnodeGrpByFunction.json  CREATED
CFG GRAPH PARSED SUCCESSFULLY!
Statement coverage wasn't tracked.
SmartTest mapping not created.
OUTPUT FOLDER "13-10-2020_16_05_21" created
/Users/kesina/eclipse-workspace/commons-cli/src/main/java/org/apache/commons/cli/Util
=================CFG created for Util.java
DOT FILE SUCCESSFULLY CLEAN!!
CFG GRAPH PARSING STARTED OF... Util.java
/Users/kesina/eclipse-workspace/commons-cli/output/13-10-2020_16_05_21/Util-CFGmapping.json  CREATED
/Users/kesina/eclipse-workspace/commons-cli/output/13-10-2020_16_05_21/Util-CFGedgeCoverageRequirements.txt  CREATED
/Users/kesina/eclipse-workspace/commons-cli/output/13-10-2020_16_05_21/Util-CFGnodeGrpByFunction.json  CREATED
CFG GRAPH PARSED SUCCESSFULLY!
Statement coverage wasn't tracked.
SmartTest mapping not created.
OUTPUT FOLDER "13-10-2020_16_05_22" created
/Users/kesina/eclipse-workspace/commons-cli/src/main/java/org/apache/commons/cli/Util
=================CFG created for Util.java
DOT FILE SUCCESSFULLY CLEAN!!
CFG GRAPH PARSING STARTED OF... Util.java
/Users/kesina/eclipse-workspace/commons-cli/output/13-10-2020_16_05_22/Util-CFGmapping.json  CREATED
/Users/kesina/eclipse-workspace/commons-cli/output/13-10-2020_16_05_22/Util-CFGedgeCoverageRequirements.txt  CREATED
/Users/kesina/eclipse-workspace/commons-cli/output/13-10-2020_16_05_22/Util-CFGnodeGrpByFunction.json  CREATED
CFG GRAPH PARSED SUCCESSFULLY!
Statement coverage wasn't tracked.
SmartTest mapping not created.
/Users/kesina/eclipse-workspace/commons-cli/src/main/java/org/apache/commons/cli/Util
ANALYSIS OF MUTATION================ 1
bash temprunProgex.sh /Users/kesina/eclipse-workspace/commons-cli/src/main/java/org/apache/commons/cli/Util PROGEX
Comparison Done
ANALYSIS OF MUTATION================ 2
bash temprunProgex.sh /Users/kesina/eclipse-workspace/commons-cli/src/main/java/org/apache/commons/cli/Util PROGEX
Comparison Done
ANALYSIS OF MUTATION================ 3
bash temprunProgex.sh /Users/kesina/eclipse-workspace/commons-cli/src/main/java/org/apache/commons/cli/Util PROGEX
Comparison Done
ANALYSIS OF MUTATION================ 4
bash temprunProgex.sh /Users/kesina/eclipse-workspace/commons-cli/src/main/java/org/apache/commons/cli/Util PROGEX
Comparison Done
ANALYSIS OF MUTATION================ 5
bash temprunProgex.sh /Users/kesina/eclipse-workspace/commons-cli/src/main/java/org/apache/commons/cli/Util PROGEX
Comparison Done
ANALYSIS OF MUTATION================ 6
bash temprunProgex.sh /Users/kesina/eclipse-workspace/commons-cli/src/main/java/org/apache/commons/cli/Util PROGEX
Comparison Done
ANALYSIS OF MUTATION================ 7
bash temprunProgex.sh /Users/kesina/eclipse-workspace/commons-cli/src/main/java/org/apache/commons/cli/Util PROGEX
Comparison Done
ANALYSIS OF MUTATION================ 8
bash temprunProgex.sh /Users/kesina/eclipse-workspace/commons-cli/src/main/java/org/apache/commons/cli/Util PROGEX
Comparison Done
ANALYSIS OF MUTATION================ 9
bash temprunProgex.sh /Users/kesina/eclipse-workspace/commons-cli/src/main/java/org/apache/commons/cli/Util PROGEX
Comparison Done
ANALYSIS OF MUTATION================ 10
bash temprunProgex.sh /Users/kesina/eclipse-workspace/commons-cli/src/main/java/org/apache/commons/cli/Util PROGEX
Comparison Done
ANALYSIS OF MUTATION================ 11
bash temprunProgex.sh /Users/kesina/eclipse-workspace/commons-cli/src/main/java/org/apache/commons/cli/Util PROGEX
Comparison Done
ANALYSIS OF MUTATION================ 12
bash temprunProgex.sh /Users/kesina/eclipse-workspace/commons-cli/src/main/java/org/apache/commons/cli/Util PROGEX
Comparison Done
ANALYSIS OF MUTATION================ 13
bash temprunProgex.sh /Users/kesina/eclipse-workspace/commons-cli/src/main/java/org/apache/commons/cli/Util PROGEX
Comparison Done
ANALYSIS OF MUTATION================ 14
bash temprunProgex.sh /Users/kesina/eclipse-workspace/commons-cli/src/main/java/org/apache/commons/cli/Util PROGEX
Comparison Done
ANALYSIS OF MUTATION================ 15
bash temprunProgex.sh /Users/kesina/eclipse-workspace/commons-cli/src/main/java/org/apache/commons/cli/Util PROGEX
Comparison Done
ANALYSIS OF MUTATION================ 16
bash temprunProgex.sh /Users/kesina/eclipse-workspace/commons-cli/src/main/java/org/apache/commons/cli/Util PROGEX
Comparison Done
ANALYSIS OF MUTATION================ 17
bash temprunProgex.sh /Users/kesina/eclipse-workspace/commons-cli/src/main/java/org/apache/commons/cli/Util PROGEX
Comparison Done
ANALYSIS OF MUTATION================ 18
bash temprunProgex.sh /Users/kesina/eclipse-workspace/commons-cli/src/main/java/org/apache/commons/cli/Util PROGEX
Comparison Done
ANALYSIS OF MUTATION================ 19
bash temprunProgex.sh /Users/kesina/eclipse-workspace/commons-cli/src/main/java/org/apache/commons/cli/Util PROGEX
Comparison Done
ANALYSIS OF MUTATION================ 20
bash temprunProgex.sh /Users/kesina/eclipse-workspace/commons-cli/src/main/java/org/apache/commons/cli/Util PROGEX
Comparison Done
ANALYSIS OF MUTATION================ 21
bash temprunProgex.sh /Users/kesina/eclipse-workspace/commons-cli/src/main/java/org/apache/commons/cli/Util PROGEX
Comparison Done
ANALYSIS OF MUTATION================ 22
bash temprunProgex.sh /Users/kesina/eclipse-workspace/commons-cli/src/main/java/org/apache/commons/cli/Util PROGEX
Comparison Done
ANALYSIS OF MUTATION================ 23
bash temprunProgex.sh /Users/kesina/eclipse-workspace/commons-cli/src/main/java/org/apache/commons/cli/Util PROGEX
Comparison Done
ANALYSIS OF MUTATION================ 24
bash temprunProgex.sh /Users/kesina/eclipse-workspace/commons-cli/src/main/java/org/apache/commons/cli/Util PROGEX
Comparison Done
ANALYSIS OF MUTATION================ 25
bash temprunProgex.sh /Users/kesina/eclipse-workspace/commons-cli/src/main/java/org/apache/commons/cli/Util PROGEX
Comparison Done
ANALYSIS OF MUTATION================ 26
bash temprunProgex.sh /Users/kesina/eclipse-workspace/commons-cli/src/main/java/org/apache/commons/cli/Util PROGEX
Comparison Done
ANALYSIS OF MUTATION================ 27
bash temprunProgex.sh /Users/kesina/eclipse-workspace/commons-cli/src/main/java/org/apache/commons/cli/Util PROGEX
Comparison Done
ANALYSIS OF MUTATION================ 28
bash temprunProgex.sh /Users/kesina/eclipse-workspace/commons-cli/src/main/java/org/apache/commons/cli/Util PROGEX
Comparison Done
ANALYSIS OF MUTATION================ 29
bash temprunProgex.sh /Users/kesina/eclipse-workspace/commons-cli/src/main/java/org/apache/commons/cli/Util PROGEX
Comparison Done
ANALYSIS OF MUTATION================ 30
bash temprunProgex.sh /Users/kesina/eclipse-workspace/commons-cli/src/main/java/org/apache/commons/cli/Util PROGEX
Comparison Done
ANALYSIS OF MUTATION================ 31
bash temprunProgex.sh /Users/kesina/eclipse-workspace/commons-cli/src/main/java/org/apache/commons/cli/Util PROGEX
Comparison Done
ANALYSIS OF MUTATION================ 32
bash temprunProgex.sh /Users/kesina/eclipse-workspace/commons-cli/src/main/java/org/apache/commons/cli/Util PROGEX
Comparison Done
ANALYSIS OF MUTATION================ 33
bash temprunProgex.sh /Users/kesina/eclipse-workspace/commons-cli/src/main/java/org/apache/commons/cli/Util PROGEX
Comparison Done
ANALYSIS OF MUTATION================ 34
bash temprunProgex.sh /Users/kesina/eclipse-workspace/commons-cli/src/main/java/org/apache/commons/cli/Util PROGEX
Comparison Done
ANALYSIS OF MUTATION================ 35
bash temprunProgex.sh /Users/kesina/eclipse-workspace/commons-cli/src/main/java/org/apache/commons/cli/Util PROGEX
Comparison Done
ANALYSIS OF MUTATION================ 36
bash temprunProgex.sh /Users/kesina/eclipse-workspace/commons-cli/src/main/java/org/apache/commons/cli/Util PROGEX
Comparison Done
ANALYSIS OF MUTATION================ 37
bash temprunProgex.sh /Users/kesina/eclipse-workspace/commons-cli/src/main/java/org/apache/commons/cli/Util PROGEX
Comparison Done
ANALYSIS OF MUTATION================ 38
bash temprunProgex.sh /Users/kesina/eclipse-workspace/commons-cli/src/main/java/org/apache/commons/cli/Util PROGEX
Comparison Done
ANALYSIS OF MUTATION================ 39
bash temprunProgex.sh /Users/kesina/eclipse-workspace/commons-cli/src/main/java/org/apache/commons/cli/Util PROGEX
Comparison Done
ANALYSIS OF MUTATION================ 40
bash temprunProgex.sh /Users/kesina/eclipse-workspace/commons-cli/src/main/java/org/apache/commons/cli/Util PROGEX
Comparison Done
ANALYSIS OF MUTATION================ 41
bash temprunProgex.sh /Users/kesina/eclipse-workspace/commons-cli/src/main/java/org/apache/commons/cli/Util PROGEX
Comparison Done
ANALYSIS OF MUTATION================ 42
bash temprunProgex.sh /Users/kesina/eclipse-workspace/commons-cli/src/main/java/org/apache/commons/cli/Util PROGEX
Comparison Done
ANALYSIS OF MUTATION================ 43
bash temprunProgex.sh /Users/kesina/eclipse-workspace/commons-cli/src/main/java/org/apache/commons/cli/Util PROGEX
Comparison Done
ANALYSIS OF MUTATION================ 44
bash temprunProgex.sh /Users/kesina/eclipse-workspace/commons-cli/src/main/java/org/apache/commons/cli/Util PROGEX
Comparison Done
ANALYSIS OF MUTATION================ 45
bash temprunProgex.sh /Users/kesina/eclipse-workspace/commons-cli/src/main/java/org/apache/commons/cli/Util PROGEX
Comparison Done
ANALYSIS OF MUTATION================ 46
bash temprunProgex.sh /Users/kesina/eclipse-workspace/commons-cli/src/main/java/org/apache/commons/cli/Util PROGEX
Comparison Done
ANALYSIS OF MUTATION================ 47
bash temprunProgex.sh /Users/kesina/eclipse-workspace/commons-cli/src/main/java/org/apache/commons/cli/Util PROGEX
Comparison Done
ANALYSIS OF MUTATION================ 48
bash temprunProgex.sh /Users/kesina/eclipse-workspace/commons-cli/src/main/java/org/apache/commons/cli/UtilOUTPUT FOLDER "13-10-2020_16_05_22" created
/Users/kesina/eclipse-workspace/commons-cli/src/main/java/org/apache/commons/cli/Util
=================CFG created for Util.java
DOT FILE SUCCESSFULLY CLEAN!!
CFG GRAPH PARSING STARTED OF... Util.java
/Users/kesina/eclipse-workspace/commons-cli/output/13-10-2020_16_05_22/Util-CFGmapping.json  CREATED
/Users/kesina/eclipse-workspace/commons-cli/output/13-10-2020_16_05_22/Util-CFGedgeCoverageRequirements.txt  CREATED
/Users/kesina/eclipse-workspace/commons-cli/output/13-10-2020_16_05_22/Util-CFGnodeGrpByFunction.json  CREATED
CFG GRAPH PARSED SUCCESSFULLY!
Statement coverage wasn't tracked.
SmartTest mapping not created.
OUTPUT FOLDER "13-10-2020_16_05_23" created
/Users/kesina/eclipse-workspace/commons-cli/src/main/java/org/apache/commons/cli/Util
=================CFG created for Util.java
DOT FILE SUCCESSFULLY CLEAN!!
CFG GRAPH PARSING STARTED OF... Util.java
/Users/kesina/eclipse-workspace/commons-cli/output/13-10-2020_16_05_23/Util-CFGmapping.json  CREATED
/Users/kesina/eclipse-workspace/commons-cli/output/13-10-2020_16_05_23/Util-CFGedgeCoverageRequirements.txt  CREATED
/Users/kesina/eclipse-workspace/commons-cli/output/13-10-2020_16_05_23/Util-CFGnodeGrpByFunction.json  CREATED
CFG GRAPH PARSED SUCCESSFULLY!
Statement coverage wasn't tracked.
SmartTest mapping not created.
OUTPUT FOLDER "13-10-2020_16_05_24" created
/Users/kesina/eclipse-workspace/commons-cli/src/main/java/org/apache/commons/cli/Util
=================CFG created for Util.java
DOT FILE SUCCESSFULLY CLEAN!!
CFG GRAPH PARSING STARTED OF... Util.java
/Users/kesina/eclipse-workspace/commons-cli/output/13-10-2020_16_05_24/Util-CFGmapping.json  CREATED
/Users/kesina/eclipse-workspace/commons-cli/output/13-10-2020_16_05_24/Util-CFGedgeCoverageRequirements.txt  CREATED
/Users/kesina/eclipse-workspace/commons-cli/output/13-10-2020_16_05_24/Util-CFGnodeGrpByFunction.json  CREATED
CFG GRAPH PARSED SUCCESSFULLY!
Statement coverage wasn't tracked.
SmartTest mapping not created.
 PROGEX
Comparison Done
ANALYSIS OF MUTATION================ 49
bash temprunProgex.sh /Users/kesina/eclipse-workspace/commons-cli/src/main/java/org/apache/commons/cli/Util PROGEX
Comparison Done
ANALYSIS OF MUTATION================ 50
bash temprunProgex.sh /Users/kesina/eclipse-workspace/commons-cli/src/main/java/org/apache/commons/cli/Util PROGEX
Comparison Done
No test to rerun
Output saved
==================TIME TAKEN FOR ANALYSIS======================== 45.59917426109314
