OUTPUT FOLDER "13-10-2020_14_39_51" created
/Users/kesina/eclipse-workspace/commons-cli/src/main/java/org/apache/commons/cli/HelpFormatter
=================CFG created for HelpFormatter.java
DOT FILE SUCCESSFULLY CLEAN!!
CFG GRAPH PARSING STARTED OF... HelpFormatter.java
/Users/kesina/eclipse-workspace/commons-cli/output/13-10-2020_14_39_51/HelpFormatter-CFGmapping.json  CREATED
/Users/kesina/eclipse-workspace/commons-cli/output/13-10-2020_14_39_51/HelpFormatter-CFGedgeCoverageRequirements.txt  CREATED
/Users/kesina/eclipse-workspace/commons-cli/output/13-10-2020_14_39_51/HelpFormatter-CFGnodeGrpByFunction.json  CREATED
CFG GRAPH PARSED SUCCESSFULLY!
Statement coverage wasn't tracked.
SmartTest mapping not created.
OUTPUT FOLDER "13-10-2020_14_39_53" created
/Users/kesina/eclipse-workspace/commons-cli/src/main/java/org/apache/commons/cli/HelpFormatter
=================CFG created for HelpFormatter.java
DOT FILE SUCCESSFULLY CLEAN!!
CFG GRAPH PARSING STARTED OF... HelpFormatter.java
/Users/kesina/eclipse-workspace/commons-cli/output/13-10-2020_14_39_53/HelpFormatter-CFGmapping.json  CREATED
/Users/kesina/eclipse-workspace/commons-cli/output/13-10-2020_14_39_53/HelpFormatter-CFGedgeCoverageRequirements.txt  CREATED
/Users/kesina/eclipse-workspace/commons-cli/output/13-10-2020_14_39_53/HelpFormatter-CFGnodeGrpByFunction.json  CREATED
CFG GRAPH PARSED SUCCESSFULLY!
Statement coverage wasn't tracked.
SmartTest mapping not created.
OUTPUT FOLDER "13-10-2020_14_39_55" created
/Users/kesina/eclipse-workspace/commons-cli/src/main/java/org/apache/commons/cli/HelpFormatter
=================CFG created for HelpFormatter.java
DOT FILE SUCCESSFULLY CLEAN!!
CFG GRAPH PARSING STARTED OF... HelpFormatter.java
/Users/kesina/eclipse-workspace/commons-cli/output/13-10-2020_14_39_55/HelpFormatter-CFGmapping.json  CREATED
/Users/kesina/eclipse-workspace/commons-cli/output/13-10-2020_14_39_55/HelpFormatter-CFGedgeCoverageRequirements.txt  CREATED
/Users/kesina/eclipse-workspace/commons-cli/output/13-10-2020_14_39_55/HelpFormatter-CFGnodeGrpByFunction.json  CREATED
CFG GRAPH PARSED SUCCESSFULLY!
Statement coverage wasn't tracked.
SmartTest mapping not created.
OUTPUT FOLDER "13-10-2020_14_39_57" created
/Users/kesina/eclipse-workspace/commons-cli/src/main/java/org/apache/commons/cli/HelpFormatter
=================CFG created for HelpFormatter.java
DOT FILE SUCCESSFULLY CLEAN!!
CFG GRAPH PARSING STARTED OF... HelpFormatter.java
/Users/kesina/eclipse-workspace/commons-cli/output/13-10-2020_14_39_57/HelpFormatter-CFGmapping.json  CREATED
/Users/kesina/eclipse-workspace/commons-cli/output/13-10-2020_14_39_57/HelpFormatter-CFGedgeCoverageRequirements.txt  CREATED
/Users/kesina/eclipse-workspace/commons-cli/output/13-10-2020_14_39_57/HelpFormatter-CFGnodeGrpByFunction.json  CREATED
CFG GRAPH PARSED SUCCESSFULLY!
Statement coverage wasn't tracked.
SmartTest mapping not created.
OUTPUT FOLDER "13-10-2020_14_40_00" created
/Users/kesina/eclipse-workspace/commons-cli/src/main/java/org/apache/commons/cli/HelpFormatter
=================CFG created for HelpFormatter.java
DOT FILE SUCCESSFULLY CLEAN!!
CFG GRAPH PARSING STARTED OF... HelpFormatter.java
/Users/kesina/eclipse-workspace/commons-cli/output/13-10-2020_14_40_00/HelpFormatter-CFGmapping.json  CREATED
/Users/kesina/eclipse-workspace/commons-cli/output/13-10-2020_14_40_00/HelpFormatter-CFGedgeCoverageRequirements.txt  CREATED
/Users/kesina/eclipse-workspace/commons-cli/output/13-10-2020_14_40_00/HelpFormatter-CFGnodeGrpByFunction.json  CREATED
CFG GRAPH PARSED SUCCESSFULLY!
Statement coverage wasn't tracked.
SmartTest mapping not created.
OUTPUT FOLDER "13-10-2020_14_40_02" created
/Users/kesina/eclipse-workspace/commons-cli/src/main/java/org/apache/commons/cli/HelpFormatter
=================CFG created for HelpFormatter.java
DOT FILE SUCCESSFULLY CLEAN!!
CFG GRAPH PARSING STARTED OF... HelpFormatter.java
/Users/kesina/eclipse-workspace/commons-cli/output/13-10-2020_14_40_02/HelpFormatter-CFGmapping.json  CREATED
/Users/kesina/eclipse-workspace/commons-cli/output/13-10-2020_14_40_02/HelpFormatter-CFGedgeCoverageRequirements.txt  CREATED
/Users/kesina/eclipse-workspace/commons-cli/output/13-10-2020_14_40_02/HelpFormatter-CFGnodeGrpByFunction.json  CREATED
CFG GRAPH PARSED SUCCESSFULLY!
Statement coverage wasn't tracked.
SmartTest mapping not created.
OUTPUT FOLDER "13-10-2020_14_40_04" created
/Users/kesina/eclipse-workspace/commons-cli/src/main/java/org/apache/commons/cli/HelpFormatter
=================CFG created for HelpFormatter.java
DOT FILE SUCCESSFULLY CLEAN!!
CFG GRAPH PARSING STARTED OF... HelpFormatter.java
/Users/kesina/eclipse-workspace/commons-cli/output/13-10-2020_14_40_04/HelpFormatter-CFGmapping.json  CREATED
/Users/kesina/eclipse-workspace/commons-cli/output/13-10-2020_14_40_04/HelpFormatter-CFGedgeCoverageRequirements.txt  CREATED
/Users/kesina/eclipse-workspace/commons-cli/output/13-10-2020_14_40_04/HelpFormatter-CFGnodeGrpByFunction.json  CREATED
CFG GRAPH PARSED SUCCESSFULLY!
Statement coverage wasn't tracked.
SmartTest mapping not created.
OUTPUT FOLDER "13-10-2020_14_40_06" created
/Users/kesina/eclipse-workspace/commons-cli/src/main/java/org/apache/commons/cli/HelpFormatter
=================CFG created for HelpFormatter.java
DOT FILE SUCCESSFULLY CLEAN!!
CFG GRAPH PARSING STARTED OF... HelpFormatter.java
/Users/kesina/eclipse-workspace/commons-cli/output/13-10-2020_14_40_06/HelpFormatter-CFGmapping.json  CREATED
/Users/kesina/eclipse-workspace/commons-cli/output/13-10-2020_14_40_06/HelpFormatter-CFGedgeCoverageRequirements.txt  CREATED
/Users/kesina/eclipse-workspace/commons-cli/output/13-10-2020_14_40_06/HelpFormatter-CFGnodeGrpByFunction.json  CREATED
CFG GRAPH PARSED SUCCESSFULLY!
Statement coverage wasn't tracked.
SmartTest mapping not created.
OUTPUT FOLDER "13-10-2020_14_40_08" created
/Users/kesina/eclipse-workspace/commons-cli/src/main/java/org/apache/commons/cli/HelpFormatter
=================CFG created for HelpFormatter.java
DOT FILE SUCCESSFULLY CLEAN!!
CFG GRAPH PARSING STARTED OF... HelpFormatter.java
/Users/kesina/eclipse-workspace/commons-cli/output/13-10-2020_14_40_08/HelpFormatter-CFGmapping.json  CREATED
/Users/kesina/eclipse-workspace/commons-cli/output/13-10-2020_14_40_08/HelpFormatter-CFGedgeCoverageRequirements.txt  CREATED
/Users/kesina/eclipse-workspace/commons-cli/output/13-10-2020_14_40_08/HelpFormatter-CFGnodeGrpByFunction.json  CREATED
CFG GRAPH PARSED SUCCESSFULLY!
Statement coverage wasn't tracked.
SmartTest mapping not created.
OUTPUT FOLDER "13-10-2020_14_40_10" created
/Users/kesina/eclipse-workspace/commons-cli/src/main/java/org/apache/commons/cli/HelpFormatter
=================CFG created for HelpFormatter.java
DOT FILE SUCCESSFULLY CLEAN!!
CFG GRAPH PARSING STARTED OF... HelpFormatter.java
/Users/kesina/eclipse-workspace/commons-cli/output/13-10-2020_14_40_10/HelpFormatter-CFGmapping.json  CREATED
/Users/kesina/eclipse-workspace/commons-cli/output/13-10-2020_14_40_10/HelpFormatter-CFGedgeCoverageRequirements.txt  CREATED
/Users/kesina/eclipse-workspace/commons-cli/output/13-10-2020_14_40_10/HelpFormatter-CFGnodeGrpByFunction.json  CREATED
CFG GRAPH PARSED SUCCESSFULLY!
Statement coverage wasn't tracked.
SmartTest mapping not created.
OUTPUT FOLDER "13-10-2020_14_40_12" created
/Users/kesina/eclipse-workspace/commons-cli/src/main/java/org/apache/commons/cli/HelpFormatter
=================CFG created for HelpFormatter.java
DOT FILE SUCCESSFULLY CLEAN!!
CFG GRAPH PARSING STARTED OF... HelpFormatter.java
/Users/kesina/eclipse-workspace/commons-cli/output/13-10-2020_14_40_12/HelpFormatter-CFGmapping.json  CREATED
/Users/kesina/eclipse-workspace/commons-cli/output/13-10-2020_14_40_12/HelpFormatter-CFGedgeCoverageRequirements.txt  CREATED
/Users/kesina/eclipse-workspace/commons-cli/output/13-10-2020_14_40_12/HelpFormatter-CFGnodeGrpByFunction.json  CREATED
CFG GRAPH PARSED SUCCESSFULLY!
Statement coverage wasn't tracked.
SmartTest mapping not created.
OUTPUT FOLDER "13-10-2020_14_40_14" created
/Users/kesina/eclipse-workspace/commons-cli/src/main/java/org/apache/commons/cli/HelpFormatter
=================CFG created for HelpFormatter.java
DOT FILE SUCCESSFULLY CLEAN!!
CFG GRAPH PARSING STARTED OF... HelpFormatter.java
/Users/kesina/eclipse-workspace/commons-cli/output/13-10-2020_14_40_14/HelpFormatter-CFGmapping.json  CREATED
/Users/kesina/eclipse-workspace/commons-cli/output/13-10-2020_14_40_14/HelpFormatter-CFGedgeCoverageRequirements.txt  CREATED
/Users/kesina/eclipse-workspace/commons-cli/output/13-10-2020_14_40_14/HelpFormatter-CFGnodeGrpByFunction.json  CREATED
CFG GRAPH PARSED SUCCESSFULLY!
Statement coverage wasn't tracked.
SmartTest mapping not created.
OUTPUT FOLDER "13-10-2020_14_40_16" created
/Users/kesina/eclipse-workspace/commons-cli/src/main/java/org/apache/commons/cli/HelpFormatter
=================CFG created for HelpFormatter.java
DOT FILE SUCCESSFULLY CLEAN!!
CFG GRAPH PARSING STARTED OF... HelpFormatter.java
/Users/kesina/eclipse-workspace/commons-cli/output/13-10-2020_14_40_16/HelpFormatter-CFGmapping.json  CREATED
/Users/kesina/eclipse-workspace/commons-cli/output/13-10-2020_14_40_16/HelpFormatter-CFGedgeCoverageRequirements.txt  CREATED
/Users/kesina/eclipse-workspace/commons-cli/output/13-10-2020_14_40_16/HelpFormatter-CFGnodeGrpByFunction.json  CREATED
CFG GRAPH PARSED SUCCESSFULLY!
Statement coverage wasn't tracked.
SmartTest mapping not created.
OUTPUT FOLDER "13-10-2020_14_40_18" created
/Users/kesina/eclipse-workspace/commons-cli/src/main/java/org/apache/commons/cli/HelpFormatter
=================CFG created for HelpFormatter.java
DOT FILE SUCCESSFULLY CLEAN!!
CFG GRAPH PARSING STARTED OF... HelpFormatter.java
/Users/kesina/eclipse-workspace/commons-cli/output/13-10-2020_14_40_18/HelpFormatter-CFGmapping.json  CREATED
/Users/kesina/eclipse-workspace/commons-cli/output/13-10-2020_14_40_18/HelpFormatter-CFGedgeCoverageRequirements.txt  CREATED
/Users/kesina/eclipse-workspace/commons-cli/output/13-10-2020_14_40_18/HelpFormatter-CFGnodeGrpByFunction.json  CREATED
CFG GRAPH PARSED SUCCESSFULLY!
Statement coverage wasn't tracked.
SmartTest mapping not created.
OUTPUT FOLDER "13-10-2020_14_40_20" created
/Users/kesina/eclipse-workspace/commons-cli/src/main/java/org/apache/commons/cli/HelpFormatter
=================CFG created for HelpFormatter.java
DOT FILE SUCCESSFULLY CLEAN!!
CFG GRAPH PARSING STARTED OF... HelpFormatter.java
/Users/kesina/eclipse-workspace/commons-cli/output/13-10-2020_14_40_20/HelpFormatter-CFGmapping.json  CREATED
/Users/kesina/eclipse-workspace/commons-cli/output/13-10-2020_14_40_20/HelpFormatter-CFGedgeCoverageRequirements.txt  CREATED
/Users/kesina/eclipse-workspace/commons-cli/output/13-10-2020_14_40_20/HelpFormatter-CFGnodeGrpByFunction.json  CREATED
CFG GRAPH PARSED SUCCESSFULLY!
Statement coverage wasn't tracked.
SmartTest mapping not created.
OUTPUT FOLDER "13-10-2020_14_40_22" created
/Users/kesina/eclipse-workspace/commons-cli/src/main/java/org/apache/commons/cli/HelpFormatter
=================CFG created for HelpFormatter.java
DOT FILE SUCCESSFULLY CLEAN!!
CFG GRAPH PARSING STARTED OF... HelpFormatter.java
/Users/kesina/eclipse-workspace/commons-cli/output/13-10-2020_14_40_22/HelpFormatter-CFGmapping.json  CREATED
/Users/kesina/eclipse-workspace/commons-cli/output/13-10-2020_14_40_22/HelpFormatter-CFGedgeCoverageRequirements.txt  CREATED
/Users/kesina/eclipse-workspace/commons-cli/output/13-10-2020_14_40_22/HelpFormatter-CFGnodeGrpByFunction.json  CREATED
CFG GRAPH PARSED SUCCESSFULLY!
Statement coverage wasn't tracked.
SmartTest mapping not created.
OUTPUT FOLDER "13-10-2020_14_40_24" created
/Users/kesina/eclipse-workspace/commons-cli/src/main/java/org/apache/commons/cli/HelpFormatter
=================CFG created for HelpFormatter.java
DOT FILE SUCCESSFULLY CLEAN!!
CFG GRAPH PARSING STARTED OF... HelpFormatter.java
/Users/kesina/eclipse-workspace/commons-cli/output/13-10-2020_14_40_24/HelpFormatter-CFGmapping.json  CREATED
/Users/kesina/eclipse-workspace/commons-cli/output/13-10-2020_14_40_24/HelpFormatter-CFGedgeCoverageRequirements.txt  CREATED
/Users/kesina/eclipse-workspace/commons-cli/output/13-10-2020_14_40_24/HelpFormatter-CFGnodeGrpByFunction.json  CREATED
CFG GRAPH PARSED SUCCESSFULLY!
Statement coverage wasn't tracked.
SmartTest mapping not created.
OUTPUT FOLDER "13-10-2020_14_40_26" created
/Users/kesina/eclipse-workspace/commons-cli/src/main/java/org/apache/commons/cli/HelpFormatter
=================CFG created for HelpFormatter.java
DOT FILE SUCCESSFULLY CLEAN!!
CFG GRAPH PARSING STARTED OF... HelpFormatter.java
/Users/kesina/eclipse-workspace/commons-cli/output/13-10-2020_14_40_26/HelpFormatter-CFGmapping.json  CREATED
/Users/kesina/eclipse-workspace/commons-cli/output/13-10-2020_14_40_26/HelpFormatter-CFGedgeCoverageRequirements.txt  CREATED
/Users/kesina/eclipse-workspace/commons-cli/output/13-10-2020_14_40_26/HelpFormatter-CFGnodeGrpByFunction.json  CREATED
CFG GRAPH PARSED SUCCESSFULLY!
Statement coverage wasn't tracked.
SmartTest mapping not created.
OUTPUT FOLDER "13-10-2020_14_40_28" created
/Users/kesina/eclipse-workspace/commons-cli/src/main/java/org/apache/commons/cli/HelpFormatter
=================CFG created for HelpFormatter.java
DOT FILE SUCCESSFULLY CLEAN!!
CFG GRAPH PARSING STARTED OF... HelpFormatter.java
/Users/kesina/eclipse-workspace/commons-cli/output/13-10-2020_14_40_28/HelpFormatter-CFGmapping.json  CREATED
/Users/kesina/eclipse-workspace/commons-cli/output/13-10-2020_14_40_28/HelpFormatter-CFGedgeCoverageRequirements.txt  CREATED
/Users/kesina/eclipse-workspace/commons-cli/output/13-10-2020_14_40_28/HelpFormatter-CFGnodeGrpByFunction.json  CREATED
CFG GRAPH PARSED SUCCESSFULLY!
Statement coverage wasn't tracked.
SmartTest mapping not created.
OUTPUT FOLDER "13-10-2020_14_40_30" created
/Users/kesina/eclipse-workspace/commons-cli/src/main/java/org/apache/commons/cli/HelpFormatter
=================CFG created for HelpFormatter.java
DOT FILE SUCCESSFULLY CLEAN!!
CFG GRAPH PARSING STARTED OF... HelpFormatter.java
/Users/kesina/eclipse-workspace/commons-cli/output/13-10-2020_14_40_30/HelpFormatter-CFGmapping.json  CREATED
/Users/kesina/eclipse-workspace/commons-cli/output/13-10-2020_14_40_30/HelpFormatter-CFGedgeCoverageRequirements.txt  CREATED
/Users/kesina/eclipse-workspace/commons-cli/output/13-10-2020_14_40_30/HelpFormatter-CFGnodeGrpByFunction.json  CREATED
CFG GRAPH PARSED SUCCESSFULLY!
Statement coverage wasn't tracked.
SmartTest mapping not created.
OUTPUT FOLDER "13-10-2020_14_40_31" created
/Users/kesina/eclipse-workspace/commons-cli/src/main/java/org/apache/commons/cli/HelpFormatter
=================CFG created for HelpFormatter.java
DOT FILE SUCCESSFULLY CLEAN!!
CFG GRAPH PARSING STARTED OF... HelpFormatter.java
/Users/kesina/eclipse-workspace/commons-cli/output/13-10-2020_14_40_31/HelpFormatter-CFGmapping.json  CREATED
/Users/kesina/eclipse-workspace/commons-cli/output/13-10-2020_14_40_31/HelpFormatter-CFGedgeCoverageRequirements.txt  CREATED
/Users/kesina/eclipse-workspace/commons-cli/output/13-10-2020_14_40_31/HelpFormatter-CFGnodeGrpByFunction.json  CREATED
CFG GRAPH PARSED SUCCESSFULLY!
Statement coverage wasn't tracked.
SmartTest mapping not created.
OUTPUT FOLDER "13-10-2020_14_40_33" created
/Users/kesina/eclipse-workspace/commons-cli/src/main/java/org/apache/commons/cli/HelpFormatter
=================CFG created for HelpFormatter.java
DOT FILE SUCCESSFULLY CLEAN!!
CFG GRAPH PARSING STARTED OF... HelpFormatter.java
/Users/kesina/eclipse-workspace/commons-cli/output/13-10-2020_14_40_33/HelpFormatter-CFGmapping.json  CREATED
/Users/kesina/eclipse-workspace/commons-cli/output/13-10-2020_14_40_33/HelpFormatter-CFGedgeCoverageRequirements.txt  CREATED
/Users/kesina/eclipse-workspace/commons-cli/output/13-10-2020_14_40_33/HelpFormatter-CFGnodeGrpByFunction.json  CREATED
CFG GRAPH PARSED SUCCESSFULLY!
Statement coverage wasn't tracked.
SmartTest mapping not created.
OUTPUT FOLDER "13-10-2020_14_40_35" created
/Users/kesina/eclipse-workspace/commons-cli/src/main/java/org/apache/commons/cli/HelpFormatter
=================CFG created for HelpFormatter.java
DOT FILE SUCCESSFULLY CLEAN!!
CFG GRAPH PARSING STARTED OF... HelpFormatter.java
/Users/kesina/eclipse-workspace/commons-cli/output/13-10-2020_14_40_35/HelpFormatter-CFGmapping.json  CREATED
/Users/kesina/eclipse-workspace/commons-cli/output/13-10-2020_14_40_35/HelpFormatter-CFGedgeCoverageRequirements.txt  CREATED
/Users/kesina/eclipse-workspace/commons-cli/output/13-10-2020_14_40_35/HelpFormatter-CFGnodeGrpByFunction.json  CREATED
CFG GRAPH PARSED SUCCESSFULLY!
Statement coverage wasn't tracked.
SmartTest mapping not created.
OUTPUT FOLDER "13-10-2020_14_40_36" created
/Users/kesina/eclipse-workspace/commons-cli/src/main/java/org/apache/commons/cli/HelpFormatter
=================CFG created for HelpFormatter.java
DOT FILE SUCCESSFULLY CLEAN!!
CFG GRAPH PARSING STARTED OF... HelpFormatter.java
/Users/kesina/eclipse-workspace/commons-cli/output/13-10-2020_14_40_36/HelpFormatter-CFGmapping.json  CREATED
/Users/kesina/eclipse-workspace/commons-cli/output/13-10-2020_14_40_36/HelpFormatter-CFGedgeCoverageRequirements.txt  CREATED
/Users/kesina/eclipse-workspace/commons-cli/output/13-10-2020_14_40_36/HelpFormatter-CFGnodeGrpByFunction.json  CREATED
CFG GRAPH PARSED SUCCESSFULLY!
Statement coverage wasn't tracked.
SmartTest mapping not created.
OUTPUT FOLDER "13-10-2020_14_40_38" created
/Users/kesina/eclipse-workspace/commons-cli/src/main/java/org/apache/commons/cli/HelpFormatter
=================CFG created for HelpFormatter.java
DOT FILE SUCCESSFULLY CLEAN!!
CFG GRAPH PARSING STARTED OF... HelpFormatter.java
/Users/kesina/eclipse-workspace/commons-cli/output/13-10-2020_14_40_38/HelpFormatter-CFGmapping.json  CREATED
/Users/kesina/eclipse-workspace/commons-cli/output/13-10-2020_14_40_38/HelpFormatter-CFGedgeCoverageRequirements.txt  CREATED
/Users/kesina/eclipse-workspace/commons-cli/output/13-10-2020_14_40_38/HelpFormatter-CFGnodeGrpByFunction.json  CREATED
CFG GRAPH PARSED SUCCESSFULLY!
Statement coverage wasn't tracked.
SmartTest mapping not created.
OUTPUT FOLDER "13-10-2020_14_40_39" created
/Users/kesina/eclipse-workspace/commons-cli/src/main/java/org/apache/commons/cli/HelpFormatter
=================CFG created for HelpFormatter.java
DOT FILE SUCCESSFULLY CLEAN!!
CFG GRAPH PARSING STARTED OF... HelpFormatter.java
/Users/kesina/eclipse-workspace/commons-cli/output/13-10-2020_14_40_39/HelpFormatter-CFGmapping.json  CREATED
/Users/kesina/eclipse-workspace/commons-cli/output/13-10-2020_14_40_39/HelpFormatter-CFGedgeCoverageRequirements.txt  CREATED
/Users/kesina/eclipse-workspace/commons-cli/output/13-10-2020_14_40_39/HelpFormatter-CFGnodeGrpByFunction.json  CREATED
CFG GRAPH PARSED SUCCESSFULLY!
Statement coverage wasn't tracked.
SmartTest mapping not created.
OUTPUT FOLDER "13-10-2020_14_40_41" created
/Users/kesina/eclipse-workspace/commons-cli/src/main/java/org/apache/commons/cli/HelpFormatter
=================CFG created for HelpFormatter.java
DOT FILE SUCCESSFULLY CLEAN!!
CFG GRAPH PARSING STARTED OF... HelpFormatter.java
/Users/kesina/eclipse-workspace/commons-cli/output/13-10-2020_14_40_41/HelpFormatter-CFGmapping.json  CREATED
/Users/kesina/eclipse-workspace/commons-cli/output/13-10-2020_14_40_41/HelpFormatter-CFGedgeCoverageRequirements.txt  CREATED
/Users/kesina/eclipse-workspace/commons-cli/output/13-10-2020_14_40_41/HelpFormatter-CFGnodeGrpByFunction.json  CREATED
CFG GRAPH PARSED SUCCESSFULLY!
Statement coverage wasn't tracked.
SmartTest mapping not created.
OUTPUT FOLDER "13-10-2020_14_40_42" created
/Users/kesina/eclipse-workspace/commons-cli/src/main/java/org/apache/commons/cli/HelpFormatter
=================CFG created for HelpFormatter.java
DOT FILE SUCCESSFULLY CLEAN!!
CFG GRAPH PARSING STARTED OF... HelpFormatter.java
/Users/kesina/eclipse-workspace/commons-cli/output/13-10-2020_14_40_42/HelpFormatter-CFGmapping.json  CREATED
/Users/kesina/eclipse-workspace/commons-cli/output/13-10-2020_14_40_42/HelpFormatter-CFGedgeCoverageRequirements.txt  CREATED
/Users/kesina/eclipse-workspace/commons-cli/output/13-10-2020_14_40_42/HelpFormatter-CFGnodeGrpByFunction.json  CREATED
CFG GRAPH PARSED SUCCESSFULLY!
Statement coverage wasn't tracked.
SmartTest mapping not created.
OUTPUT FOLDER "13-10-2020_14_40_43" created
/Users/kesina/eclipse-workspace/commons-cli/src/main/java/org/apache/commons/cli/HelpFormatter
=================CFG created for HelpFormatter.java
DOT FILE SUCCESSFULLY CLEAN!!
CFG GRAPH PARSING STARTED OF... HelpFormatter.java
/Users/kesina/eclipse-workspace/commons-cli/output/13-10-2020_14_40_43/HelpFormatter-CFGmapping.json  CREATED
/Users/kesina/eclipse-workspace/commons-cli/output/13-10-2020_14_40_43/HelpFormatter-CFGedgeCoverageRequirements.txt  CREATED
/Users/kesina/eclipse-workspace/commons-cli/output/13-10-2020_14_40_43/HelpFormatter-CFGnodeGrpByFunction.json  CREATED
CFG GRAPH PARSED SUCCESSFULLY!
Statement coverage wasn't tracked.
SmartTest mapping not created.
OUTPUT FOLDER "13-10-2020_14_40_45" created
/Users/kesina/eclipse-workspace/commons-cli/src/main/java/org/apache/commons/cli/HelpFormatter
=================CFG created for HelpFormatter.java
DOT FILE SUCCESSFULLY CLEAN!!
CFG GRAPH PARSING STARTED OF... HelpFormatter.java
/Users/kesina/eclipse-workspace/commons-cli/output/13-10-2020_14_40_45/HelpFormatter-CFGmapping.json  CREATED
/Users/kesina/eclipse-workspace/commons-cli/output/13-10-2020_14_40_45/HelpFormatter-CFGedgeCoverageRequirements.txt  CREATED
/Users/kesina/eclipse-workspace/commons-cli/output/13-10-2020_14_40_45/HelpFormatter-CFGnodeGrpByFunction.json  CREATED
CFG GRAPH PARSED SUCCESSFULLY!
Statement coverage wasn't tracked.
SmartTest mapping not created.
OUTPUT FOLDER "13-10-2020_14_40_46" created
/Users/kesina/eclipse-workspace/commons-cli/src/main/java/org/apache/commons/cli/HelpFormatter
=================CFG created for HelpFormatter.java
DOT FILE SUCCESSFULLY CLEAN!!
CFG GRAPH PARSING STARTED OF... HelpFormatter.java
/Users/kesina/eclipse-workspace/commons-cli/output/13-10-2020_14_40_46/HelpFormatter-CFGmapping.json  CREATED
/Users/kesina/eclipse-workspace/commons-cli/output/13-10-2020_14_40_46/HelpFormatter-CFGedgeCoverageRequirements.txt  CREATED
/Users/kesina/eclipse-workspace/commons-cli/output/13-10-2020_14_40_46/HelpFormatter-CFGnodeGrpByFunction.json  CREATED
CFG GRAPH PARSED SUCCESSFULLY!
Statement coverage wasn't tracked.
SmartTest mapping not created.
OUTPUT FOLDER "13-10-2020_14_40_48" created
/Users/kesina/eclipse-workspace/commons-cli/src/main/java/org/apache/commons/cli/HelpFormatter
=================CFG created for HelpFormatter.java
DOT FILE SUCCESSFULLY CLEAN!!
CFG GRAPH PARSING STARTED OF... HelpFormatter.java
/Users/kesina/eclipse-workspace/commons-cli/output/13-10-2020_14_40_48/HelpFormatter-CFGmapping.json  CREATED
/Users/kesina/eclipse-workspace/commons-cli/output/13-10-2020_14_40_48/HelpFormatter-CFGedgeCoverageRequirements.txt  CREATED
/Users/kesina/eclipse-workspace/commons-cli/output/13-10-2020_14_40_48/HelpFormatter-CFGnodeGrpByFunction.json  CREATED
CFG GRAPH PARSED SUCCESSFULLY!
Statement coverage wasn't tracked.
SmartTest mapping not created.
OUTPUT FOLDER "13-10-2020_14_40_50" created
/Users/kesina/eclipse-workspace/commons-cli/src/main/java/org/apache/commons/cli/HelpFormatter
=================CFG created for HelpFormatter.java
DOT FILE SUCCESSFULLY CLEAN!!
CFG GRAPH PARSING STARTED OF... HelpFormatter.java
/Users/kesina/eclipse-workspace/commons-cli/output/13-10-2020_14_40_50/HelpFormatter-CFGmapping.json  CREATED
/Users/kesina/eclipse-workspace/commons-cli/output/13-10-2020_14_40_50/HelpFormatter-CFGedgeCoverageRequirements.txt  CREATED
/Users/kesina/eclipse-workspace/commons-cli/output/13-10-2020_14_40_50/HelpFormatter-CFGnodeGrpByFunction.json  CREATED
CFG GRAPH PARSED SUCCESSFULLY!
Statement coverage wasn't tracked.
SmartTest mapping not created.
OUTPUT FOLDER "13-10-2020_14_40_51" created
/Users/kesina/eclipse-workspace/commons-cli/src/main/java/org/apache/commons/cli/HelpFormatter
=================CFG created for HelpFormatter.java
DOT FILE SUCCESSFULLY CLEAN!!
CFG GRAPH PARSING STARTED OF... HelpFormatter.java
/Users/kesina/eclipse-workspace/commons-cli/output/13-10-2020_14_40_51/HelpFormatter-CFGmapping.json  CREATED
/Users/kesina/eclipse-workspace/commons-cli/output/13-10-2020_14_40_51/HelpFormatter-CFGedgeCoverageRequirements.txt  CREATED
/Users/kesina/eclipse-workspace/commons-cli/output/13-10-2020_14_40_51/HelpFormatter-CFGnodeGrpByFunction.json  CREATED
CFG GRAPH PARSED SUCCESSFULLY!
Statement coverage wasn't tracked.
SmartTest mapping not created.
OUTPUT FOLDER "13-10-2020_14_40_53" created
/Users/kesina/eclipse-workspace/commons-cli/src/main/java/org/apache/commons/cli/HelpFormatter
=================CFG created for HelpFormatter.java
DOT FILE SUCCESSFULLY CLEAN!!
CFG GRAPH PARSING STARTED OF... HelpFormatter.java
/Users/kesina/eclipse-workspace/commons-cli/output/13-10-2020_14_40_53/HelpFormatter-CFGmapping.json  CREATED
/Users/kesina/eclipse-workspace/commons-cli/output/13-10-2020_14_40_53/HelpFormatter-CFGedgeCoverageRequirements.txt  CREATED
/Users/kesina/eclipse-workspace/commons-cli/output/13-10-2020_14_40_53/HelpFormatter-CFGnodeGrpByFunction.json  CREATED
CFG GRAPH PARSED SUCCESSFULLY!
Statement coverage wasn't tracked.
SmartTest mapping not created.
OUTPUT FOLDER "13-10-2020_14_40_54" created
/Users/kesina/eclipse-workspace/commons-cli/src/main/java/org/apache/commons/cli/HelpFormatter
=================CFG created for HelpFormatter.java
DOT FILE SUCCESSFULLY CLEAN!!
CFG GRAPH PARSING STARTED OF... HelpFormatter.java
/Users/kesina/eclipse-workspace/commons-cli/output/13-10-2020_14_40_54/HelpFormatter-CFGmapping.json  CREATED
/Users/kesina/eclipse-workspace/commons-cli/output/13-10-2020_14_40_54/HelpFormatter-CFGedgeCoverageRequirements.txt  CREATED
/Users/kesina/eclipse-workspace/commons-cli/output/13-10-2020_14_40_54/HelpFormatter-CFGnodeGrpByFunction.json  CREATED
CFG GRAPH PARSED SUCCESSFULLY!
Statement coverage wasn't tracked.
SmartTest mapping not created.
OUTPUT FOLDER "13-10-2020_14_40_56" created
/Users/kesina/eclipse-workspace/commons-cli/src/main/java/org/apache/commons/cli/HelpFormatter
=================CFG created for HelpFormatter.java
DOT FILE SUCCESSFULLY CLEAN!!
CFG GRAPH PARSING STARTED OF... HelpFormatter.java
/Users/kesina/eclipse-workspace/commons-cli/output/13-10-2020_14_40_56/HelpFormatter-CFGmapping.json  CREATED
/Users/kesina/eclipse-workspace/commons-cli/output/13-10-2020_14_40_56/HelpFormatter-CFGedgeCoverageRequirements.txt  CREATED
/Users/kesina/eclipse-workspace/commons-cli/output/13-10-2020_14_40_56/HelpFormatter-CFGnodeGrpByFunction.json  CREATED
CFG GRAPH PARSED SUCCESSFULLY!
Statement coverage wasn't tracked.
SmartTest mapping not created.
OUTPUT FOLDER "13-10-2020_14_40_57" created
/Users/kesina/eclipse-workspace/commons-cli/src/main/java/org/apache/commons/cli/HelpFormatter
=================CFG created for HelpFormatter.java
DOT FILE SUCCESSFULLY CLEAN!!
CFG GRAPH PARSING STARTED OF... HelpFormatter.java
/Users/kesina/eclipse-workspace/commons-cli/output/13-10-2020_14_40_57/HelpFormatter-CFGmapping.json  CREATED
/Users/kesina/eclipse-workspace/commons-cli/output/13-10-2020_14_40_57/HelpFormatter-CFGedgeCoverageRequirements.txt  CREATED
/Users/kesina/eclipse-workspace/commons-cli/output/13-10-2020_14_40_57/HelpFormatter-CFGnodeGrpByFunction.json  CREATED
CFG GRAPH PARSED SUCCESSFULLY!
Statement coverage wasn't tracked.
SmartTest mapping not created.
OUTPUT FOLDER "13-10-2020_14_40_59" created
/Users/kesina/eclipse-workspace/commons-cli/src/main/java/org/apache/commons/cli/HelpFormatter
=================CFG created for HelpFormatter.java
DOT FILE SUCCESSFULLY CLEAN!!
CFG GRAPH PARSING STARTED OF... HelpFormatter.java
/Users/kesina/eclipse-workspace/commons-cli/output/13-10-2020_14_40_59/HelpFormatter-CFGmapping.json  CREATED
/Users/kesina/eclipse-workspace/commons-cli/output/13-10-2020_14_40_59/HelpFormatter-CFGedgeCoverageRequirements.txt  CREATED
/Users/kesina/eclipse-workspace/commons-cli/output/13-10-2020_14_40_59/HelpFormatter-CFGnodeGrpByFunction.json  CREATED
CFG GRAPH PARSED SUCCESSFULLY!
Statement coverage wasn't tracked.
SmartTest mapping not created.
[ERROR] The goal you specified requires a project to execute but there is no POM in this directory (/Users/kesina/eclipse-workspace/commons-cli/PythonScripts). Please verify you invoked Maven from the correct directory. -> [Help 1]
[ERROR] 
[ERROR] To see the full stack trace of the errors, re-run Maven with the -e switch.
[ERROR] Re-run Maven using the -X switch to enable full debug logging.
[ERROR] 
[ERROR] For more information about the errors and possible solutions, please read the following articles:
[ERROR] [Help 1] http://cwiki.apache.org/confluence/display/MAVEN/MissingProjectException
OUTPUT FOLDER "13-10-2020_14_41_02" created
/Users/kesina/eclipse-workspace/commons-cli/src/main/java/org/apache/commons/cli/HelpFormatter
=================CFG created for HelpFormatter.java
DOT FILE SUCCESSFULLY CLEAN!!
CFG GRAPH PARSING STARTED OF... HelpFormatter.java
/Users/kesina/eclipse-workspace/commons-cli/output/13-10-2020_14_41_02/HelpFormatter-CFGmapping.json  CREATED
/Users/kesina/eclipse-workspace/commons-cli/output/13-10-2020_14_41_02/HelpFormatter-CFGedgeCoverageRequirements.txt  CREATED
/Users/kesina/eclipse-workspace/commons-cli/output/13-10-2020_14_41_02/HelpFormatter-CFGnodeGrpByFunction.json  CREATED
CFG GRAPH PARSED SUCCESSFULLY!
Statement coverage wasn't tracked.
SmartTest mapping not created.
[ERROR] The goal you specified requires a project to execute but there is no POM in this directory (/Users/kesina/eclipse-workspace/commons-cli/PythonScripts). Please verify you invoked Maven from the correct directory. -> [Help 1]
[ERROR] 
[ERROR] To see the full stack trace of the errors, re-run Maven with the -e switch.
[ERROR] Re-run Maven using the -X switch to enable full debug logging.
[ERROR] 
[ERROR] For more information about the errors and possible solutions, please read the following articles:
[ERROR] [Help 1] http://cwiki.apache.org/confluence/display/MAVEN/MissingProjectException
OUTPUT FOLDER "13-10-2020_14_41_05" created
/Users/kesina/eclipse-workspace/commons-cli/src/main/java/org/apache/commons/cli/HelpFormatter
=================CFG created for HelpFormatter.java
DOT FILE SUCCESSFULLY CLEAN!!
CFG GRAPH PARSING STARTED OF... HelpFormatter.java
/Users/kesina/eclipse-workspace/commons-cli/output/13-10-2020_14_41_05/HelpFormatter-CFGmapping.json  CREATED
/Users/kesina/eclipse-workspace/commons-cli/output/13-10-2020_14_41_05/HelpFormatter-CFGedgeCoverageRequirements.txt  CREATED
/Users/kesina/eclipse-workspace/commons-cli/output/13-10-2020_14_41_05/HelpFormatter-CFGnodeGrpByFunction.json  CREATED
CFG GRAPH PARSED SUCCESSFULLY!
Statement coverage wasn't tracked.
SmartTest mapping not created.
OUTPUT FOLDER "13-10-2020_14_41_07" created
/Users/kesina/eclipse-workspace/commons-cli/src/main/java/org/apache/commons/cli/HelpFormatter
=================CFG created for HelpFormatter.java
DOT FILE SUCCESSFULLY CLEAN!!
CFG GRAPH PARSING STARTED OF... HelpFormatter.java
/Users/kesina/eclipse-workspace/commons-cli/output/13-10-2020_14_41_07/HelpFormatter-CFGmapping.json  CREATED
/Users/kesina/eclipse-workspace/commons-cli/output/13-10-2020_14_41_07/HelpFormatter-CFGedgeCoverageRequirements.txt  CREATED
/Users/kesina/eclipse-workspace/commons-cli/output/13-10-2020_14_41_07/HelpFormatter-CFGnodeGrpByFunction.json  CREATED
CFG GRAPH PARSED SUCCESSFULLY!
Statement coverage wasn't tracked.
SmartTest mapping not created.
OUTPUT FOLDER "13-10-2020_14_41_08" created
/Users/kesina/eclipse-workspace/commons-cli/src/main/java/org/apache/commons/cli/HelpFormatter
=================CFG created for HelpFormatter.java
DOT FILE SUCCESSFULLY CLEAN!!
CFG GRAPH PARSING STARTED OF... HelpFormatter.java
/Users/kesina/eclipse-workspace/commons-cli/output/13-10-2020_14_41_08/HelpFormatter-CFGmapping.json  CREATED
/Users/kesina/eclipse-workspace/commons-cli/output/13-10-2020_14_41_08/HelpFormatter-CFGedgeCoverageRequirements.txt  CREATED
/Users/kesina/eclipse-workspace/commons-cli/output/13-10-2020_14_41_08/HelpFormatter-CFGnodeGrpByFunction.json  CREATED
CFG GRAPH PARSED SUCCESSFULLY!
Statement coverage wasn't tracked.
SmartTest mapping not created.
/Users/kesina/eclipse-workspace/commons-cli/src/main/java/org/apache/commons/cli/HelpFormatter
ANALYSIS OF MUTATION================ 1
bash temprunProgex.sh /Users/kesina/eclipse-workspace/commons-cli/src/main/java/org/apache/commons/cli/HelpFormatter PROGEX
Comparison Done
No test to rerun
ANALYSIS OF MUTATION================ 2
bash temprunProgex.sh /Users/kesina/eclipse-workspace/commons-cli/src/main/java/org/apache/commons/cli/HelpFormatter PROGEX
Comparison Done
No test to rerun
ANALYSIS OF MUTATION================ 3
bash temprunProgex.sh /Users/kesina/eclipse-workspace/commons-cli/src/main/java/org/apache/commons/cli/HelpFormatter PROGEX
Comparison Done
No test to rerun
ANALYSIS OF MUTATION================ 4
bash temprunProgex.sh /Users/kesina/eclipse-workspace/commons-cli/src/main/java/org/apache/commons/cli/HelpFormatter PROGEX
Comparison Done
No test to rerun
ANALYSIS OF MUTATION================ 5
bash temprunProgex.sh /Users/kesina/eclipse-workspace/commons-cli/src/main/java/org/apache/commons/cli/HelpFormatter PROGEX
Comparison Done
No test to rerun
ANALYSIS OF MUTATION================ 6
bash temprunProgex.sh /Users/kesina/eclipse-workspace/commons-cli/src/main/java/org/apache/commons/cli/HelpFormatter PROGEX
Comparison Done
No test to rerun
ANALYSIS OF MUTATION================ 7
bash temprunProgex.sh /Users/kesina/eclipse-workspace/commons-cli/src/main/java/org/apache/commons/cli/HelpFormatter PROGEX
Comparison Done
No test to rerun
ANALYSIS OF MUTATION================ 8
bash temprunProgex.sh /Users/kesina/eclipse-workspace/commons-cli/src/main/java/org/apache/commons/cli/HelpFormatter PROGEX
Comparison Done
No test to rerun
ANALYSIS OF MUTATION================ 9
bash temprunProgex.sh /Users/kesina/eclipse-workspace/commons-cli/src/main/java/org/apache/commons/cli/HelpFormatter PROGEX
Comparison Done
No test to rerun
ANALYSIS OF MUTATION================ 10
bash temprunProgex.sh /Users/kesina/eclipse-workspace/commons-cli/src/main/java/org/apache/commons/cli/HelpFormatter PROGEX
Comparison Done
No test to rerun
ANALYSIS OF MUTATION================ 11
bash temprunProgex.sh /Users/kesina/eclipse-workspace/commons-cli/src/main/java/org/apache/commons/cli/HelpFormatter PROGEX
Comparison Done
ANALYSIS OF MUTATION================ 12
bash temprunProgex.sh /Users/kesina/eclipse-workspace/commons-cli/src/main/java/org/apache/commons/cli/HelpFormatter PROGEX
Comparison Done
ANALYSIS OF MUTATION================ 13
bash temprunProgex.sh /Users/kesina/eclipse-workspace/commons-cli/src/main/java/org/apache/commons/cli/HelpFormatter PROGEX
Comparison Done
ANALYSIS OF MUTATION================ 14
bash temprunProgex.sh /Users/kesina/eclipse-workspace/commons-cli/src/main/java/org/apache/commons/cli/HelpFormatter PROGEX
Comparison Done
ANALYSIS OF MUTATION================ 15
bash temprunProgex.sh /Users/kesina/eclipse-workspace/commons-cli/src/main/java/org/apache/commons/cli/HelpFormatter PROGEX
Comparison Done
ANALYSIS OF MUTATION================ 16
bash temprunProgex.sh /Users/kesina/eclipse-workspace/commons-cli/src/main/java/org/apache/commons/cli/HelpFormatter PROGEX
Comparison Done
ANALYSIS OF MUTATION================ 17
bash temprunProgex.sh /Users/kesina/eclipse-workspace/commons-cli/src/main/java/org/apache/commons/cli/HelpFormatter PROGEX
Comparison Done
ANALYSIS OF MUTATION================ 18
bash temprunProgex.sh /Users/kesina/eclipse-workspace/commons-cli/src/main/java/org/apache/commons/cli/HelpFormatter PROGEX
Comparison Done
ANALYSIS OF MUTATION================ 19
bash temprunProgex.sh /Users/kesina/eclipse-workspace/commons-cli/src/main/java/org/apache/commons/cli/HelpFormatter PROGEX
Comparison Done
ANALYSIS OF MUTATION================ 20
bash temprunProgex.sh /Users/kesina/eclipse-workspace/commons-cli/src/main/java/org/apache/commons/cli/HelpFormatter PROGEX
Comparison Done
ANALYSIS OF MUTATION================ 21
bash temprunProgex.sh /Users/kesina/eclipse-workspace/commons-cli/src/main/java/org/apache/commons/cli/HelpFormatter PROGEX
Comparison Done
ANALYSIS OF MUTATION================ 22
bash temprunProgex.sh /Users/kesina/eclipse-workspace/commons-cli/src/main/java/org/apache/commons/cli/HelpFormatter PROGEX
Comparison Done
ANALYSIS OF MUTATION================ 23
bash temprunProgex.sh /Users/kesina/eclipse-workspace/commons-cli/src/main/java/org/apache/commons/cli/HelpFormatter PROGEX
Comparison Done
ANALYSIS OF MUTATION================ 24
bash temprunProgex.sh /Users/kesina/eclipse-workspace/commons-cli/src/main/java/org/apache/commons/cli/HelpFormatter PROGEX
Comparison Done
ANALYSIS OF MUTATION================ 25
bash temprunProgex.sh /Users/kesina/eclipse-workspace/commons-cli/src/main/java/org/apache/commons/cli/HelpFormatter PROGEX
Comparison Done
ANALYSIS OF MUTATION================ 26
bash temprunProgex.sh /Users/kesina/eclipse-workspace/commons-cli/src/main/java/org/apache/commons/cli/HelpFormatter PROGEX
Comparison Done
ANALYSIS OF MUTATION================ 27
bash temprunProgex.sh /Users/kesina/eclipse-workspace/commons-cli/src/main/java/org/apache/commons/cli/HelpFormatter PROGEX
Comparison Done
ANALYSIS OF MUTATION================ 28
bash temprunProgex.sh /Users/kesina/eclipse-workspace/commons-cli/src/main/java/org/apache/commons/cli/HelpFormatter PROGEX
Comparison Done
ANALYSIS OF MUTATION================ 29
bash temprunProgex.sh /Users/kesina/eclipse-workspace/commons-cli/src/main/java/org/apache/commons/cli/HelpFormatter PROGEX
Comparison Done
ANALYSIS OF MUTATION================ 30
bash temprunProgex.sh /Users/kesina/eclipse-workspace/commons-cli/src/main/java/org/apache/commons/cli/HelpFormatter PROGEX
Comparison Done
ANALYSIS OF MUTATION================ 31
bash temprunProgex.sh /Users/kesina/eclipse-workspace/commons-cli/src/main/java/org/apache/commons/cli/HelpFormatter PROGEX
Comparison Done
ANALYSIS OF MUTATION================ 32
bash temprunProgex.sh /Users/kesina/eclipse-workspace/commons-cli/src/main/java/org/apache/commons/cli/HelpFormatter PROGEX
Comparison Done
ANALYSIS OF MUTATION================ 33
bash temprunProgex.sh /Users/kesina/eclipse-workspace/commons-cli/src/main/java/org/apache/commons/cli/HelpFormatter PROGEX
Comparison Done
ANALYSIS OF MUTATION================ 34
bash temprunProgex.sh /Users/kesina/eclipse-workspace/commons-cli/src/main/java/org/apache/commons/cli/HelpFormatter PROGEX
Comparison Done
ANALYSIS OF MUTATION================ 35
bash temprunProgex.sh /Users/kesina/eclipse-workspace/commons-cli/src/main/java/org/apache/commons/cli/HelpFormatter PROGEX
Comparison Done
ANALYSIS OF MUTATION================ 36
bash temprunProgex.sh /Users/kesina/eclipse-workspace/commons-cli/src/main/java/org/apache/commons/cli/HelpFormatter PROGEX
Comparison Done
ANALYSIS OF MUTATION================ 37
bash temprunProgex.sh /Users/kesina/eclipse-workspace/commons-cli/src/main/java/org/apache/commons/cli/HelpFormatter PROGEX
Comparison Done
ANALYSIS OF MUTATION================ 38
bash temprunProgex.sh /Users/kesina/eclipse-workspace/commons-cli/src/main/java/org/apache/commons/cli/HelpFormatter PROGEX
Comparison Done
ANALYSIS OF MUTATION================ 39
bash temprunProgex.sh /Users/kesina/eclipse-workspace/commons-cli/src/main/java/org/apache/commons/cli/HelpFormatter PROGEX
Comparison Done
testFailed for mutation 39
ANALYSIS OF MUTATION================ 40
bash temprunProgex.sh /Users/kesina/eclipse-workspace/commons-cli/src/main/java/org/apache/commons/cli/HelpFormatter PROGEX
Comparison Done
testFailed for mutation 40
ANALYSIS OF MUTATION================ 41
bash temprunProgex.sh /Users/kesina/eclipse-workspace/commons-cli/src/main/java/org/apache/commons/cli/HelpFormatter PROGEX
Comparison Done
ANALYSIS OF MUTATION================ 42
bash temprunProgex.sh /Users/kesina/eclipse-workspace/commons-cli/src/main/java/org/apache/commons/cli/HelpFormatter PROGEX
Comparison Done
ANALYSIS OF MUTATION================ 43
bash temprunProgex.sh /Users/kesina/eclipse-workspace/commons-cli/src/main/java/org/apache/commons/cli/HelpFormatter PROGEX
Comparison Done
ANALYSIS OF MUTATION================ 44
bash temprunProgex.sh /Users/kesina/eclipse-workspace/commons-cli/src/main/java/org/apache/commons/cli/HelpFormatterOUTPUT FOLDER "13-10-2020_14_41_09" created
/Users/kesina/eclipse-workspace/commons-cli/src/main/java/org/apache/commons/cli/HelpFormatter
=================CFG created for HelpFormatter.java
DOT FILE SUCCESSFULLY CLEAN!!
CFG GRAPH PARSING STARTED OF... HelpFormatter.java
/Users/kesina/eclipse-workspace/commons-cli/output/13-10-2020_14_41_09/HelpFormatter-CFGmapping.json  CREATED
/Users/kesina/eclipse-workspace/commons-cli/output/13-10-2020_14_41_09/HelpFormatter-CFGedgeCoverageRequirements.txt  CREATED
/Users/kesina/eclipse-workspace/commons-cli/output/13-10-2020_14_41_09/HelpFormatter-CFGnodeGrpByFunction.json  CREATED
CFG GRAPH PARSED SUCCESSFULLY!
Statement coverage wasn't tracked.
SmartTest mapping not created.
[ERROR] The goal you specified requires a project to execute but there is no POM in this directory (/Users/kesina/eclipse-workspace/commons-cli/PythonScripts). Please verify you invoked Maven from the correct directory. -> [Help 1]
[ERROR] 
[ERROR] To see the full stack trace of the errors, re-run Maven with the -e switch.
[ERROR] Re-run Maven using the -X switch to enable full debug logging.
[ERROR] 
[ERROR] For more information about the errors and possible solutions, please read the following articles:
[ERROR] [Help 1] http://cwiki.apache.org/confluence/display/MAVEN/MissingProjectException
[ERROR] The goal you specified requires a project to execute but there is no POM in this directory (/Users/kesina/eclipse-workspace/commons-cli/PythonScripts). Please verify you invoked Maven from the correct directory. -> [Help 1]
[ERROR] 
[ERROR] To see the full stack trace of the errors, re-run Maven with the -e switch.
[ERROR] Re-run Maven using the -X switch to enable full debug logging.
[ERROR] 
[ERROR] For more information about the errors and possible solutions, please read the following articles:
[ERROR] [Help 1] http://cwiki.apache.org/confluence/display/MAVEN/MissingProjectException
[ERROR] The goal you specified requires a project to execute but there is no POM in this directory (/Users/kesina/eclipse-workspace/commons-cli/PythonScripts). Please verify you invoked Maven from the correct directory. -> [Help 1]
[ERROR] 
[ERROR] To see the full stack trace of the errors, re-run Maven with the -e switch.
[ERROR] Re-run Maven using the -X switch to enable full debug logging.
[ERROR] 
[ERROR] For more information about the errors and possible solutions, please read the following articles:
[ERROR] [Help 1] http://cwiki.apache.org/confluence/display/MAVEN/MissingProjectException
[ERROR] The goal you specified requires a project to execute but there is no POM in this directory (/Users/kesina/eclipse-workspace/commons-cli/PythonScripts). Please verify you invoked Maven from the correct directory. -> [Help 1]
[ERROR] 
[ERROR] To see the full stack trace of the errors, re-run Maven with the -e switch.
[ERROR] Re-run Maven using the -X switch to enable full debug logging.
[ERROR] 
[ERROR] For more information about the errors and possible solutions, please read the following articles:
[ERROR] [Help 1] http://cwiki.apache.org/confluence/display/MAVEN/MissingProjectException
[ERROR] The goal you specified requires a project to execute but there is no POM in this directory (/Users/kesina/eclipse-workspace/commons-cli/PythonScripts). Please verify you invoked Maven from the correct directory. -> [Help 1]
[ERROR] 
[ERROR] To see the full stack trace of the errors, re-run Maven with the -e switch.
[ERROR] Re-run Maven using the -X switch to enable full debug logging.
[ERROR] 
[ERROR] For more information about the errors and possible solutions, please read the following articles:
[ERROR] [Help 1] http://cwiki.apache.org/confluence/display/MAVEN/MissingProjectException
[ERROR] The goal you specified requires a project to execute but there is no POM in this directory (/Users/kesina/eclipse-workspace/commons-cli/PythonScripts). Please verify you invoked Maven from the correct directory. -> [Help 1]
[ERROR] 
[ERROR] To see the full stack trace of the errors, re-run Maven with the -e switch.
[ERROR] Re-run Maven using the -X switch to enable full debug logging.
[ERROR] 
[ERROR] For more information about the errors and possible solutions, please read the following articles:
[ERROR] [Help 1] http://cwiki.apache.org/confluence/display/MAVEN/MissingProjectException
OUTPUT FOLDER "13-10-2020_14_41_21" created
/Users/kesina/eclipse-workspace/commons-cli/src/main/java/org/apache/commons/cli/HelpFormatter
=================CFG created for HelpFormatter.java
DOT FILE SUCCESSFULLY CLEAN!!
CFG GRAPH PARSING STARTED OF... HelpFormatter.java
/Users/kesina/eclipse-workspace/commons-cli/output/13-10-2020_14_41_21/HelpFormatter-CFGmapping.json  CREATED
/Users/kesina/eclipse-workspace/commons-cli/output/13-10-2020_14_41_21/HelpFormatter-CFGedgeCoverageRequirements.txt  CREATED
/Users/kesina/eclipse-workspace/commons-cli/output/13-10-2020_14_41_21/HelpFormatter-CFGnodeGrpByFunction.json  CREATED
CFG GRAPH PARSED SUCCESSFULLY!
Statement coverage wasn't tracked.
SmartTest mapping not created.
[ERROR] The goal you specified requires a project to execute but there is no POM in this directory (/Users/kesina/eclipse-workspace/commons-cli/PythonScripts). Please verify you invoked Maven from the correct directory. -> [Help 1]
[ERROR] 
[ERROR] To see the full stack trace of the errors, re-run Maven with the -e switch.
[ERROR] Re-run Maven using the -X switch to enable full debug logging.
[ERROR] 
[ERROR] For more information about the errors and possible solutions, please read the following articles:
[ERROR] [Help 1] http://cwiki.apache.org/confluence/display/MAVEN/MissingProjectException
[ERROR] The goal you specified requires a project to execute but there is no POM in this directory (/Users/kesina/eclipse-workspace/commons-cli/PythonScripts). Please verify you invoked Maven from the correct directory. -> [Help 1]
[ERROR] 
[ERROR] To see the full stack trace of the errors, re-run Maven with the -e switch.
[ERROR] Re-run Maven using the -X switch to enable full debug logging.
[ERROR] 
[ERROR] For more information about the errors and possible solutions, please read the following articles:
[ERROR] [Help 1] http://cwiki.apache.org/confluence/display/MAVEN/MissingProjectException
[ERROR] The goal you specified requires a project to execute but there is no POM in this directory (/Users/kesina/eclipse-workspace/commons-cli/PythonScripts). Please verify you invoked Maven from the correct directory. -> [Help 1]
[ERROR] 
[ERROR] To see the full stack trace of the errors, re-run Maven with the -e switch.
[ERROR] Re-run Maven using the -X switch to enable full debug logging.
[ERROR] 
[ERROR] For more information about the errors and possible solutions, please read the following articles:
[ERROR] [Help 1] http://cwiki.apache.org/confluence/display/MAVEN/MissingProjectException
[ERROR] The goal you specified requires a project to execute but there is no POM in this directory (/Users/kesina/eclipse-workspace/commons-cli/PythonScripts). Please verify you invoked Maven from the correct directory. -> [Help 1]
[ERROR] 
[ERROR] To see the full stack trace of the errors, re-run Maven with the -e switch.
[ERROR] Re-run Maven using the -X switch to enable full debug logging.
[ERROR] 
[ERROR] For more information about the errors and possible solutions, please read the following articles:
[ERROR] [Help 1] http://cwiki.apache.org/confluence/display/MAVEN/MissingProjectException
[ERROR] The goal you specified requires a project to execute but there is no POM in this directory (/Users/kesina/eclipse-workspace/commons-cli/PythonScripts). Please verify you invoked Maven from the correct directory. -> [Help 1]
[ERROR] 
[ERROR] To see the full stack trace of the errors, re-run Maven with the -e switch.
[ERROR] Re-run Maven using the -X switch to enable full debug logging.
[ERROR] 
[ERROR] For more information about the errors and possible solutions, please read the following articles:
[ERROR] [Help 1] http://cwiki.apache.org/confluence/display/MAVEN/MissingProjectException
[ERROR] The goal you specified requires a project to execute but there is no POM in this directory (/Users/kesina/eclipse-workspace/commons-cli/PythonScripts). Please verify you invoked Maven from the correct directory. -> [Help 1]
[ERROR] 
[ERROR] To see the full stack trace of the errors, re-run Maven with the -e switch.
[ERROR] Re-run Maven using the -X switch to enable full debug logging.
[ERROR] 
[ERROR] For more information about the errors and possible solutions, please read the following articles:
[ERROR] [Help 1] http://cwiki.apache.org/confluence/display/MAVEN/MissingProjectException
OUTPUT FOLDER "13-10-2020_14_41_32" created
/Users/kesina/eclipse-workspace/commons-cli/src/main/java/org/apache/commons/cli/HelpFormatter
=================CFG created for HelpFormatter.java
DOT FILE SUCCESSFULLY CLEAN!!
CFG GRAPH PARSING STARTED OF... HelpFormatter.java
/Users/kesina/eclipse-workspace/commons-cli/output/13-10-2020_14_41_32/HelpFormatter-CFGmapping.json  CREATED
/Users/kesina/eclipse-workspace/commons-cli/output/13-10-2020_14_41_32/HelpFormatter-CFGedgeCoverageRequirements.txt  CREATED
/Users/kesina/eclipse-workspace/commons-cli/output/13-10-2020_14_41_32/HelpFormatter-CFGnodeGrpByFunction.json  CREATED
CFG GRAPH PARSED SUCCESSFULLY!
Statement coverage wasn't tracked.
SmartTest mapping not created.
[ERROR] The goal you specified requires a project to execute but there is no POM in this directory (/Users/kesina/eclipse-workspace/commons-cli/PythonScripts). Please verify you invoked Maven from the correct directory. -> [Help 1]
[ERROR] 
[ERROR] To see the full stack trace of the errors, re-run Maven with the -e switch.
[ERROR] Re-run Maven using the -X switch to enable full debug logging.
[ERROR] 
[ERROR] For more information about the errors and possible solutions, please read the following articles:
[ERROR] [Help 1] http://cwiki.apache.org/confluence/display/MAVEN/MissingProjectException
[ERROR] The goal you specified requires a project to execute but there is no POM in this directory (/Users/kesina/eclipse-workspace/commons-cli/PythonScripts). Please verify you invoked Maven from the correct directory. -> [Help 1]
[ERROR] 
[ERROR] To see the full stack trace of the errors, re-run Maven with the -e switch.
[ERROR] Re-run Maven using the -X switch to enable full debug logging.
[ERROR] 
[ERROR] For more information about the errors and possible solutions, please read the following articles:
[ERROR] [Help 1] http://cwiki.apache.org/confluence/display/MAVEN/MissingProjectException
[ERROR] The goal you specified requires a project to execute but there is no POM in this directory (/Users/kesina/eclipse-workspace/commons-cli/PythonScripts). Please verify you invoked Maven from the correct directory. -> [Help 1]
[ERROR] 
[ERROR] To see the full stack trace of the errors, re-run Maven with the -e switch.
[ERROR] Re-run Maven using the -X switch to enable full debug logging.
[ERROR] 
[ERROR] For more information about the errors and possible solutions, please read the following articles:
[ERROR] [Help 1] http://cwiki.apache.org/confluence/display/MAVEN/MissingProjectException
[ERROR] The goal you specified requires a project to execute but there is no POM in this directory (/Users/kesina/eclipse-workspace/commons-cli/PythonScripts). Please verify you invoked Maven from the correct directory. -> [Help 1]
[ERROR] 
[ERROR] To see the full stack trace of the errors, re-run Maven with the -e switch.
[ERROR] Re-run Maven using the -X switch to enable full debug logging.
[ERROR] 
[ERROR] For more information about the errors and possible solutions, please read the following articles:
[ERROR] [Help 1] http://cwiki.apache.org/confluence/display/MAVEN/MissingProjectException
[ERROR] The goal you specified requires a project to execute but there is no POM in this directory (/Users/kesina/eclipse-workspace/commons-cli/PythonScripts). Please verify you invoked Maven from the correct directory. -> [Help 1]
[ERROR] 
[ERROR] To see the full stack trace of the errors, re-run Maven with the -e switch.
[ERROR] Re-run Maven using the -X switch to enable full debug logging.
[ERROR] 
[ERROR] For more information about the errors and possible solutions, please read the following articles:
[ERROR] [Help 1] http://cwiki.apache.org/confluence/display/MAVEN/MissingProjectException
[ERROR] The goal you specified requires a project to execute but there is no POM in this directory (/Users/kesina/eclipse-workspace/commons-cli/PythonScripts). Please verify you invoked Maven from the correct directory. -> [Help 1]
[ERROR] 
[ERROR] To see the full stack trace of the errors, re-run Maven with the -e switch.
[ERROR] Re-run Maven using the -X switch to enable full debug logging.
[ERROR] 
[ERROR] For more information about the errors and possible solutions, please read the following articles:
[ERROR] [Help 1] http://cwiki.apache.org/confluence/display/MAVEN/MissingProjectException
OUTPUT FOLDER "13-10-2020_14_41_43" created
/Users/kesina/eclipse-workspace/commons-cli/src/main/java/org/apache/commons/cli/HelpFormatter
=================CFG created for HelpFormatter.java
DOT FILE SUCCESSFULLY CLEAN!!
CFG GRAPH PARSING STARTED OF... HelpFormatter.java
/Users/kesina/eclipse-workspace/commons-cli/output/13-10-2020_14_41_43/HelpFormatter-CFGmapping.json  CREATED
/Users/kesina/eclipse-workspace/commons-cli/output/13-10-2020_14_41_43/HelpFormatter-CFGedgeCoverageRequirements.txt  CREATED
/Users/kesina/eclipse-workspace/commons-cli/output/13-10-2020_14_41_43/HelpFormatter-CFGnodeGrpByFunction.json  CREATED
CFG GRAPH PARSED SUCCESSFULLY!
Statement coverage wasn't tracked.
SmartTest mapping not created.
[ERROR] The goal you specified requires a project to execute but there is no POM in this directory (/Users/kesina/eclipse-workspace/commons-cli/PythonScripts). Please verify you invoked Maven from the correct directory. -> [Help 1]
[ERROR] 
[ERROR] To see the full stack trace of the errors, re-run Maven with the -e switch.
[ERROR] Re-run Maven using the -X switch to enable full debug logging.
[ERROR] 
[ERROR] For more information about the errors and possible solutions, please read the following articles:
[ERROR] [Help 1] http://cwiki.apache.org/confluence/display/MAVEN/MissingProjectException
[ERROR] The goal you specified requires a project to execute but there is no POM in this directory (/Users/kesina/eclipse-workspace/commons-cli/PythonScripts). Please verify you invoked Maven from the correct directory. -> [Help 1]
[ERROR] 
[ERROR] To see the full stack trace of the errors, re-run Maven with the -e switch.
[ERROR] Re-run Maven using the -X switch to enable full debug logging.
[ERROR] 
[ERROR] For more information about the errors and possible solutions, please read the following articles:
[ERROR] [Help 1] http://cwiki.apache.org/confluence/display/MAVEN/MissingProjectException
[ERROR] The goal you specified requires a project to execute but there is no POM in this directory (/Users/kesina/eclipse-workspace/commons-cli/PythonScripts). Please verify you invoked Maven from the correct directory. -> [Help 1]
[ERROR] 
[ERROR] To see the full stack trace of the errors, re-run Maven with the -e switch.
[ERROR] Re-run Maven using the -X switch to enable full debug logging.
[ERROR] 
[ERROR] For more information about the errors and possible solutions, please read the following articles:
[ERROR] [Help 1] http://cwiki.apache.org/confluence/display/MAVEN/MissingProjectException
[ERROR] The goal you specified requires a project to execute but there is no POM in this directory (/Users/kesina/eclipse-workspace/commons-cli/PythonScripts). Please verify you invoked Maven from the correct directory. -> [Help 1]
[ERROR] 
[ERROR] To see the full stack trace of the errors, re-run Maven with the -e switch.
[ERROR] Re-run Maven using the -X switch to enable full debug logging.
[ERROR] 
[ERROR] For more information about the errors and possible solutions, please read the following articles:
[ERROR] [Help 1] http://cwiki.apache.org/confluence/display/MAVEN/MissingProjectException
[ERROR] The goal you specified requires a project to execute but there is no POM in this directory (/Users/kesina/eclipse-workspace/commons-cli/PythonScripts). Please verify you invoked Maven from the correct directory. -> [Help 1]
[ERROR] 
[ERROR] To see the full stack trace of the errors, re-run Maven with the -e switch.
[ERROR] Re-run Maven using the -X switch to enable full debug logging.
[ERROR] 
[ERROR] For more information about the errors and possible solutions, please read the following articles:
[ERROR] [Help 1] http://cwiki.apache.org/confluence/display/MAVEN/MissingProjectException
[ERROR] The goal you specified requires a project to execute but there is no POM in this directory (/Users/kesina/eclipse-workspace/commons-cli/PythonScripts). Please verify you invoked Maven from the correct directory. -> [Help 1]
[ERROR] 
[ERROR] To see the full stack trace of the errors, re-run Maven with the -e switch.
[ERROR] Re-run Maven using the -X switch to enable full debug logging.
[ERROR] 
[ERROR] For more information about the errors and possible solutions, please read the following articles:
[ERROR] [Help 1] http://cwiki.apache.org/confluence/display/MAVEN/MissingProjectException
OUTPUT FOLDER "13-10-2020_14_41_58" created
/Users/kesina/eclipse-workspace/commons-cli/src/main/java/org/apache/commons/cli/HelpFormatter
=================CFG created for HelpFormatter.java
DOT FILE SUCCESSFULLY CLEAN!!
CFG GRAPH PARSING STARTED OF... HelpFormatter.java
/Users/kesina/eclipse-workspace/commons-cli/output/13-10-2020_14_41_58/HelpFormatter-CFGmapping.json  CREATED
/Users/kesina/eclipse-workspace/commons-cli/output/13-10-2020_14_41_58/HelpFormatter-CFGedgeCoverageRequirements.txt  CREATED
/Users/kesina/eclipse-workspace/commons-cli/output/13-10-2020_14_41_58/HelpFormatter-CFGnodeGrpByFunction.json  CREATED
CFG GRAPH PARSED SUCCESSFULLY!
Statement coverage wasn't tracked.
SmartTest mapping not created.
[ERROR] The goal you specified requires a project to execute but there is no POM in this directory (/Users/kesina/eclipse-workspace/commons-cli/PythonScripts). Please verify you invoked Maven from the correct directory. -> [Help 1]
[ERROR] 
[ERROR] To see the full stack trace of the errors, re-run Maven with the -e switch.
[ERROR] Re-run Maven using the -X switch to enable full debug logging.
[ERROR] 
[ERROR] For more information about the errors and possible solutions, please read the following articles:
[ERROR] [Help 1] http://cwiki.apache.org/confluence/display/MAVEN/MissingProjectException
[ERROR] The goal you specified requires a project to execute but there is no POM in this directory (/Users/kesina/eclipse-workspace/commons-cli/PythonScripts). Please verify you invoked Maven from the correct directory. -> [Help 1]
[ERROR] 
[ERROR] To see the full stack trace of the errors, re-run Maven with the -e switch.
[ERROR] Re-run Maven using the -X switch to enable full debug logging.
[ERROR] 
[ERROR] For more information about the errors and possible solutions, please read the following articles:
[ERROR] [Help 1] http://cwiki.apache.org/confluence/display/MAVEN/MissingProjectException
[ERROR] The goal you specified requires a project to execute but there is no POM in this directory (/Users/kesina/eclipse-workspace/commons-cli/PythonScripts). Please verify you invoked Maven from the correct directory. -> [Help 1]
[ERROR] 
[ERROR] To see the full stack trace of the errors, re-run Maven with the -e switch.
[ERROR] Re-run Maven using the -X switch to enable full debug logging.
[ERROR] 
[ERROR] For more information about the errors and possible solutions, please read the following articles:
[ERROR] [Help 1] http://cwiki.apache.org/confluence/display/MAVEN/MissingProjectException
[ERROR] The goal you specified requires a project to execute but there is no POM in this directory (/Users/kesina/eclipse-workspace/commons-cli/PythonScripts). Please verify you invoked Maven from the correct directory. -> [Help 1]
[ERROR] 
[ERROR] To see the full stack trace of the errors, re-run Maven with the -e switch.
[ERROR] Re-run Maven using the -X switch to enable full debug logging.
[ERROR] 
[ERROR] For more information about the errors and possible solutions, please read the following articles:
[ERROR] [Help 1] http://cwiki.apache.org/confluence/display/MAVEN/MissingProjectException
[ERROR] The goal you specified requires a project to execute but there is no POM in this directory (/Users/kesina/eclipse-workspace/commons-cli/PythonScripts). Please verify you invoked Maven from the correct directory. -> [Help 1]
[ERROR] 
[ERROR] To see the full stack trace of the errors, re-run Maven with the -e switch.
[ERROR] Re-run Maven using the -X switch to enable full debug logging.
[ERROR] 
[ERROR] For more information about the errors and possible solutions, please read the following articles:
[ERROR] [Help 1] http://cwiki.apache.org/confluence/display/MAVEN/MissingProjectException
[ERROR] The goal you specified requires a project to execute but there is no POM in this directory (/Users/kesina/eclipse-workspace/commons-cli/PythonScripts). Please verify you invoked Maven from the correct directory. -> [Help 1]
[ERROR] 
[ERROR] To see the full stack trace of the errors, re-run Maven with the -e switch.
[ERROR] Re-run Maven using the -X switch to enable full debug logging.
[ERROR] 
[ERROR] For more information about the errors and possible solutions, please read the following articles:
[ERROR] [Help 1] http://cwiki.apache.org/confluence/display/MAVEN/MissingProjectException
OUTPUT FOLDER "13-10-2020_14_42_09" created
/Users/kesina/eclipse-workspace/commons-cli/src/main/java/org/apache/commons/cli/HelpFormatter
=================CFG created for HelpFormatter.java
DOT FILE SUCCESSFULLY CLEAN!!
CFG GRAPH PARSING STARTED OF... HelpFormatter.java
/Users/kesina/eclipse-workspace/commons-cli/output/13-10-2020_14_42_09/HelpFormatter-CFGmapping.json  CREATED
/Users/kesina/eclipse-workspace/commons-cli/output/13-10-2020_14_42_09/HelpFormatter-CFGedgeCoverageRequirements.txt  CREATED
/Users/kesina/eclipse-workspace/commons-cli/output/13-10-2020_14_42_09/HelpFormatter-CFGnodeGrpByFunction.json  CREATED
CFG GRAPH PARSED SUCCESSFULLY!
Statement coverage wasn't tracked.
SmartTest mapping not created.
[ERROR] The goal you specified requires a project to execute but there is no POM in this directory (/Users/kesina/eclipse-workspace/commons-cli/PythonScripts). Please verify you invoked Maven from the correct directory. -> [Help 1]
[ERROR] 
[ERROR] To see the full stack trace of the errors, re-run Maven with the -e switch.
[ERROR] Re-run Maven using the -X switch to enable full debug logging.
[ERROR] 
[ERROR] For more information about the errors and possible solutions, please read the following articles:
[ERROR] [Help 1] http://cwiki.apache.org/confluence/display/MAVEN/MissingProjectException
[ERROR] The goal you specified requires a project to execute but there is no POM in this directory (/Users/kesina/eclipse-workspace/commons-cli/PythonScripts). Please verify you invoked Maven from the correct directory. -> [Help 1]
[ERROR] 
[ERROR] To see the full stack trace of the errors, re-run Maven with the -e switch.
[ERROR] Re-run Maven using the -X switch to enable full debug logging.
[ERROR] 
[ERROR] For more information about the errors and possible solutions, please read the following articles:
[ERROR] [Help 1] http://cwiki.apache.org/confluence/display/MAVEN/MissingProjectException
[ERROR] The goal you specified requires a project to execute but there is no POM in this directory (/Users/kesina/eclipse-workspace/commons-cli/PythonScripts). Please verify you invoked Maven from the correct directory. -> [Help 1]
[ERROR] 
[ERROR] To see the full stack trace of the errors, re-run Maven with the -e switch.
[ERROR] Re-run Maven using the -X switch to enable full debug logging.
[ERROR] 
[ERROR] For more information about the errors and possible solutions, please read the following articles:
[ERROR] [Help 1] http://cwiki.apache.org/confluence/display/MAVEN/MissingProjectException
[ERROR] The goal you specified requires a project to execute but there is no POM in this directory (/Users/kesina/eclipse-workspace/commons-cli/PythonScripts). Please verify you invoked Maven from the correct directory. -> [Help 1]
[ERROR] 
[ERROR] To see the full stack trace of the errors, re-run Maven with the -e switch.
[ERROR] Re-run Maven using the -X switch to enable full debug logging.
[ERROR] 
[ERROR] For more information about the errors and possible solutions, please read the following articles:
[ERROR] [Help 1] http://cwiki.apache.org/confluence/display/MAVEN/MissingProjectException
[ERROR] The goal you specified requires a project to execute but there is no POM in this directory (/Users/kesina/eclipse-workspace/commons-cli/PythonScripts). Please verify you invoked Maven from the correct directory. -> [Help 1]
[ERROR] 
[ERROR] To see the full stack trace of the errors, re-run Maven with the -e switch.
[ERROR] Re-run Maven using the -X switch to enable full debug logging.
[ERROR] 
[ERROR] For more information about the errors and possible solutions, please read the following articles:
[ERROR] [Help 1] http://cwiki.apache.org/confluence/display/MAVEN/MissingProjectException
[ERROR] The goal you specified requires a project to execute but there is no POM in this directory (/Users/kesina/eclipse-workspace/commons-cli/PythonScripts). Please verify you invoked Maven from the correct directory. -> [Help 1]
[ERROR] 
[ERROR] To see the full stack trace of the errors, re-run Maven with the -e switch.
[ERROR] Re-run Maven using the -X switch to enable full debug logging.
[ERROR] 
[ERROR] For more information about the errors and possible solutions, please read the following articles:
[ERROR] [Help 1] http://cwiki.apache.org/confluence/display/MAVEN/MissingProjectException
OUTPUT FOLDER "13-10-2020_14_42_20" created
/Users/kesina/eclipse-workspace/commons-cli/src/main/java/org/apache/commons/cli/HelpFormatter
=================CFG created for HelpFormatter.java
DOT FILE SUCCESSFULLY CLEAN!!
CFG GRAPH PARSING STARTED OF... HelpFormatter.java
/Users/kesina/eclipse-workspace/commons-cli/output/13-10-2020_14_42_20/HelpFormatter-CFGmapping.json  CREATED
/Users/kesina/eclipse-workspace/commons-cli/output/13-10-2020_14_42_20/HelpFormatter-CFGedgeCoverageRequirements.txt  CREATED
/Users/kesina/eclipse-workspace/commons-cli/output/13-10-2020_14_42_20/HelpFormatter-CFGnodeGrpByFunction.json  CREATED
CFG GRAPH PARSED SUCCESSFULLY!
Statement coverage wasn't tracked.
SmartTest mapping not created.
[ERROR] The goal you specified requires a project to execute but there is no POM in this directory (/Users/kesina/eclipse-workspace/commons-cli/PythonScripts). Please verify you invoked Maven from the correct directory. -> [Help 1]
[ERROR] 
[ERROR] To see the full stack trace of the errors, re-run Maven with the -e switch.
[ERROR] Re-run Maven using the -X switch to enable full debug logging.
[ERROR] 
[ERROR] For more information about the errors and possible solutions, please read the following articles:
[ERROR] [Help 1] http://cwiki.apache.org/confluence/display/MAVEN/MissingProjectException
[ERROR] The goal you specified requires a project to execute but there is no POM in this directory (/Users/kesina/eclipse-workspace/commons-cli/PythonScripts). Please verify you invoked Maven from the correct directory. -> [Help 1]
[ERROR] 
[ERROR] To see the full stack trace of the errors, re-run Maven with the -e switch.
[ERROR] Re-run Maven using the -X switch to enable full debug logging.
[ERROR] 
[ERROR] For more information about the errors and possible solutions, please read the following articles:
[ERROR] [Help 1] http://cwiki.apache.org/confluence/display/MAVEN/MissingProjectException
[ERROR] The goal you specified requires a project to execute but there is no POM in this directory (/Users/kesina/eclipse-workspace/commons-cli/PythonScripts). Please verify you invoked Maven from the correct directory. -> [Help 1]
[ERROR] 
[ERROR] To see the full stack trace of the errors, re-run Maven with the -e switch.
[ERROR] Re-run Maven using the -X switch to enable full debug logging.
[ERROR] 
[ERROR] For more information about the errors and possible solutions, please read the following articles:
[ERROR] [Help 1] http://cwiki.apache.org/confluence/display/MAVEN/MissingProjectException
[ERROR] The goal you specified requires a project to execute but there is no POM in this directory (/Users/kesina/eclipse-workspace/commons-cli/PythonScripts). Please verify you invoked Maven from the correct directory. -> [Help 1]
[ERROR] 
[ERROR] To see the full stack trace of the errors, re-run Maven with the -e switch.
[ERROR] Re-run Maven using the -X switch to enable full debug logging.
[ERROR] 
[ERROR] For more information about the errors and possible solutions, please read the following articles:
[ERROR] [Help 1] http://cwiki.apache.org/confluence/display/MAVEN/MissingProjectException
[ERROR] The goal you specified requires a project to execute but there is no POM in this directory (/Users/kesina/eclipse-workspace/commons-cli/PythonScripts). Please verify you invoked Maven from the correct directory. -> [Help 1]
[ERROR] 
[ERROR] To see the full stack trace of the errors, re-run Maven with the -e switch.
[ERROR] Re-run Maven using the -X switch to enable full debug logging.
[ERROR] 
[ERROR] For more information about the errors and possible solutions, please read the following articles:
[ERROR] [Help 1] http://cwiki.apache.org/confluence/display/MAVEN/MissingProjectException
[ERROR] The goal you specified requires a project to execute but there is no POM in this directory (/Users/kesina/eclipse-workspace/commons-cli/PythonScripts). Please verify you invoked Maven from the correct directory. -> [Help 1]
[ERROR] 
[ERROR] To see the full stack trace of the errors, re-run Maven with the -e switch.
[ERROR] Re-run Maven using the -X switch to enable full debug logging.
[ERROR] 
[ERROR] For more information about the errors and possible solutions, please read the following articles:
[ERROR] [Help 1] http://cwiki.apache.org/confluence/display/MAVEN/MissingProjectException
 PROGEX
Comparison Done
testFailed for mutation 44
testFailed for mutation 44
testFailed for mutation 44
testFailed for mutation 44
testFailed for mutation 44
testFailed for mutation 44
ANALYSIS OF MUTATION================ 45
bash temprunProgex.sh /Users/kesina/eclipse-workspace/commons-cli/src/main/java/org/apache/commons/cli/HelpFormatter PROGEX
Comparison Done
testFailed for mutation 45
testFailed for mutation 45
testFailed for mutation 45
testFailed for mutation 45
testFailed for mutation 45
testFailed for mutation 45
ANALYSIS OF MUTATION================ 46
bash temprunProgex.sh /Users/kesina/eclipse-workspace/commons-cli/src/main/java/org/apache/commons/cli/HelpFormatter PROGEX
Comparison Done
testFailed for mutation 46
testFailed for mutation 46
testFailed for mutation 46
testFailed for mutation 46
testFailed for mutation 46
testFailed for mutation 46
ANALYSIS OF MUTATION================ 47
bash temprunProgex.sh /Users/kesina/eclipse-workspace/commons-cli/src/main/java/org/apache/commons/cli/HelpFormatter PROGEX
Comparison Done
testFailed for mutation 47
testFailed for mutation 47
testFailed for mutation 47
testFailed for mutation 47
testFailed for mutation 47
testFailed for mutation 47
ANALYSIS OF MUTATION================ 48
bash temprunProgex.sh /Users/kesina/eclipse-workspace/commons-cli/src/main/java/org/apache/commons/cli/HelpFormatter PROGEX
Comparison Done
testFailed for mutation 48
testFailed for mutation 48
testFailed for mutation 48
testFailed for mutation 48
testFailed for mutation 48
testFailed for mutation 48
ANALYSIS OF MUTATION================ 49
bash temprunProgex.sh /Users/kesina/eclipse-workspace/commons-cli/src/main/java/org/apache/commons/cli/HelpFormatter PROGEX
Comparison Done
testFailed for mutation 49
testFailed for mutation 49
testFailed for mutation 49
testFailed for mutation 49
testFailed for mutation 49
testFailed for mutation 49
ANALYSIS OF MUTATION================ 50
bash temprunProgex.sh /Users/kesina/eclipse-workspace/commons-cli/src/main/java/org/apache/commons/cli/HelpFormatter PROGEX
Comparison Done
testFailed for mutation 50
testFailed for mutation 50
testFailed for mutation 50
testFailed for mutation 50
testFailed for mutation 50
testFailed for mutation 50
Output saved
==================TIME TAKEN FOR ANALYSIS======================== 159.87885284423828
