OUTPUT FOLDER "13-10-2020_14_55_35" created
/Users/kesina/eclipse-workspace/commons-cli/src/main/java/org/apache/commons/cli/PatternOptionBuilder
=================CFG created for PatternOptionBuilder.java
DOT FILE SUCCESSFULLY CLEAN!!
CFG GRAPH PARSING STARTED OF... PatternOptionBuilder.java
/Users/kesina/eclipse-workspace/commons-cli/output/13-10-2020_14_55_35/PatternOptionBuilder-CFGmapping.json  CREATED
/Users/kesina/eclipse-workspace/commons-cli/output/13-10-2020_14_55_35/PatternOptionBuilder-CFGedgeCoverageRequirements.txt  CREATED
/Users/kesina/eclipse-workspace/commons-cli/output/13-10-2020_14_55_35/PatternOptionBuilder-CFGnodeGrpByFunction.json  CREATED
CFG GRAPH PARSED SUCCESSFULLY!
Statement coverage wasn't tracked.
SmartTest mapping not created.
OUTPUT FOLDER "13-10-2020_14_55_36" created
/Users/kesina/eclipse-workspace/commons-cli/src/main/java/org/apache/commons/cli/PatternOptionBuilder
=================CFG created for PatternOptionBuilder.java
DOT FILE SUCCESSFULLY CLEAN!!
CFG GRAPH PARSING STARTED OF... PatternOptionBuilder.java
/Users/kesina/eclipse-workspace/commons-cli/output/13-10-2020_14_55_36/PatternOptionBuilder-CFGmapping.json  CREATED
/Users/kesina/eclipse-workspace/commons-cli/output/13-10-2020_14_55_36/PatternOptionBuilder-CFGedgeCoverageRequirements.txt  CREATED
/Users/kesina/eclipse-workspace/commons-cli/output/13-10-2020_14_55_36/PatternOptionBuilder-CFGnodeGrpByFunction.json  CREATED
CFG GRAPH PARSED SUCCESSFULLY!
Statement coverage wasn't tracked.
SmartTest mapping not created.
OUTPUT FOLDER "13-10-2020_14_55_37" created
/Users/kesina/eclipse-workspace/commons-cli/src/main/java/org/apache/commons/cli/PatternOptionBuilder
=================CFG created for PatternOptionBuilder.java
DOT FILE SUCCESSFULLY CLEAN!!
CFG GRAPH PARSING STARTED OF... PatternOptionBuilder.java
/Users/kesina/eclipse-workspace/commons-cli/output/13-10-2020_14_55_37/PatternOptionBuilder-CFGmapping.json  CREATED
/Users/kesina/eclipse-workspace/commons-cli/output/13-10-2020_14_55_37/PatternOptionBuilder-CFGedgeCoverageRequirements.txt  CREATED
/Users/kesina/eclipse-workspace/commons-cli/output/13-10-2020_14_55_37/PatternOptionBuilder-CFGnodeGrpByFunction.json  CREATED
CFG GRAPH PARSED SUCCESSFULLY!
Statement coverage wasn't tracked.
SmartTest mapping not created.
OUTPUT FOLDER "13-10-2020_14_55_38" created
/Users/kesina/eclipse-workspace/commons-cli/src/main/java/org/apache/commons/cli/PatternOptionBuilder
=================CFG created for PatternOptionBuilder.java
DOT FILE SUCCESSFULLY CLEAN!!
CFG GRAPH PARSING STARTED OF... PatternOptionBuilder.java
/Users/kesina/eclipse-workspace/commons-cli/output/13-10-2020_14_55_38/PatternOptionBuilder-CFGmapping.json  CREATED
/Users/kesina/eclipse-workspace/commons-cli/output/13-10-2020_14_55_38/PatternOptionBuilder-CFGedgeCoverageRequirements.txt  CREATED
/Users/kesina/eclipse-workspace/commons-cli/output/13-10-2020_14_55_38/PatternOptionBuilder-CFGnodeGrpByFunction.json  CREATED
CFG GRAPH PARSED SUCCESSFULLY!
Statement coverage wasn't tracked.
SmartTest mapping not created.
OUTPUT FOLDER "13-10-2020_14_55_39" created
/Users/kesina/eclipse-workspace/commons-cli/src/main/java/org/apache/commons/cli/PatternOptionBuilder
=================CFG created for PatternOptionBuilder.java
DOT FILE SUCCESSFULLY CLEAN!!
CFG GRAPH PARSING STARTED OF... PatternOptionBuilder.java
/Users/kesina/eclipse-workspace/commons-cli/output/13-10-2020_14_55_39/PatternOptionBuilder-CFGmapping.json  CREATED
/Users/kesina/eclipse-workspace/commons-cli/output/13-10-2020_14_55_39/PatternOptionBuilder-CFGedgeCoverageRequirements.txt  CREATED
/Users/kesina/eclipse-workspace/commons-cli/output/13-10-2020_14_55_39/PatternOptionBuilder-CFGnodeGrpByFunction.json  CREATED
CFG GRAPH PARSED SUCCESSFULLY!
Statement coverage wasn't tracked.
SmartTest mapping not created.
OUTPUT FOLDER "13-10-2020_14_55_41" created
/Users/kesina/eclipse-workspace/commons-cli/src/main/java/org/apache/commons/cli/PatternOptionBuilder
=================CFG created for PatternOptionBuilder.java
DOT FILE SUCCESSFULLY CLEAN!!
CFG GRAPH PARSING STARTED OF... PatternOptionBuilder.java
/Users/kesina/eclipse-workspace/commons-cli/output/13-10-2020_14_55_41/PatternOptionBuilder-CFGmapping.json  CREATED
/Users/kesina/eclipse-workspace/commons-cli/output/13-10-2020_14_55_41/PatternOptionBuilder-CFGedgeCoverageRequirements.txt  CREATED
/Users/kesina/eclipse-workspace/commons-cli/output/13-10-2020_14_55_41/PatternOptionBuilder-CFGnodeGrpByFunction.json  CREATED
CFG GRAPH PARSED SUCCESSFULLY!
Statement coverage wasn't tracked.
SmartTest mapping not created.
OUTPUT FOLDER "13-10-2020_14_55_42" created
/Users/kesina/eclipse-workspace/commons-cli/src/main/java/org/apache/commons/cli/PatternOptionBuilder
=================CFG created for PatternOptionBuilder.java
DOT FILE SUCCESSFULLY CLEAN!!
CFG GRAPH PARSING STARTED OF... PatternOptionBuilder.java
/Users/kesina/eclipse-workspace/commons-cli/output/13-10-2020_14_55_42/PatternOptionBuilder-CFGmapping.json  CREATED
/Users/kesina/eclipse-workspace/commons-cli/output/13-10-2020_14_55_42/PatternOptionBuilder-CFGedgeCoverageRequirements.txt  CREATED
/Users/kesina/eclipse-workspace/commons-cli/output/13-10-2020_14_55_42/PatternOptionBuilder-CFGnodeGrpByFunction.json  CREATED
CFG GRAPH PARSED SUCCESSFULLY!
Statement coverage wasn't tracked.
SmartTest mapping not created.
OUTPUT FOLDER "13-10-2020_14_55_43" created
/Users/kesina/eclipse-workspace/commons-cli/src/main/java/org/apache/commons/cli/PatternOptionBuilder
=================CFG created for PatternOptionBuilder.java
DOT FILE SUCCESSFULLY CLEAN!!
CFG GRAPH PARSING STARTED OF... PatternOptionBuilder.java
/Users/kesina/eclipse-workspace/commons-cli/output/13-10-2020_14_55_43/PatternOptionBuilder-CFGmapping.json  CREATED
/Users/kesina/eclipse-workspace/commons-cli/output/13-10-2020_14_55_43/PatternOptionBuilder-CFGedgeCoverageRequirements.txt  CREATED
/Users/kesina/eclipse-workspace/commons-cli/output/13-10-2020_14_55_43/PatternOptionBuilder-CFGnodeGrpByFunction.json  CREATED
CFG GRAPH PARSED SUCCESSFULLY!
Statement coverage wasn't tracked.
SmartTest mapping not created.
OUTPUT FOLDER "13-10-2020_14_55_45" created
/Users/kesina/eclipse-workspace/commons-cli/src/main/java/org/apache/commons/cli/PatternOptionBuilder
=================CFG created for PatternOptionBuilder.java
DOT FILE SUCCESSFULLY CLEAN!!
CFG GRAPH PARSING STARTED OF... PatternOptionBuilder.java
/Users/kesina/eclipse-workspace/commons-cli/output/13-10-2020_14_55_45/PatternOptionBuilder-CFGmapping.json  CREATED
/Users/kesina/eclipse-workspace/commons-cli/output/13-10-2020_14_55_45/PatternOptionBuilder-CFGedgeCoverageRequirements.txt  CREATED
/Users/kesina/eclipse-workspace/commons-cli/output/13-10-2020_14_55_45/PatternOptionBuilder-CFGnodeGrpByFunction.json  CREATED
CFG GRAPH PARSED SUCCESSFULLY!
Statement coverage wasn't tracked.
SmartTest mapping not created.
OUTPUT FOLDER "13-10-2020_14_55_46" created
/Users/kesina/eclipse-workspace/commons-cli/src/main/java/org/apache/commons/cli/PatternOptionBuilder
=================CFG created for PatternOptionBuilder.java
DOT FILE SUCCESSFULLY CLEAN!!
CFG GRAPH PARSING STARTED OF... PatternOptionBuilder.java
/Users/kesina/eclipse-workspace/commons-cli/output/13-10-2020_14_55_46/PatternOptionBuilder-CFGmapping.json  CREATED
/Users/kesina/eclipse-workspace/commons-cli/output/13-10-2020_14_55_46/PatternOptionBuilder-CFGedgeCoverageRequirements.txt  CREATED
/Users/kesina/eclipse-workspace/commons-cli/output/13-10-2020_14_55_46/PatternOptionBuilder-CFGnodeGrpByFunction.json  CREATED
CFG GRAPH PARSED SUCCESSFULLY!
Statement coverage wasn't tracked.
SmartTest mapping not created.
OUTPUT FOLDER "13-10-2020_14_55_48" created
/Users/kesina/eclipse-workspace/commons-cli/src/main/java/org/apache/commons/cli/PatternOptionBuilder
=================CFG created for PatternOptionBuilder.java
DOT FILE SUCCESSFULLY CLEAN!!
CFG GRAPH PARSING STARTED OF... PatternOptionBuilder.java
/Users/kesina/eclipse-workspace/commons-cli/output/13-10-2020_14_55_48/PatternOptionBuilder-CFGmapping.json  CREATED
/Users/kesina/eclipse-workspace/commons-cli/output/13-10-2020_14_55_48/PatternOptionBuilder-CFGedgeCoverageRequirements.txt  CREATED
/Users/kesina/eclipse-workspace/commons-cli/output/13-10-2020_14_55_48/PatternOptionBuilder-CFGnodeGrpByFunction.json  CREATED
CFG GRAPH PARSED SUCCESSFULLY!
Statement coverage wasn't tracked.
SmartTest mapping not created.
OUTPUT FOLDER "13-10-2020_14_55_49" created
/Users/kesina/eclipse-workspace/commons-cli/src/main/java/org/apache/commons/cli/PatternOptionBuilder
=================CFG created for PatternOptionBuilder.java
DOT FILE SUCCESSFULLY CLEAN!!
CFG GRAPH PARSING STARTED OF... PatternOptionBuilder.java
/Users/kesina/eclipse-workspace/commons-cli/output/13-10-2020_14_55_49/PatternOptionBuilder-CFGmapping.json  CREATED
/Users/kesina/eclipse-workspace/commons-cli/output/13-10-2020_14_55_49/PatternOptionBuilder-CFGedgeCoverageRequirements.txt  CREATED
/Users/kesina/eclipse-workspace/commons-cli/output/13-10-2020_14_55_49/PatternOptionBuilder-CFGnodeGrpByFunction.json  CREATED
CFG GRAPH PARSED SUCCESSFULLY!
Statement coverage wasn't tracked.
SmartTest mapping not created.
OUTPUT FOLDER "13-10-2020_14_55_50" created
/Users/kesina/eclipse-workspace/commons-cli/src/main/java/org/apache/commons/cli/PatternOptionBuilder
=================CFG created for PatternOptionBuilder.java
DOT FILE SUCCESSFULLY CLEAN!!
CFG GRAPH PARSING STARTED OF... PatternOptionBuilder.java
/Users/kesina/eclipse-workspace/commons-cli/output/13-10-2020_14_55_50/PatternOptionBuilder-CFGmapping.json  CREATED
/Users/kesina/eclipse-workspace/commons-cli/output/13-10-2020_14_55_50/PatternOptionBuilder-CFGedgeCoverageRequirements.txt  CREATED
/Users/kesina/eclipse-workspace/commons-cli/output/13-10-2020_14_55_50/PatternOptionBuilder-CFGnodeGrpByFunction.json  CREATED
CFG GRAPH PARSED SUCCESSFULLY!
Statement coverage wasn't tracked.
SmartTest mapping not created.
OUTPUT FOLDER "13-10-2020_14_55_52" created
/Users/kesina/eclipse-workspace/commons-cli/src/main/java/org/apache/commons/cli/PatternOptionBuilder
=================CFG created for PatternOptionBuilder.java
DOT FILE SUCCESSFULLY CLEAN!!
CFG GRAPH PARSING STARTED OF... PatternOptionBuilder.java
/Users/kesina/eclipse-workspace/commons-cli/output/13-10-2020_14_55_52/PatternOptionBuilder-CFGmapping.json  CREATED
/Users/kesina/eclipse-workspace/commons-cli/output/13-10-2020_14_55_52/PatternOptionBuilder-CFGedgeCoverageRequirements.txt  CREATED
/Users/kesina/eclipse-workspace/commons-cli/output/13-10-2020_14_55_52/PatternOptionBuilder-CFGnodeGrpByFunction.json  CREATED
CFG GRAPH PARSED SUCCESSFULLY!
Statement coverage wasn't tracked.
SmartTest mapping not created.
OUTPUT FOLDER "13-10-2020_14_55_53" created
/Users/kesina/eclipse-workspace/commons-cli/src/main/java/org/apache/commons/cli/PatternOptionBuilder
=================CFG created for PatternOptionBuilder.java
DOT FILE SUCCESSFULLY CLEAN!!
CFG GRAPH PARSING STARTED OF... PatternOptionBuilder.java
/Users/kesina/eclipse-workspace/commons-cli/output/13-10-2020_14_55_53/PatternOptionBuilder-CFGmapping.json  CREATED
/Users/kesina/eclipse-workspace/commons-cli/output/13-10-2020_14_55_53/PatternOptionBuilder-CFGedgeCoverageRequirements.txt  CREATED
/Users/kesina/eclipse-workspace/commons-cli/output/13-10-2020_14_55_53/PatternOptionBuilder-CFGnodeGrpByFunction.json  CREATED
CFG GRAPH PARSED SUCCESSFULLY!
Statement coverage wasn't tracked.
SmartTest mapping not created.
OUTPUT FOLDER "13-10-2020_14_55_54" created
/Users/kesina/eclipse-workspace/commons-cli/src/main/java/org/apache/commons/cli/PatternOptionBuilder
=================CFG created for PatternOptionBuilder.java
DOT FILE SUCCESSFULLY CLEAN!!
CFG GRAPH PARSING STARTED OF... PatternOptionBuilder.java
/Users/kesina/eclipse-workspace/commons-cli/output/13-10-2020_14_55_54/PatternOptionBuilder-CFGmapping.json  CREATED
/Users/kesina/eclipse-workspace/commons-cli/output/13-10-2020_14_55_54/PatternOptionBuilder-CFGedgeCoverageRequirements.txt  CREATED
/Users/kesina/eclipse-workspace/commons-cli/output/13-10-2020_14_55_54/PatternOptionBuilder-CFGnodeGrpByFunction.json  CREATED
CFG GRAPH PARSED SUCCESSFULLY!
Statement coverage wasn't tracked.
SmartTest mapping not created.
OUTPUT FOLDER "13-10-2020_14_55_55" created
/Users/kesina/eclipse-workspace/commons-cli/src/main/java/org/apache/commons/cli/PatternOptionBuilder
=================CFG created for PatternOptionBuilder.java
DOT FILE SUCCESSFULLY CLEAN!!
CFG GRAPH PARSING STARTED OF... PatternOptionBuilder.java
/Users/kesina/eclipse-workspace/commons-cli/output/13-10-2020_14_55_55/PatternOptionBuilder-CFGmapping.json  CREATED
/Users/kesina/eclipse-workspace/commons-cli/output/13-10-2020_14_55_55/PatternOptionBuilder-CFGedgeCoverageRequirements.txt  CREATED
/Users/kesina/eclipse-workspace/commons-cli/output/13-10-2020_14_55_55/PatternOptionBuilder-CFGnodeGrpByFunction.json  CREATED
CFG GRAPH PARSED SUCCESSFULLY!
Statement coverage wasn't tracked.
SmartTest mapping not created.
OUTPUT FOLDER "13-10-2020_14_55_56" created
/Users/kesina/eclipse-workspace/commons-cli/src/main/java/org/apache/commons/cli/PatternOptionBuilder
=================CFG created for PatternOptionBuilder.java
DOT FILE SUCCESSFULLY CLEAN!!
CFG GRAPH PARSING STARTED OF... PatternOptionBuilder.java
/Users/kesina/eclipse-workspace/commons-cli/output/13-10-2020_14_55_56/PatternOptionBuilder-CFGmapping.json  CREATED
/Users/kesina/eclipse-workspace/commons-cli/output/13-10-2020_14_55_56/PatternOptionBuilder-CFGedgeCoverageRequirements.txt  CREATED
/Users/kesina/eclipse-workspace/commons-cli/output/13-10-2020_14_55_56/PatternOptionBuilder-CFGnodeGrpByFunction.json  CREATED
CFG GRAPH PARSED SUCCESSFULLY!
Statement coverage wasn't tracked.
SmartTest mapping not created.
OUTPUT FOLDER "13-10-2020_14_55_58" created
/Users/kesina/eclipse-workspace/commons-cli/src/main/java/org/apache/commons/cli/PatternOptionBuilder
=================CFG created for PatternOptionBuilder.java
DOT FILE SUCCESSFULLY CLEAN!!
CFG GRAPH PARSING STARTED OF... PatternOptionBuilder.java
/Users/kesina/eclipse-workspace/commons-cli/output/13-10-2020_14_55_58/PatternOptionBuilder-CFGmapping.json  CREATED
/Users/kesina/eclipse-workspace/commons-cli/output/13-10-2020_14_55_58/PatternOptionBuilder-CFGedgeCoverageRequirements.txt  CREATED
/Users/kesina/eclipse-workspace/commons-cli/output/13-10-2020_14_55_58/PatternOptionBuilder-CFGnodeGrpByFunction.json  CREATED
CFG GRAPH PARSED SUCCESSFULLY!
Statement coverage wasn't tracked.
SmartTest mapping not created.
OUTPUT FOLDER "13-10-2020_14_55_59" created
/Users/kesina/eclipse-workspace/commons-cli/src/main/java/org/apache/commons/cli/PatternOptionBuilder
=================CFG created for PatternOptionBuilder.java
DOT FILE SUCCESSFULLY CLEAN!!
CFG GRAPH PARSING STARTED OF... PatternOptionBuilder.java
/Users/kesina/eclipse-workspace/commons-cli/output/13-10-2020_14_55_59/PatternOptionBuilder-CFGmapping.json  CREATED
/Users/kesina/eclipse-workspace/commons-cli/output/13-10-2020_14_55_59/PatternOptionBuilder-CFGedgeCoverageRequirements.txt  CREATED
/Users/kesina/eclipse-workspace/commons-cli/output/13-10-2020_14_55_59/PatternOptionBuilder-CFGnodeGrpByFunction.json  CREATED
CFG GRAPH PARSED SUCCESSFULLY!
Statement coverage wasn't tracked.
SmartTest mapping not created.
OUTPUT FOLDER "13-10-2020_14_56_00" created
/Users/kesina/eclipse-workspace/commons-cli/src/main/java/org/apache/commons/cli/PatternOptionBuilder
=================CFG created for PatternOptionBuilder.java
DOT FILE SUCCESSFULLY CLEAN!!
CFG GRAPH PARSING STARTED OF... PatternOptionBuilder.java
/Users/kesina/eclipse-workspace/commons-cli/output/13-10-2020_14_56_00/PatternOptionBuilder-CFGmapping.json  CREATED
/Users/kesina/eclipse-workspace/commons-cli/output/13-10-2020_14_56_00/PatternOptionBuilder-CFGedgeCoverageRequirements.txt  CREATED
/Users/kesina/eclipse-workspace/commons-cli/output/13-10-2020_14_56_00/PatternOptionBuilder-CFGnodeGrpByFunction.json  CREATED
CFG GRAPH PARSED SUCCESSFULLY!
Statement coverage wasn't tracked.
SmartTest mapping not created.
OUTPUT FOLDER "13-10-2020_14_56_01" created
/Users/kesina/eclipse-workspace/commons-cli/src/main/java/org/apache/commons/cli/PatternOptionBuilder
=================CFG created for PatternOptionBuilder.java
DOT FILE SUCCESSFULLY CLEAN!!
CFG GRAPH PARSING STARTED OF... PatternOptionBuilder.java
/Users/kesina/eclipse-workspace/commons-cli/output/13-10-2020_14_56_01/PatternOptionBuilder-CFGmapping.json  CREATED
/Users/kesina/eclipse-workspace/commons-cli/output/13-10-2020_14_56_01/PatternOptionBuilder-CFGedgeCoverageRequirements.txt  CREATED
/Users/kesina/eclipse-workspace/commons-cli/output/13-10-2020_14_56_01/PatternOptionBuilder-CFGnodeGrpByFunction.json  CREATED
CFG GRAPH PARSED SUCCESSFULLY!
Statement coverage wasn't tracked.
SmartTest mapping not created.
OUTPUT FOLDER "13-10-2020_14_56_02" created
/Users/kesina/eclipse-workspace/commons-cli/src/main/java/org/apache/commons/cli/PatternOptionBuilder
=================CFG created for PatternOptionBuilder.java
DOT FILE SUCCESSFULLY CLEAN!!
CFG GRAPH PARSING STARTED OF... PatternOptionBuilder.java
/Users/kesina/eclipse-workspace/commons-cli/output/13-10-2020_14_56_02/PatternOptionBuilder-CFGmapping.json  CREATED
/Users/kesina/eclipse-workspace/commons-cli/output/13-10-2020_14_56_02/PatternOptionBuilder-CFGedgeCoverageRequirements.txt  CREATED
/Users/kesina/eclipse-workspace/commons-cli/output/13-10-2020_14_56_02/PatternOptionBuilder-CFGnodeGrpByFunction.json  CREATED
CFG GRAPH PARSED SUCCESSFULLY!
Statement coverage wasn't tracked.
SmartTest mapping not created.
OUTPUT FOLDER "13-10-2020_14_56_03" created
/Users/kesina/eclipse-workspace/commons-cli/src/main/java/org/apache/commons/cli/PatternOptionBuilder
=================CFG created for PatternOptionBuilder.java
DOT FILE SUCCESSFULLY CLEAN!!
CFG GRAPH PARSING STARTED OF... PatternOptionBuilder.java
/Users/kesina/eclipse-workspace/commons-cli/output/13-10-2020_14_56_03/PatternOptionBuilder-CFGmapping.json  CREATED
/Users/kesina/eclipse-workspace/commons-cli/output/13-10-2020_14_56_03/PatternOptionBuilder-CFGedgeCoverageRequirements.txt  CREATED
/Users/kesina/eclipse-workspace/commons-cli/output/13-10-2020_14_56_03/PatternOptionBuilder-CFGnodeGrpByFunction.json  CREATED
CFG GRAPH PARSED SUCCESSFULLY!
Statement coverage wasn't tracked.
SmartTest mapping not created.
OUTPUT FOLDER "13-10-2020_14_56_04" created
/Users/kesina/eclipse-workspace/commons-cli/src/main/java/org/apache/commons/cli/PatternOptionBuilder
=================CFG created for PatternOptionBuilder.java
DOT FILE SUCCESSFULLY CLEAN!!
CFG GRAPH PARSING STARTED OF... PatternOptionBuilder.java
/Users/kesina/eclipse-workspace/commons-cli/output/13-10-2020_14_56_04/PatternOptionBuilder-CFGmapping.json  CREATED
/Users/kesina/eclipse-workspace/commons-cli/output/13-10-2020_14_56_04/PatternOptionBuilder-CFGedgeCoverageRequirements.txt  CREATED
/Users/kesina/eclipse-workspace/commons-cli/output/13-10-2020_14_56_04/PatternOptionBuilder-CFGnodeGrpByFunction.json  CREATED
CFG GRAPH PARSED SUCCESSFULLY!
Statement coverage wasn't tracked.
SmartTest mapping not created.
OUTPUT FOLDER "13-10-2020_14_56_05" created
/Users/kesina/eclipse-workspace/commons-cli/src/main/java/org/apache/commons/cli/PatternOptionBuilder
=================CFG created for PatternOptionBuilder.java
DOT FILE SUCCESSFULLY CLEAN!!
CFG GRAPH PARSING STARTED OF... PatternOptionBuilder.java
/Users/kesina/eclipse-workspace/commons-cli/output/13-10-2020_14_56_05/PatternOptionBuilder-CFGmapping.json  CREATED
/Users/kesina/eclipse-workspace/commons-cli/output/13-10-2020_14_56_05/PatternOptionBuilder-CFGedgeCoverageRequirements.txt  CREATED
/Users/kesina/eclipse-workspace/commons-cli/output/13-10-2020_14_56_05/PatternOptionBuilder-CFGnodeGrpByFunction.json  CREATED
CFG GRAPH PARSED SUCCESSFULLY!
Statement coverage wasn't tracked.
SmartTest mapping not created.
OUTPUT FOLDER "13-10-2020_14_56_06" created
/Users/kesina/eclipse-workspace/commons-cli/src/main/java/org/apache/commons/cli/PatternOptionBuilder
=================CFG created for PatternOptionBuilder.java
DOT FILE SUCCESSFULLY CLEAN!!
CFG GRAPH PARSING STARTED OF... PatternOptionBuilder.java
/Users/kesina/eclipse-workspace/commons-cli/output/13-10-2020_14_56_06/PatternOptionBuilder-CFGmapping.json  CREATED
/Users/kesina/eclipse-workspace/commons-cli/output/13-10-2020_14_56_06/PatternOptionBuilder-CFGedgeCoverageRequirements.txt  CREATED
/Users/kesina/eclipse-workspace/commons-cli/output/13-10-2020_14_56_06/PatternOptionBuilder-CFGnodeGrpByFunction.json  CREATED
CFG GRAPH PARSED SUCCESSFULLY!
Statement coverage wasn't tracked.
SmartTest mapping not created.
OUTPUT FOLDER "13-10-2020_14_56_07" created
/Users/kesina/eclipse-workspace/commons-cli/src/main/java/org/apache/commons/cli/PatternOptionBuilder
=================CFG created for PatternOptionBuilder.java
DOT FILE SUCCESSFULLY CLEAN!!
CFG GRAPH PARSING STARTED OF... PatternOptionBuilder.java
/Users/kesina/eclipse-workspace/commons-cli/output/13-10-2020_14_56_07/PatternOptionBuilder-CFGmapping.json  CREATED
/Users/kesina/eclipse-workspace/commons-cli/output/13-10-2020_14_56_07/PatternOptionBuilder-CFGedgeCoverageRequirements.txt  CREATED
/Users/kesina/eclipse-workspace/commons-cli/output/13-10-2020_14_56_07/PatternOptionBuilder-CFGnodeGrpByFunction.json  CREATED
CFG GRAPH PARSED SUCCESSFULLY!
Statement coverage wasn't tracked.
SmartTest mapping not created.
OUTPUT FOLDER "13-10-2020_14_56_08" created
/Users/kesina/eclipse-workspace/commons-cli/src/main/java/org/apache/commons/cli/PatternOptionBuilder
=================CFG created for PatternOptionBuilder.java
DOT FILE SUCCESSFULLY CLEAN!!
CFG GRAPH PARSING STARTED OF... PatternOptionBuilder.java
/Users/kesina/eclipse-workspace/commons-cli/output/13-10-2020_14_56_08/PatternOptionBuilder-CFGmapping.json  CREATED
/Users/kesina/eclipse-workspace/commons-cli/output/13-10-2020_14_56_08/PatternOptionBuilder-CFGedgeCoverageRequirements.txt  CREATED
/Users/kesina/eclipse-workspace/commons-cli/output/13-10-2020_14_56_08/PatternOptionBuilder-CFGnodeGrpByFunction.json  CREATED
CFG GRAPH PARSED SUCCESSFULLY!
Statement coverage wasn't tracked.
SmartTest mapping not created.
OUTPUT FOLDER "13-10-2020_14_56_09" created
/Users/kesina/eclipse-workspace/commons-cli/src/main/java/org/apache/commons/cli/PatternOptionBuilder
=================CFG created for PatternOptionBuilder.java
DOT FILE SUCCESSFULLY CLEAN!!
CFG GRAPH PARSING STARTED OF... PatternOptionBuilder.java
/Users/kesina/eclipse-workspace/commons-cli/output/13-10-2020_14_56_09/PatternOptionBuilder-CFGmapping.json  CREATED
/Users/kesina/eclipse-workspace/commons-cli/output/13-10-2020_14_56_09/PatternOptionBuilder-CFGedgeCoverageRequirements.txt  CREATED
/Users/kesina/eclipse-workspace/commons-cli/output/13-10-2020_14_56_09/PatternOptionBuilder-CFGnodeGrpByFunction.json  CREATED
CFG GRAPH PARSED SUCCESSFULLY!
Statement coverage wasn't tracked.
SmartTest mapping not created.
OUTPUT FOLDER "13-10-2020_14_56_10" created
/Users/kesina/eclipse-workspace/commons-cli/src/main/java/org/apache/commons/cli/PatternOptionBuilder
=================CFG created for PatternOptionBuilder.java
DOT FILE SUCCESSFULLY CLEAN!!
CFG GRAPH PARSING STARTED OF... PatternOptionBuilder.java
/Users/kesina/eclipse-workspace/commons-cli/output/13-10-2020_14_56_10/PatternOptionBuilder-CFGmapping.json  CREATED
/Users/kesina/eclipse-workspace/commons-cli/output/13-10-2020_14_56_10/PatternOptionBuilder-CFGedgeCoverageRequirements.txt  CREATED
/Users/kesina/eclipse-workspace/commons-cli/output/13-10-2020_14_56_10/PatternOptionBuilder-CFGnodeGrpByFunction.json  CREATED
CFG GRAPH PARSED SUCCESSFULLY!
Statement coverage wasn't tracked.
SmartTest mapping not created.
OUTPUT FOLDER "13-10-2020_14_56_11" created
/Users/kesina/eclipse-workspace/commons-cli/src/main/java/org/apache/commons/cli/PatternOptionBuilder
=================CFG created for PatternOptionBuilder.java
DOT FILE SUCCESSFULLY CLEAN!!
CFG GRAPH PARSING STARTED OF... PatternOptionBuilder.java
/Users/kesina/eclipse-workspace/commons-cli/output/13-10-2020_14_56_11/PatternOptionBuilder-CFGmapping.json  CREATED
/Users/kesina/eclipse-workspace/commons-cli/output/13-10-2020_14_56_11/PatternOptionBuilder-CFGedgeCoverageRequirements.txt  CREATED
/Users/kesina/eclipse-workspace/commons-cli/output/13-10-2020_14_56_11/PatternOptionBuilder-CFGnodeGrpByFunction.json  CREATED
CFG GRAPH PARSED SUCCESSFULLY!
Statement coverage wasn't tracked.
SmartTest mapping not created.
OUTPUT FOLDER "13-10-2020_14_56_12" created
/Users/kesina/eclipse-workspace/commons-cli/src/main/java/org/apache/commons/cli/PatternOptionBuilder
=================CFG created for PatternOptionBuilder.java
DOT FILE SUCCESSFULLY CLEAN!!
CFG GRAPH PARSING STARTED OF... PatternOptionBuilder.java
/Users/kesina/eclipse-workspace/commons-cli/output/13-10-2020_14_56_12/PatternOptionBuilder-CFGmapping.json  CREATED
/Users/kesina/eclipse-workspace/commons-cli/output/13-10-2020_14_56_12/PatternOptionBuilder-CFGedgeCoverageRequirements.txt  CREATED
/Users/kesina/eclipse-workspace/commons-cli/output/13-10-2020_14_56_12/PatternOptionBuilder-CFGnodeGrpByFunction.json  CREATED
CFG GRAPH PARSED SUCCESSFULLY!
Statement coverage wasn't tracked.
SmartTest mapping not created.
OUTPUT FOLDER "13-10-2020_14_56_13" created
/Users/kesina/eclipse-workspace/commons-cli/src/main/java/org/apache/commons/cli/PatternOptionBuilder
=================CFG created for PatternOptionBuilder.java
DOT FILE SUCCESSFULLY CLEAN!!
CFG GRAPH PARSING STARTED OF... PatternOptionBuilder.java
/Users/kesina/eclipse-workspace/commons-cli/output/13-10-2020_14_56_13/PatternOptionBuilder-CFGmapping.json  CREATED
/Users/kesina/eclipse-workspace/commons-cli/output/13-10-2020_14_56_13/PatternOptionBuilder-CFGedgeCoverageRequirements.txt  CREATED
/Users/kesina/eclipse-workspace/commons-cli/output/13-10-2020_14_56_13/PatternOptionBuilder-CFGnodeGrpByFunction.json  CREATED
CFG GRAPH PARSED SUCCESSFULLY!
Statement coverage wasn't tracked.
SmartTest mapping not created.
OUTPUT FOLDER "13-10-2020_14_56_14" created
/Users/kesina/eclipse-workspace/commons-cli/src/main/java/org/apache/commons/cli/PatternOptionBuilder
=================CFG created for PatternOptionBuilder.java
DOT FILE SUCCESSFULLY CLEAN!!
CFG GRAPH PARSING STARTED OF... PatternOptionBuilder.java
/Users/kesina/eclipse-workspace/commons-cli/output/13-10-2020_14_56_14/PatternOptionBuilder-CFGmapping.json  CREATED
/Users/kesina/eclipse-workspace/commons-cli/output/13-10-2020_14_56_14/PatternOptionBuilder-CFGedgeCoverageRequirements.txt  CREATED
/Users/kesina/eclipse-workspace/commons-cli/output/13-10-2020_14_56_14/PatternOptionBuilder-CFGnodeGrpByFunction.json  CREATED
CFG GRAPH PARSED SUCCESSFULLY!
Statement coverage wasn't tracked.
SmartTest mapping not created.
OUTPUT FOLDER "13-10-2020_14_56_15" created
/Users/kesina/eclipse-workspace/commons-cli/src/main/java/org/apache/commons/cli/PatternOptionBuilder
=================CFG created for PatternOptionBuilder.java
DOT FILE SUCCESSFULLY CLEAN!!
CFG GRAPH PARSING STARTED OF... PatternOptionBuilder.java
/Users/kesina/eclipse-workspace/commons-cli/output/13-10-2020_14_56_15/PatternOptionBuilder-CFGmapping.json  CREATED
/Users/kesina/eclipse-workspace/commons-cli/output/13-10-2020_14_56_15/PatternOptionBuilder-CFGedgeCoverageRequirements.txt  CREATED
/Users/kesina/eclipse-workspace/commons-cli/output/13-10-2020_14_56_15/PatternOptionBuilder-CFGnodeGrpByFunction.json  CREATED
CFG GRAPH PARSED SUCCESSFULLY!
Statement coverage wasn't tracked.
SmartTest mapping not created.
OUTPUT FOLDER "13-10-2020_14_56_16" created
/Users/kesina/eclipse-workspace/commons-cli/src/main/java/org/apache/commons/cli/PatternOptionBuilder
=================CFG created for PatternOptionBuilder.java
DOT FILE SUCCESSFULLY CLEAN!!
CFG GRAPH PARSING STARTED OF... PatternOptionBuilder.java
/Users/kesina/eclipse-workspace/commons-cli/output/13-10-2020_14_56_16/PatternOptionBuilder-CFGmapping.json  CREATED
/Users/kesina/eclipse-workspace/commons-cli/output/13-10-2020_14_56_16/PatternOptionBuilder-CFGedgeCoverageRequirements.txt  CREATED
/Users/kesina/eclipse-workspace/commons-cli/output/13-10-2020_14_56_16/PatternOptionBuilder-CFGnodeGrpByFunction.json  CREATED
CFG GRAPH PARSED SUCCESSFULLY!
Statement coverage wasn't tracked.
SmartTest mapping not created.
OUTPUT FOLDER "13-10-2020_14_56_17" created
/Users/kesina/eclipse-workspace/commons-cli/src/main/java/org/apache/commons/cli/PatternOptionBuilder
=================CFG created for PatternOptionBuilder.java
DOT FILE SUCCESSFULLY CLEAN!!
CFG GRAPH PARSING STARTED OF... PatternOptionBuilder.java
/Users/kesina/eclipse-workspace/commons-cli/output/13-10-2020_14_56_17/PatternOptionBuilder-CFGmapping.json  CREATED
/Users/kesina/eclipse-workspace/commons-cli/output/13-10-2020_14_56_17/PatternOptionBuilder-CFGedgeCoverageRequirements.txt  CREATED
/Users/kesina/eclipse-workspace/commons-cli/output/13-10-2020_14_56_17/PatternOptionBuilder-CFGnodeGrpByFunction.json  CREATED
CFG GRAPH PARSED SUCCESSFULLY!
Statement coverage wasn't tracked.
SmartTest mapping not created.
OUTPUT FOLDER "13-10-2020_14_56_18" created
/Users/kesina/eclipse-workspace/commons-cli/src/main/java/org/apache/commons/cli/PatternOptionBuilder
=================CFG created for PatternOptionBuilder.java
DOT FILE SUCCESSFULLY CLEAN!!
CFG GRAPH PARSING STARTED OF... PatternOptionBuilder.java
/Users/kesina/eclipse-workspace/commons-cli/output/13-10-2020_14_56_18/PatternOptionBuilder-CFGmapping.json  CREATED
/Users/kesina/eclipse-workspace/commons-cli/output/13-10-2020_14_56_18/PatternOptionBuilder-CFGedgeCoverageRequirements.txt  CREATED
/Users/kesina/eclipse-workspace/commons-cli/output/13-10-2020_14_56_18/PatternOptionBuilder-CFGnodeGrpByFunction.json  CREATED
CFG GRAPH PARSED SUCCESSFULLY!
Statement coverage wasn't tracked.
SmartTest mapping not created.
OUTPUT FOLDER "13-10-2020_14_56_18" created
/Users/kesina/eclipse-workspace/commons-cli/src/main/java/org/apache/commons/cli/PatternOptionBuilder
=================CFG created for PatternOptionBuilder.java
DOT FILE SUCCESSFULLY CLEAN!!
CFG GRAPH PARSING STARTED OF... PatternOptionBuilder.java
/Users/kesina/eclipse-workspace/commons-cli/output/13-10-2020_14_56_18/PatternOptionBuilder-CFGmapping.json  CREATED
/Users/kesina/eclipse-workspace/commons-cli/output/13-10-2020_14_56_18/PatternOptionBuilder-CFGedgeCoverageRequirements.txt  CREATED
/Users/kesina/eclipse-workspace/commons-cli/output/13-10-2020_14_56_18/PatternOptionBuilder-CFGnodeGrpByFunction.json  CREATED
CFG GRAPH PARSED SUCCESSFULLY!
Statement coverage wasn't tracked.
SmartTest mapping not created.
OUTPUT FOLDER "13-10-2020_14_56_19" created
/Users/kesina/eclipse-workspace/commons-cli/src/main/java/org/apache/commons/cli/PatternOptionBuilder
=================CFG created for PatternOptionBuilder.java
DOT FILE SUCCESSFULLY CLEAN!!
CFG GRAPH PARSING STARTED OF... PatternOptionBuilder.java
/Users/kesina/eclipse-workspace/commons-cli/output/13-10-2020_14_56_19/PatternOptionBuilder-CFGmapping.json  CREATED
/Users/kesina/eclipse-workspace/commons-cli/output/13-10-2020_14_56_19/PatternOptionBuilder-CFGedgeCoverageRequirements.txt  CREATED
/Users/kesina/eclipse-workspace/commons-cli/output/13-10-2020_14_56_19/PatternOptionBuilder-CFGnodeGrpByFunction.json  CREATED
CFG GRAPH PARSED SUCCESSFULLY!
Statement coverage wasn't tracked.
SmartTest mapping not created.
/Users/kesina/eclipse-workspace/commons-cli/src/main/java/org/apache/commons/cli/PatternOptionBuilder
ANALYSIS OF MUTATION================ 1
bash temprunProgex.sh /Users/kesina/eclipse-workspace/commons-cli/src/main/java/org/apache/commons/cli/PatternOptionBuilder PROGEX
Comparison Done
No test to rerun
ANALYSIS OF MUTATION================ 2
bash temprunProgex.sh /Users/kesina/eclipse-workspace/commons-cli/src/main/java/org/apache/commons/cli/PatternOptionBuilder PROGEX
Comparison Done
No test to rerun
ANALYSIS OF MUTATION================ 3
bash temprunProgex.sh /Users/kesina/eclipse-workspace/commons-cli/src/main/java/org/apache/commons/cli/PatternOptionBuilder PROGEX
Comparison Done
No test to rerun
ANALYSIS OF MUTATION================ 4
bash temprunProgex.sh /Users/kesina/eclipse-workspace/commons-cli/src/main/java/org/apache/commons/cli/PatternOptionBuilder PROGEX
Comparison Done
No test to rerun
ANALYSIS OF MUTATION================ 5
bash temprunProgex.sh /Users/kesina/eclipse-workspace/commons-cli/src/main/java/org/apache/commons/cli/PatternOptionBuilder PROGEX
Comparison Done
No test to rerun
ANALYSIS OF MUTATION================ 6
bash temprunProgex.sh /Users/kesina/eclipse-workspace/commons-cli/src/main/java/org/apache/commons/cli/PatternOptionBuilder PROGEX
Comparison Done
No test to rerun
ANALYSIS OF MUTATION================ 7
bash temprunProgex.sh /Users/kesina/eclipse-workspace/commons-cli/src/main/java/org/apache/commons/cli/PatternOptionBuilder PROGEX
Comparison Done
No test to rerun
ANALYSIS OF MUTATION================ 8
bash temprunProgex.sh /Users/kesina/eclipse-workspace/commons-cli/src/main/java/org/apache/commons/cli/PatternOptionBuilder PROGEX
Comparison Done
No test to rerun
ANALYSIS OF MUTATION================ 9
bash temprunProgex.sh /Users/kesina/eclipse-workspace/commons-cli/src/main/java/org/apache/commons/cli/PatternOptionBuilder PROGEX
Comparison Done
No test to rerun
ANALYSIS OF MUTATION================ 10
bash temprunProgex.sh /Users/kesina/eclipse-workspace/commons-cli/src/main/java/org/apache/commons/cli/PatternOptionBuilder PROGEX
Comparison Done
ANALYSIS OF MUTATION================ 11
bash temprunProgex.sh /Users/kesina/eclipse-workspace/commons-cli/src/main/java/org/apache/commons/cli/PatternOptionBuilder PROGEX
Comparison Done
ANALYSIS OF MUTATION================ 12
bash temprunProgex.sh /Users/kesina/eclipse-workspace/commons-cli/src/main/java/org/apache/commons/cli/PatternOptionBuilder PROGEX
Comparison Done
ANALYSIS OF MUTATION================ 13
bash temprunProgex.sh /Users/kesina/eclipse-workspace/commons-cli/src/main/java/org/apache/commons/cli/PatternOptionBuilder PROGEX
Comparison Done
ANALYSIS OF MUTATION================ 14
bash temprunProgex.sh /Users/kesina/eclipse-workspace/commons-cli/src/main/java/org/apache/commons/cli/PatternOptionBuilder PROGEX
Comparison Done
ANALYSIS OF MUTATION================ 15
bash temprunProgex.sh /Users/kesina/eclipse-workspace/commons-cli/src/main/java/org/apache/commons/cli/PatternOptionBuilder PROGEX
Comparison Done
ANALYSIS OF MUTATION================ 16
bash temprunProgex.sh /Users/kesina/eclipse-workspace/commons-cli/src/main/java/org/apache/commons/cli/PatternOptionBuilder PROGEX
Comparison Done
ANALYSIS OF MUTATION================ 17
bash temprunProgex.sh /Users/kesina/eclipse-workspace/commons-cli/src/main/java/org/apache/commons/cli/PatternOptionBuilder PROGEX
Comparison Done
ANALYSIS OF MUTATION================ 18
bash temprunProgex.sh /Users/kesina/eclipse-workspace/commons-cli/src/main/java/org/apache/commons/cli/PatternOptionBuilder PROGEX
Comparison Done
ANALYSIS OF MUTATION================ 19
bash temprunProgex.sh /Users/kesina/eclipse-workspace/commons-cli/src/main/java/org/apache/commons/cli/PatternOptionBuilder PROGEX
Comparison Done
ANALYSIS OF MUTATION================ 20
bash temprunProgex.sh /Users/kesina/eclipse-workspace/commons-cli/src/main/java/org/apache/commons/cli/PatternOptionBuilder PROGEX
Comparison Done
ANALYSIS OF MUTATION================ 21
bash temprunProgex.sh /Users/kesina/eclipse-workspace/commons-cli/src/main/java/org/apache/commons/cli/PatternOptionBuilder PROGEX
Comparison Done
ANALYSIS OF MUTATION================ 22
bash temprunProgex.sh /Users/kesina/eclipse-workspace/commons-cli/src/main/java/org/apache/commons/cli/PatternOptionBuilder PROGEX
Comparison Done
ANALYSIS OF MUTATION================ 23
bash temprunProgex.sh /Users/kesina/eclipse-workspace/commons-cli/src/main/java/org/apache/commons/cli/PatternOptionBuilder PROGEX
Comparison Done
ANALYSIS OF MUTATION================ 24
bash temprunProgex.sh /Users/kesina/eclipse-workspace/commons-cli/src/main/java/org/apache/commons/cli/PatternOptionBuilder PROGEX
Comparison Done
ANALYSIS OF MUTATION================ 25
bash temprunProgex.sh /Users/kesina/eclipse-workspace/commons-cli/src/main/java/org/apache/commons/cli/PatternOptionBuilder PROGEX
Comparison Done
ANALYSIS OF MUTATION================ 26
bash temprunProgex.sh /Users/kesina/eclipse-workspace/commons-cli/src/main/java/org/apache/commons/cli/PatternOptionBuilder PROGEX
Comparison Done
ANALYSIS OF MUTATION================ 27
bash temprunProgex.sh /Users/kesina/eclipse-workspace/commons-cli/src/main/java/org/apache/commons/cli/PatternOptionBuilder PROGEX
Comparison Done
ANALYSIS OF MUTATION================ 28
bash temprunProgex.sh /Users/kesina/eclipse-workspace/commons-cli/src/main/java/org/apache/commons/cli/PatternOptionBuilder PROGEX
Comparison Done
ANALYSIS OF MUTATION================ 29
bash temprunProgex.sh /Users/kesina/eclipse-workspace/commons-cli/src/main/java/org/apache/commons/cli/PatternOptionBuilder PROGEX
Comparison Done
No test to rerun
ANALYSIS OF MUTATION================ 30
bash temprunProgex.sh /Users/kesina/eclipse-workspace/commons-cli/src/main/java/org/apache/commons/cli/PatternOptionBuilder PROGEX
Comparison Done
No test to rerun
ANALYSIS OF MUTATION================ 31
bash temprunProgex.sh /Users/kesina/eclipse-workspace/commons-cli/src/main/java/org/apache/commons/cli/PatternOptionBuilder PROGEX
Comparison Done
No test to rerun
ANALYSIS OF MUTATION================ 32
bash temprunProgex.sh /Users/kesina/eclipse-workspace/commons-cli/src/main/java/org/apache/commons/cli/PatternOptionBuilder PROGEX
Comparison Done
ANALYSIS OF MUTATION================ 33
bash temprunProgex.sh /Users/kesina/eclipse-workspace/commons-cli/src/main/java/org/apache/commons/cli/PatternOptionBuilder PROGEX
Comparison Done
No test to rerun
ANALYSIS OF MUTATION================ 34
bash temprunProgex.sh /Users/kesina/eclipse-workspace/commons-cli/src/main/java/org/apache/commons/cli/PatternOptionBuilder PROGEX
Comparison Done
ANALYSIS OF MUTATION================ 35
bash temprunProgex.sh /Users/kesina/eclipse-workspace/commons-cli/src/main/java/org/apache/commons/cli/PatternOptionBuilder PROGEX
Comparison Done
ANALYSIS OF MUTATION================ 36
bash temprunProgex.sh /Users/kesina/eclipse-workspace/commons-cli/src/main/java/org/apache/commons/cli/PatternOptionBuilder PROGEX
Comparison Done
No test to rerun
ANALYSIS OF MUTATION================ 37
bash temprunProgex.sh /Users/kesina/eclipse-workspace/commons-cli/src/main/java/org/apache/commons/cli/PatternOptionBuilder PROGEX
Comparison Done
No test to rerun
ANALYSIS OF MUTATION================ 38
bash temprunProgex.sh /Users/kesina/eclipse-workspace/commons-cli/src/main/java/org/apache/commons/cli/PatternOptionBuilder PROGEX
Comparison Done
No test to rerun
ANALYSIS OF MUTATION================ 39
bash temprunProgex.sh /Users/kesina/eclipse-workspace/commons-cli/src/main/java/org/apache/commons/cli/PatternOptionBuilder PROGEX
Comparison Done
ANALYSIS OF MUTATION================ 40
bash temprunProgex.sh /Users/kesina/eclipse-workspace/commons-cli/src/main/java/org/apache/commons/cli/PatternOptionBuilder PROGEX
Comparison Done
No test to rerun
ANALYSIS OF MUTATION================ 41
bash temprunProgex.sh /Users/kesina/eclipse-workspace/commons-cli/src/main/java/org/apache/commons/cli/PatternOptionBuilder PROGEX
Comparison Done
ANALYSIS OF MUTATION================ 42
bash temprunProgex.sh /Users/kesina/eclipse-workspace/commons-cli/src/main/java/org/apache/commons/cli/PatternOptionBuilderOUTPUT FOLDER "13-10-2020_14_56_20" created
/Users/kesina/eclipse-workspace/commons-cli/src/main/java/org/apache/commons/cli/PatternOptionBuilder
=================CFG created for PatternOptionBuilder.java
DOT FILE SUCCESSFULLY CLEAN!!
CFG GRAPH PARSING STARTED OF... PatternOptionBuilder.java
/Users/kesina/eclipse-workspace/commons-cli/output/13-10-2020_14_56_20/PatternOptionBuilder-CFGmapping.json  CREATED
/Users/kesina/eclipse-workspace/commons-cli/output/13-10-2020_14_56_20/PatternOptionBuilder-CFGedgeCoverageRequirements.txt  CREATED
/Users/kesina/eclipse-workspace/commons-cli/output/13-10-2020_14_56_20/PatternOptionBuilder-CFGnodeGrpByFunction.json  CREATED
CFG GRAPH PARSED SUCCESSFULLY!
Statement coverage wasn't tracked.
SmartTest mapping not created.
OUTPUT FOLDER "13-10-2020_14_56_21" created
/Users/kesina/eclipse-workspace/commons-cli/src/main/java/org/apache/commons/cli/PatternOptionBuilder
=================CFG created for PatternOptionBuilder.java
DOT FILE SUCCESSFULLY CLEAN!!
CFG GRAPH PARSING STARTED OF... PatternOptionBuilder.java
/Users/kesina/eclipse-workspace/commons-cli/output/13-10-2020_14_56_21/PatternOptionBuilder-CFGmapping.json  CREATED
/Users/kesina/eclipse-workspace/commons-cli/output/13-10-2020_14_56_21/PatternOptionBuilder-CFGedgeCoverageRequirements.txt  CREATED
/Users/kesina/eclipse-workspace/commons-cli/output/13-10-2020_14_56_21/PatternOptionBuilder-CFGnodeGrpByFunction.json  CREATED
CFG GRAPH PARSED SUCCESSFULLY!
Statement coverage wasn't tracked.
SmartTest mapping not created.
OUTPUT FOLDER "13-10-2020_14_56_22" created
/Users/kesina/eclipse-workspace/commons-cli/src/main/java/org/apache/commons/cli/PatternOptionBuilder
=================CFG created for PatternOptionBuilder.java
DOT FILE SUCCESSFULLY CLEAN!!
CFG GRAPH PARSING STARTED OF... PatternOptionBuilder.java
/Users/kesina/eclipse-workspace/commons-cli/output/13-10-2020_14_56_22/PatternOptionBuilder-CFGmapping.json  CREATED
/Users/kesina/eclipse-workspace/commons-cli/output/13-10-2020_14_56_22/PatternOptionBuilder-CFGedgeCoverageRequirements.txt  CREATED
/Users/kesina/eclipse-workspace/commons-cli/output/13-10-2020_14_56_22/PatternOptionBuilder-CFGnodeGrpByFunction.json  CREATED
CFG GRAPH PARSED SUCCESSFULLY!
Statement coverage wasn't tracked.
SmartTest mapping not created.
OUTPUT FOLDER "13-10-2020_14_56_23" created
/Users/kesina/eclipse-workspace/commons-cli/src/main/java/org/apache/commons/cli/PatternOptionBuilder
=================CFG created for PatternOptionBuilder.java
DOT FILE SUCCESSFULLY CLEAN!!
CFG GRAPH PARSING STARTED OF... PatternOptionBuilder.java
/Users/kesina/eclipse-workspace/commons-cli/output/13-10-2020_14_56_23/PatternOptionBuilder-CFGmapping.json  CREATED
/Users/kesina/eclipse-workspace/commons-cli/output/13-10-2020_14_56_23/PatternOptionBuilder-CFGedgeCoverageRequirements.txt  CREATED
/Users/kesina/eclipse-workspace/commons-cli/output/13-10-2020_14_56_23/PatternOptionBuilder-CFGnodeGrpByFunction.json  CREATED
CFG GRAPH PARSED SUCCESSFULLY!
Statement coverage wasn't tracked.
SmartTest mapping not created.
OUTPUT FOLDER "13-10-2020_14_56_24" created
/Users/kesina/eclipse-workspace/commons-cli/src/main/java/org/apache/commons/cli/PatternOptionBuilder
=================CFG created for PatternOptionBuilder.java
DOT FILE SUCCESSFULLY CLEAN!!
CFG GRAPH PARSING STARTED OF... PatternOptionBuilder.java
/Users/kesina/eclipse-workspace/commons-cli/output/13-10-2020_14_56_24/PatternOptionBuilder-CFGmapping.json  CREATED
/Users/kesina/eclipse-workspace/commons-cli/output/13-10-2020_14_56_24/PatternOptionBuilder-CFGedgeCoverageRequirements.txt  CREATED
/Users/kesina/eclipse-workspace/commons-cli/output/13-10-2020_14_56_24/PatternOptionBuilder-CFGnodeGrpByFunction.json  CREATED
CFG GRAPH PARSED SUCCESSFULLY!
Statement coverage wasn't tracked.
SmartTest mapping not created.
OUTPUT FOLDER "13-10-2020_14_56_24" created
/Users/kesina/eclipse-workspace/commons-cli/src/main/java/org/apache/commons/cli/PatternOptionBuilder
=================CFG created for PatternOptionBuilder.java
DOT FILE SUCCESSFULLY CLEAN!!
CFG GRAPH PARSING STARTED OF... PatternOptionBuilder.java
/Users/kesina/eclipse-workspace/commons-cli/output/13-10-2020_14_56_24/PatternOptionBuilder-CFGmapping.json  CREATED
/Users/kesina/eclipse-workspace/commons-cli/output/13-10-2020_14_56_24/PatternOptionBuilder-CFGedgeCoverageRequirements.txt  CREATED
/Users/kesina/eclipse-workspace/commons-cli/output/13-10-2020_14_56_24/PatternOptionBuilder-CFGnodeGrpByFunction.json  CREATED
CFG GRAPH PARSED SUCCESSFULLY!
Statement coverage wasn't tracked.
SmartTest mapping not created.
OUTPUT FOLDER "13-10-2020_14_56_25" created
/Users/kesina/eclipse-workspace/commons-cli/src/main/java/org/apache/commons/cli/PatternOptionBuilder
=================CFG created for PatternOptionBuilder.java
DOT FILE SUCCESSFULLY CLEAN!!
CFG GRAPH PARSING STARTED OF... PatternOptionBuilder.java
/Users/kesina/eclipse-workspace/commons-cli/output/13-10-2020_14_56_25/PatternOptionBuilder-CFGmapping.json  CREATED
/Users/kesina/eclipse-workspace/commons-cli/output/13-10-2020_14_56_25/PatternOptionBuilder-CFGedgeCoverageRequirements.txt  CREATED
/Users/kesina/eclipse-workspace/commons-cli/output/13-10-2020_14_56_25/PatternOptionBuilder-CFGnodeGrpByFunction.json  CREATED
CFG GRAPH PARSED SUCCESSFULLY!
Statement coverage wasn't tracked.
SmartTest mapping not created.
OUTPUT FOLDER "13-10-2020_14_56_26" created
/Users/kesina/eclipse-workspace/commons-cli/src/main/java/org/apache/commons/cli/PatternOptionBuilder
=================CFG created for PatternOptionBuilder.java
DOT FILE SUCCESSFULLY CLEAN!!
CFG GRAPH PARSING STARTED OF... PatternOptionBuilder.java
/Users/kesina/eclipse-workspace/commons-cli/output/13-10-2020_14_56_26/PatternOptionBuilder-CFGmapping.json  CREATED
/Users/kesina/eclipse-workspace/commons-cli/output/13-10-2020_14_56_26/PatternOptionBuilder-CFGedgeCoverageRequirements.txt  CREATED
/Users/kesina/eclipse-workspace/commons-cli/output/13-10-2020_14_56_26/PatternOptionBuilder-CFGnodeGrpByFunction.json  CREATED
CFG GRAPH PARSED SUCCESSFULLY!
Statement coverage wasn't tracked.
SmartTest mapping not created.
OUTPUT FOLDER "13-10-2020_14_56_27" created
/Users/kesina/eclipse-workspace/commons-cli/src/main/java/org/apache/commons/cli/PatternOptionBuilder
=================CFG created for PatternOptionBuilder.java
DOT FILE SUCCESSFULLY CLEAN!!
CFG GRAPH PARSING STARTED OF... PatternOptionBuilder.java
/Users/kesina/eclipse-workspace/commons-cli/output/13-10-2020_14_56_27/PatternOptionBuilder-CFGmapping.json  CREATED
/Users/kesina/eclipse-workspace/commons-cli/output/13-10-2020_14_56_27/PatternOptionBuilder-CFGedgeCoverageRequirements.txt  CREATED
/Users/kesina/eclipse-workspace/commons-cli/output/13-10-2020_14_56_27/PatternOptionBuilder-CFGnodeGrpByFunction.json  CREATED
CFG GRAPH PARSED SUCCESSFULLY!
Statement coverage wasn't tracked.
SmartTest mapping not created.
 PROGEX
Comparison Done
ANALYSIS OF MUTATION================ 43
bash temprunProgex.sh /Users/kesina/eclipse-workspace/commons-cli/src/main/java/org/apache/commons/cli/PatternOptionBuilder PROGEX
Comparison Done
No test to rerun
ANALYSIS OF MUTATION================ 44
bash temprunProgex.sh /Users/kesina/eclipse-workspace/commons-cli/src/main/java/org/apache/commons/cli/PatternOptionBuilder PROGEX
Comparison Done
No test to rerun
ANALYSIS OF MUTATION================ 45
bash temprunProgex.sh /Users/kesina/eclipse-workspace/commons-cli/src/main/java/org/apache/commons/cli/PatternOptionBuilder PROGEX
Comparison Done
No test to rerun
ANALYSIS OF MUTATION================ 46
bash temprunProgex.sh /Users/kesina/eclipse-workspace/commons-cli/src/main/java/org/apache/commons/cli/PatternOptionBuilder PROGEX
Comparison Done
ANALYSIS OF MUTATION================ 47
bash temprunProgex.sh /Users/kesina/eclipse-workspace/commons-cli/src/main/java/org/apache/commons/cli/PatternOptionBuilder PROGEX
Comparison Done
No test to rerun
ANALYSIS OF MUTATION================ 48
bash temprunProgex.sh /Users/kesina/eclipse-workspace/commons-cli/src/main/java/org/apache/commons/cli/PatternOptionBuilder PROGEX
Comparison Done
ANALYSIS OF MUTATION================ 49
bash temprunProgex.sh /Users/kesina/eclipse-workspace/commons-cli/src/main/java/org/apache/commons/cli/PatternOptionBuilder PROGEX
Comparison Done
ANALYSIS OF MUTATION================ 50
bash temprunProgex.sh /Users/kesina/eclipse-workspace/commons-cli/src/main/java/org/apache/commons/cli/PatternOptionBuilder PROGEX
Comparison Done
No test to rerun
Output saved
==================TIME TAKEN FOR ANALYSIS======================== 53.545892000198364
