OUTPUT FOLDER "13-10-2020_13_42_24" created
/Users/kesina/eclipse-workspace/commons-cli/src/main/java/org/apache/commons/cli/CommandLine
=================CFG created for CommandLine.java
DOT FILE SUCCESSFULLY CLEAN!!
CFG GRAPH PARSING STARTED OF... CommandLine.java
/Users/kesina/eclipse-workspace/commons-cli/output/13-10-2020_13_42_24/CommandLine-CFGmapping.json  CREATED
/Users/kesina/eclipse-workspace/commons-cli/output/13-10-2020_13_42_24/CommandLine-CFGedgeCoverageRequirements.txt  CREATED
/Users/kesina/eclipse-workspace/commons-cli/output/13-10-2020_13_42_24/CommandLine-CFGnodeGrpByFunction.json  CREATED
CFG GRAPH PARSED SUCCESSFULLY!
Statement coverage wasn't tracked.
SmartTest mapping not created.
OUTPUT FOLDER "13-10-2020_13_42_25" created
/Users/kesina/eclipse-workspace/commons-cli/src/main/java/org/apache/commons/cli/CommandLine
=================CFG created for CommandLine.java
DOT FILE SUCCESSFULLY CLEAN!!
CFG GRAPH PARSING STARTED OF... CommandLine.java
/Users/kesina/eclipse-workspace/commons-cli/output/13-10-2020_13_42_25/CommandLine-CFGmapping.json  CREATED
/Users/kesina/eclipse-workspace/commons-cli/output/13-10-2020_13_42_25/CommandLine-CFGedgeCoverageRequirements.txt  CREATED
/Users/kesina/eclipse-workspace/commons-cli/output/13-10-2020_13_42_25/CommandLine-CFGnodeGrpByFunction.json  CREATED
CFG GRAPH PARSED SUCCESSFULLY!
Statement coverage wasn't tracked.
SmartTest mapping not created.
OUTPUT FOLDER "13-10-2020_13_42_26" created
/Users/kesina/eclipse-workspace/commons-cli/src/main/java/org/apache/commons/cli/CommandLine
=================CFG created for CommandLine.java
DOT FILE SUCCESSFULLY CLEAN!!
CFG GRAPH PARSING STARTED OF... CommandLine.java
/Users/kesina/eclipse-workspace/commons-cli/output/13-10-2020_13_42_26/CommandLine-CFGmapping.json  CREATED
/Users/kesina/eclipse-workspace/commons-cli/output/13-10-2020_13_42_26/CommandLine-CFGedgeCoverageRequirements.txt  CREATED
/Users/kesina/eclipse-workspace/commons-cli/output/13-10-2020_13_42_26/CommandLine-CFGnodeGrpByFunction.json  CREATED
CFG GRAPH PARSED SUCCESSFULLY!
Statement coverage wasn't tracked.
SmartTest mapping not created.
OUTPUT FOLDER "13-10-2020_13_42_27" created
/Users/kesina/eclipse-workspace/commons-cli/src/main/java/org/apache/commons/cli/CommandLine
=================CFG created for CommandLine.java
DOT FILE SUCCESSFULLY CLEAN!!
CFG GRAPH PARSING STARTED OF... CommandLine.java
/Users/kesina/eclipse-workspace/commons-cli/output/13-10-2020_13_42_27/CommandLine-CFGmapping.json  CREATED
/Users/kesina/eclipse-workspace/commons-cli/output/13-10-2020_13_42_27/CommandLine-CFGedgeCoverageRequirements.txt  CREATED
/Users/kesina/eclipse-workspace/commons-cli/output/13-10-2020_13_42_27/CommandLine-CFGnodeGrpByFunction.json  CREATED
CFG GRAPH PARSED SUCCESSFULLY!
Statement coverage wasn't tracked.
SmartTest mapping not created.
OUTPUT FOLDER "13-10-2020_13_42_28" created
/Users/kesina/eclipse-workspace/commons-cli/src/main/java/org/apache/commons/cli/CommandLine
=================CFG created for CommandLine.java
DOT FILE SUCCESSFULLY CLEAN!!
CFG GRAPH PARSING STARTED OF... CommandLine.java
/Users/kesina/eclipse-workspace/commons-cli/output/13-10-2020_13_42_28/CommandLine-CFGmapping.json  CREATED
/Users/kesina/eclipse-workspace/commons-cli/output/13-10-2020_13_42_28/CommandLine-CFGedgeCoverageRequirements.txt  CREATED
/Users/kesina/eclipse-workspace/commons-cli/output/13-10-2020_13_42_28/CommandLine-CFGnodeGrpByFunction.json  CREATED
CFG GRAPH PARSED SUCCESSFULLY!
Statement coverage wasn't tracked.
SmartTest mapping not created.
OUTPUT FOLDER "13-10-2020_13_42_29" created
/Users/kesina/eclipse-workspace/commons-cli/src/main/java/org/apache/commons/cli/CommandLine
=================CFG created for CommandLine.java
DOT FILE SUCCESSFULLY CLEAN!!
CFG GRAPH PARSING STARTED OF... CommandLine.java
/Users/kesina/eclipse-workspace/commons-cli/output/13-10-2020_13_42_29/CommandLine-CFGmapping.json  CREATED
/Users/kesina/eclipse-workspace/commons-cli/output/13-10-2020_13_42_29/CommandLine-CFGedgeCoverageRequirements.txt  CREATED
/Users/kesina/eclipse-workspace/commons-cli/output/13-10-2020_13_42_29/CommandLine-CFGnodeGrpByFunction.json  CREATED
CFG GRAPH PARSED SUCCESSFULLY!
Statement coverage wasn't tracked.
SmartTest mapping not created.
OUTPUT FOLDER "13-10-2020_13_42_30" created
/Users/kesina/eclipse-workspace/commons-cli/src/main/java/org/apache/commons/cli/CommandLine
=================CFG created for CommandLine.java
DOT FILE SUCCESSFULLY CLEAN!!
CFG GRAPH PARSING STARTED OF... CommandLine.java
/Users/kesina/eclipse-workspace/commons-cli/output/13-10-2020_13_42_30/CommandLine-CFGmapping.json  CREATED
/Users/kesina/eclipse-workspace/commons-cli/output/13-10-2020_13_42_30/CommandLine-CFGedgeCoverageRequirements.txt  CREATED
/Users/kesina/eclipse-workspace/commons-cli/output/13-10-2020_13_42_30/CommandLine-CFGnodeGrpByFunction.json  CREATED
CFG GRAPH PARSED SUCCESSFULLY!
Statement coverage wasn't tracked.
SmartTest mapping not created.
OUTPUT FOLDER "13-10-2020_13_42_32" created
/Users/kesina/eclipse-workspace/commons-cli/src/main/java/org/apache/commons/cli/CommandLine
=================CFG created for CommandLine.java
DOT FILE SUCCESSFULLY CLEAN!!
CFG GRAPH PARSING STARTED OF... CommandLine.java
/Users/kesina/eclipse-workspace/commons-cli/output/13-10-2020_13_42_32/CommandLine-CFGmapping.json  CREATED
/Users/kesina/eclipse-workspace/commons-cli/output/13-10-2020_13_42_32/CommandLine-CFGedgeCoverageRequirements.txt  CREATED
/Users/kesina/eclipse-workspace/commons-cli/output/13-10-2020_13_42_32/CommandLine-CFGnodeGrpByFunction.json  CREATED
CFG GRAPH PARSED SUCCESSFULLY!
Statement coverage wasn't tracked.
SmartTest mapping not created.
[ERROR] The goal you specified requires a project to execute but there is no POM in this directory (/Users/kesina/eclipse-workspace/commons-cli/PythonScripts). Please verify you invoked Maven from the correct directory. -> [Help 1]
[ERROR] 
[ERROR] To see the full stack trace of the errors, re-run Maven with the -e switch.
[ERROR] Re-run Maven using the -X switch to enable full debug logging.
[ERROR] 
[ERROR] For more information about the errors and possible solutions, please read the following articles:
[ERROR] [Help 1] http://cwiki.apache.org/confluence/display/MAVEN/MissingProjectException
[ERROR] The goal you specified requires a project to execute but there is no POM in this directory (/Users/kesina/eclipse-workspace/commons-cli/PythonScripts). Please verify you invoked Maven from the correct directory. -> [Help 1]
[ERROR] 
[ERROR] To see the full stack trace of the errors, re-run Maven with the -e switch.
[ERROR] Re-run Maven using the -X switch to enable full debug logging.
[ERROR] 
[ERROR] For more information about the errors and possible solutions, please read the following articles:
[ERROR] [Help 1] http://cwiki.apache.org/confluence/display/MAVEN/MissingProjectException
[ERROR] The goal you specified requires a project to execute but there is no POM in this directory (/Users/kesina/eclipse-workspace/commons-cli/PythonScripts). Please verify you invoked Maven from the correct directory. -> [Help 1]
[ERROR] 
[ERROR] To see the full stack trace of the errors, re-run Maven with the -e switch.
[ERROR] Re-run Maven using the -X switch to enable full debug logging.
[ERROR] 
[ERROR] For more information about the errors and possible solutions, please read the following articles:
[ERROR] [Help 1] http://cwiki.apache.org/confluence/display/MAVEN/MissingProjectException
[ERROR] The goal you specified requires a project to execute but there is no POM in this directory (/Users/kesina/eclipse-workspace/commons-cli/PythonScripts). Please verify you invoked Maven from the correct directory. -> [Help 1]
[ERROR] 
[ERROR] To see the full stack trace of the errors, re-run Maven with the -e switch.
[ERROR] Re-run Maven using the -X switch to enable full debug logging.
[ERROR] 
[ERROR] For more information about the errors and possible solutions, please read the following articles:
[ERROR] [Help 1] http://cwiki.apache.org/confluence/display/MAVEN/MissingProjectException
OUTPUT FOLDER "13-10-2020_13_42_39" created
/Users/kesina/eclipse-workspace/commons-cli/src/main/java/org/apache/commons/cli/CommandLine
=================CFG created for CommandLine.java
DOT FILE SUCCESSFULLY CLEAN!!
CFG GRAPH PARSING STARTED OF... CommandLine.java
/Users/kesina/eclipse-workspace/commons-cli/output/13-10-2020_13_42_39/CommandLine-CFGmapping.json  CREATED
/Users/kesina/eclipse-workspace/commons-cli/output/13-10-2020_13_42_39/CommandLine-CFGedgeCoverageRequirements.txt  CREATED
/Users/kesina/eclipse-workspace/commons-cli/output/13-10-2020_13_42_39/CommandLine-CFGnodeGrpByFunction.json  CREATED
CFG GRAPH PARSED SUCCESSFULLY!
Statement coverage wasn't tracked.
SmartTest mapping not created.
[ERROR] The goal you specified requires a project to execute but there is no POM in this directory (/Users/kesina/eclipse-workspace/commons-cli/PythonScripts). Please verify you invoked Maven from the correct directory. -> [Help 1]
[ERROR] 
[ERROR] To see the full stack trace of the errors, re-run Maven with the -e switch.
[ERROR] Re-run Maven using the -X switch to enable full debug logging.
[ERROR] 
[ERROR] For more information about the errors and possible solutions, please read the following articles:
[ERROR] [Help 1] http://cwiki.apache.org/confluence/display/MAVEN/MissingProjectException
OUTPUT FOLDER "13-10-2020_13_42_42" created
/Users/kesina/eclipse-workspace/commons-cli/src/main/java/org/apache/commons/cli/CommandLine
=================CFG created for CommandLine.java
DOT FILE SUCCESSFULLY CLEAN!!
CFG GRAPH PARSING STARTED OF... CommandLine.java
/Users/kesina/eclipse-workspace/commons-cli/output/13-10-2020_13_42_42/CommandLine-CFGmapping.json  CREATED
/Users/kesina/eclipse-workspace/commons-cli/output/13-10-2020_13_42_42/CommandLine-CFGedgeCoverageRequirements.txt  CREATED
/Users/kesina/eclipse-workspace/commons-cli/output/13-10-2020_13_42_42/CommandLine-CFGnodeGrpByFunction.json  CREATED
CFG GRAPH PARSED SUCCESSFULLY!
Statement coverage wasn't tracked.
SmartTest mapping not created.
[ERROR] The goal you specified requires a project to execute but there is no POM in this directory (/Users/kesina/eclipse-workspace/commons-cli/PythonScripts). Please verify you invoked Maven from the correct directory. -> [Help 1]
[ERROR] 
[ERROR] To see the full stack trace of the errors, re-run Maven with the -e switch.
[ERROR] Re-run Maven using the -X switch to enable full debug logging.
[ERROR] 
[ERROR] For more information about the errors and possible solutions, please read the following articles:
[ERROR] [Help 1] http://cwiki.apache.org/confluence/display/MAVEN/MissingProjectException
[ERROR] The goal you specified requires a project to execute but there is no POM in this directory (/Users/kesina/eclipse-workspace/commons-cli/PythonScripts). Please verify you invoked Maven from the correct directory. -> [Help 1]
[ERROR] 
[ERROR] To see the full stack trace of the errors, re-run Maven with the -e switch.
[ERROR] Re-run Maven using the -X switch to enable full debug logging.
[ERROR] 
[ERROR] For more information about the errors and possible solutions, please read the following articles:
[ERROR] [Help 1] http://cwiki.apache.org/confluence/display/MAVEN/MissingProjectException
[ERROR] The goal you specified requires a project to execute but there is no POM in this directory (/Users/kesina/eclipse-workspace/commons-cli/PythonScripts). Please verify you invoked Maven from the correct directory. -> [Help 1]
[ERROR] 
[ERROR] To see the full stack trace of the errors, re-run Maven with the -e switch.
[ERROR] Re-run Maven using the -X switch to enable full debug logging.
[ERROR] 
[ERROR] For more information about the errors and possible solutions, please read the following articles:
[ERROR] [Help 1] http://cwiki.apache.org/confluence/display/MAVEN/MissingProjectException
OUTPUT FOLDER "13-10-2020_13_42_47" created
/Users/kesina/eclipse-workspace/commons-cli/src/main/java/org/apache/commons/cli/CommandLine
=================CFG created for CommandLine.java
DOT FILE SUCCESSFULLY CLEAN!!
CFG GRAPH PARSING STARTED OF... CommandLine.java
/Users/kesina/eclipse-workspace/commons-cli/output/13-10-2020_13_42_47/CommandLine-CFGmapping.json  CREATED
/Users/kesina/eclipse-workspace/commons-cli/output/13-10-2020_13_42_47/CommandLine-CFGedgeCoverageRequirements.txt  CREATED
/Users/kesina/eclipse-workspace/commons-cli/output/13-10-2020_13_42_47/CommandLine-CFGnodeGrpByFunction.json  CREATED
CFG GRAPH PARSED SUCCESSFULLY!
Statement coverage wasn't tracked.
SmartTest mapping not created.
[ERROR] The goal you specified requires a project to execute but there is no POM in this directory (/Users/kesina/eclipse-workspace/commons-cli/PythonScripts). Please verify you invoked Maven from the correct directory. -> [Help 1]
[ERROR] 
[ERROR] To see the full stack trace of the errors, re-run Maven with the -e switch.
[ERROR] Re-run Maven using the -X switch to enable full debug logging.
[ERROR] 
[ERROR] For more information about the errors and possible solutions, please read the following articles:
[ERROR] [Help 1] http://cwiki.apache.org/confluence/display/MAVEN/MissingProjectException
[ERROR] The goal you specified requires a project to execute but there is no POM in this directory (/Users/kesina/eclipse-workspace/commons-cli/PythonScripts). Please verify you invoked Maven from the correct directory. -> [Help 1]
[ERROR] 
[ERROR] To see the full stack trace of the errors, re-run Maven with the -e switch.
[ERROR] Re-run Maven using the -X switch to enable full debug logging.
[ERROR] 
[ERROR] For more information about the errors and possible solutions, please read the following articles:
[ERROR] [Help 1] http://cwiki.apache.org/confluence/display/MAVEN/MissingProjectException
[ERROR] The goal you specified requires a project to execute but there is no POM in this directory (/Users/kesina/eclipse-workspace/commons-cli/PythonScripts). Please verify you invoked Maven from the correct directory. -> [Help 1]
[ERROR] 
[ERROR] To see the full stack trace of the errors, re-run Maven with the -e switch.
[ERROR] Re-run Maven using the -X switch to enable full debug logging.
[ERROR] 
[ERROR] For more information about the errors and possible solutions, please read the following articles:
[ERROR] [Help 1] http://cwiki.apache.org/confluence/display/MAVEN/MissingProjectException
OUTPUT FOLDER "13-10-2020_13_42_52" created
/Users/kesina/eclipse-workspace/commons-cli/src/main/java/org/apache/commons/cli/CommandLine
=================CFG created for CommandLine.java
DOT FILE SUCCESSFULLY CLEAN!!
CFG GRAPH PARSING STARTED OF... CommandLine.java
/Users/kesina/eclipse-workspace/commons-cli/output/13-10-2020_13_42_52/CommandLine-CFGmapping.json  CREATED
/Users/kesina/eclipse-workspace/commons-cli/output/13-10-2020_13_42_52/CommandLine-CFGedgeCoverageRequirements.txt  CREATED
/Users/kesina/eclipse-workspace/commons-cli/output/13-10-2020_13_42_52/CommandLine-CFGnodeGrpByFunction.json  CREATED
CFG GRAPH PARSED SUCCESSFULLY!
Statement coverage wasn't tracked.
SmartTest mapping not created.
OUTPUT FOLDER "13-10-2020_13_42_53" created
/Users/kesina/eclipse-workspace/commons-cli/src/main/java/org/apache/commons/cli/CommandLine
=================CFG created for CommandLine.java
DOT FILE SUCCESSFULLY CLEAN!!
CFG GRAPH PARSING STARTED OF... CommandLine.java
/Users/kesina/eclipse-workspace/commons-cli/output/13-10-2020_13_42_53/CommandLine-CFGmapping.json  CREATED
/Users/kesina/eclipse-workspace/commons-cli/output/13-10-2020_13_42_53/CommandLine-CFGedgeCoverageRequirements.txt  CREATED
/Users/kesina/eclipse-workspace/commons-cli/output/13-10-2020_13_42_53/CommandLine-CFGnodeGrpByFunction.json  CREATED
CFG GRAPH PARSED SUCCESSFULLY!
Statement coverage wasn't tracked.
SmartTest mapping not created.
[ERROR] The goal you specified requires a project to execute but there is no POM in this directory (/Users/kesina/eclipse-workspace/commons-cli/PythonScripts). Please verify you invoked Maven from the correct directory. -> [Help 1]
[ERROR] 
[ERROR] To see the full stack trace of the errors, re-run Maven with the -e switch.
[ERROR] Re-run Maven using the -X switch to enable full debug logging.
[ERROR] 
[ERROR] For more information about the errors and possible solutions, please read the following articles:
[ERROR] [Help 1] http://cwiki.apache.org/confluence/display/MAVEN/MissingProjectException
[ERROR] The goal you specified requires a project to execute but there is no POM in this directory (/Users/kesina/eclipse-workspace/commons-cli/PythonScripts). Please verify you invoked Maven from the correct directory. -> [Help 1]
[ERROR] 
[ERROR] To see the full stack trace of the errors, re-run Maven with the -e switch.
[ERROR] Re-run Maven using the -X switch to enable full debug logging.
[ERROR] 
[ERROR] For more information about the errors and possible solutions, please read the following articles:
[ERROR] [Help 1] http://cwiki.apache.org/confluence/display/MAVEN/MissingProjectException
[ERROR] The goal you specified requires a project to execute but there is no POM in this directory (/Users/kesina/eclipse-workspace/commons-cli/PythonScripts). Please verify you invoked Maven from the correct directory. -> [Help 1]
[ERROR] 
[ERROR] To see the full stack trace of the errors, re-run Maven with the -e switch.
[ERROR] Re-run Maven using the -X switch to enable full debug logging.
[ERROR] 
[ERROR] For more information about the errors and possible solutions, please read the following articles:
[ERROR] [Help 1] http://cwiki.apache.org/confluence/display/MAVEN/MissingProjectException
OUTPUT FOLDER "13-10-2020_13_42_59" created
/Users/kesina/eclipse-workspace/commons-cli/src/main/java/org/apache/commons/cli/CommandLine
=================CFG created for CommandLine.java
DOT FILE SUCCESSFULLY CLEAN!!
CFG GRAPH PARSING STARTED OF... CommandLine.java
/Users/kesina/eclipse-workspace/commons-cli/output/13-10-2020_13_42_59/CommandLine-CFGmapping.json  CREATED
/Users/kesina/eclipse-workspace/commons-cli/output/13-10-2020_13_42_59/CommandLine-CFGedgeCoverageRequirements.txt  CREATED
/Users/kesina/eclipse-workspace/commons-cli/output/13-10-2020_13_42_59/CommandLine-CFGnodeGrpByFunction.json  CREATED
CFG GRAPH PARSED SUCCESSFULLY!
Statement coverage wasn't tracked.
SmartTest mapping not created.
OUTPUT FOLDER "13-10-2020_13_43_00" created
/Users/kesina/eclipse-workspace/commons-cli/src/main/java/org/apache/commons/cli/CommandLine
=================CFG created for CommandLine.java
DOT FILE SUCCESSFULLY CLEAN!!
CFG GRAPH PARSING STARTED OF... CommandLine.java
/Users/kesina/eclipse-workspace/commons-cli/output/13-10-2020_13_43_00/CommandLine-CFGmapping.json  CREATED
/Users/kesina/eclipse-workspace/commons-cli/output/13-10-2020_13_43_00/CommandLine-CFGedgeCoverageRequirements.txt  CREATED
/Users/kesina/eclipse-workspace/commons-cli/output/13-10-2020_13_43_00/CommandLine-CFGnodeGrpByFunction.json  CREATED
CFG GRAPH PARSED SUCCESSFULLY!
Statement coverage wasn't tracked.
SmartTest mapping not created.
OUTPUT FOLDER "13-10-2020_13_43_01" created
/Users/kesina/eclipse-workspace/commons-cli/src/main/java/org/apache/commons/cli/CommandLine
=================CFG created for CommandLine.java
DOT FILE SUCCESSFULLY CLEAN!!
CFG GRAPH PARSING STARTED OF... CommandLine.java
/Users/kesina/eclipse-workspace/commons-cli/output/13-10-2020_13_43_01/CommandLine-CFGmapping.json  CREATED
/Users/kesina/eclipse-workspace/commons-cli/output/13-10-2020_13_43_01/CommandLine-CFGedgeCoverageRequirements.txt  CREATED
/Users/kesina/eclipse-workspace/commons-cli/output/13-10-2020_13_43_01/CommandLine-CFGnodeGrpByFunction.json  CREATED
CFG GRAPH PARSED SUCCESSFULLY!
Statement coverage wasn't tracked.
SmartTest mapping not created.
OUTPUT FOLDER "13-10-2020_13_43_02" created
/Users/kesina/eclipse-workspace/commons-cli/src/main/java/org/apache/commons/cli/CommandLine
=================CFG created for CommandLine.java
DOT FILE SUCCESSFULLY CLEAN!!
CFG GRAPH PARSING STARTED OF... CommandLine.java
/Users/kesina/eclipse-workspace/commons-cli/output/13-10-2020_13_43_02/CommandLine-CFGmapping.json  CREATED
/Users/kesina/eclipse-workspace/commons-cli/output/13-10-2020_13_43_02/CommandLine-CFGedgeCoverageRequirements.txt  CREATED
/Users/kesina/eclipse-workspace/commons-cli/output/13-10-2020_13_43_02/CommandLine-CFGnodeGrpByFunction.json  CREATED
CFG GRAPH PARSED SUCCESSFULLY!
Statement coverage wasn't tracked.
SmartTest mapping not created.
[ERROR] The goal you specified requires a project to execute but there is no POM in this directory (/Users/kesina/eclipse-workspace/commons-cli/PythonScripts). Please verify you invoked Maven from the correct directory. -> [Help 1]
[ERROR] 
[ERROR] To see the full stack trace of the errors, re-run Maven with the -e switch.
[ERROR] Re-run Maven using the -X switch to enable full debug logging.
[ERROR] 
[ERROR] For more information about the errors and possible solutions, please read the following articles:
[ERROR] [Help 1] http://cwiki.apache.org/confluence/display/MAVEN/MissingProjectException
[ERROR] The goal you specified requires a project to execute but there is no POM in this directory (/Users/kesina/eclipse-workspace/commons-cli/PythonScripts). Please verify you invoked Maven from the correct directory. -> [Help 1]
[ERROR] 
[ERROR] To see the full stack trace of the errors, re-run Maven with the -e switch.
[ERROR] Re-run Maven using the -X switch to enable full debug logging.
[ERROR] 
[ERROR] For more information about the errors and possible solutions, please read the following articles:
[ERROR] [Help 1] http://cwiki.apache.org/confluence/display/MAVEN/MissingProjectException
[ERROR] The goal you specified requires a project to execute but there is no POM in this directory (/Users/kesina/eclipse-workspace/commons-cli/PythonScripts). Please verify you invoked Maven from the correct directory. -> [Help 1]
[ERROR] 
[ERROR] To see the full stack trace of the errors, re-run Maven with the -e switch.
[ERROR] Re-run Maven using the -X switch to enable full debug logging.
[ERROR] 
[ERROR] For more information about the errors and possible solutions, please read the following articles:
[ERROR] [Help 1] http://cwiki.apache.org/confluence/display/MAVEN/MissingProjectException
[ERROR] The goal you specified requires a project to execute but there is no POM in this directory (/Users/kesina/eclipse-workspace/commons-cli/PythonScripts). Please verify you invoked Maven from the correct directory. -> [Help 1]
[ERROR] 
[ERROR] To see the full stack trace of the errors, re-run Maven with the -e switch.
[ERROR] Re-run Maven using the -X switch to enable full debug logging.
[ERROR] 
[ERROR] For more information about the errors and possible solutions, please read the following articles:
[ERROR] [Help 1] http://cwiki.apache.org/confluence/display/MAVEN/MissingProjectException
OUTPUT FOLDER "13-10-2020_13_43_09" created
/Users/kesina/eclipse-workspace/commons-cli/src/main/java/org/apache/commons/cli/CommandLine
=================CFG created for CommandLine.java
DOT FILE SUCCESSFULLY CLEAN!!
CFG GRAPH PARSING STARTED OF... CommandLine.java
/Users/kesina/eclipse-workspace/commons-cli/output/13-10-2020_13_43_09/CommandLine-CFGmapping.json  CREATED
/Users/kesina/eclipse-workspace/commons-cli/output/13-10-2020_13_43_09/CommandLine-CFGedgeCoverageRequirements.txt  CREATED
/Users/kesina/eclipse-workspace/commons-cli/output/13-10-2020_13_43_09/CommandLine-CFGnodeGrpByFunction.json  CREATED
CFG GRAPH PARSED SUCCESSFULLY!
Statement coverage wasn't tracked.
SmartTest mapping not created.
[ERROR] The goal you specified requires a project to execute but there is no POM in this directory (/Users/kesina/eclipse-workspace/commons-cli/PythonScripts). Please verify you invoked Maven from the correct directory. -> [Help 1]
[ERROR] 
[ERROR] To see the full stack trace of the errors, re-run Maven with the -e switch.
[ERROR] Re-run Maven using the -X switch to enable full debug logging.
[ERROR] 
[ERROR] For more information about the errors and possible solutions, please read the following articles:
[ERROR] [Help 1] http://cwiki.apache.org/confluence/display/MAVEN/MissingProjectException
OUTPUT FOLDER "13-10-2020_13_43_11" created
/Users/kesina/eclipse-workspace/commons-cli/src/main/java/org/apache/commons/cli/CommandLine
=================CFG created for CommandLine.java
DOT FILE SUCCESSFULLY CLEAN!!
CFG GRAPH PARSING STARTED OF... CommandLine.java
/Users/kesina/eclipse-workspace/commons-cli/output/13-10-2020_13_43_11/CommandLine-CFGmapping.json  CREATED
/Users/kesina/eclipse-workspace/commons-cli/output/13-10-2020_13_43_11/CommandLine-CFGedgeCoverageRequirements.txt  CREATED
/Users/kesina/eclipse-workspace/commons-cli/output/13-10-2020_13_43_11/CommandLine-CFGnodeGrpByFunction.json  CREATED
CFG GRAPH PARSED SUCCESSFULLY!
Statement coverage wasn't tracked.
SmartTest mapping not created.
[ERROR] The goal you specified requires a project to execute but there is no POM in this directory (/Users/kesina/eclipse-workspace/commons-cli/PythonScripts). Please verify you invoked Maven from the correct directory. -> [Help 1]
[ERROR] 
[ERROR] To see the full stack trace of the errors, re-run Maven with the -e switch.
[ERROR] Re-run Maven using the -X switch to enable full debug logging.
[ERROR] 
[ERROR] For more information about the errors and possible solutions, please read the following articles:
[ERROR] [Help 1] http://cwiki.apache.org/confluence/display/MAVEN/MissingProjectException
[ERROR] The goal you specified requires a project to execute but there is no POM in this directory (/Users/kesina/eclipse-workspace/commons-cli/PythonScripts). Please verify you invoked Maven from the correct directory. -> [Help 1]
[ERROR] 
[ERROR] To see the full stack trace of the errors, re-run Maven with the -e switch.
[ERROR] Re-run Maven using the -X switch to enable full debug logging.
[ERROR] 
[ERROR] For more information about the errors and possible solutions, please read the following articles:
[ERROR] [Help 1] http://cwiki.apache.org/confluence/display/MAVEN/MissingProjectException
[ERROR] The goal you specified requires a project to execute but there is no POM in this directory (/Users/kesina/eclipse-workspace/commons-cli/PythonScripts). Please verify you invoked Maven from the correct directory. -> [Help 1]
[ERROR] 
[ERROR] To see the full stack trace of the errors, re-run Maven with the -e switch.
[ERROR] Re-run Maven using the -X switch to enable full debug logging.
[ERROR] 
[ERROR] For more information about the errors and possible solutions, please read the following articles:
[ERROR] [Help 1] http://cwiki.apache.org/confluence/display/MAVEN/MissingProjectException
OUTPUT FOLDER "13-10-2020_13_43_17" created
/Users/kesina/eclipse-workspace/commons-cli/src/main/java/org/apache/commons/cli/CommandLine
=================CFG created for CommandLine.java
DOT FILE SUCCESSFULLY CLEAN!!
CFG GRAPH PARSING STARTED OF... CommandLine.java
/Users/kesina/eclipse-workspace/commons-cli/output/13-10-2020_13_43_17/CommandLine-CFGmapping.json  CREATED
/Users/kesina/eclipse-workspace/commons-cli/output/13-10-2020_13_43_17/CommandLine-CFGedgeCoverageRequirements.txt  CREATED
/Users/kesina/eclipse-workspace/commons-cli/output/13-10-2020_13_43_17/CommandLine-CFGnodeGrpByFunction.json  CREATED
CFG GRAPH PARSED SUCCESSFULLY!
Statement coverage wasn't tracked.
SmartTest mapping not created.
[ERROR] The goal you specified requires a project to execute but there is no POM in this directory (/Users/kesina/eclipse-workspace/commons-cli/PythonScripts). Please verify you invoked Maven from the correct directory. -> [Help 1]
[ERROR] 
[ERROR] To see the full stack trace of the errors, re-run Maven with the -e switch.
[ERROR] Re-run Maven using the -X switch to enable full debug logging.
[ERROR] 
[ERROR] For more information about the errors and possible solutions, please read the following articles:
[ERROR] [Help 1] http://cwiki.apache.org/confluence/display/MAVEN/MissingProjectException
[ERROR] The goal you specified requires a project to execute but there is no POM in this directory (/Users/kesina/eclipse-workspace/commons-cli/PythonScripts). Please verify you invoked Maven from the correct directory. -> [Help 1]
[ERROR] 
[ERROR] To see the full stack trace of the errors, re-run Maven with the -e switch.
[ERROR] Re-run Maven using the -X switch to enable full debug logging.
[ERROR] 
[ERROR] For more information about the errors and possible solutions, please read the following articles:
[ERROR] [Help 1] http://cwiki.apache.org/confluence/display/MAVEN/MissingProjectException
[ERROR] The goal you specified requires a project to execute but there is no POM in this directory (/Users/kesina/eclipse-workspace/commons-cli/PythonScripts). Please verify you invoked Maven from the correct directory. -> [Help 1]
[ERROR] 
[ERROR] To see the full stack trace of the errors, re-run Maven with the -e switch.
[ERROR] Re-run Maven using the -X switch to enable full debug logging.
[ERROR] 
[ERROR] For more information about the errors and possible solutions, please read the following articles:
[ERROR] [Help 1] http://cwiki.apache.org/confluence/display/MAVEN/MissingProjectException
OUTPUT FOLDER "13-10-2020_13_43_22" created
/Users/kesina/eclipse-workspace/commons-cli/src/main/java/org/apache/commons/cli/CommandLine
=================CFG created for CommandLine.java
DOT FILE SUCCESSFULLY CLEAN!!
CFG GRAPH PARSING STARTED OF... CommandLine.java
/Users/kesina/eclipse-workspace/commons-cli/output/13-10-2020_13_43_22/CommandLine-CFGmapping.json  CREATED
/Users/kesina/eclipse-workspace/commons-cli/output/13-10-2020_13_43_22/CommandLine-CFGedgeCoverageRequirements.txt  CREATED
/Users/kesina/eclipse-workspace/commons-cli/output/13-10-2020_13_43_22/CommandLine-CFGnodeGrpByFunction.json  CREATED
CFG GRAPH PARSED SUCCESSFULLY!
Statement coverage wasn't tracked.
SmartTest mapping not created.
OUTPUT FOLDER "13-10-2020_13_43_23" created
/Users/kesina/eclipse-workspace/commons-cli/src/main/java/org/apache/commons/cli/CommandLine
=================CFG created for CommandLine.java
DOT FILE SUCCESSFULLY CLEAN!!
CFG GRAPH PARSING STARTED OF... CommandLine.java
/Users/kesina/eclipse-workspace/commons-cli/output/13-10-2020_13_43_23/CommandLine-CFGmapping.json  CREATED
/Users/kesina/eclipse-workspace/commons-cli/output/13-10-2020_13_43_23/CommandLine-CFGedgeCoverageRequirements.txt  CREATED
/Users/kesina/eclipse-workspace/commons-cli/output/13-10-2020_13_43_23/CommandLine-CFGnodeGrpByFunction.json  CREATED
CFG GRAPH PARSED SUCCESSFULLY!
Statement coverage wasn't tracked.
SmartTest mapping not created.
OUTPUT FOLDER "13-10-2020_13_43_24" created
/Users/kesina/eclipse-workspace/commons-cli/src/main/java/org/apache/commons/cli/CommandLine
=================CFG created for CommandLine.java
DOT FILE SUCCESSFULLY CLEAN!!
CFG GRAPH PARSING STARTED OF... CommandLine.java
/Users/kesina/eclipse-workspace/commons-cli/output/13-10-2020_13_43_24/CommandLine-CFGmapping.json  CREATED
/Users/kesina/eclipse-workspace/commons-cli/output/13-10-2020_13_43_24/CommandLine-CFGedgeCoverageRequirements.txt  CREATED
/Users/kesina/eclipse-workspace/commons-cli/output/13-10-2020_13_43_24/CommandLine-CFGnodeGrpByFunction.json  CREATED
CFG GRAPH PARSED SUCCESSFULLY!
Statement coverage wasn't tracked.
SmartTest mapping not created.
OUTPUT FOLDER "13-10-2020_13_43_25" created
/Users/kesina/eclipse-workspace/commons-cli/src/main/java/org/apache/commons/cli/CommandLine
=================CFG created for CommandLine.java
DOT FILE SUCCESSFULLY CLEAN!!
CFG GRAPH PARSING STARTED OF... CommandLine.java
/Users/kesina/eclipse-workspace/commons-cli/output/13-10-2020_13_43_25/CommandLine-CFGmapping.json  CREATED
/Users/kesina/eclipse-workspace/commons-cli/output/13-10-2020_13_43_25/CommandLine-CFGedgeCoverageRequirements.txt  CREATED
/Users/kesina/eclipse-workspace/commons-cli/output/13-10-2020_13_43_25/CommandLine-CFGnodeGrpByFunction.json  CREATED
CFG GRAPH PARSED SUCCESSFULLY!
Statement coverage wasn't tracked.
SmartTest mapping not created.
OUTPUT FOLDER "13-10-2020_13_43_26" created
/Users/kesina/eclipse-workspace/commons-cli/src/main/java/org/apache/commons/cli/CommandLine
=================CFG created for CommandLine.java
DOT FILE SUCCESSFULLY CLEAN!!
CFG GRAPH PARSING STARTED OF... CommandLine.java
/Users/kesina/eclipse-workspace/commons-cli/output/13-10-2020_13_43_26/CommandLine-CFGmapping.json  CREATED
/Users/kesina/eclipse-workspace/commons-cli/output/13-10-2020_13_43_26/CommandLine-CFGedgeCoverageRequirements.txt  CREATED
/Users/kesina/eclipse-workspace/commons-cli/output/13-10-2020_13_43_26/CommandLine-CFGnodeGrpByFunction.json  CREATED
CFG GRAPH PARSED SUCCESSFULLY!
Statement coverage wasn't tracked.
SmartTest mapping not created.
[ERROR] The goal you specified requires a project to execute but there is no POM in this directory (/Users/kesina/eclipse-workspace/commons-cli/PythonScripts). Please verify you invoked Maven from the correct directory. -> [Help 1]
[ERROR] 
[ERROR] To see the full stack trace of the errors, re-run Maven with the -e switch.
[ERROR] Re-run Maven using the -X switch to enable full debug logging.
[ERROR] 
[ERROR] For more information about the errors and possible solutions, please read the following articles:
[ERROR] [Help 1] http://cwiki.apache.org/confluence/display/MAVEN/MissingProjectException
[ERROR] The goal you specified requires a project to execute but there is no POM in this directory (/Users/kesina/eclipse-workspace/commons-cli/PythonScripts). Please verify you invoked Maven from the correct directory. -> [Help 1]
[ERROR] 
[ERROR] To see the full stack trace of the errors, re-run Maven with the -e switch.
[ERROR] Re-run Maven using the -X switch to enable full debug logging.
[ERROR] 
[ERROR] For more information about the errors and possible solutions, please read the following articles:
[ERROR] [Help 1] http://cwiki.apache.org/confluence/display/MAVEN/MissingProjectException
[ERROR] The goal you specified requires a project to execute but there is no POM in this directory (/Users/kesina/eclipse-workspace/commons-cli/PythonScripts). Please verify you invoked Maven from the correct directory. -> [Help 1]
[ERROR] 
[ERROR] To see the full stack trace of the errors, re-run Maven with the -e switch.
[ERROR] Re-run Maven using the -X switch to enable full debug logging.
[ERROR] 
[ERROR] For more information about the errors and possible solutions, please read the following articles:
[ERROR] [Help 1] http://cwiki.apache.org/confluence/display/MAVEN/MissingProjectException
OUTPUT FOLDER "13-10-2020_13_43_33" created
/Users/kesina/eclipse-workspace/commons-cli/src/main/java/org/apache/commons/cli/CommandLine
=================CFG created for CommandLine.java
DOT FILE SUCCESSFULLY CLEAN!!
CFG GRAPH PARSING STARTED OF... CommandLine.java
/Users/kesina/eclipse-workspace/commons-cli/output/13-10-2020_13_43_33/CommandLine-CFGmapping.json  CREATED
/Users/kesina/eclipse-workspace/commons-cli/output/13-10-2020_13_43_33/CommandLine-CFGedgeCoverageRequirements.txt  CREATED
/Users/kesina/eclipse-workspace/commons-cli/output/13-10-2020_13_43_33/CommandLine-CFGnodeGrpByFunction.json  CREATED
CFG GRAPH PARSED SUCCESSFULLY!
Statement coverage wasn't tracked.
SmartTest mapping not created.
[ERROR] The goal you specified requires a project to execute but there is no POM in this directory (/Users/kesina/eclipse-workspace/commons-cli/PythonScripts). Please verify you invoked Maven from the correct directory. -> [Help 1]
[ERROR] 
[ERROR] To see the full stack trace of the errors, re-run Maven with the -e switch.
[ERROR] Re-run Maven using the -X switch to enable full debug logging.
[ERROR] 
[ERROR] For more information about the errors and possible solutions, please read the following articles:
[ERROR] [Help 1] http://cwiki.apache.org/confluence/display/MAVEN/MissingProjectException
[ERROR] The goal you specified requires a project to execute but there is no POM in this directory (/Users/kesina/eclipse-workspace/commons-cli/PythonScripts). Please verify you invoked Maven from the correct directory. -> [Help 1]
[ERROR] 
[ERROR] To see the full stack trace of the errors, re-run Maven with the -e switch.
[ERROR] Re-run Maven using the -X switch to enable full debug logging.
[ERROR] 
[ERROR] For more information about the errors and possible solutions, please read the following articles:
[ERROR] [Help 1] http://cwiki.apache.org/confluence/display/MAVEN/MissingProjectException
[ERROR] The goal you specified requires a project to execute but there is no POM in this directory (/Users/kesina/eclipse-workspace/commons-cli/PythonScripts). Please verify you invoked Maven from the correct directory. -> [Help 1]
[ERROR] 
[ERROR] To see the full stack trace of the errors, re-run Maven with the -e switch.
[ERROR] Re-run Maven using the -X switch to enable full debug logging.
[ERROR] 
[ERROR] For more information about the errors and possible solutions, please read the following articles:
[ERROR] [Help 1] http://cwiki.apache.org/confluence/display/MAVEN/MissingProjectException
OUTPUT FOLDER "13-10-2020_13_43_39" created
/Users/kesina/eclipse-workspace/commons-cli/src/main/java/org/apache/commons/cli/CommandLine
=================CFG created for CommandLine.java
DOT FILE SUCCESSFULLY CLEAN!!
CFG GRAPH PARSING STARTED OF... CommandLine.java
/Users/kesina/eclipse-workspace/commons-cli/output/13-10-2020_13_43_39/CommandLine-CFGmapping.json  CREATED
/Users/kesina/eclipse-workspace/commons-cli/output/13-10-2020_13_43_39/CommandLine-CFGedgeCoverageRequirements.txt  CREATED
/Users/kesina/eclipse-workspace/commons-cli/output/13-10-2020_13_43_39/CommandLine-CFGnodeGrpByFunction.json  CREATED
CFG GRAPH PARSED SUCCESSFULLY!
Statement coverage wasn't tracked.
SmartTest mapping not created.
[ERROR] The goal you specified requires a project to execute but there is no POM in this directory (/Users/kesina/eclipse-workspace/commons-cli/PythonScripts). Please verify you invoked Maven from the correct directory. -> [Help 1]
[ERROR] 
[ERROR] To see the full stack trace of the errors, re-run Maven with the -e switch.
[ERROR] Re-run Maven using the -X switch to enable full debug logging.
[ERROR] 
[ERROR] For more information about the errors and possible solutions, please read the following articles:
[ERROR] [Help 1] http://cwiki.apache.org/confluence/display/MAVEN/MissingProjectException
[ERROR] The goal you specified requires a project to execute but there is no POM in this directory (/Users/kesina/eclipse-workspace/commons-cli/PythonScripts). Please verify you invoked Maven from the correct directory. -> [Help 1]
[ERROR] 
[ERROR] To see the full stack trace of the errors, re-run Maven with the -e switch.
[ERROR] Re-run Maven using the -X switch to enable full debug logging.
[ERROR] 
[ERROR] For more information about the errors and possible solutions, please read the following articles:
[ERROR] [Help 1] http://cwiki.apache.org/confluence/display/MAVEN/MissingProjectException
[ERROR] The goal you specified requires a project to execute but there is no POM in this directory (/Users/kesina/eclipse-workspace/commons-cli/PythonScripts). Please verify you invoked Maven from the correct directory. -> [Help 1]
[ERROR] 
[ERROR] To see the full stack trace of the errors, re-run Maven with the -e switch.
[ERROR] Re-run Maven using the -X switch to enable full debug logging.
[ERROR] 
[ERROR] For more information about the errors and possible solutions, please read the following articles:
[ERROR] [Help 1] http://cwiki.apache.org/confluence/display/MAVEN/MissingProjectException
OUTPUT FOLDER "13-10-2020_13_43_45" created
/Users/kesina/eclipse-workspace/commons-cli/src/main/java/org/apache/commons/cli/CommandLine
=================CFG created for CommandLine.java
DOT FILE SUCCESSFULLY CLEAN!!
CFG GRAPH PARSING STARTED OF... CommandLine.java
/Users/kesina/eclipse-workspace/commons-cli/output/13-10-2020_13_43_45/CommandLine-CFGmapping.json  CREATED
/Users/kesina/eclipse-workspace/commons-cli/output/13-10-2020_13_43_45/CommandLine-CFGedgeCoverageRequirements.txt  CREATED
/Users/kesina/eclipse-workspace/commons-cli/output/13-10-2020_13_43_45/CommandLine-CFGnodeGrpByFunction.json  CREATED
CFG GRAPH PARSED SUCCESSFULLY!
Statement coverage wasn't tracked.
SmartTest mapping not created.
[ERROR] The goal you specified requires a project to execute but there is no POM in this directory (/Users/kesina/eclipse-workspace/commons-cli/PythonScripts). Please verify you invoked Maven from the correct directory. -> [Help 1]
[ERROR] 
[ERROR] To see the full stack trace of the errors, re-run Maven with the -e switch.
[ERROR] Re-run Maven using the -X switch to enable full debug logging.
[ERROR] 
[ERROR] For more information about the errors and possible solutions, please read the following articles:
[ERROR] [Help 1] http://cwiki.apache.org/confluence/display/MAVEN/MissingProjectException
[ERROR] The goal you specified requires a project to execute but there is no POM in this directory (/Users/kesina/eclipse-workspace/commons-cli/PythonScripts). Please verify you invoked Maven from the correct directory. -> [Help 1]
[ERROR] 
[ERROR] To see the full stack trace of the errors, re-run Maven with the -e switch.
[ERROR] Re-run Maven using the -X switch to enable full debug logging.
[ERROR] 
[ERROR] For more information about the errors and possible solutions, please read the following articles:
[ERROR] [Help 1] http://cwiki.apache.org/confluence/display/MAVEN/MissingProjectException
[ERROR] The goal you specified requires a project to execute but there is no POM in this directory (/Users/kesina/eclipse-workspace/commons-cli/PythonScripts). Please verify you invoked Maven from the correct directory. -> [Help 1]
[ERROR] 
[ERROR] To see the full stack trace of the errors, re-run Maven with the -e switch.
[ERROR] Re-run Maven using the -X switch to enable full debug logging.
[ERROR] 
[ERROR] For more information about the errors and possible solutions, please read the following articles:
[ERROR] [Help 1] http://cwiki.apache.org/confluence/display/MAVEN/MissingProjectException
OUTPUT FOLDER "13-10-2020_13_43_51" created
/Users/kesina/eclipse-workspace/commons-cli/src/main/java/org/apache/commons/cli/CommandLine
=================CFG created for CommandLine.java
DOT FILE SUCCESSFULLY CLEAN!!
CFG GRAPH PARSING STARTED OF... CommandLine.java
/Users/kesina/eclipse-workspace/commons-cli/output/13-10-2020_13_43_51/CommandLine-CFGmapping.json  CREATED
/Users/kesina/eclipse-workspace/commons-cli/output/13-10-2020_13_43_51/CommandLine-CFGedgeCoverageRequirements.txt  CREATED
/Users/kesina/eclipse-workspace/commons-cli/output/13-10-2020_13_43_51/CommandLine-CFGnodeGrpByFunction.json  CREATED
CFG GRAPH PARSED SUCCESSFULLY!
Statement coverage wasn't tracked.
SmartTest mapping not created.
OUTPUT FOLDER "13-10-2020_13_43_52" created
/Users/kesina/eclipse-workspace/commons-cli/src/main/java/org/apache/commons/cli/CommandLine
=================CFG created for CommandLine.java
DOT FILE SUCCESSFULLY CLEAN!!
CFG GRAPH PARSING STARTED OF... CommandLine.java
/Users/kesina/eclipse-workspace/commons-cli/output/13-10-2020_13_43_52/CommandLine-CFGmapping.json  CREATED
/Users/kesina/eclipse-workspace/commons-cli/output/13-10-2020_13_43_52/CommandLine-CFGedgeCoverageRequirements.txt  CREATED
/Users/kesina/eclipse-workspace/commons-cli/output/13-10-2020_13_43_52/CommandLine-CFGnodeGrpByFunction.json  CREATED
CFG GRAPH PARSED SUCCESSFULLY!
Statement coverage wasn't tracked.
SmartTest mapping not created.
OUTPUT FOLDER "13-10-2020_13_43_53" created
/Users/kesina/eclipse-workspace/commons-cli/src/main/java/org/apache/commons/cli/CommandLine
=================CFG created for CommandLine.java
DOT FILE SUCCESSFULLY CLEAN!!
CFG GRAPH PARSING STARTED OF... CommandLine.java
/Users/kesina/eclipse-workspace/commons-cli/output/13-10-2020_13_43_53/CommandLine-CFGmapping.json  CREATED
/Users/kesina/eclipse-workspace/commons-cli/output/13-10-2020_13_43_53/CommandLine-CFGedgeCoverageRequirements.txt  CREATED
/Users/kesina/eclipse-workspace/commons-cli/output/13-10-2020_13_43_53/CommandLine-CFGnodeGrpByFunction.json  CREATED
CFG GRAPH PARSED SUCCESSFULLY!
Statement coverage wasn't tracked.
SmartTest mapping not created.
OUTPUT FOLDER "13-10-2020_13_43_55" created
/Users/kesina/eclipse-workspace/commons-cli/src/main/java/org/apache/commons/cli/CommandLine
=================CFG created for CommandLine.java
DOT FILE SUCCESSFULLY CLEAN!!
CFG GRAPH PARSING STARTED OF... CommandLine.java
/Users/kesina/eclipse-workspace/commons-cli/output/13-10-2020_13_43_55/CommandLine-CFGmapping.json  CREATED
/Users/kesina/eclipse-workspace/commons-cli/output/13-10-2020_13_43_55/CommandLine-CFGedgeCoverageRequirements.txt  CREATED
/Users/kesina/eclipse-workspace/commons-cli/output/13-10-2020_13_43_55/CommandLine-CFGnodeGrpByFunction.json  CREATED
CFG GRAPH PARSED SUCCESSFULLY!
Statement coverage wasn't tracked.
SmartTest mapping not created.
[ERROR] The goal you specified requires a project to execute but there is no POM in this directory (/Users/kesina/eclipse-workspace/commons-cli/PythonScripts). Please verify you invoked Maven from the correct directory. -> [Help 1]
[ERROR] 
[ERROR] To see the full stack trace of the errors, re-run Maven with the -e switch.
[ERROR] Re-run Maven using the -X switch to enable full debug logging.
[ERROR] 
[ERROR] For more information about the errors and possible solutions, please read the following articles:
[ERROR] [Help 1] http://cwiki.apache.org/confluence/display/MAVEN/MissingProjectException
[ERROR] The goal you specified requires a project to execute but there is no POM in this directory (/Users/kesina/eclipse-workspace/commons-cli/PythonScripts). Please verify you invoked Maven from the correct directory. -> [Help 1]
[ERROR] 
[ERROR] To see the full stack trace of the errors, re-run Maven with the -e switch.
[ERROR] Re-run Maven using the -X switch to enable full debug logging.
[ERROR] 
[ERROR] For more information about the errors and possible solutions, please read the following articles:
[ERROR] [Help 1] http://cwiki.apache.org/confluence/display/MAVEN/MissingProjectException
OUTPUT FOLDER "13-10-2020_13_43_59" created
/Users/kesina/eclipse-workspace/commons-cli/src/main/java/org/apache/commons/cli/CommandLine
=================CFG created for CommandLine.java
DOT FILE SUCCESSFULLY CLEAN!!
CFG GRAPH PARSING STARTED OF... CommandLine.java
/Users/kesina/eclipse-workspace/commons-cli/output/13-10-2020_13_43_59/CommandLine-CFGmapping.json  CREATED
/Users/kesina/eclipse-workspace/commons-cli/output/13-10-2020_13_43_59/CommandLine-CFGedgeCoverageRequirements.txt  CREATED
/Users/kesina/eclipse-workspace/commons-cli/output/13-10-2020_13_43_59/CommandLine-CFGnodeGrpByFunction.json  CREATED
CFG GRAPH PARSED SUCCESSFULLY!
Statement coverage wasn't tracked.
SmartTest mapping not created.
[ERROR] The goal you specified requires a project to execute but there is no POM in this directory (/Users/kesina/eclipse-workspace/commons-cli/PythonScripts). Please verify you invoked Maven from the correct directory. -> [Help 1]
[ERROR] 
[ERROR] To see the full stack trace of the errors, re-run Maven with the -e switch.
[ERROR] Re-run Maven using the -X switch to enable full debug logging.
[ERROR] 
[ERROR] For more information about the errors and possible solutions, please read the following articles:
[ERROR] [Help 1] http://cwiki.apache.org/confluence/display/MAVEN/MissingProjectException
[ERROR] The goal you specified requires a project to execute but there is no POM in this directory (/Users/kesina/eclipse-workspace/commons-cli/PythonScripts). Please verify you invoked Maven from the correct directory. -> [Help 1]
[ERROR] 
[ERROR] To see the full stack trace of the errors, re-run Maven with the -e switch.
[ERROR] Re-run Maven using the -X switch to enable full debug logging.
[ERROR] 
[ERROR] For more information about the errors and possible solutions, please read the following articles:
[ERROR] [Help 1] http://cwiki.apache.org/confluence/display/MAVEN/MissingProjectException
OUTPUT FOLDER "13-10-2020_13_44_03" created
/Users/kesina/eclipse-workspace/commons-cli/src/main/java/org/apache/commons/cli/CommandLine
=================CFG created for CommandLine.java
DOT FILE SUCCESSFULLY CLEAN!!
CFG GRAPH PARSING STARTED OF... CommandLine.java
/Users/kesina/eclipse-workspace/commons-cli/output/13-10-2020_13_44_03/CommandLine-CFGmapping.json  CREATED
/Users/kesina/eclipse-workspace/commons-cli/output/13-10-2020_13_44_03/CommandLine-CFGedgeCoverageRequirements.txt  CREATED
/Users/kesina/eclipse-workspace/commons-cli/output/13-10-2020_13_44_03/CommandLine-CFGnodeGrpByFunction.json  CREATED
CFG GRAPH PARSED SUCCESSFULLY!
Statement coverage wasn't tracked.
SmartTest mapping not created.
[ERROR] The goal you specified requires a project to execute but there is no POM in this directory (/Users/kesina/eclipse-workspace/commons-cli/PythonScripts). Please verify you invoked Maven from the correct directory. -> [Help 1]
[ERROR] 
[ERROR] To see the full stack trace of the errors, re-run Maven with the -e switch.
[ERROR] Re-run Maven using the -X switch to enable full debug logging.
[ERROR] 
[ERROR] For more information about the errors and possible solutions, please read the following articles:
[ERROR] [Help 1] http://cwiki.apache.org/confluence/display/MAVEN/MissingProjectException
[ERROR] The goal you specified requires a project to execute but there is no POM in this directory (/Users/kesina/eclipse-workspace/commons-cli/PythonScripts). Please verify you invoked Maven from the correct directory. -> [Help 1]
[ERROR] 
[ERROR] To see the full stack trace of the errors, re-run Maven with the -e switch.
[ERROR] Re-run Maven using the -X switch to enable full debug logging.
[ERROR] 
[ERROR] For more information about the errors and possible solutions, please read the following articles:
[ERROR] [Help 1] http://cwiki.apache.org/confluence/display/MAVEN/MissingProjectException
OUTPUT FOLDER "13-10-2020_13_44_08" created
/Users/kesina/eclipse-workspace/commons-cli/src/main/java/org/apache/commons/cli/CommandLine
=================CFG created for CommandLine.java
DOT FILE SUCCESSFULLY CLEAN!!
CFG GRAPH PARSING STARTED OF... CommandLine.java
/Users/kesina/eclipse-workspace/commons-cli/output/13-10-2020_13_44_08/CommandLine-CFGmapping.json  CREATED
/Users/kesina/eclipse-workspace/commons-cli/output/13-10-2020_13_44_08/CommandLine-CFGedgeCoverageRequirements.txt  CREATED
/Users/kesina/eclipse-workspace/commons-cli/output/13-10-2020_13_44_08/CommandLine-CFGnodeGrpByFunction.json  CREATED
CFG GRAPH PARSED SUCCESSFULLY!
Statement coverage wasn't tracked.
SmartTest mapping not created.
[ERROR] The goal you specified requires a project to execute but there is no POM in this directory (/Users/kesina/eclipse-workspace/commons-cli/PythonScripts). Please verify you invoked Maven from the correct directory. -> [Help 1]
[ERROR] 
[ERROR] To see the full stack trace of the errors, re-run Maven with the -e switch.
[ERROR] Re-run Maven using the -X switch to enable full debug logging.
[ERROR] 
[ERROR] For more information about the errors and possible solutions, please read the following articles:
[ERROR] [Help 1] http://cwiki.apache.org/confluence/display/MAVEN/MissingProjectException
[ERROR] The goal you specified requires a project to execute but there is no POM in this directory (/Users/kesina/eclipse-workspace/commons-cli/PythonScripts). Please verify you invoked Maven from the correct directory. -> [Help 1]
[ERROR] 
[ERROR] To see the full stack trace of the errors, re-run Maven with the -e switch.
[ERROR] Re-run Maven using the -X switch to enable full debug logging.
[ERROR] 
[ERROR] For more information about the errors and possible solutions, please read the following articles:
[ERROR] [Help 1] http://cwiki.apache.org/confluence/display/MAVEN/MissingProjectException
OUTPUT FOLDER "13-10-2020_13_44_12" created
/Users/kesina/eclipse-workspace/commons-cli/src/main/java/org/apache/commons/cli/CommandLine
=================CFG created for CommandLine.java
DOT FILE SUCCESSFULLY CLEAN!!
CFG GRAPH PARSING STARTED OF... CommandLine.java
/Users/kesina/eclipse-workspace/commons-cli/output/13-10-2020_13_44_12/CommandLine-CFGmapping.json  CREATED
/Users/kesina/eclipse-workspace/commons-cli/output/13-10-2020_13_44_12/CommandLine-CFGedgeCoverageRequirements.txt  CREATED
/Users/kesina/eclipse-workspace/commons-cli/output/13-10-2020_13_44_12/CommandLine-CFGnodeGrpByFunction.json  CREATED
CFG GRAPH PARSED SUCCESSFULLY!
Statement coverage wasn't tracked.
SmartTest mapping not created.
[ERROR] The goal you specified requires a project to execute but there is no POM in this directory (/Users/kesina/eclipse-workspace/commons-cli/PythonScripts). Please verify you invoked Maven from the correct directory. -> [Help 1]
[ERROR] 
[ERROR] To see the full stack trace of the errors, re-run Maven with the -e switch.
[ERROR] Re-run Maven using the -X switch to enable full debug logging.
[ERROR] 
[ERROR] For more information about the errors and possible solutions, please read the following articles:
[ERROR] [Help 1] http://cwiki.apache.org/confluence/display/MAVEN/MissingProjectException
[ERROR] The goal you specified requires a project to execute but there is no POM in this directory (/Users/kesina/eclipse-workspace/commons-cli/PythonScripts). Please verify you invoked Maven from the correct directory. -> [Help 1]
[ERROR] 
[ERROR] To see the full stack trace of the errors, re-run Maven with the -e switch.
[ERROR] Re-run Maven using the -X switch to enable full debug logging.
[ERROR] 
[ERROR] For more information about the errors and possible solutions, please read the following articles:
[ERROR] [Help 1] http://cwiki.apache.org/confluence/display/MAVEN/MissingProjectException
OUTPUT FOLDER "13-10-2020_13_44_16" created
/Users/kesina/eclipse-workspace/commons-cli/src/main/java/org/apache/commons/cli/CommandLine
=================CFG created for CommandLine.java
DOT FILE SUCCESSFULLY CLEAN!!
CFG GRAPH PARSING STARTED OF... CommandLine.java
/Users/kesina/eclipse-workspace/commons-cli/output/13-10-2020_13_44_16/CommandLine-CFGmapping.json  CREATED
/Users/kesina/eclipse-workspace/commons-cli/output/13-10-2020_13_44_16/CommandLine-CFGedgeCoverageRequirements.txt  CREATED
/Users/kesina/eclipse-workspace/commons-cli/output/13-10-2020_13_44_16/CommandLine-CFGnodeGrpByFunction.json  CREATED
CFG GRAPH PARSED SUCCESSFULLY!
Statement coverage wasn't tracked.
SmartTest mapping not created.
[ERROR] The goal you specified requires a project to execute but there is no POM in this directory (/Users/kesina/eclipse-workspace/commons-cli/PythonScripts). Please verify you invoked Maven from the correct directory. -> [Help 1]
[ERROR] 
[ERROR] To see the full stack trace of the errors, re-run Maven with the -e switch.
[ERROR] Re-run Maven using the -X switch to enable full debug logging.
[ERROR] 
[ERROR] For more information about the errors and possible solutions, please read the following articles:
[ERROR] [Help 1] http://cwiki.apache.org/confluence/display/MAVEN/MissingProjectException
[ERROR] The goal you specified requires a project to execute but there is no POM in this directory (/Users/kesina/eclipse-workspace/commons-cli/PythonScripts). Please verify you invoked Maven from the correct directory. -> [Help 1]
[ERROR] 
[ERROR] To see the full stack trace of the errors, re-run Maven with the -e switch.
[ERROR] Re-run Maven using the -X switch to enable full debug logging.
[ERROR] 
[ERROR] For more information about the errors and possible solutions, please read the following articles:
[ERROR] [Help 1] http://cwiki.apache.org/confluence/display/MAVEN/MissingProjectException
OUTPUT FOLDER "13-10-2020_13_44_21" created
/Users/kesina/eclipse-workspace/commons-cli/src/main/java/org/apache/commons/cli/CommandLine
=================CFG created for CommandLine.java
DOT FILE SUCCESSFULLY CLEAN!!
CFG GRAPH PARSING STARTED OF... CommandLine.java
/Users/kesina/eclipse-workspace/commons-cli/output/13-10-2020_13_44_21/CommandLine-CFGmapping.json  CREATED
/Users/kesina/eclipse-workspace/commons-cli/output/13-10-2020_13_44_21/CommandLine-CFGedgeCoverageRequirements.txt  CREATED
/Users/kesina/eclipse-workspace/commons-cli/output/13-10-2020_13_44_21/CommandLine-CFGnodeGrpByFunction.json  CREATED
CFG GRAPH PARSED SUCCESSFULLY!
Statement coverage wasn't tracked.
SmartTest mapping not created.
/Users/kesina/eclipse-workspace/commons-cli/src/main/java/org/apache/commons/cli/CommandLine
ANALYSIS OF MUTATION================ 1
bash temprunProgex.sh /Users/kesina/eclipse-workspace/commons-cli/src/main/java/org/apache/commons/cli/CommandLine PROGEX
Comparison Done
ANALYSIS OF MUTATION================ 2
bash temprunProgex.sh /Users/kesina/eclipse-workspace/commons-cli/src/main/java/org/apache/commons/cli/CommandLine PROGEX
Comparison Done
ANALYSIS OF MUTATION================ 3
bash temprunProgex.sh /Users/kesina/eclipse-workspace/commons-cli/src/main/java/org/apache/commons/cli/CommandLine PROGEX
Comparison Done
ANALYSIS OF MUTATION================ 4
bash temprunProgex.sh /Users/kesina/eclipse-workspace/commons-cli/src/main/java/org/apache/commons/cli/CommandLine PROGEX
Comparison Done
ANALYSIS OF MUTATION================ 5
bash temprunProgex.sh /Users/kesina/eclipse-workspace/commons-cli/src/main/java/org/apache/commons/cli/CommandLine PROGEX
Comparison Done
ANALYSIS OF MUTATION================ 6
bash temprunProgex.sh /Users/kesina/eclipse-workspace/commons-cli/src/main/java/org/apache/commons/cli/CommandLine PROGEX
Comparison Done
ANALYSIS OF MUTATION================ 7
bash temprunProgex.sh /Users/kesina/eclipse-workspace/commons-cli/src/main/java/org/apache/commons/cli/CommandLine PROGEX
Comparison Done
ANALYSIS OF MUTATION================ 8
bash temprunProgex.sh /Users/kesina/eclipse-workspace/commons-cli/src/main/java/org/apache/commons/cli/CommandLine PROGEX
Comparison Done
testFailed for mutation 8
testFailed for mutation 8
testFailed for mutation 8
testFailed for mutation 8
ANALYSIS OF MUTATION================ 9
bash temprunProgex.sh /Users/kesina/eclipse-workspace/commons-cli/src/main/java/org/apache/commons/cli/CommandLine PROGEX
Comparison Done
testFailed for mutation 9
ANALYSIS OF MUTATION================ 10
bash temprunProgex.sh /Users/kesina/eclipse-workspace/commons-cli/src/main/java/org/apache/commons/cli/CommandLine PROGEX
Comparison Done
testFailed for mutation 10
testFailed for mutation 10
testFailed for mutation 10
ANALYSIS OF MUTATION================ 11
bash temprunProgex.sh /Users/kesina/eclipse-workspace/commons-cli/src/main/java/org/apache/commons/cli/CommandLine PROGEX
Comparison Done
testFailed for mutation 11
testFailed for mutation 11
testFailed for mutation 11
ANALYSIS OF MUTATION================ 12
bash temprunProgex.sh /Users/kesina/eclipse-workspace/commons-cli/src/main/java/org/apache/commons/cli/CommandLine PROGEX
Comparison Done
ANALYSIS OF MUTATION================ 13
bash temprunProgex.sh /Users/kesina/eclipse-workspace/commons-cli/src/main/java/org/apache/commons/cli/CommandLine PROGEX
Comparison Done
testFailed for mutation 13
testFailed for mutation 13
testFailed for mutation 13
ANALYSIS OF MUTATION================ 14
bash temprunProgex.sh /Users/kesina/eclipse-workspace/commons-cli/src/main/java/org/apache/commons/cli/CommandLine PROGEX
Comparison Done
ANALYSIS OF MUTATION================ 15
bash temprunProgex.sh /Users/kesina/eclipse-workspace/commons-cli/src/main/java/org/apache/commons/cli/CommandLine PROGEX
Comparison Done
ANALYSIS OF MUTATION================ 16
bash temprunProgex.sh /Users/kesina/eclipse-workspace/commons-cli/src/main/java/org/apache/commons/cli/CommandLine PROGEX
Comparison Done
ANALYSIS OF MUTATION================ 17
bash temprunProgex.sh /Users/kesina/eclipse-workspace/commons-cli/src/main/java/org/apache/commons/cli/CommandLine PROGEX
Comparison Done
testFailed for mutation 17
testFailed for mutation 17
testFailed for mutation 17
testFailed for mutation 17
ANALYSIS OF MUTATION================ 18
bash temprunProgex.sh /Users/kesina/eclipse-workspace/commons-cli/src/main/java/org/apache/commons/cli/CommandLine PROGEX
Comparison Done
testFailed for mutation 18
ANALYSIS OF MUTATION================ 19
bash temprunProgex.sh /Users/kesina/eclipse-workspace/commons-cli/src/main/java/org/apache/commons/cli/CommandLine PROGEX
Comparison Done
testFailed for mutation 19
testFailed for mutation 19
testFailed for mutation 19
ANALYSIS OF MUTATION================ 20
bash temprunProgex.sh /Users/kesina/eclipse-workspace/commons-cli/src/main/java/org/apache/commons/cli/CommandLine PROGEX
Comparison Done
testFailed for mutation 20
testFailed for mutation 20
testFailed for mutation 20
ANALYSIS OF MUTATION================ 21
bash temprunProgex.sh /Users/kesina/eclipse-workspace/commons-cli/src/main/java/org/apache/commons/cli/CommandLine PROGEX
Comparison Done
ANALYSIS OF MUTATION================ 22
bash temprunProgex.sh /Users/kesina/eclipse-workspace/commons-cli/src/main/java/org/apache/commons/cli/CommandLine PROGEX
Comparison Done
ANALYSIS OF MUTATION================ 23
bash temprunProgex.sh /Users/kesina/eclipse-workspace/commons-cli/src/main/java/org/apache/commons/cli/CommandLine PROGEX
Comparison Done
ANALYSIS OF MUTATION================ 24
bash temprunProgex.sh /Users/kesina/eclipse-workspace/commons-cli/src/main/java/org/apache/commons/cli/CommandLine PROGEX
Comparison Done
ANALYSIS OF MUTATION================ 25
bash temprunProgex.sh /Users/kesina/eclipse-workspace/commons-cli/src/main/java/org/apache/commons/cli/CommandLine PROGEX
Comparison Done
testFailed for mutation 25
testFailed for mutation 25
testFailed for mutation 25
ANALYSIS OF MUTATION================ 26
bash temprunProgex.sh /Users/kesina/eclipse-workspace/commons-cli/src/main/java/org/apache/commons/cli/CommandLine PROGEX
Comparison Done
testFailed for mutation 26
testFailed for mutation 26
testFailed for mutation 26
ANALYSIS OF MUTATION================ 27
bash temprunProgex.sh /Users/kesina/eclipse-workspace/commons-cli/src/main/java/org/apache/commons/cli/CommandLine PROGEX
Comparison Done
testFailed for mutation 27
testFailed for mutation 27
testFailed for mutation 27
ANALYSIS OF MUTATION================ 28
bash temprunProgex.sh /Users/kesina/eclipse-workspace/commons-cli/src/main/java/org/apache/commons/cli/CommandLine PROGEX
Comparison Done
testFailed for mutation 28
testFailed for mutation 28
testFailed for mutation 28
ANALYSIS OF MUTATION================ 29
bash temprunProgex.sh /Users/kesina/eclipse-workspace/commons-cli/src/main/java/org/apache/commons/cli/CommandLine PROGEX
Comparison Done
ANALYSIS OF MUTATION================ 30
bash temprunProgex.sh /Users/kesina/eclipse-workspace/commons-cli/src/main/java/org/apache/commons/cli/CommandLine PROGEX
Comparison Done
ANALYSIS OF MUTATION================ 31
bash temprunProgex.sh /Users/kesina/eclipse-workspace/commons-cli/src/main/java/org/apache/commons/cli/CommandLine PROGEX
Comparison Done
ANALYSIS OF MUTATION================ 32
bash temprunProgex.sh /Users/kesina/eclipse-workspace/commons-cli/src/main/java/org/apache/commons/cli/CommandLine PROGEX
Comparison Done
testFailed for mutation 32
testFailed for mutation 32
ANALYSIS OF MUTATION================ 33
bash temprunProgex.sh /Users/kesina/eclipse-workspace/commons-cli/src/main/java/org/apache/commons/cli/CommandLine PROGEX
Comparison Done
testFailed for mutation 33
testFailed for mutation 33
ANALYSIS OF MUTATION================ 34
bash temprunProgex.sh /Users/kesina/eclipse-workspace/commons-cli/src/main/java/org/apache/commons/cli/CommandLine PROGEX
Comparison Done
testFailed for mutation 34
testFailed for mutation 34
ANALYSIS OF MUTATION================ 35
bash temprunProgex.sh /Users/kesina/eclipse-workspace/commons-cli/src/main/java/org/apache/commons/cli/CommandLine PROGEX
Comparison Done
testFailed for mutation 35
testFailed for mutation 35
ANALYSIS OF MUTATION================ 36
bash temprunProgex.sh /Users/kesina/eclipse-workspace/commons-cli/src/main/java/org/apache/commons/cli/CommandLine PROGEX
Comparison Done
testFailed for mutation 36
testFailed for mutation 36
ANALYSIS OF MUTATION================ 37
bash temprunProgex.sh /Users/kesina/eclipse-workspace/commons-cli/src/main/java/org/apache/commons/cli/CommandLine PROGEX
Comparison Done
testFailed for mutation 37
testFailed for mutation 37
ANALYSIS OF MUTATION================ 38
bash temprunProgex.sh /Users/kesina/eclipse-workspace/commons-cli/src/main/java/org/apache/commons/cli/CommandLine PROGEX
Comparison Done
ANALYSIS OF MUTATION================OUTPUT FOLDER "13-10-2020_13_44_22" created
/Users/kesina/eclipse-workspace/commons-cli/src/main/java/org/apache/commons/cli/CommandLine
=================CFG created for CommandLine.java
DOT FILE SUCCESSFULLY CLEAN!!
CFG GRAPH PARSING STARTED OF... CommandLine.java
/Users/kesina/eclipse-workspace/commons-cli/output/13-10-2020_13_44_22/CommandLine-CFGmapping.json  CREATED
/Users/kesina/eclipse-workspace/commons-cli/output/13-10-2020_13_44_22/CommandLine-CFGedgeCoverageRequirements.txt  CREATED
/Users/kesina/eclipse-workspace/commons-cli/output/13-10-2020_13_44_22/CommandLine-CFGnodeGrpByFunction.json  CREATED
CFG GRAPH PARSED SUCCESSFULLY!
Statement coverage wasn't tracked.
SmartTest mapping not created.
OUTPUT FOLDER "13-10-2020_13_44_23" created
/Users/kesina/eclipse-workspace/commons-cli/src/main/java/org/apache/commons/cli/CommandLine
=================CFG created for CommandLine.java
DOT FILE SUCCESSFULLY CLEAN!!
CFG GRAPH PARSING STARTED OF... CommandLine.java
/Users/kesina/eclipse-workspace/commons-cli/output/13-10-2020_13_44_23/CommandLine-CFGmapping.json  CREATED
/Users/kesina/eclipse-workspace/commons-cli/output/13-10-2020_13_44_23/CommandLine-CFGedgeCoverageRequirements.txt  CREATED
/Users/kesina/eclipse-workspace/commons-cli/output/13-10-2020_13_44_23/CommandLine-CFGnodeGrpByFunction.json  CREATED
CFG GRAPH PARSED SUCCESSFULLY!
Statement coverage wasn't tracked.
SmartTest mapping not created.
OUTPUT FOLDER "13-10-2020_13_44_25" created
/Users/kesina/eclipse-workspace/commons-cli/src/main/java/org/apache/commons/cli/CommandLine
=================CFG created for CommandLine.java
DOT FILE SUCCESSFULLY CLEAN!!
CFG GRAPH PARSING STARTED OF... CommandLine.java
/Users/kesina/eclipse-workspace/commons-cli/output/13-10-2020_13_44_25/CommandLine-CFGmapping.json  CREATED
/Users/kesina/eclipse-workspace/commons-cli/output/13-10-2020_13_44_25/CommandLine-CFGedgeCoverageRequirements.txt  CREATED
/Users/kesina/eclipse-workspace/commons-cli/output/13-10-2020_13_44_25/CommandLine-CFGnodeGrpByFunction.json  CREATED
CFG GRAPH PARSED SUCCESSFULLY!
Statement coverage wasn't tracked.
SmartTest mapping not created.
OUTPUT FOLDER "13-10-2020_13_44_26" created
/Users/kesina/eclipse-workspace/commons-cli/src/main/java/org/apache/commons/cli/CommandLine
=================CFG created for CommandLine.java
DOT FILE SUCCESSFULLY CLEAN!!
CFG GRAPH PARSING STARTED OF... CommandLine.java
/Users/kesina/eclipse-workspace/commons-cli/output/13-10-2020_13_44_26/CommandLine-CFGmapping.json  CREATED
/Users/kesina/eclipse-workspace/commons-cli/output/13-10-2020_13_44_26/CommandLine-CFGedgeCoverageRequirements.txt  CREATED
/Users/kesina/eclipse-workspace/commons-cli/output/13-10-2020_13_44_26/CommandLine-CFGnodeGrpByFunction.json  CREATED
CFG GRAPH PARSED SUCCESSFULLY!
Statement coverage wasn't tracked.
SmartTest mapping not created.
OUTPUT FOLDER "13-10-2020_13_44_27" created
/Users/kesina/eclipse-workspace/commons-cli/src/main/java/org/apache/commons/cli/CommandLine
=================CFG created for CommandLine.java
DOT FILE SUCCESSFULLY CLEAN!!
CFG GRAPH PARSING STARTED OF... CommandLine.java
/Users/kesina/eclipse-workspace/commons-cli/output/13-10-2020_13_44_27/CommandLine-CFGmapping.json  CREATED
/Users/kesina/eclipse-workspace/commons-cli/output/13-10-2020_13_44_27/CommandLine-CFGedgeCoverageRequirements.txt  CREATED
/Users/kesina/eclipse-workspace/commons-cli/output/13-10-2020_13_44_27/CommandLine-CFGnodeGrpByFunction.json  CREATED
CFG GRAPH PARSED SUCCESSFULLY!
Statement coverage wasn't tracked.
SmartTest mapping not created.
OUTPUT FOLDER "13-10-2020_13_44_28" created
/Users/kesina/eclipse-workspace/commons-cli/src/main/java/org/apache/commons/cli/CommandLine
=================CFG created for CommandLine.java
DOT FILE SUCCESSFULLY CLEAN!!
CFG GRAPH PARSING STARTED OF... CommandLine.java
/Users/kesina/eclipse-workspace/commons-cli/output/13-10-2020_13_44_28/CommandLine-CFGmapping.json  CREATED
/Users/kesina/eclipse-workspace/commons-cli/output/13-10-2020_13_44_28/CommandLine-CFGedgeCoverageRequirements.txt  CREATED
/Users/kesina/eclipse-workspace/commons-cli/output/13-10-2020_13_44_28/CommandLine-CFGnodeGrpByFunction.json  CREATED
CFG GRAPH PARSED SUCCESSFULLY!
Statement coverage wasn't tracked.
SmartTest mapping not created.
OUTPUT FOLDER "13-10-2020_13_44_29" created
/Users/kesina/eclipse-workspace/commons-cli/src/main/java/org/apache/commons/cli/CommandLine
=================CFG created for CommandLine.java
DOT FILE SUCCESSFULLY CLEAN!!
CFG GRAPH PARSING STARTED OF... CommandLine.java
/Users/kesina/eclipse-workspace/commons-cli/output/13-10-2020_13_44_29/CommandLine-CFGmapping.json  CREATED
/Users/kesina/eclipse-workspace/commons-cli/output/13-10-2020_13_44_29/CommandLine-CFGedgeCoverageRequirements.txt  CREATED
/Users/kesina/eclipse-workspace/commons-cli/output/13-10-2020_13_44_29/CommandLine-CFGnodeGrpByFunction.json  CREATED
CFG GRAPH PARSED SUCCESSFULLY!
Statement coverage wasn't tracked.
SmartTest mapping not created.
OUTPUT FOLDER "13-10-2020_13_44_31" created
/Users/kesina/eclipse-workspace/commons-cli/src/main/java/org/apache/commons/cli/CommandLine
=================CFG created for CommandLine.java
DOT FILE SUCCESSFULLY CLEAN!!
CFG GRAPH PARSING STARTED OF... CommandLine.java
/Users/kesina/eclipse-workspace/commons-cli/output/13-10-2020_13_44_31/CommandLine-CFGmapping.json  CREATED
/Users/kesina/eclipse-workspace/commons-cli/output/13-10-2020_13_44_31/CommandLine-CFGedgeCoverageRequirements.txt  CREATED
/Users/kesina/eclipse-workspace/commons-cli/output/13-10-2020_13_44_31/CommandLine-CFGnodeGrpByFunction.json  CREATED
CFG GRAPH PARSED SUCCESSFULLY!
Statement coverage wasn't tracked.
SmartTest mapping not created.
OUTPUT FOLDER "13-10-2020_13_44_32" created
/Users/kesina/eclipse-workspace/commons-cli/src/main/java/org/apache/commons/cli/CommandLine
=================CFG created for CommandLine.java
DOT FILE SUCCESSFULLY CLEAN!!
CFG GRAPH PARSING STARTED OF... CommandLine.java
/Users/kesina/eclipse-workspace/commons-cli/output/13-10-2020_13_44_32/CommandLine-CFGmapping.json  CREATED
/Users/kesina/eclipse-workspace/commons-cli/output/13-10-2020_13_44_32/CommandLine-CFGedgeCoverageRequirements.txt  CREATED
/Users/kesina/eclipse-workspace/commons-cli/output/13-10-2020_13_44_32/CommandLine-CFGnodeGrpByFunction.json  CREATED
CFG GRAPH PARSED SUCCESSFULLY!
Statement coverage wasn't tracked.
SmartTest mapping not created.
OUTPUT FOLDER "13-10-2020_13_44_33" created
/Users/kesina/eclipse-workspace/commons-cli/src/main/java/org/apache/commons/cli/CommandLine
=================CFG created for CommandLine.java
DOT FILE SUCCESSFULLY CLEAN!!
CFG GRAPH PARSING STARTED OF... CommandLine.java
/Users/kesina/eclipse-workspace/commons-cli/output/13-10-2020_13_44_33/CommandLine-CFGmapping.json  CREATED
/Users/kesina/eclipse-workspace/commons-cli/output/13-10-2020_13_44_33/CommandLine-CFGedgeCoverageRequirements.txt  CREATED
/Users/kesina/eclipse-workspace/commons-cli/output/13-10-2020_13_44_33/CommandLine-CFGnodeGrpByFunction.json  CREATED
CFG GRAPH PARSED SUCCESSFULLY!
Statement coverage wasn't tracked.
SmartTest mapping not created.
OUTPUT FOLDER "13-10-2020_13_44_34" created
/Users/kesina/eclipse-workspace/commons-cli/src/main/java/org/apache/commons/cli/CommandLine
=================CFG created for CommandLine.java
DOT FILE SUCCESSFULLY CLEAN!!
CFG GRAPH PARSING STARTED OF... CommandLine.java
/Users/kesina/eclipse-workspace/commons-cli/output/13-10-2020_13_44_34/CommandLine-CFGmapping.json  CREATED
/Users/kesina/eclipse-workspace/commons-cli/output/13-10-2020_13_44_34/CommandLine-CFGedgeCoverageRequirements.txt  CREATED
/Users/kesina/eclipse-workspace/commons-cli/output/13-10-2020_13_44_34/CommandLine-CFGnodeGrpByFunction.json  CREATED
CFG GRAPH PARSED SUCCESSFULLY!
Statement coverage wasn't tracked.
SmartTest mapping not created.
OUTPUT FOLDER "13-10-2020_13_44_35" created
/Users/kesina/eclipse-workspace/commons-cli/src/main/java/org/apache/commons/cli/CommandLine
=================CFG created for CommandLine.java
DOT FILE SUCCESSFULLY CLEAN!!
CFG GRAPH PARSING STARTED OF... CommandLine.java
/Users/kesina/eclipse-workspace/commons-cli/output/13-10-2020_13_44_35/CommandLine-CFGmapping.json  CREATED
/Users/kesina/eclipse-workspace/commons-cli/output/13-10-2020_13_44_35/CommandLine-CFGedgeCoverageRequirements.txt  CREATED
/Users/kesina/eclipse-workspace/commons-cli/output/13-10-2020_13_44_35/CommandLine-CFGnodeGrpByFunction.json  CREATED
CFG GRAPH PARSED SUCCESSFULLY!
Statement coverage wasn't tracked.
SmartTest mapping not created.
 39
bash temprunProgex.sh /Users/kesina/eclipse-workspace/commons-cli/src/main/java/org/apache/commons/cli/CommandLine PROGEX
Comparison Done
ANALYSIS OF MUTATION================ 40
bash temprunProgex.sh /Users/kesina/eclipse-workspace/commons-cli/src/main/java/org/apache/commons/cli/CommandLine PROGEX
Comparison Done
ANALYSIS OF MUTATION================ 41
bash temprunProgex.sh /Users/kesina/eclipse-workspace/commons-cli/src/main/java/org/apache/commons/cli/CommandLine PROGEX
Comparison Done
ANALYSIS OF MUTATION================ 42
bash temprunProgex.sh /Users/kesina/eclipse-workspace/commons-cli/src/main/java/org/apache/commons/cli/CommandLine PROGEX
Comparison Done
ANALYSIS OF MUTATION================ 43
bash temprunProgex.sh /Users/kesina/eclipse-workspace/commons-cli/src/main/java/org/apache/commons/cli/CommandLine PROGEX
Comparison Done
ANALYSIS OF MUTATION================ 44
bash temprunProgex.sh /Users/kesina/eclipse-workspace/commons-cli/src/main/java/org/apache/commons/cli/CommandLine PROGEX
Comparison Done
ANALYSIS OF MUTATION================ 45
bash temprunProgex.sh /Users/kesina/eclipse-workspace/commons-cli/src/main/java/org/apache/commons/cli/CommandLine PROGEX
Comparison Done
ANALYSIS OF MUTATION================ 46
bash temprunProgex.sh /Users/kesina/eclipse-workspace/commons-cli/src/main/java/org/apache/commons/cli/CommandLine PROGEX
Comparison Done
ANALYSIS OF MUTATION================ 47
bash temprunProgex.sh /Users/kesina/eclipse-workspace/commons-cli/src/main/java/org/apache/commons/cli/CommandLine PROGEX
Comparison Done
ANALYSIS OF MUTATION================ 48
bash temprunProgex.sh /Users/kesina/eclipse-workspace/commons-cli/src/main/java/org/apache/commons/cli/CommandLine PROGEX
Comparison Done
ANALYSIS OF MUTATION================ 49
bash temprunProgex.sh /Users/kesina/eclipse-workspace/commons-cli/src/main/java/org/apache/commons/cli/CommandLine PROGEX
Comparison Done
ANALYSIS OF MUTATION================ 50
bash temprunProgex.sh /Users/kesina/eclipse-workspace/commons-cli/src/main/java/org/apache/commons/cli/CommandLine PROGEX
Comparison Done
No test to rerun
Output saved
==================TIME TAKEN FOR ANALYSIS======================== 132.40464806556702
