OUTPUT FOLDER "09-10-2020_12_04_16" created
/Users/kesina/eclipse-workspace/commons-csv/src/main/java/org/apache/commons/csv/Lexer
=================CFG created for Lexer.java
DOT FILE SUCCESSFULLY CLEAN!!
CFG GRAPH PARSING STARTED OF... Lexer.java
/Users/kesina/eclipse-workspace/commons-csv/output/09-10-2020_12_04_16/Lexer-CFGmapping.json  CREATED
/Users/kesina/eclipse-workspace/commons-csv/output/09-10-2020_12_04_16/Lexer-CFGedgeCoverageRequirements.txt  CREATED
/Users/kesina/eclipse-workspace/commons-csv/output/09-10-2020_12_04_16/Lexer-CFGnodeGrpByFunction.json  CREATED
CFG GRAPH PARSED SUCCESSFULLY!
Statement coverage wasn't tracked.
SmartTest mapping not created.
OUTPUT FOLDER "09-10-2020_12_04_18" created
/Users/kesina/eclipse-workspace/commons-csv/src/main/java/org/apache/commons/csv/Lexer
=================CFG created for Lexer.java
DOT FILE SUCCESSFULLY CLEAN!!
CFG GRAPH PARSING STARTED OF... Lexer.java
/Users/kesina/eclipse-workspace/commons-csv/output/09-10-2020_12_04_18/Lexer-CFGmapping.json  CREATED
/Users/kesina/eclipse-workspace/commons-csv/output/09-10-2020_12_04_18/Lexer-CFGedgeCoverageRequirements.txt  CREATED
/Users/kesina/eclipse-workspace/commons-csv/output/09-10-2020_12_04_18/Lexer-CFGnodeGrpByFunction.json  CREATED
CFG GRAPH PARSED SUCCESSFULLY!
Statement coverage wasn't tracked.
SmartTest mapping not created.
OUTPUT FOLDER "09-10-2020_12_04_20" created
/Users/kesina/eclipse-workspace/commons-csv/src/main/java/org/apache/commons/csv/Lexer
=================CFG created for Lexer.java
DOT FILE SUCCESSFULLY CLEAN!!
CFG GRAPH PARSING STARTED OF... Lexer.java
/Users/kesina/eclipse-workspace/commons-csv/output/09-10-2020_12_04_20/Lexer-CFGmapping.json  CREATED
/Users/kesina/eclipse-workspace/commons-csv/output/09-10-2020_12_04_20/Lexer-CFGedgeCoverageRequirements.txt  CREATED
/Users/kesina/eclipse-workspace/commons-csv/output/09-10-2020_12_04_20/Lexer-CFGnodeGrpByFunction.json  CREATED
CFG GRAPH PARSED SUCCESSFULLY!
Statement coverage wasn't tracked.
SmartTest mapping not created.
OUTPUT FOLDER "09-10-2020_12_04_22" created
/Users/kesina/eclipse-workspace/commons-csv/src/main/java/org/apache/commons/csv/Lexer
=================CFG created for Lexer.java
DOT FILE SUCCESSFULLY CLEAN!!
CFG GRAPH PARSING STARTED OF... Lexer.java
/Users/kesina/eclipse-workspace/commons-csv/output/09-10-2020_12_04_22/Lexer-CFGmapping.json  CREATED
/Users/kesina/eclipse-workspace/commons-csv/output/09-10-2020_12_04_22/Lexer-CFGedgeCoverageRequirements.txt  CREATED
/Users/kesina/eclipse-workspace/commons-csv/output/09-10-2020_12_04_22/Lexer-CFGnodeGrpByFunction.json  CREATED
CFG GRAPH PARSED SUCCESSFULLY!
Statement coverage wasn't tracked.
SmartTest mapping not created.
OUTPUT FOLDER "09-10-2020_12_04_24" created
/Users/kesina/eclipse-workspace/commons-csv/src/main/java/org/apache/commons/csv/Lexer
=================CFG created for Lexer.java
DOT FILE SUCCESSFULLY CLEAN!!
CFG GRAPH PARSING STARTED OF... Lexer.java
/Users/kesina/eclipse-workspace/commons-csv/output/09-10-2020_12_04_24/Lexer-CFGmapping.json  CREATED
/Users/kesina/eclipse-workspace/commons-csv/output/09-10-2020_12_04_24/Lexer-CFGedgeCoverageRequirements.txt  CREATED
/Users/kesina/eclipse-workspace/commons-csv/output/09-10-2020_12_04_24/Lexer-CFGnodeGrpByFunction.json  CREATED
CFG GRAPH PARSED SUCCESSFULLY!
Statement coverage wasn't tracked.
SmartTest mapping not created.
OUTPUT FOLDER "09-10-2020_12_04_26" created
/Users/kesina/eclipse-workspace/commons-csv/src/main/java/org/apache/commons/csv/Lexer
=================CFG created for Lexer.java
DOT FILE SUCCESSFULLY CLEAN!!
CFG GRAPH PARSING STARTED OF... Lexer.java
/Users/kesina/eclipse-workspace/commons-csv/output/09-10-2020_12_04_26/Lexer-CFGmapping.json  CREATED
/Users/kesina/eclipse-workspace/commons-csv/output/09-10-2020_12_04_26/Lexer-CFGedgeCoverageRequirements.txt  CREATED
/Users/kesina/eclipse-workspace/commons-csv/output/09-10-2020_12_04_26/Lexer-CFGnodeGrpByFunction.json  CREATED
CFG GRAPH PARSED SUCCESSFULLY!
Statement coverage wasn't tracked.
SmartTest mapping not created.
OUTPUT FOLDER "09-10-2020_12_04_27" created
/Users/kesina/eclipse-workspace/commons-csv/src/main/java/org/apache/commons/csv/Lexer
=================CFG created for Lexer.java
DOT FILE SUCCESSFULLY CLEAN!!
CFG GRAPH PARSING STARTED OF... Lexer.java
/Users/kesina/eclipse-workspace/commons-csv/output/09-10-2020_12_04_27/Lexer-CFGmapping.json  CREATED
/Users/kesina/eclipse-workspace/commons-csv/output/09-10-2020_12_04_27/Lexer-CFGedgeCoverageRequirements.txt  CREATED
/Users/kesina/eclipse-workspace/commons-csv/output/09-10-2020_12_04_27/Lexer-CFGnodeGrpByFunction.json  CREATED
CFG GRAPH PARSED SUCCESSFULLY!
Statement coverage wasn't tracked.
SmartTest mapping not created.
OUTPUT FOLDER "09-10-2020_12_04_29" created
/Users/kesina/eclipse-workspace/commons-csv/src/main/java/org/apache/commons/csv/Lexer
=================CFG created for Lexer.java
DOT FILE SUCCESSFULLY CLEAN!!
CFG GRAPH PARSING STARTED OF... Lexer.java
/Users/kesina/eclipse-workspace/commons-csv/output/09-10-2020_12_04_29/Lexer-CFGmapping.json  CREATED
/Users/kesina/eclipse-workspace/commons-csv/output/09-10-2020_12_04_29/Lexer-CFGedgeCoverageRequirements.txt  CREATED
/Users/kesina/eclipse-workspace/commons-csv/output/09-10-2020_12_04_29/Lexer-CFGnodeGrpByFunction.json  CREATED
CFG GRAPH PARSED SUCCESSFULLY!
Statement coverage wasn't tracked.
SmartTest mapping not created.
OUTPUT FOLDER "09-10-2020_12_04_30" created
/Users/kesina/eclipse-workspace/commons-csv/src/main/java/org/apache/commons/csv/Lexer
=================CFG created for Lexer.java
DOT FILE SUCCESSFULLY CLEAN!!
CFG GRAPH PARSING STARTED OF... Lexer.java
/Users/kesina/eclipse-workspace/commons-csv/output/09-10-2020_12_04_30/Lexer-CFGmapping.json  CREATED
/Users/kesina/eclipse-workspace/commons-csv/output/09-10-2020_12_04_30/Lexer-CFGedgeCoverageRequirements.txt  CREATED
/Users/kesina/eclipse-workspace/commons-csv/output/09-10-2020_12_04_30/Lexer-CFGnodeGrpByFunction.json  CREATED
CFG GRAPH PARSED SUCCESSFULLY!
Statement coverage wasn't tracked.
SmartTest mapping not created.
OUTPUT FOLDER "09-10-2020_12_04_32" created
/Users/kesina/eclipse-workspace/commons-csv/src/main/java/org/apache/commons/csv/Lexer
=================CFG created for Lexer.java
DOT FILE SUCCESSFULLY CLEAN!!
CFG GRAPH PARSING STARTED OF... Lexer.java
/Users/kesina/eclipse-workspace/commons-csv/output/09-10-2020_12_04_32/Lexer-CFGmapping.json  CREATED
/Users/kesina/eclipse-workspace/commons-csv/output/09-10-2020_12_04_32/Lexer-CFGedgeCoverageRequirements.txt  CREATED
/Users/kesina/eclipse-workspace/commons-csv/output/09-10-2020_12_04_32/Lexer-CFGnodeGrpByFunction.json  CREATED
CFG GRAPH PARSED SUCCESSFULLY!
Statement coverage wasn't tracked.
SmartTest mapping not created.
OUTPUT FOLDER "09-10-2020_12_04_34" created
/Users/kesina/eclipse-workspace/commons-csv/src/main/java/org/apache/commons/csv/Lexer
=================CFG created for Lexer.java
DOT FILE SUCCESSFULLY CLEAN!!
CFG GRAPH PARSING STARTED OF... Lexer.java
/Users/kesina/eclipse-workspace/commons-csv/output/09-10-2020_12_04_34/Lexer-CFGmapping.json  CREATED
/Users/kesina/eclipse-workspace/commons-csv/output/09-10-2020_12_04_34/Lexer-CFGedgeCoverageRequirements.txt  CREATED
/Users/kesina/eclipse-workspace/commons-csv/output/09-10-2020_12_04_34/Lexer-CFGnodeGrpByFunction.json  CREATED
CFG GRAPH PARSED SUCCESSFULLY!
Statement coverage wasn't tracked.
SmartTest mapping not created.
OUTPUT FOLDER "09-10-2020_12_04_36" created
/Users/kesina/eclipse-workspace/commons-csv/src/main/java/org/apache/commons/csv/Lexer
=================CFG created for Lexer.java
DOT FILE SUCCESSFULLY CLEAN!!
CFG GRAPH PARSING STARTED OF... Lexer.java
/Users/kesina/eclipse-workspace/commons-csv/output/09-10-2020_12_04_36/Lexer-CFGmapping.json  CREATED
/Users/kesina/eclipse-workspace/commons-csv/output/09-10-2020_12_04_36/Lexer-CFGedgeCoverageRequirements.txt  CREATED
/Users/kesina/eclipse-workspace/commons-csv/output/09-10-2020_12_04_36/Lexer-CFGnodeGrpByFunction.json  CREATED
CFG GRAPH PARSED SUCCESSFULLY!
Statement coverage wasn't tracked.
SmartTest mapping not created.
OUTPUT FOLDER "09-10-2020_12_04_37" created
/Users/kesina/eclipse-workspace/commons-csv/src/main/java/org/apache/commons/csv/Lexer
=================CFG created for Lexer.java
DOT FILE SUCCESSFULLY CLEAN!!
CFG GRAPH PARSING STARTED OF... Lexer.java
/Users/kesina/eclipse-workspace/commons-csv/output/09-10-2020_12_04_37/Lexer-CFGmapping.json  CREATED
/Users/kesina/eclipse-workspace/commons-csv/output/09-10-2020_12_04_37/Lexer-CFGedgeCoverageRequirements.txt  CREATED
/Users/kesina/eclipse-workspace/commons-csv/output/09-10-2020_12_04_37/Lexer-CFGnodeGrpByFunction.json  CREATED
CFG GRAPH PARSED SUCCESSFULLY!
Statement coverage wasn't tracked.
SmartTest mapping not created.
OUTPUT FOLDER "09-10-2020_12_04_39" created
/Users/kesina/eclipse-workspace/commons-csv/src/main/java/org/apache/commons/csv/Lexer
=================CFG created for Lexer.java
DOT FILE SUCCESSFULLY CLEAN!!
CFG GRAPH PARSING STARTED OF... Lexer.java
/Users/kesina/eclipse-workspace/commons-csv/output/09-10-2020_12_04_39/Lexer-CFGmapping.json  CREATED
/Users/kesina/eclipse-workspace/commons-csv/output/09-10-2020_12_04_39/Lexer-CFGedgeCoverageRequirements.txt  CREATED
/Users/kesina/eclipse-workspace/commons-csv/output/09-10-2020_12_04_39/Lexer-CFGnodeGrpByFunction.json  CREATED
CFG GRAPH PARSED SUCCESSFULLY!
Statement coverage wasn't tracked.
SmartTest mapping not created.
OUTPUT FOLDER "09-10-2020_12_04_40" created
/Users/kesina/eclipse-workspace/commons-csv/src/main/java/org/apache/commons/csv/Lexer
=================CFG created for Lexer.java
DOT FILE SUCCESSFULLY CLEAN!!
CFG GRAPH PARSING STARTED OF... Lexer.java
/Users/kesina/eclipse-workspace/commons-csv/output/09-10-2020_12_04_40/Lexer-CFGmapping.json  CREATED
/Users/kesina/eclipse-workspace/commons-csv/output/09-10-2020_12_04_40/Lexer-CFGedgeCoverageRequirements.txt  CREATED
/Users/kesina/eclipse-workspace/commons-csv/output/09-10-2020_12_04_40/Lexer-CFGnodeGrpByFunction.json  CREATED
CFG GRAPH PARSED SUCCESSFULLY!
Statement coverage wasn't tracked.
SmartTest mapping not created.
OUTPUT FOLDER "09-10-2020_12_04_42" created
/Users/kesina/eclipse-workspace/commons-csv/src/main/java/org/apache/commons/csv/Lexer
=================CFG created for Lexer.java
DOT FILE SUCCESSFULLY CLEAN!!
CFG GRAPH PARSING STARTED OF... Lexer.java
/Users/kesina/eclipse-workspace/commons-csv/output/09-10-2020_12_04_42/Lexer-CFGmapping.json  CREATED
/Users/kesina/eclipse-workspace/commons-csv/output/09-10-2020_12_04_42/Lexer-CFGedgeCoverageRequirements.txt  CREATED
/Users/kesina/eclipse-workspace/commons-csv/output/09-10-2020_12_04_42/Lexer-CFGnodeGrpByFunction.json  CREATED
CFG GRAPH PARSED SUCCESSFULLY!
Statement coverage wasn't tracked.
SmartTest mapping not created.
OUTPUT FOLDER "09-10-2020_12_04_44" created
/Users/kesina/eclipse-workspace/commons-csv/src/main/java/org/apache/commons/csv/Lexer
=================CFG created for Lexer.java
DOT FILE SUCCESSFULLY CLEAN!!
CFG GRAPH PARSING STARTED OF... Lexer.java
/Users/kesina/eclipse-workspace/commons-csv/output/09-10-2020_12_04_44/Lexer-CFGmapping.json  CREATED
/Users/kesina/eclipse-workspace/commons-csv/output/09-10-2020_12_04_44/Lexer-CFGedgeCoverageRequirements.txt  CREATED
/Users/kesina/eclipse-workspace/commons-csv/output/09-10-2020_12_04_44/Lexer-CFGnodeGrpByFunction.json  CREATED
CFG GRAPH PARSED SUCCESSFULLY!
Statement coverage wasn't tracked.
SmartTest mapping not created.
OUTPUT FOLDER "09-10-2020_12_04_45" created
/Users/kesina/eclipse-workspace/commons-csv/src/main/java/org/apache/commons/csv/Lexer
=================CFG created for Lexer.java
DOT FILE SUCCESSFULLY CLEAN!!
CFG GRAPH PARSING STARTED OF... Lexer.java
/Users/kesina/eclipse-workspace/commons-csv/output/09-10-2020_12_04_45/Lexer-CFGmapping.json  CREATED
/Users/kesina/eclipse-workspace/commons-csv/output/09-10-2020_12_04_45/Lexer-CFGedgeCoverageRequirements.txt  CREATED
/Users/kesina/eclipse-workspace/commons-csv/output/09-10-2020_12_04_45/Lexer-CFGnodeGrpByFunction.json  CREATED
CFG GRAPH PARSED SUCCESSFULLY!
Statement coverage wasn't tracked.
SmartTest mapping not created.
OUTPUT FOLDER "09-10-2020_12_04_47" created
/Users/kesina/eclipse-workspace/commons-csv/src/main/java/org/apache/commons/csv/Lexer
=================CFG created for Lexer.java
DOT FILE SUCCESSFULLY CLEAN!!
CFG GRAPH PARSING STARTED OF... Lexer.java
/Users/kesina/eclipse-workspace/commons-csv/output/09-10-2020_12_04_47/Lexer-CFGmapping.json  CREATED
/Users/kesina/eclipse-workspace/commons-csv/output/09-10-2020_12_04_47/Lexer-CFGedgeCoverageRequirements.txt  CREATED
/Users/kesina/eclipse-workspace/commons-csv/output/09-10-2020_12_04_47/Lexer-CFGnodeGrpByFunction.json  CREATED
CFG GRAPH PARSED SUCCESSFULLY!
Statement coverage wasn't tracked.
SmartTest mapping not created.
OUTPUT FOLDER "09-10-2020_12_04_48" created
/Users/kesina/eclipse-workspace/commons-csv/src/main/java/org/apache/commons/csv/Lexer
=================CFG created for Lexer.java
DOT FILE SUCCESSFULLY CLEAN!!
CFG GRAPH PARSING STARTED OF... Lexer.java
/Users/kesina/eclipse-workspace/commons-csv/output/09-10-2020_12_04_48/Lexer-CFGmapping.json  CREATED
/Users/kesina/eclipse-workspace/commons-csv/output/09-10-2020_12_04_48/Lexer-CFGedgeCoverageRequirements.txt  CREATED
/Users/kesina/eclipse-workspace/commons-csv/output/09-10-2020_12_04_48/Lexer-CFGnodeGrpByFunction.json  CREATED
CFG GRAPH PARSED SUCCESSFULLY!
Statement coverage wasn't tracked.
SmartTest mapping not created.
OUTPUT FOLDER "09-10-2020_12_04_50" created
/Users/kesina/eclipse-workspace/commons-csv/src/main/java/org/apache/commons/csv/Lexer
=================CFG created for Lexer.java
DOT FILE SUCCESSFULLY CLEAN!!
CFG GRAPH PARSING STARTED OF... Lexer.java
/Users/kesina/eclipse-workspace/commons-csv/output/09-10-2020_12_04_50/Lexer-CFGmapping.json  CREATED
/Users/kesina/eclipse-workspace/commons-csv/output/09-10-2020_12_04_50/Lexer-CFGedgeCoverageRequirements.txt  CREATED
/Users/kesina/eclipse-workspace/commons-csv/output/09-10-2020_12_04_50/Lexer-CFGnodeGrpByFunction.json  CREATED
CFG GRAPH PARSED SUCCESSFULLY!
Statement coverage wasn't tracked.
SmartTest mapping not created.
OUTPUT FOLDER "09-10-2020_12_04_52" created
/Users/kesina/eclipse-workspace/commons-csv/src/main/java/org/apache/commons/csv/Lexer
=================CFG created for Lexer.java
DOT FILE SUCCESSFULLY CLEAN!!
CFG GRAPH PARSING STARTED OF... Lexer.java
/Users/kesina/eclipse-workspace/commons-csv/output/09-10-2020_12_04_52/Lexer-CFGmapping.json  CREATED
/Users/kesina/eclipse-workspace/commons-csv/output/09-10-2020_12_04_52/Lexer-CFGedgeCoverageRequirements.txt  CREATED
/Users/kesina/eclipse-workspace/commons-csv/output/09-10-2020_12_04_52/Lexer-CFGnodeGrpByFunction.json  CREATED
CFG GRAPH PARSED SUCCESSFULLY!
Statement coverage wasn't tracked.
SmartTest mapping not created.
OUTPUT FOLDER "09-10-2020_12_04_53" created
/Users/kesina/eclipse-workspace/commons-csv/src/main/java/org/apache/commons/csv/Lexer
=================CFG created for Lexer.java
DOT FILE SUCCESSFULLY CLEAN!!
CFG GRAPH PARSING STARTED OF... Lexer.java
/Users/kesina/eclipse-workspace/commons-csv/output/09-10-2020_12_04_53/Lexer-CFGmapping.json  CREATED
/Users/kesina/eclipse-workspace/commons-csv/output/09-10-2020_12_04_53/Lexer-CFGedgeCoverageRequirements.txt  CREATED
/Users/kesina/eclipse-workspace/commons-csv/output/09-10-2020_12_04_53/Lexer-CFGnodeGrpByFunction.json  CREATED
CFG GRAPH PARSED SUCCESSFULLY!
Statement coverage wasn't tracked.
SmartTest mapping not created.
OUTPUT FOLDER "09-10-2020_12_04_55" created
/Users/kesina/eclipse-workspace/commons-csv/src/main/java/org/apache/commons/csv/Lexer
=================CFG created for Lexer.java
DOT FILE SUCCESSFULLY CLEAN!!
CFG GRAPH PARSING STARTED OF... Lexer.java
/Users/kesina/eclipse-workspace/commons-csv/output/09-10-2020_12_04_55/Lexer-CFGmapping.json  CREATED
/Users/kesina/eclipse-workspace/commons-csv/output/09-10-2020_12_04_55/Lexer-CFGedgeCoverageRequirements.txt  CREATED
/Users/kesina/eclipse-workspace/commons-csv/output/09-10-2020_12_04_55/Lexer-CFGnodeGrpByFunction.json  CREATED
CFG GRAPH PARSED SUCCESSFULLY!
Statement coverage wasn't tracked.
SmartTest mapping not created.
OUTPUT FOLDER "09-10-2020_12_04_56" created
/Users/kesina/eclipse-workspace/commons-csv/src/main/java/org/apache/commons/csv/Lexer
=================CFG created for Lexer.java
DOT FILE SUCCESSFULLY CLEAN!!
CFG GRAPH PARSING STARTED OF... Lexer.java
/Users/kesina/eclipse-workspace/commons-csv/output/09-10-2020_12_04_56/Lexer-CFGmapping.json  CREATED
/Users/kesina/eclipse-workspace/commons-csv/output/09-10-2020_12_04_56/Lexer-CFGedgeCoverageRequirements.txt  CREATED
/Users/kesina/eclipse-workspace/commons-csv/output/09-10-2020_12_04_56/Lexer-CFGnodeGrpByFunction.json  CREATED
CFG GRAPH PARSED SUCCESSFULLY!
Statement coverage wasn't tracked.
SmartTest mapping not created.
OUTPUT FOLDER "09-10-2020_12_04_58" created
/Users/kesina/eclipse-workspace/commons-csv/src/main/java/org/apache/commons/csv/Lexer
=================CFG created for Lexer.java
DOT FILE SUCCESSFULLY CLEAN!!
CFG GRAPH PARSING STARTED OF... Lexer.java
/Users/kesina/eclipse-workspace/commons-csv/output/09-10-2020_12_04_58/Lexer-CFGmapping.json  CREATED
/Users/kesina/eclipse-workspace/commons-csv/output/09-10-2020_12_04_58/Lexer-CFGedgeCoverageRequirements.txt  CREATED
/Users/kesina/eclipse-workspace/commons-csv/output/09-10-2020_12_04_58/Lexer-CFGnodeGrpByFunction.json  CREATED
CFG GRAPH PARSED SUCCESSFULLY!
Statement coverage wasn't tracked.
SmartTest mapping not created.
OUTPUT FOLDER "09-10-2020_12_04_59" created
/Users/kesina/eclipse-workspace/commons-csv/src/main/java/org/apache/commons/csv/Lexer
=================CFG created for Lexer.java
DOT FILE SUCCESSFULLY CLEAN!!
CFG GRAPH PARSING STARTED OF... Lexer.java
/Users/kesina/eclipse-workspace/commons-csv/output/09-10-2020_12_04_59/Lexer-CFGmapping.json  CREATED
/Users/kesina/eclipse-workspace/commons-csv/output/09-10-2020_12_04_59/Lexer-CFGedgeCoverageRequirements.txt  CREATED
/Users/kesina/eclipse-workspace/commons-csv/output/09-10-2020_12_04_59/Lexer-CFGnodeGrpByFunction.json  CREATED
CFG GRAPH PARSED SUCCESSFULLY!
Statement coverage wasn't tracked.
SmartTest mapping not created.
OUTPUT FOLDER "09-10-2020_12_05_01" created
/Users/kesina/eclipse-workspace/commons-csv/src/main/java/org/apache/commons/csv/Lexer
=================CFG created for Lexer.java
DOT FILE SUCCESSFULLY CLEAN!!
CFG GRAPH PARSING STARTED OF... Lexer.java
/Users/kesina/eclipse-workspace/commons-csv/output/09-10-2020_12_05_01/Lexer-CFGmapping.json  CREATED
/Users/kesina/eclipse-workspace/commons-csv/output/09-10-2020_12_05_01/Lexer-CFGedgeCoverageRequirements.txt  CREATED
/Users/kesina/eclipse-workspace/commons-csv/output/09-10-2020_12_05_01/Lexer-CFGnodeGrpByFunction.json  CREATED
CFG GRAPH PARSED SUCCESSFULLY!
Statement coverage wasn't tracked.
SmartTest mapping not created.
OUTPUT FOLDER "09-10-2020_12_05_02" created
/Users/kesina/eclipse-workspace/commons-csv/src/main/java/org/apache/commons/csv/Lexer
=================CFG created for Lexer.java
DOT FILE SUCCESSFULLY CLEAN!!
CFG GRAPH PARSING STARTED OF... Lexer.java
/Users/kesina/eclipse-workspace/commons-csv/output/09-10-2020_12_05_02/Lexer-CFGmapping.json  CREATED
/Users/kesina/eclipse-workspace/commons-csv/output/09-10-2020_12_05_02/Lexer-CFGedgeCoverageRequirements.txt  CREATED
/Users/kesina/eclipse-workspace/commons-csv/output/09-10-2020_12_05_02/Lexer-CFGnodeGrpByFunction.json  CREATED
CFG GRAPH PARSED SUCCESSFULLY!
Statement coverage wasn't tracked.
SmartTest mapping not created.
OUTPUT FOLDER "09-10-2020_12_05_04" created
/Users/kesina/eclipse-workspace/commons-csv/src/main/java/org/apache/commons/csv/Lexer
=================CFG created for Lexer.java
DOT FILE SUCCESSFULLY CLEAN!!
CFG GRAPH PARSING STARTED OF... Lexer.java
/Users/kesina/eclipse-workspace/commons-csv/output/09-10-2020_12_05_04/Lexer-CFGmapping.json  CREATED
/Users/kesina/eclipse-workspace/commons-csv/output/09-10-2020_12_05_04/Lexer-CFGedgeCoverageRequirements.txt  CREATED
/Users/kesina/eclipse-workspace/commons-csv/output/09-10-2020_12_05_04/Lexer-CFGnodeGrpByFunction.json  CREATED
CFG GRAPH PARSED SUCCESSFULLY!
Statement coverage wasn't tracked.
SmartTest mapping not created.
OUTPUT FOLDER "09-10-2020_12_05_05" created
/Users/kesina/eclipse-workspace/commons-csv/src/main/java/org/apache/commons/csv/Lexer
=================CFG created for Lexer.java
DOT FILE SUCCESSFULLY CLEAN!!
CFG GRAPH PARSING STARTED OF... Lexer.java
/Users/kesina/eclipse-workspace/commons-csv/output/09-10-2020_12_05_05/Lexer-CFGmapping.json  CREATED
/Users/kesina/eclipse-workspace/commons-csv/output/09-10-2020_12_05_05/Lexer-CFGedgeCoverageRequirements.txt  CREATED
/Users/kesina/eclipse-workspace/commons-csv/output/09-10-2020_12_05_05/Lexer-CFGnodeGrpByFunction.json  CREATED
CFG GRAPH PARSED SUCCESSFULLY!
Statement coverage wasn't tracked.
SmartTest mapping not created.
OUTPUT FOLDER "09-10-2020_12_05_07" created
/Users/kesina/eclipse-workspace/commons-csv/src/main/java/org/apache/commons/csv/Lexer
=================CFG created for Lexer.java
DOT FILE SUCCESSFULLY CLEAN!!
CFG GRAPH PARSING STARTED OF... Lexer.java
/Users/kesina/eclipse-workspace/commons-csv/output/09-10-2020_12_05_07/Lexer-CFGmapping.json  CREATED
/Users/kesina/eclipse-workspace/commons-csv/output/09-10-2020_12_05_07/Lexer-CFGedgeCoverageRequirements.txt  CREATED
/Users/kesina/eclipse-workspace/commons-csv/output/09-10-2020_12_05_07/Lexer-CFGnodeGrpByFunction.json  CREATED
CFG GRAPH PARSED SUCCESSFULLY!
Statement coverage wasn't tracked.
SmartTest mapping not created.
OUTPUT FOLDER "09-10-2020_12_05_09" created
/Users/kesina/eclipse-workspace/commons-csv/src/main/java/org/apache/commons/csv/Lexer
=================CFG created for Lexer.java
DOT FILE SUCCESSFULLY CLEAN!!
CFG GRAPH PARSING STARTED OF... Lexer.java
/Users/kesina/eclipse-workspace/commons-csv/output/09-10-2020_12_05_09/Lexer-CFGmapping.json  CREATED
/Users/kesina/eclipse-workspace/commons-csv/output/09-10-2020_12_05_09/Lexer-CFGedgeCoverageRequirements.txt  CREATED
/Users/kesina/eclipse-workspace/commons-csv/output/09-10-2020_12_05_09/Lexer-CFGnodeGrpByFunction.json  CREATED
CFG GRAPH PARSED SUCCESSFULLY!
Statement coverage wasn't tracked.
SmartTest mapping not created.
OUTPUT FOLDER "09-10-2020_12_05_10" created
/Users/kesina/eclipse-workspace/commons-csv/src/main/java/org/apache/commons/csv/Lexer
=================CFG created for Lexer.java
DOT FILE SUCCESSFULLY CLEAN!!
CFG GRAPH PARSING STARTED OF... Lexer.java
/Users/kesina/eclipse-workspace/commons-csv/output/09-10-2020_12_05_10/Lexer-CFGmapping.json  CREATED
/Users/kesina/eclipse-workspace/commons-csv/output/09-10-2020_12_05_10/Lexer-CFGedgeCoverageRequirements.txt  CREATED
/Users/kesina/eclipse-workspace/commons-csv/output/09-10-2020_12_05_10/Lexer-CFGnodeGrpByFunction.json  CREATED
CFG GRAPH PARSED SUCCESSFULLY!
Statement coverage wasn't tracked.
SmartTest mapping not created.
OUTPUT FOLDER "09-10-2020_12_05_12" created
/Users/kesina/eclipse-workspace/commons-csv/src/main/java/org/apache/commons/csv/Lexer
=================CFG created for Lexer.java
DOT FILE SUCCESSFULLY CLEAN!!
CFG GRAPH PARSING STARTED OF... Lexer.java
/Users/kesina/eclipse-workspace/commons-csv/output/09-10-2020_12_05_12/Lexer-CFGmapping.json  CREATED
/Users/kesina/eclipse-workspace/commons-csv/output/09-10-2020_12_05_12/Lexer-CFGedgeCoverageRequirements.txt  CREATED
/Users/kesina/eclipse-workspace/commons-csv/output/09-10-2020_12_05_12/Lexer-CFGnodeGrpByFunction.json  CREATED
CFG GRAPH PARSED SUCCESSFULLY!
Statement coverage wasn't tracked.
SmartTest mapping not created.
OUTPUT FOLDER "09-10-2020_12_05_13" created
/Users/kesina/eclipse-workspace/commons-csv/src/main/java/org/apache/commons/csv/Lexer
=================CFG created for Lexer.java
DOT FILE SUCCESSFULLY CLEAN!!
CFG GRAPH PARSING STARTED OF... Lexer.java
/Users/kesina/eclipse-workspace/commons-csv/output/09-10-2020_12_05_13/Lexer-CFGmapping.json  CREATED
/Users/kesina/eclipse-workspace/commons-csv/output/09-10-2020_12_05_13/Lexer-CFGedgeCoverageRequirements.txt  CREATED
/Users/kesina/eclipse-workspace/commons-csv/output/09-10-2020_12_05_13/Lexer-CFGnodeGrpByFunction.json  CREATED
CFG GRAPH PARSED SUCCESSFULLY!
Statement coverage wasn't tracked.
SmartTest mapping not created.
OUTPUT FOLDER "09-10-2020_12_05_15" created
/Users/kesina/eclipse-workspace/commons-csv/src/main/java/org/apache/commons/csv/Lexer
=================CFG created for Lexer.java
DOT FILE SUCCESSFULLY CLEAN!!
CFG GRAPH PARSING STARTED OF... Lexer.java
/Users/kesina/eclipse-workspace/commons-csv/output/09-10-2020_12_05_15/Lexer-CFGmapping.json  CREATED
/Users/kesina/eclipse-workspace/commons-csv/output/09-10-2020_12_05_15/Lexer-CFGedgeCoverageRequirements.txt  CREATED
/Users/kesina/eclipse-workspace/commons-csv/output/09-10-2020_12_05_15/Lexer-CFGnodeGrpByFunction.json  CREATED
CFG GRAPH PARSED SUCCESSFULLY!
Statement coverage wasn't tracked.
SmartTest mapping not created.
OUTPUT FOLDER "09-10-2020_12_05_16" created
/Users/kesina/eclipse-workspace/commons-csv/src/main/java/org/apache/commons/csv/Lexer
=================CFG created for Lexer.java
DOT FILE SUCCESSFULLY CLEAN!!
CFG GRAPH PARSING STARTED OF... Lexer.java
/Users/kesina/eclipse-workspace/commons-csv/output/09-10-2020_12_05_16/Lexer-CFGmapping.json  CREATED
/Users/kesina/eclipse-workspace/commons-csv/output/09-10-2020_12_05_16/Lexer-CFGedgeCoverageRequirements.txt  CREATED
/Users/kesina/eclipse-workspace/commons-csv/output/09-10-2020_12_05_16/Lexer-CFGnodeGrpByFunction.json  CREATED
CFG GRAPH PARSED SUCCESSFULLY!
Statement coverage wasn't tracked.
SmartTest mapping not created.
OUTPUT FOLDER "09-10-2020_12_05_18" created
/Users/kesina/eclipse-workspace/commons-csv/src/main/java/org/apache/commons/csv/Lexer
=================CFG created for Lexer.java
DOT FILE SUCCESSFULLY CLEAN!!
CFG GRAPH PARSING STARTED OF... Lexer.java
/Users/kesina/eclipse-workspace/commons-csv/output/09-10-2020_12_05_18/Lexer-CFGmapping.json  CREATED
/Users/kesina/eclipse-workspace/commons-csv/output/09-10-2020_12_05_18/Lexer-CFGedgeCoverageRequirements.txt  CREATED
/Users/kesina/eclipse-workspace/commons-csv/output/09-10-2020_12_05_18/Lexer-CFGnodeGrpByFunction.json  CREATED
CFG GRAPH PARSED SUCCESSFULLY!
Statement coverage wasn't tracked.
SmartTest mapping not created.
OUTPUT FOLDER "09-10-2020_12_05_19" created
/Users/kesina/eclipse-workspace/commons-csv/src/main/java/org/apache/commons/csv/Lexer
=================CFG created for Lexer.java
DOT FILE SUCCESSFULLY CLEAN!!
CFG GRAPH PARSING STARTED OF... Lexer.java
/Users/kesina/eclipse-workspace/commons-csv/output/09-10-2020_12_05_19/Lexer-CFGmapping.json  CREATED
/Users/kesina/eclipse-workspace/commons-csv/output/09-10-2020_12_05_19/Lexer-CFGedgeCoverageRequirements.txt  CREATED
/Users/kesina/eclipse-workspace/commons-csv/output/09-10-2020_12_05_19/Lexer-CFGnodeGrpByFunction.json  CREATED
CFG GRAPH PARSED SUCCESSFULLY!
Statement coverage wasn't tracked.
SmartTest mapping not created.
OUTPUT FOLDER "09-10-2020_12_05_20" created
/Users/kesina/eclipse-workspace/commons-csv/src/main/java/org/apache/commons/csv/Lexer
=================CFG created for Lexer.java
DOT FILE SUCCESSFULLY CLEAN!!
CFG GRAPH PARSING STARTED OF... Lexer.java
/Users/kesina/eclipse-workspace/commons-csv/output/09-10-2020_12_05_20/Lexer-CFGmapping.json  CREATED
/Users/kesina/eclipse-workspace/commons-csv/output/09-10-2020_12_05_20/Lexer-CFGedgeCoverageRequirements.txt  CREATED
/Users/kesina/eclipse-workspace/commons-csv/output/09-10-2020_12_05_20/Lexer-CFGnodeGrpByFunction.json  CREATED
CFG GRAPH PARSED SUCCESSFULLY!
Statement coverage wasn't tracked.
SmartTest mapping not created.
OUTPUT FOLDER "09-10-2020_12_05_22" created
/Users/kesina/eclipse-workspace/commons-csv/src/main/java/org/apache/commons/csv/Lexer
=================CFG created for Lexer.java
DOT FILE SUCCESSFULLY CLEAN!!
CFG GRAPH PARSING STARTED OF... Lexer.java
/Users/kesina/eclipse-workspace/commons-csv/output/09-10-2020_12_05_22/Lexer-CFGmapping.json  CREATED
/Users/kesina/eclipse-workspace/commons-csv/output/09-10-2020_12_05_22/Lexer-CFGedgeCoverageRequirements.txt  CREATED
/Users/kesina/eclipse-workspace/commons-csv/output/09-10-2020_12_05_22/Lexer-CFGnodeGrpByFunction.json  CREATED
CFG GRAPH PARSED SUCCESSFULLY!
Statement coverage wasn't tracked.
SmartTest mapping not created.
OUTPUT FOLDER "09-10-2020_12_05_23" created
/Users/kesina/eclipse-workspace/commons-csv/src/main/java/org/apache/commons/csv/Lexer
=================CFG created for Lexer.java
DOT FILE SUCCESSFULLY CLEAN!!
CFG GRAPH PARSING STARTED OF... Lexer.java
/Users/kesina/eclipse-workspace/commons-csv/output/09-10-2020_12_05_23/Lexer-CFGmapping.json  CREATED
/Users/kesina/eclipse-workspace/commons-csv/output/09-10-2020_12_05_23/Lexer-CFGedgeCoverageRequirements.txt  CREATED
/Users/kesina/eclipse-workspace/commons-csv/output/09-10-2020_12_05_23/Lexer-CFGnodeGrpByFunction.json  CREATED
CFG GRAPH PARSED SUCCESSFULLY!
Statement coverage wasn't tracked.
SmartTest mapping not created.
OUTPUT FOLDER "09-10-2020_12_05_25" created
/Users/kesina/eclipse-workspace/commons-csv/src/main/java/org/apache/commons/csv/Lexer
=================CFG created for Lexer.java
DOT FILE SUCCESSFULLY CLEAN!!
CFG GRAPH PARSING STARTED OF... Lexer.java
/Users/kesina/eclipse-workspace/commons-csv/output/09-10-2020_12_05_25/Lexer-CFGmapping.json  CREATED
/Users/kesina/eclipse-workspace/commons-csv/output/09-10-2020_12_05_25/Lexer-CFGedgeCoverageRequirements.txt  CREATED
/Users/kesina/eclipse-workspace/commons-csv/output/09-10-2020_12_05_25/Lexer-CFGnodeGrpByFunction.json  CREATED
CFG GRAPH PARSED SUCCESSFULLY!
Statement coverage wasn't tracked.
SmartTest mapping not created.
OUTPUT FOLDER "09-10-2020_12_05_26" created
/Users/kesina/eclipse-workspace/commons-csv/src/main/java/org/apache/commons/csv/Lexer
=================CFG created for Lexer.java
DOT FILE SUCCESSFULLY CLEAN!!
CFG GRAPH PARSING STARTED OF... Lexer.java
/Users/kesina/eclipse-workspace/commons-csv/output/09-10-2020_12_05_26/Lexer-CFGmapping.json  CREATED
/Users/kesina/eclipse-workspace/commons-csv/output/09-10-2020_12_05_26/Lexer-CFGedgeCoverageRequirements.txt  CREATED
/Users/kesina/eclipse-workspace/commons-csv/output/09-10-2020_12_05_26/Lexer-CFGnodeGrpByFunction.json  CREATED
CFG GRAPH PARSED SUCCESSFULLY!
Statement coverage wasn't tracked.
SmartTest mapping not created.
OUTPUT FOLDER "09-10-2020_12_05_27" created
/Users/kesina/eclipse-workspace/commons-csv/src/main/java/org/apache/commons/csv/Lexer
=================CFG created for Lexer.java
DOT FILE SUCCESSFULLY CLEAN!!
CFG GRAPH PARSING STARTED OF... Lexer.java
/Users/kesina/eclipse-workspace/commons-csv/output/09-10-2020_12_05_27/Lexer-CFGmapping.json  CREATED
/Users/kesina/eclipse-workspace/commons-csv/output/09-10-2020_12_05_27/Lexer-CFGedgeCoverageRequirements.txt  CREATED
/Users/kesina/eclipse-workspace/commons-csv/output/09-10-2020_12_05_27/Lexer-CFGnodeGrpByFunction.json  CREATED
CFG GRAPH PARSED SUCCESSFULLY!
Statement coverage wasn't tracked.
SmartTest mapping not created.
OUTPUT FOLDER "09-10-2020_12_05_29" created
/Users/kesina/eclipse-workspace/commons-csv/src/main/java/org/apache/commons/csv/Lexer
=================CFG created for Lexer.java
DOT FILE SUCCESSFULLY CLEAN!!
CFG GRAPH PARSING STARTED OF... Lexer.java
/Users/kesina/eclipse-workspace/commons-csv/output/09-10-2020_12_05_29/Lexer-CFGmapping.json  CREATED
/Users/kesina/eclipse-workspace/commons-csv/output/09-10-2020_12_05_29/Lexer-CFGedgeCoverageRequirements.txt  CREATED
/Users/kesina/eclipse-workspace/commons-csv/output/09-10-2020_12_05_29/Lexer-CFGnodeGrpByFunction.json  CREATED
CFG GRAPH PARSED SUCCESSFULLY!
Statement coverage wasn't tracked.
SmartTest mapping not created.
/Users/kesina/eclipse-workspace/commons-csv/src/main/java/org/apache/commons/csv/Lexer
ANALYSIS OF MUTATION================ 1
bash temprunProgex.sh /Users/kesina/eclipse-workspace/commons-csv/src/main/java/org/apache/commons/csv/Lexer PROGEX
Comparison Done
No test to rerun
ANALYSIS OF MUTATION================ 2
bash temprunProgex.sh /Users/kesina/eclipse-workspace/commons-csv/src/main/java/org/apache/commons/csv/Lexer PROGEX
Comparison Done
No test to rerun
ANALYSIS OF MUTATION================ 3
bash temprunProgex.sh /Users/kesina/eclipse-workspace/commons-csv/src/main/java/org/apache/commons/csv/Lexer PROGEX
Comparison Done
ANALYSIS OF MUTATION================ 4
bash temprunProgex.sh /Users/kesina/eclipse-workspace/commons-csv/src/main/java/org/apache/commons/csv/Lexer PROGEX
Comparison Done
ANALYSIS OF MUTATION================ 5
bash temprunProgex.sh /Users/kesina/eclipse-workspace/commons-csv/src/main/java/org/apache/commons/csv/Lexer PROGEX
Comparison Done
ANALYSIS OF MUTATION================ 6
bash temprunProgex.sh /Users/kesina/eclipse-workspace/commons-csv/src/main/java/org/apache/commons/csv/Lexer PROGEX
Comparison Done
ANALYSIS OF MUTATION================ 7
bash temprunProgex.sh /Users/kesina/eclipse-workspace/commons-csv/src/main/java/org/apache/commons/csv/Lexer PROGEX
Comparison Done
ANALYSIS OF MUTATION================ 8
bash temprunProgex.sh /Users/kesina/eclipse-workspace/commons-csv/src/main/java/org/apache/commons/csv/Lexer PROGEX
Comparison Done
ANALYSIS OF MUTATION================ 9
bash temprunProgex.sh /Users/kesina/eclipse-workspace/commons-csv/src/main/java/org/apache/commons/csv/Lexer PROGEX
Comparison Done
ANALYSIS OF MUTATION================ 10
bash temprunProgex.sh /Users/kesina/eclipse-workspace/commons-csv/src/main/java/org/apache/commons/csv/Lexer PROGEX
Comparison Done
ANALYSIS OF MUTATION================ 11
bash temprunProgex.sh /Users/kesina/eclipse-workspace/commons-csv/src/main/java/org/apache/commons/csv/Lexer PROGEX
Comparison Done
ANALYSIS OF MUTATION================ 12
bash temprunProgex.sh /Users/kesina/eclipse-workspace/commons-csv/src/main/java/org/apache/commons/csv/Lexer PROGEX
Comparison Done
ANALYSIS OF MUTATION================ 13
bash temprunProgex.sh /Users/kesina/eclipse-workspace/commons-csv/src/main/java/org/apache/commons/csv/Lexer PROGEX
Comparison Done
ANALYSIS OF MUTATION================ 14
bash temprunProgex.sh /Users/kesina/eclipse-workspace/commons-csv/src/main/java/org/apache/commons/csv/Lexer PROGEX
Comparison Done
ANALYSIS OF MUTATION================ 15
bash temprunProgex.sh /Users/kesina/eclipse-workspace/commons-csv/src/main/java/org/apache/commons/csv/Lexer PROGEX
Comparison Done
ANALYSIS OF MUTATION================ 16
bash temprunProgex.sh /Users/kesina/eclipse-workspace/commons-csv/src/main/java/org/apache/commons/csv/Lexer PROGEX
Comparison Done
ANALYSIS OF MUTATION================ 17
bash temprunProgex.sh /Users/kesina/eclipse-workspace/commons-csv/src/main/java/org/apache/commons/csv/Lexer PROGEX
Comparison Done
ANALYSIS OF MUTATION================ 18
bash temprunProgex.sh /Users/kesina/eclipse-workspace/commons-csv/src/main/java/org/apache/commons/csv/Lexer PROGEX
Comparison Done
ANALYSIS OF MUTATION================ 19
bash temprunProgex.sh /Users/kesina/eclipse-workspace/commons-csv/src/main/java/org/apache/commons/csv/Lexer PROGEX
Comparison Done
ANALYSIS OF MUTATION================ 20
bash temprunProgex.sh /Users/kesina/eclipse-workspace/commons-csv/src/main/java/org/apache/commons/csv/Lexer PROGEX
Comparison Done
ANALYSIS OF MUTATION================ 21
bash temprunProgex.sh /Users/kesina/eclipse-workspace/commons-csv/src/main/java/org/apache/commons/csv/Lexer PROGEX
Comparison Done
ANALYSIS OF MUTATION================ 22
bash temprunProgex.sh /Users/kesina/eclipse-workspace/commons-csv/src/main/java/org/apache/commons/csv/Lexer PROGEX
Comparison Done
ANALYSIS OF MUTATION================ 23
bash temprunProgex.sh /Users/kesina/eclipse-workspace/commons-csv/src/main/java/org/apache/commons/csv/Lexer PROGEX
Comparison Done
ANALYSIS OF MUTATION================ 24
bash temprunProgex.sh /Users/kesina/eclipse-workspace/commons-csv/src/main/java/org/apache/commons/csv/Lexer PROGEX
Comparison Done
ANALYSIS OF MUTATION================ 25
bash temprunProgex.sh /Users/kesina/eclipse-workspace/commons-csv/src/main/java/org/apache/commons/csv/Lexer PROGEX
Comparison Done
ANALYSIS OF MUTATION================ 26
bash temprunProgex.sh /Users/kesina/eclipse-workspace/commons-csv/src/main/java/org/apache/commons/csv/Lexer PROGEX
Comparison Done
ANALYSIS OF MUTATION================ 27
bash temprunProgex.sh /Users/kesina/eclipse-workspace/commons-csv/src/main/java/org/apache/commons/csv/Lexer PROGEX
Comparison Done
ANALYSIS OF MUTATION================ 28
bash temprunProgex.sh /Users/kesina/eclipse-workspace/commons-csv/src/main/java/org/apache/commons/csv/Lexer PROGEX
Comparison Done
ANALYSIS OF MUTATION================ 29
bash temprunProgex.sh /Users/kesina/eclipse-workspace/commons-csv/src/main/java/org/apache/commons/csv/Lexer PROGEX
Comparison Done
ANALYSIS OF MUTATION================ 30
bash temprunProgex.sh /Users/kesina/eclipse-workspace/commons-csv/src/main/java/org/apache/commons/csv/Lexer PROGEX
Comparison Done
ANALYSIS OF MUTATION================ 31
bash temprunProgex.sh /Users/kesina/eclipse-workspace/commons-csv/src/main/java/org/apache/commons/csv/Lexer PROGEX
Comparison Done
ANALYSIS OF MUTATION================ 32
bash temprunProgex.sh /Users/kesina/eclipse-workspace/commons-csv/src/main/java/org/apache/commons/csv/Lexer PROGEX
Comparison Done
ANALYSIS OF MUTATION================ 33
bash temprunProgex.sh /Users/kesina/eclipse-workspace/commons-csv/src/main/java/org/apache/commons/csv/Lexer PROGEX
Comparison Done
ANALYSIS OF MUTATION================ 34
bash temprunProgex.sh /Users/kesina/eclipse-workspace/commons-csv/src/main/java/org/apache/commons/csv/Lexer PROGEX
Comparison Done
ANALYSIS OF MUTATION================ 35
bash temprunProgex.sh /Users/kesina/eclipse-workspace/commons-csv/src/main/java/org/apache/commons/csv/Lexer PROGEX
Comparison Done
ANALYSIS OF MUTATION================ 36
bash temprunProgex.sh /Users/kesina/eclipse-workspace/commons-csv/src/main/java/org/apache/commons/csv/Lexer PROGEX
Comparison Done
ANALYSIS OF MUTATION================ 37
bash temprunProgex.sh /Users/kesina/eclipse-workspace/commons-csv/src/main/java/org/apache/commons/csv/Lexer PROGEX
Comparison Done
ANALYSIS OF MUTATION================ 38
bash temprunProgex.sh /Users/kesina/eclipse-workspace/commons-csv/src/main/java/org/apache/commons/csv/Lexer PROGEX
Comparison Done
ANALYSIS OF MUTATION================ 39
bash temprunProgex.sh /Users/kesina/eclipse-workspace/commons-csv/src/main/java/org/apache/commons/csv/Lexer PROGEX
Comparison Done
ANALYSIS OF MUTATION================ 40
bash temprunProgex.sh /Users/kesina/eclipse-workspace/commons-csv/src/main/java/org/apache/commons/csv/Lexer PROGEX
Comparison Done
ANALYSIS OF MUTATION================ 41
bash temprunProgex.sh /Users/kesina/eclipse-workspace/commons-csv/src/main/java/org/apache/commons/csv/Lexer PROGEX
Comparison Done
ANALYSIS OF MUTATION================ 42
bash temprunProgex.sh /Users/kesina/eclipse-workspace/commons-csv/src/main/java/org/apache/commons/csv/Lexer PROGEX
Comparison Done
ANALYSIS OF MUTATION================ 43
bash temprunProgex.sh /Users/kesina/eclipse-workspace/commons-csv/src/main/java/org/apache/commons/csv/Lexer PROGEX
Comparison Done
ANALYSIS OF MUTATION================ 44
bash temprunProgex.sh /Users/kesina/eclipse-workspace/commons-csv/src/main/java/org/apache/commons/csv/Lexer PROGEX
Comparison Done
ANALYSIS OF MUTATION================ 45
bash temprunProgex.sh /Users/kesina/eclipse-workspace/commons-csv/src/main/java/org/apache/commons/csv/Lexer PROGEX
Comparison Done
ANALYSIS OF MUTATION================ 46
bash temprunProgex.sh /Users/kesina/eclipse-workspace/commons-csv/src/main/java/org/apache/commons/csv/Lexer PROGEX
Comparison Done
ANALYSIS OF MUTATION================ 47
bash temprunProgex.sh /Users/kesina/eclipse-workspace/commons-csv/src/main/java/org/apache/commons/csv/Lexer PROGEX
Comparison DoneOUTPUT FOLDER "09-10-2020_12_05_30" created
/Users/kesina/eclipse-workspace/commons-csv/src/main/java/org/apache/commons/csv/Lexer
=================CFG created for Lexer.java
DOT FILE SUCCESSFULLY CLEAN!!
CFG GRAPH PARSING STARTED OF... Lexer.java
/Users/kesina/eclipse-workspace/commons-csv/output/09-10-2020_12_05_30/Lexer-CFGmapping.json  CREATED
/Users/kesina/eclipse-workspace/commons-csv/output/09-10-2020_12_05_30/Lexer-CFGedgeCoverageRequirements.txt  CREATED
/Users/kesina/eclipse-workspace/commons-csv/output/09-10-2020_12_05_30/Lexer-CFGnodeGrpByFunction.json  CREATED
CFG GRAPH PARSED SUCCESSFULLY!
Statement coverage wasn't tracked.
SmartTest mapping not created.
OUTPUT FOLDER "09-10-2020_12_05_32" created
/Users/kesina/eclipse-workspace/commons-csv/src/main/java/org/apache/commons/csv/Lexer
=================CFG created for Lexer.java
DOT FILE SUCCESSFULLY CLEAN!!
CFG GRAPH PARSING STARTED OF... Lexer.java
/Users/kesina/eclipse-workspace/commons-csv/output/09-10-2020_12_05_32/Lexer-CFGmapping.json  CREATED
/Users/kesina/eclipse-workspace/commons-csv/output/09-10-2020_12_05_32/Lexer-CFGedgeCoverageRequirements.txt  CREATED
/Users/kesina/eclipse-workspace/commons-csv/output/09-10-2020_12_05_32/Lexer-CFGnodeGrpByFunction.json  CREATED
CFG GRAPH PARSED SUCCESSFULLY!
Statement coverage wasn't tracked.
SmartTest mapping not created.
OUTPUT FOLDER "09-10-2020_12_05_33" created
/Users/kesina/eclipse-workspace/commons-csv/src/main/java/org/apache/commons/csv/Lexer
=================CFG created for Lexer.java
DOT FILE SUCCESSFULLY CLEAN!!
CFG GRAPH PARSING STARTED OF... Lexer.java
/Users/kesina/eclipse-workspace/commons-csv/output/09-10-2020_12_05_33/Lexer-CFGmapping.json  CREATED
/Users/kesina/eclipse-workspace/commons-csv/output/09-10-2020_12_05_33/Lexer-CFGedgeCoverageRequirements.txt  CREATED
/Users/kesina/eclipse-workspace/commons-csv/output/09-10-2020_12_05_33/Lexer-CFGnodeGrpByFunction.json  CREATED
CFG GRAPH PARSED SUCCESSFULLY!
Statement coverage wasn't tracked.
SmartTest mapping not created.

ANALYSIS OF MUTATION================ 48
bash temprunProgex.sh /Users/kesina/eclipse-workspace/commons-csv/src/main/java/org/apache/commons/csv/Lexer PROGEX
Comparison Done
ANALYSIS OF MUTATION================ 49
bash temprunProgex.sh /Users/kesina/eclipse-workspace/commons-csv/src/main/java/org/apache/commons/csv/Lexer PROGEX
Comparison Done
ANALYSIS OF MUTATION================ 50
bash temprunProgex.sh /Users/kesina/eclipse-workspace/commons-csv/src/main/java/org/apache/commons/csv/Lexer PROGEX
Comparison Done
Output saved
==================TIME TAKEN FOR ANALYSIS======================== 78.94464778900146
