OUTPUT FOLDER "09-10-2020_11_58_10" created
/Users/kesina/eclipse-workspace/commons-csv/src/main/java/org/apache/commons/csv/CSVRecord
=================CFG created for CSVRecord.java
DOT FILE SUCCESSFULLY CLEAN!!
CFG GRAPH PARSING STARTED OF... CSVRecord.java
/Users/kesina/eclipse-workspace/commons-csv/output/09-10-2020_11_58_10/CSVRecord-CFGmapping.json  CREATED
/Users/kesina/eclipse-workspace/commons-csv/output/09-10-2020_11_58_10/CSVRecord-CFGedgeCoverageRequirements.txt  CREATED
/Users/kesina/eclipse-workspace/commons-csv/output/09-10-2020_11_58_10/CSVRecord-CFGnodeGrpByFunction.json  CREATED
CFG GRAPH PARSED SUCCESSFULLY!
Statement coverage wasn't tracked.
SmartTest mapping not created.
OUTPUT FOLDER "09-10-2020_11_58_12" created
/Users/kesina/eclipse-workspace/commons-csv/src/main/java/org/apache/commons/csv/CSVRecord
=================CFG created for CSVRecord.java
DOT FILE SUCCESSFULLY CLEAN!!
CFG GRAPH PARSING STARTED OF... CSVRecord.java
/Users/kesina/eclipse-workspace/commons-csv/output/09-10-2020_11_58_12/CSVRecord-CFGmapping.json  CREATED
/Users/kesina/eclipse-workspace/commons-csv/output/09-10-2020_11_58_12/CSVRecord-CFGedgeCoverageRequirements.txt  CREATED
/Users/kesina/eclipse-workspace/commons-csv/output/09-10-2020_11_58_12/CSVRecord-CFGnodeGrpByFunction.json  CREATED
CFG GRAPH PARSED SUCCESSFULLY!
Statement coverage wasn't tracked.
SmartTest mapping not created.
OUTPUT FOLDER "09-10-2020_11_58_13" created
/Users/kesina/eclipse-workspace/commons-csv/src/main/java/org/apache/commons/csv/CSVRecord
=================CFG created for CSVRecord.java
DOT FILE SUCCESSFULLY CLEAN!!
CFG GRAPH PARSING STARTED OF... CSVRecord.java
/Users/kesina/eclipse-workspace/commons-csv/output/09-10-2020_11_58_13/CSVRecord-CFGmapping.json  CREATED
/Users/kesina/eclipse-workspace/commons-csv/output/09-10-2020_11_58_13/CSVRecord-CFGedgeCoverageRequirements.txt  CREATED
/Users/kesina/eclipse-workspace/commons-csv/output/09-10-2020_11_58_13/CSVRecord-CFGnodeGrpByFunction.json  CREATED
CFG GRAPH PARSED SUCCESSFULLY!
Statement coverage wasn't tracked.
SmartTest mapping not created.
OUTPUT FOLDER "09-10-2020_11_58_14" created
/Users/kesina/eclipse-workspace/commons-csv/src/main/java/org/apache/commons/csv/CSVRecord
=================CFG created for CSVRecord.java
DOT FILE SUCCESSFULLY CLEAN!!
CFG GRAPH PARSING STARTED OF... CSVRecord.java
/Users/kesina/eclipse-workspace/commons-csv/output/09-10-2020_11_58_14/CSVRecord-CFGmapping.json  CREATED
/Users/kesina/eclipse-workspace/commons-csv/output/09-10-2020_11_58_14/CSVRecord-CFGedgeCoverageRequirements.txt  CREATED
/Users/kesina/eclipse-workspace/commons-csv/output/09-10-2020_11_58_14/CSVRecord-CFGnodeGrpByFunction.json  CREATED
CFG GRAPH PARSED SUCCESSFULLY!
Statement coverage wasn't tracked.
SmartTest mapping not created.
OUTPUT FOLDER "09-10-2020_11_58_15" created
/Users/kesina/eclipse-workspace/commons-csv/src/main/java/org/apache/commons/csv/CSVRecord
=================CFG created for CSVRecord.java
DOT FILE SUCCESSFULLY CLEAN!!
CFG GRAPH PARSING STARTED OF... CSVRecord.java
/Users/kesina/eclipse-workspace/commons-csv/output/09-10-2020_11_58_15/CSVRecord-CFGmapping.json  CREATED
/Users/kesina/eclipse-workspace/commons-csv/output/09-10-2020_11_58_15/CSVRecord-CFGedgeCoverageRequirements.txt  CREATED
/Users/kesina/eclipse-workspace/commons-csv/output/09-10-2020_11_58_15/CSVRecord-CFGnodeGrpByFunction.json  CREATED
CFG GRAPH PARSED SUCCESSFULLY!
Statement coverage wasn't tracked.
SmartTest mapping not created.
OUTPUT FOLDER "09-10-2020_11_58_17" created
/Users/kesina/eclipse-workspace/commons-csv/src/main/java/org/apache/commons/csv/CSVRecord
=================CFG created for CSVRecord.java
DOT FILE SUCCESSFULLY CLEAN!!
CFG GRAPH PARSING STARTED OF... CSVRecord.java
/Users/kesina/eclipse-workspace/commons-csv/output/09-10-2020_11_58_17/CSVRecord-CFGmapping.json  CREATED
/Users/kesina/eclipse-workspace/commons-csv/output/09-10-2020_11_58_17/CSVRecord-CFGedgeCoverageRequirements.txt  CREATED
/Users/kesina/eclipse-workspace/commons-csv/output/09-10-2020_11_58_17/CSVRecord-CFGnodeGrpByFunction.json  CREATED
CFG GRAPH PARSED SUCCESSFULLY!
Statement coverage wasn't tracked.
SmartTest mapping not created.
OUTPUT FOLDER "09-10-2020_11_58_18" created
/Users/kesina/eclipse-workspace/commons-csv/src/main/java/org/apache/commons/csv/CSVRecord
=================CFG created for CSVRecord.java
DOT FILE SUCCESSFULLY CLEAN!!
CFG GRAPH PARSING STARTED OF... CSVRecord.java
/Users/kesina/eclipse-workspace/commons-csv/output/09-10-2020_11_58_18/CSVRecord-CFGmapping.json  CREATED
/Users/kesina/eclipse-workspace/commons-csv/output/09-10-2020_11_58_18/CSVRecord-CFGedgeCoverageRequirements.txt  CREATED
/Users/kesina/eclipse-workspace/commons-csv/output/09-10-2020_11_58_18/CSVRecord-CFGnodeGrpByFunction.json  CREATED
CFG GRAPH PARSED SUCCESSFULLY!
Statement coverage wasn't tracked.
SmartTest mapping not created.
OUTPUT FOLDER "09-10-2020_11_58_19" created
/Users/kesina/eclipse-workspace/commons-csv/src/main/java/org/apache/commons/csv/CSVRecord
=================CFG created for CSVRecord.java
DOT FILE SUCCESSFULLY CLEAN!!
CFG GRAPH PARSING STARTED OF... CSVRecord.java
/Users/kesina/eclipse-workspace/commons-csv/output/09-10-2020_11_58_19/CSVRecord-CFGmapping.json  CREATED
/Users/kesina/eclipse-workspace/commons-csv/output/09-10-2020_11_58_19/CSVRecord-CFGedgeCoverageRequirements.txt  CREATED
/Users/kesina/eclipse-workspace/commons-csv/output/09-10-2020_11_58_19/CSVRecord-CFGnodeGrpByFunction.json  CREATED
CFG GRAPH PARSED SUCCESSFULLY!
Statement coverage wasn't tracked.
SmartTest mapping not created.
OUTPUT FOLDER "09-10-2020_11_58_21" created
/Users/kesina/eclipse-workspace/commons-csv/src/main/java/org/apache/commons/csv/CSVRecord
=================CFG created for CSVRecord.java
DOT FILE SUCCESSFULLY CLEAN!!
CFG GRAPH PARSING STARTED OF... CSVRecord.java
/Users/kesina/eclipse-workspace/commons-csv/output/09-10-2020_11_58_21/CSVRecord-CFGmapping.json  CREATED
/Users/kesina/eclipse-workspace/commons-csv/output/09-10-2020_11_58_21/CSVRecord-CFGedgeCoverageRequirements.txt  CREATED
/Users/kesina/eclipse-workspace/commons-csv/output/09-10-2020_11_58_21/CSVRecord-CFGnodeGrpByFunction.json  CREATED
CFG GRAPH PARSED SUCCESSFULLY!
Statement coverage wasn't tracked.
SmartTest mapping not created.
OUTPUT FOLDER "09-10-2020_11_58_23" created
/Users/kesina/eclipse-workspace/commons-csv/src/main/java/org/apache/commons/csv/CSVRecord
=================CFG created for CSVRecord.java
DOT FILE SUCCESSFULLY CLEAN!!
CFG GRAPH PARSING STARTED OF... CSVRecord.java
/Users/kesina/eclipse-workspace/commons-csv/output/09-10-2020_11_58_23/CSVRecord-CFGmapping.json  CREATED
/Users/kesina/eclipse-workspace/commons-csv/output/09-10-2020_11_58_23/CSVRecord-CFGedgeCoverageRequirements.txt  CREATED
/Users/kesina/eclipse-workspace/commons-csv/output/09-10-2020_11_58_23/CSVRecord-CFGnodeGrpByFunction.json  CREATED
CFG GRAPH PARSED SUCCESSFULLY!
Statement coverage wasn't tracked.
SmartTest mapping not created.
OUTPUT FOLDER "09-10-2020_11_58_25" created
/Users/kesina/eclipse-workspace/commons-csv/src/main/java/org/apache/commons/csv/CSVRecord
=================CFG created for CSVRecord.java
DOT FILE SUCCESSFULLY CLEAN!!
CFG GRAPH PARSING STARTED OF... CSVRecord.java
/Users/kesina/eclipse-workspace/commons-csv/output/09-10-2020_11_58_25/CSVRecord-CFGmapping.json  CREATED
/Users/kesina/eclipse-workspace/commons-csv/output/09-10-2020_11_58_25/CSVRecord-CFGedgeCoverageRequirements.txt  CREATED
/Users/kesina/eclipse-workspace/commons-csv/output/09-10-2020_11_58_25/CSVRecord-CFGnodeGrpByFunction.json  CREATED
CFG GRAPH PARSED SUCCESSFULLY!
Statement coverage wasn't tracked.
SmartTest mapping not created.
OUTPUT FOLDER "09-10-2020_11_58_28" created
/Users/kesina/eclipse-workspace/commons-csv/src/main/java/org/apache/commons/csv/CSVRecord
=================CFG created for CSVRecord.java
DOT FILE SUCCESSFULLY CLEAN!!
CFG GRAPH PARSING STARTED OF... CSVRecord.java
/Users/kesina/eclipse-workspace/commons-csv/output/09-10-2020_11_58_28/CSVRecord-CFGmapping.json  CREATED
/Users/kesina/eclipse-workspace/commons-csv/output/09-10-2020_11_58_28/CSVRecord-CFGedgeCoverageRequirements.txt  CREATED
/Users/kesina/eclipse-workspace/commons-csv/output/09-10-2020_11_58_28/CSVRecord-CFGnodeGrpByFunction.json  CREATED
CFG GRAPH PARSED SUCCESSFULLY!
Statement coverage wasn't tracked.
SmartTest mapping not created.
OUTPUT FOLDER "09-10-2020_11_58_30" created
/Users/kesina/eclipse-workspace/commons-csv/src/main/java/org/apache/commons/csv/CSVRecord
=================CFG created for CSVRecord.java
DOT FILE SUCCESSFULLY CLEAN!!
CFG GRAPH PARSING STARTED OF... CSVRecord.java
/Users/kesina/eclipse-workspace/commons-csv/output/09-10-2020_11_58_30/CSVRecord-CFGmapping.json  CREATED
/Users/kesina/eclipse-workspace/commons-csv/output/09-10-2020_11_58_30/CSVRecord-CFGedgeCoverageRequirements.txt  CREATED
/Users/kesina/eclipse-workspace/commons-csv/output/09-10-2020_11_58_30/CSVRecord-CFGnodeGrpByFunction.json  CREATED
CFG GRAPH PARSED SUCCESSFULLY!
Statement coverage wasn't tracked.
SmartTest mapping not created.
OUTPUT FOLDER "09-10-2020_11_58_34" created
/Users/kesina/eclipse-workspace/commons-csv/src/main/java/org/apache/commons/csv/CSVRecord
=================CFG created for CSVRecord.java
DOT FILE SUCCESSFULLY CLEAN!!
CFG GRAPH PARSING STARTED OF... CSVRecord.java
/Users/kesina/eclipse-workspace/commons-csv/output/09-10-2020_11_58_34/CSVRecord-CFGmapping.json  CREATED
/Users/kesina/eclipse-workspace/commons-csv/output/09-10-2020_11_58_34/CSVRecord-CFGedgeCoverageRequirements.txt  CREATED
/Users/kesina/eclipse-workspace/commons-csv/output/09-10-2020_11_58_34/CSVRecord-CFGnodeGrpByFunction.json  CREATED
CFG GRAPH PARSED SUCCESSFULLY!
Statement coverage wasn't tracked.
SmartTest mapping not created.
OUTPUT FOLDER "09-10-2020_11_58_39" created
/Users/kesina/eclipse-workspace/commons-csv/src/main/java/org/apache/commons/csv/CSVRecord
=================CFG created for CSVRecord.java
DOT FILE SUCCESSFULLY CLEAN!!
CFG GRAPH PARSING STARTED OF... CSVRecord.java
/Users/kesina/eclipse-workspace/commons-csv/output/09-10-2020_11_58_39/CSVRecord-CFGmapping.json  CREATED
/Users/kesina/eclipse-workspace/commons-csv/output/09-10-2020_11_58_39/CSVRecord-CFGedgeCoverageRequirements.txt  CREATED
/Users/kesina/eclipse-workspace/commons-csv/output/09-10-2020_11_58_39/CSVRecord-CFGnodeGrpByFunction.json  CREATED
CFG GRAPH PARSED SUCCESSFULLY!
Statement coverage wasn't tracked.
SmartTest mapping not created.
OUTPUT FOLDER "09-10-2020_11_58_42" created
/Users/kesina/eclipse-workspace/commons-csv/src/main/java/org/apache/commons/csv/CSVRecord
=================CFG created for CSVRecord.java
DOT FILE SUCCESSFULLY CLEAN!!
CFG GRAPH PARSING STARTED OF... CSVRecord.java
/Users/kesina/eclipse-workspace/commons-csv/output/09-10-2020_11_58_42/CSVRecord-CFGmapping.json  CREATED
/Users/kesina/eclipse-workspace/commons-csv/output/09-10-2020_11_58_42/CSVRecord-CFGedgeCoverageRequirements.txt  CREATED
/Users/kesina/eclipse-workspace/commons-csv/output/09-10-2020_11_58_42/CSVRecord-CFGnodeGrpByFunction.json  CREATED
CFG GRAPH PARSED SUCCESSFULLY!
Statement coverage wasn't tracked.
SmartTest mapping not created.
OUTPUT FOLDER "09-10-2020_11_58_47" created
/Users/kesina/eclipse-workspace/commons-csv/src/main/java/org/apache/commons/csv/CSVRecord
=================CFG created for CSVRecord.java
DOT FILE SUCCESSFULLY CLEAN!!
CFG GRAPH PARSING STARTED OF... CSVRecord.java
/Users/kesina/eclipse-workspace/commons-csv/output/09-10-2020_11_58_47/CSVRecord-CFGmapping.json  CREATED
/Users/kesina/eclipse-workspace/commons-csv/output/09-10-2020_11_58_47/CSVRecord-CFGedgeCoverageRequirements.txt  CREATED
/Users/kesina/eclipse-workspace/commons-csv/output/09-10-2020_11_58_47/CSVRecord-CFGnodeGrpByFunction.json  CREATED
CFG GRAPH PARSED SUCCESSFULLY!
Statement coverage wasn't tracked.
SmartTest mapping not created.
OUTPUT FOLDER "09-10-2020_11_58_49" created
/Users/kesina/eclipse-workspace/commons-csv/src/main/java/org/apache/commons/csv/CSVRecord
=================CFG created for CSVRecord.java
DOT FILE SUCCESSFULLY CLEAN!!
CFG GRAPH PARSING STARTED OF... CSVRecord.java
/Users/kesina/eclipse-workspace/commons-csv/output/09-10-2020_11_58_49/CSVRecord-CFGmapping.json  CREATED
/Users/kesina/eclipse-workspace/commons-csv/output/09-10-2020_11_58_49/CSVRecord-CFGedgeCoverageRequirements.txt  CREATED
/Users/kesina/eclipse-workspace/commons-csv/output/09-10-2020_11_58_49/CSVRecord-CFGnodeGrpByFunction.json  CREATED
CFG GRAPH PARSED SUCCESSFULLY!
Statement coverage wasn't tracked.
SmartTest mapping not created.
OUTPUT FOLDER "09-10-2020_11_58_51" created
/Users/kesina/eclipse-workspace/commons-csv/src/main/java/org/apache/commons/csv/CSVRecord
=================CFG created for CSVRecord.java
DOT FILE SUCCESSFULLY CLEAN!!
CFG GRAPH PARSING STARTED OF... CSVRecord.java
/Users/kesina/eclipse-workspace/commons-csv/output/09-10-2020_11_58_51/CSVRecord-CFGmapping.json  CREATED
/Users/kesina/eclipse-workspace/commons-csv/output/09-10-2020_11_58_51/CSVRecord-CFGedgeCoverageRequirements.txt  CREATED
/Users/kesina/eclipse-workspace/commons-csv/output/09-10-2020_11_58_51/CSVRecord-CFGnodeGrpByFunction.json  CREATED
CFG GRAPH PARSED SUCCESSFULLY!
Statement coverage wasn't tracked.
SmartTest mapping not created.
OUTPUT FOLDER "09-10-2020_11_58_53" created
/Users/kesina/eclipse-workspace/commons-csv/src/main/java/org/apache/commons/csv/CSVRecord
=================CFG created for CSVRecord.java
DOT FILE SUCCESSFULLY CLEAN!!
CFG GRAPH PARSING STARTED OF... CSVRecord.java
/Users/kesina/eclipse-workspace/commons-csv/output/09-10-2020_11_58_53/CSVRecord-CFGmapping.json  CREATED
/Users/kesina/eclipse-workspace/commons-csv/output/09-10-2020_11_58_53/CSVRecord-CFGedgeCoverageRequirements.txt  CREATED
/Users/kesina/eclipse-workspace/commons-csv/output/09-10-2020_11_58_53/CSVRecord-CFGnodeGrpByFunction.json  CREATED
CFG GRAPH PARSED SUCCESSFULLY!
Statement coverage wasn't tracked.
SmartTest mapping not created.
OUTPUT FOLDER "09-10-2020_11_58_57" created
/Users/kesina/eclipse-workspace/commons-csv/src/main/java/org/apache/commons/csv/CSVRecord
=================CFG created for CSVRecord.java
DOT FILE SUCCESSFULLY CLEAN!!
CFG GRAPH PARSING STARTED OF... CSVRecord.java
/Users/kesina/eclipse-workspace/commons-csv/output/09-10-2020_11_58_57/CSVRecord-CFGmapping.json  CREATED
/Users/kesina/eclipse-workspace/commons-csv/output/09-10-2020_11_58_57/CSVRecord-CFGedgeCoverageRequirements.txt  CREATED
/Users/kesina/eclipse-workspace/commons-csv/output/09-10-2020_11_58_57/CSVRecord-CFGnodeGrpByFunction.json  CREATED
CFG GRAPH PARSED SUCCESSFULLY!
Statement coverage wasn't tracked.
SmartTest mapping not created.
OUTPUT FOLDER "09-10-2020_11_59_02" created
/Users/kesina/eclipse-workspace/commons-csv/src/main/java/org/apache/commons/csv/CSVRecord
=================CFG created for CSVRecord.java
DOT FILE SUCCESSFULLY CLEAN!!
CFG GRAPH PARSING STARTED OF... CSVRecord.java
/Users/kesina/eclipse-workspace/commons-csv/output/09-10-2020_11_59_02/CSVRecord-CFGmapping.json  CREATED
/Users/kesina/eclipse-workspace/commons-csv/output/09-10-2020_11_59_02/CSVRecord-CFGedgeCoverageRequirements.txt  CREATED
/Users/kesina/eclipse-workspace/commons-csv/output/09-10-2020_11_59_02/CSVRecord-CFGnodeGrpByFunction.json  CREATED
CFG GRAPH PARSED SUCCESSFULLY!
Statement coverage wasn't tracked.
SmartTest mapping not created.
OUTPUT FOLDER "09-10-2020_11_59_05" created
/Users/kesina/eclipse-workspace/commons-csv/src/main/java/org/apache/commons/csv/CSVRecord
=================CFG created for CSVRecord.java
DOT FILE SUCCESSFULLY CLEAN!!
CFG GRAPH PARSING STARTED OF... CSVRecord.java
/Users/kesina/eclipse-workspace/commons-csv/output/09-10-2020_11_59_05/CSVRecord-CFGmapping.json  CREATED
/Users/kesina/eclipse-workspace/commons-csv/output/09-10-2020_11_59_05/CSVRecord-CFGedgeCoverageRequirements.txt  CREATED
/Users/kesina/eclipse-workspace/commons-csv/output/09-10-2020_11_59_05/CSVRecord-CFGnodeGrpByFunction.json  CREATED
CFG GRAPH PARSED SUCCESSFULLY!
Statement coverage wasn't tracked.
SmartTest mapping not created.
OUTPUT FOLDER "09-10-2020_11_59_07" created
/Users/kesina/eclipse-workspace/commons-csv/src/main/java/org/apache/commons/csv/CSVRecord
=================CFG created for CSVRecord.java
DOT FILE SUCCESSFULLY CLEAN!!
CFG GRAPH PARSING STARTED OF... CSVRecord.java
/Users/kesina/eclipse-workspace/commons-csv/output/09-10-2020_11_59_07/CSVRecord-CFGmapping.json  CREATED
/Users/kesina/eclipse-workspace/commons-csv/output/09-10-2020_11_59_07/CSVRecord-CFGedgeCoverageRequirements.txt  CREATED
/Users/kesina/eclipse-workspace/commons-csv/output/09-10-2020_11_59_07/CSVRecord-CFGnodeGrpByFunction.json  CREATED
CFG GRAPH PARSED SUCCESSFULLY!
Statement coverage wasn't tracked.
SmartTest mapping not created.
OUTPUT FOLDER "09-10-2020_11_59_09" created
/Users/kesina/eclipse-workspace/commons-csv/src/main/java/org/apache/commons/csv/CSVRecord
=================CFG created for CSVRecord.java
DOT FILE SUCCESSFULLY CLEAN!!
CFG GRAPH PARSING STARTED OF... CSVRecord.java
/Users/kesina/eclipse-workspace/commons-csv/output/09-10-2020_11_59_09/CSVRecord-CFGmapping.json  CREATED
/Users/kesina/eclipse-workspace/commons-csv/output/09-10-2020_11_59_09/CSVRecord-CFGedgeCoverageRequirements.txt  CREATED
/Users/kesina/eclipse-workspace/commons-csv/output/09-10-2020_11_59_09/CSVRecord-CFGnodeGrpByFunction.json  CREATED
CFG GRAPH PARSED SUCCESSFULLY!
Statement coverage wasn't tracked.
SmartTest mapping not created.
OUTPUT FOLDER "09-10-2020_11_59_12" created
/Users/kesina/eclipse-workspace/commons-csv/src/main/java/org/apache/commons/csv/CSVRecord
=================CFG created for CSVRecord.java
DOT FILE SUCCESSFULLY CLEAN!!
CFG GRAPH PARSING STARTED OF... CSVRecord.java
/Users/kesina/eclipse-workspace/commons-csv/output/09-10-2020_11_59_12/CSVRecord-CFGmapping.json  CREATED
/Users/kesina/eclipse-workspace/commons-csv/output/09-10-2020_11_59_12/CSVRecord-CFGedgeCoverageRequirements.txt  CREATED
/Users/kesina/eclipse-workspace/commons-csv/output/09-10-2020_11_59_12/CSVRecord-CFGnodeGrpByFunction.json  CREATED
CFG GRAPH PARSED SUCCESSFULLY!
Statement coverage wasn't tracked.
SmartTest mapping not created.
OUTPUT FOLDER "09-10-2020_11_59_14" created
/Users/kesina/eclipse-workspace/commons-csv/src/main/java/org/apache/commons/csv/CSVRecord
=================CFG created for CSVRecord.java
DOT FILE SUCCESSFULLY CLEAN!!
CFG GRAPH PARSING STARTED OF... CSVRecord.java
/Users/kesina/eclipse-workspace/commons-csv/output/09-10-2020_11_59_14/CSVRecord-CFGmapping.json  CREATED
/Users/kesina/eclipse-workspace/commons-csv/output/09-10-2020_11_59_14/CSVRecord-CFGedgeCoverageRequirements.txt  CREATED
/Users/kesina/eclipse-workspace/commons-csv/output/09-10-2020_11_59_14/CSVRecord-CFGnodeGrpByFunction.json  CREATED
CFG GRAPH PARSED SUCCESSFULLY!
Statement coverage wasn't tracked.
SmartTest mapping not created.
OUTPUT FOLDER "09-10-2020_11_59_17" created
/Users/kesina/eclipse-workspace/commons-csv/src/main/java/org/apache/commons/csv/CSVRecord
=================CFG created for CSVRecord.java
DOT FILE SUCCESSFULLY CLEAN!!
CFG GRAPH PARSING STARTED OF... CSVRecord.java
/Users/kesina/eclipse-workspace/commons-csv/output/09-10-2020_11_59_17/CSVRecord-CFGmapping.json  CREATED
/Users/kesina/eclipse-workspace/commons-csv/output/09-10-2020_11_59_17/CSVRecord-CFGedgeCoverageRequirements.txt  CREATED
/Users/kesina/eclipse-workspace/commons-csv/output/09-10-2020_11_59_17/CSVRecord-CFGnodeGrpByFunction.json  CREATED
CFG GRAPH PARSED SUCCESSFULLY!
Statement coverage wasn't tracked.
SmartTest mapping not created.
OUTPUT FOLDER "09-10-2020_11_59_19" created
/Users/kesina/eclipse-workspace/commons-csv/src/main/java/org/apache/commons/csv/CSVRecord
=================CFG created for CSVRecord.java
DOT FILE SUCCESSFULLY CLEAN!!
CFG GRAPH PARSING STARTED OF... CSVRecord.java
/Users/kesina/eclipse-workspace/commons-csv/output/09-10-2020_11_59_19/CSVRecord-CFGmapping.json  CREATED
/Users/kesina/eclipse-workspace/commons-csv/output/09-10-2020_11_59_19/CSVRecord-CFGedgeCoverageRequirements.txt  CREATED
/Users/kesina/eclipse-workspace/commons-csv/output/09-10-2020_11_59_19/CSVRecord-CFGnodeGrpByFunction.json  CREATED
CFG GRAPH PARSED SUCCESSFULLY!
Statement coverage wasn't tracked.
SmartTest mapping not created.
OUTPUT FOLDER "09-10-2020_11_59_22" created
/Users/kesina/eclipse-workspace/commons-csv/src/main/java/org/apache/commons/csv/CSVRecord
=================CFG created for CSVRecord.java
DOT FILE SUCCESSFULLY CLEAN!!
CFG GRAPH PARSING STARTED OF... CSVRecord.java
/Users/kesina/eclipse-workspace/commons-csv/output/09-10-2020_11_59_22/CSVRecord-CFGmapping.json  CREATED
/Users/kesina/eclipse-workspace/commons-csv/output/09-10-2020_11_59_22/CSVRecord-CFGedgeCoverageRequirements.txt  CREATED
/Users/kesina/eclipse-workspace/commons-csv/output/09-10-2020_11_59_22/CSVRecord-CFGnodeGrpByFunction.json  CREATED
CFG GRAPH PARSED SUCCESSFULLY!
Statement coverage wasn't tracked.
SmartTest mapping not created.
OUTPUT FOLDER "09-10-2020_11_59_24" created
/Users/kesina/eclipse-workspace/commons-csv/src/main/java/org/apache/commons/csv/CSVRecord
=================CFG created for CSVRecord.java
DOT FILE SUCCESSFULLY CLEAN!!
CFG GRAPH PARSING STARTED OF... CSVRecord.java
/Users/kesina/eclipse-workspace/commons-csv/output/09-10-2020_11_59_24/CSVRecord-CFGmapping.json  CREATED
/Users/kesina/eclipse-workspace/commons-csv/output/09-10-2020_11_59_24/CSVRecord-CFGedgeCoverageRequirements.txt  CREATED
/Users/kesina/eclipse-workspace/commons-csv/output/09-10-2020_11_59_24/CSVRecord-CFGnodeGrpByFunction.json  CREATED
CFG GRAPH PARSED SUCCESSFULLY!
Statement coverage wasn't tracked.
SmartTest mapping not created.
OUTPUT FOLDER "09-10-2020_11_59_26" created
/Users/kesina/eclipse-workspace/commons-csv/src/main/java/org/apache/commons/csv/CSVRecord
=================CFG created for CSVRecord.java
DOT FILE SUCCESSFULLY CLEAN!!
CFG GRAPH PARSING STARTED OF... CSVRecord.java
/Users/kesina/eclipse-workspace/commons-csv/output/09-10-2020_11_59_26/CSVRecord-CFGmapping.json  CREATED
/Users/kesina/eclipse-workspace/commons-csv/output/09-10-2020_11_59_26/CSVRecord-CFGedgeCoverageRequirements.txt  CREATED
/Users/kesina/eclipse-workspace/commons-csv/output/09-10-2020_11_59_26/CSVRecord-CFGnodeGrpByFunction.json  CREATED
CFG GRAPH PARSED SUCCESSFULLY!
Statement coverage wasn't tracked.
SmartTest mapping not created.
OUTPUT FOLDER "09-10-2020_11_59_29" created
/Users/kesina/eclipse-workspace/commons-csv/src/main/java/org/apache/commons/csv/CSVRecord
=================CFG created for CSVRecord.java
DOT FILE SUCCESSFULLY CLEAN!!
CFG GRAPH PARSING STARTED OF... CSVRecord.java
/Users/kesina/eclipse-workspace/commons-csv/output/09-10-2020_11_59_29/CSVRecord-CFGmapping.json  CREATED
/Users/kesina/eclipse-workspace/commons-csv/output/09-10-2020_11_59_29/CSVRecord-CFGedgeCoverageRequirements.txt  CREATED
/Users/kesina/eclipse-workspace/commons-csv/output/09-10-2020_11_59_29/CSVRecord-CFGnodeGrpByFunction.json  CREATED
CFG GRAPH PARSED SUCCESSFULLY!
Statement coverage wasn't tracked.
SmartTest mapping not created.
OUTPUT FOLDER "09-10-2020_11_59_31" created
/Users/kesina/eclipse-workspace/commons-csv/src/main/java/org/apache/commons/csv/CSVRecord
=================CFG created for CSVRecord.java
DOT FILE SUCCESSFULLY CLEAN!!
CFG GRAPH PARSING STARTED OF... CSVRecord.java
/Users/kesina/eclipse-workspace/commons-csv/output/09-10-2020_11_59_31/CSVRecord-CFGmapping.json  CREATED
/Users/kesina/eclipse-workspace/commons-csv/output/09-10-2020_11_59_31/CSVRecord-CFGedgeCoverageRequirements.txt  CREATED
/Users/kesina/eclipse-workspace/commons-csv/output/09-10-2020_11_59_31/CSVRecord-CFGnodeGrpByFunction.json  CREATED
CFG GRAPH PARSED SUCCESSFULLY!
Statement coverage wasn't tracked.
SmartTest mapping not created.
OUTPUT FOLDER "09-10-2020_11_59_33" created
/Users/kesina/eclipse-workspace/commons-csv/src/main/java/org/apache/commons/csv/CSVRecord
=================CFG created for CSVRecord.java
DOT FILE SUCCESSFULLY CLEAN!!
CFG GRAPH PARSING STARTED OF... CSVRecord.java
/Users/kesina/eclipse-workspace/commons-csv/output/09-10-2020_11_59_33/CSVRecord-CFGmapping.json  CREATED
/Users/kesina/eclipse-workspace/commons-csv/output/09-10-2020_11_59_33/CSVRecord-CFGedgeCoverageRequirements.txt  CREATED
/Users/kesina/eclipse-workspace/commons-csv/output/09-10-2020_11_59_33/CSVRecord-CFGnodeGrpByFunction.json  CREATED
CFG GRAPH PARSED SUCCESSFULLY!
Statement coverage wasn't tracked.
SmartTest mapping not created.
OUTPUT FOLDER "09-10-2020_11_59_35" created
/Users/kesina/eclipse-workspace/commons-csv/src/main/java/org/apache/commons/csv/CSVRecord
=================CFG created for CSVRecord.java
DOT FILE SUCCESSFULLY CLEAN!!
CFG GRAPH PARSING STARTED OF... CSVRecord.java
/Users/kesina/eclipse-workspace/commons-csv/output/09-10-2020_11_59_35/CSVRecord-CFGmapping.json  CREATED
/Users/kesina/eclipse-workspace/commons-csv/output/09-10-2020_11_59_35/CSVRecord-CFGedgeCoverageRequirements.txt  CREATED
/Users/kesina/eclipse-workspace/commons-csv/output/09-10-2020_11_59_35/CSVRecord-CFGnodeGrpByFunction.json  CREATED
CFG GRAPH PARSED SUCCESSFULLY!
Statement coverage wasn't tracked.
SmartTest mapping not created.
OUTPUT FOLDER "09-10-2020_11_59_36" created
/Users/kesina/eclipse-workspace/commons-csv/src/main/java/org/apache/commons/csv/CSVRecord
=================CFG created for CSVRecord.java
DOT FILE SUCCESSFULLY CLEAN!!
CFG GRAPH PARSING STARTED OF... CSVRecord.java
/Users/kesina/eclipse-workspace/commons-csv/output/09-10-2020_11_59_36/CSVRecord-CFGmapping.json  CREATED
/Users/kesina/eclipse-workspace/commons-csv/output/09-10-2020_11_59_36/CSVRecord-CFGedgeCoverageRequirements.txt  CREATED
/Users/kesina/eclipse-workspace/commons-csv/output/09-10-2020_11_59_36/CSVRecord-CFGnodeGrpByFunction.json  CREATED
CFG GRAPH PARSED SUCCESSFULLY!
Statement coverage wasn't tracked.
SmartTest mapping not created.
OUTPUT FOLDER "09-10-2020_11_59_39" created
/Users/kesina/eclipse-workspace/commons-csv/src/main/java/org/apache/commons/csv/CSVRecord
=================CFG created for CSVRecord.java
DOT FILE SUCCESSFULLY CLEAN!!
CFG GRAPH PARSING STARTED OF... CSVRecord.java
/Users/kesina/eclipse-workspace/commons-csv/output/09-10-2020_11_59_39/CSVRecord-CFGmapping.json  CREATED
/Users/kesina/eclipse-workspace/commons-csv/output/09-10-2020_11_59_39/CSVRecord-CFGedgeCoverageRequirements.txt  CREATED
/Users/kesina/eclipse-workspace/commons-csv/output/09-10-2020_11_59_39/CSVRecord-CFGnodeGrpByFunction.json  CREATED
CFG GRAPH PARSED SUCCESSFULLY!
Statement coverage wasn't tracked.
SmartTest mapping not created.
OUTPUT FOLDER "09-10-2020_11_59_42" created
/Users/kesina/eclipse-workspace/commons-csv/src/main/java/org/apache/commons/csv/CSVRecord
=================CFG created for CSVRecord.java
DOT FILE SUCCESSFULLY CLEAN!!
CFG GRAPH PARSING STARTED OF... CSVRecord.java
/Users/kesina/eclipse-workspace/commons-csv/output/09-10-2020_11_59_42/CSVRecord-CFGmapping.json  CREATED
/Users/kesina/eclipse-workspace/commons-csv/output/09-10-2020_11_59_42/CSVRecord-CFGedgeCoverageRequirements.txt  CREATED
/Users/kesina/eclipse-workspace/commons-csv/output/09-10-2020_11_59_42/CSVRecord-CFGnodeGrpByFunction.json  CREATED
CFG GRAPH PARSED SUCCESSFULLY!
Statement coverage wasn't tracked.
SmartTest mapping not created.
OUTPUT FOLDER "09-10-2020_11_59_44" created
/Users/kesina/eclipse-workspace/commons-csv/src/main/java/org/apache/commons/csv/CSVRecord
=================CFG created for CSVRecord.java
DOT FILE SUCCESSFULLY CLEAN!!
CFG GRAPH PARSING STARTED OF... CSVRecord.java
/Users/kesina/eclipse-workspace/commons-csv/output/09-10-2020_11_59_44/CSVRecord-CFGmapping.json  CREATED
/Users/kesina/eclipse-workspace/commons-csv/output/09-10-2020_11_59_44/CSVRecord-CFGedgeCoverageRequirements.txt  CREATED
/Users/kesina/eclipse-workspace/commons-csv/output/09-10-2020_11_59_44/CSVRecord-CFGnodeGrpByFunction.json  CREATED
CFG GRAPH PARSED SUCCESSFULLY!
Statement coverage wasn't tracked.
SmartTest mapping not created.
OUTPUT FOLDER "09-10-2020_11_59_47" created
/Users/kesina/eclipse-workspace/commons-csv/src/main/java/org/apache/commons/csv/CSVRecord
=================CFG created for CSVRecord.java
DOT FILE SUCCESSFULLY CLEAN!!
CFG GRAPH PARSING STARTED OF... CSVRecord.java
/Users/kesina/eclipse-workspace/commons-csv/output/09-10-2020_11_59_47/CSVRecord-CFGmapping.json  CREATED
/Users/kesina/eclipse-workspace/commons-csv/output/09-10-2020_11_59_47/CSVRecord-CFGedgeCoverageRequirements.txt  CREATED
/Users/kesina/eclipse-workspace/commons-csv/output/09-10-2020_11_59_47/CSVRecord-CFGnodeGrpByFunction.json  CREATED
CFG GRAPH PARSED SUCCESSFULLY!
Statement coverage wasn't tracked.
SmartTest mapping not created.
OUTPUT FOLDER "09-10-2020_11_59_51" created
/Users/kesina/eclipse-workspace/commons-csv/src/main/java/org/apache/commons/csv/CSVRecord
=================CFG created for CSVRecord.java
DOT FILE SUCCESSFULLY CLEAN!!
CFG GRAPH PARSING STARTED OF... CSVRecord.java
/Users/kesina/eclipse-workspace/commons-csv/output/09-10-2020_11_59_51/CSVRecord-CFGmapping.json  CREATED
/Users/kesina/eclipse-workspace/commons-csv/output/09-10-2020_11_59_51/CSVRecord-CFGedgeCoverageRequirements.txt  CREATED
/Users/kesina/eclipse-workspace/commons-csv/output/09-10-2020_11_59_51/CSVRecord-CFGnodeGrpByFunction.json  CREATED
CFG GRAPH PARSED SUCCESSFULLY!
Statement coverage wasn't tracked.
SmartTest mapping not created.
OUTPUT FOLDER "09-10-2020_11_59_55" created
/Users/kesina/eclipse-workspace/commons-csv/src/main/java/org/apache/commons/csv/CSVRecord
=================CFG created for CSVRecord.java
DOT FILE SUCCESSFULLY CLEAN!!
CFG GRAPH PARSING STARTED OF... CSVRecord.java
/Users/kesina/eclipse-workspace/commons-csv/output/09-10-2020_11_59_55/CSVRecord-CFGmapping.json  CREATED
/Users/kesina/eclipse-workspace/commons-csv/output/09-10-2020_11_59_55/CSVRecord-CFGedgeCoverageRequirements.txt  CREATED
/Users/kesina/eclipse-workspace/commons-csv/output/09-10-2020_11_59_55/CSVRecord-CFGnodeGrpByFunction.json  CREATED
CFG GRAPH PARSED SUCCESSFULLY!
Statement coverage wasn't tracked.
SmartTest mapping not created.
OUTPUT FOLDER "09-10-2020_12_00_01" created
/Users/kesina/eclipse-workspace/commons-csv/src/main/java/org/apache/commons/csv/CSVRecord
=================CFG created for CSVRecord.java
DOT FILE SUCCESSFULLY CLEAN!!
CFG GRAPH PARSING STARTED OF... CSVRecord.java
/Users/kesina/eclipse-workspace/commons-csv/output/09-10-2020_12_00_01/CSVRecord-CFGmapping.json  CREATED
/Users/kesina/eclipse-workspace/commons-csv/output/09-10-2020_12_00_01/CSVRecord-CFGedgeCoverageRequirements.txt  CREATED
/Users/kesina/eclipse-workspace/commons-csv/output/09-10-2020_12_00_01/CSVRecord-CFGnodeGrpByFunction.json  CREATED
CFG GRAPH PARSED SUCCESSFULLY!
Statement coverage wasn't tracked.
SmartTest mapping not created.
OUTPUT FOLDER "09-10-2020_12_00_03" created
/Users/kesina/eclipse-workspace/commons-csv/src/main/java/org/apache/commons/csv/CSVRecord
=================CFG created for CSVRecord.java
DOT FILE SUCCESSFULLY CLEAN!!
CFG GRAPH PARSING STARTED OF... CSVRecord.java
/Users/kesina/eclipse-workspace/commons-csv/output/09-10-2020_12_00_03/CSVRecord-CFGmapping.json  CREATED
/Users/kesina/eclipse-workspace/commons-csv/output/09-10-2020_12_00_03/CSVRecord-CFGedgeCoverageRequirements.txt  CREATED
/Users/kesina/eclipse-workspace/commons-csv/output/09-10-2020_12_00_03/CSVRecord-CFGnodeGrpByFunction.json  CREATED
CFG GRAPH PARSED SUCCESSFULLY!
Statement coverage wasn't tracked.
SmartTest mapping not created.
/Users/kesina/eclipse-workspace/commons-csv/src/main/java/org/apache/commons/csv/CSVRecord
ANALYSIS OF MUTATION================ 1
bash temprunProgex.sh /Users/kesina/eclipse-workspace/commons-csv/src/main/java/org/apache/commons/csv/CSVRecord PROGEX
Comparison Done
No test to rerun
ANALYSIS OF MUTATION================ 2
bash temprunProgex.sh /Users/kesina/eclipse-workspace/commons-csv/src/main/java/org/apache/commons/csv/CSVRecord PROGEX
Comparison Done
No test to rerun
ANALYSIS OF MUTATION================ 3
bash temprunProgex.sh /Users/kesina/eclipse-workspace/commons-csv/src/main/java/org/apache/commons/csv/CSVRecord PROGEX
Comparison Done
ANALYSIS OF MUTATION================ 4
bash temprunProgex.sh /Users/kesina/eclipse-workspace/commons-csv/src/main/java/org/apache/commons/csv/CSVRecord PROGEX
Comparison Done
ANALYSIS OF MUTATION================ 5
bash temprunProgex.sh /Users/kesina/eclipse-workspace/commons-csv/src/main/java/org/apache/commons/csv/CSVRecord PROGEX
Comparison Done
ANALYSIS OF MUTATION================ 6
bash temprunProgex.sh /Users/kesina/eclipse-workspace/commons-csv/src/main/java/org/apache/commons/csv/CSVRecord PROGEX
Comparison Done
ANALYSIS OF MUTATION================ 7
bash temprunProgex.sh /Users/kesina/eclipse-workspace/commons-csv/src/main/java/org/apache/commons/csv/CSVRecord PROGEX
Comparison Done
ANALYSIS OF MUTATION================ 8
bash temprunProgex.sh /Users/kesina/eclipse-workspace/commons-csv/src/main/java/org/apache/commons/csv/CSVRecord PROGEX
Comparison Done
ANALYSIS OF MUTATION================ 9
bash temprunProgex.sh /Users/kesina/eclipse-workspace/commons-csv/src/main/java/org/apache/commons/csv/CSVRecord PROGEX
Comparison Done
ANALYSIS OF MUTATION================ 10
bash temprunProgex.sh /Users/kesina/eclipse-workspace/commons-csv/src/main/java/org/apache/commons/csv/CSVRecord PROGEX
Comparison Done
ANALYSIS OF MUTATION================ 11
bash temprunProgex.sh /Users/kesina/eclipse-workspace/commons-csv/src/main/java/org/apache/commons/csv/CSVRecord PROGEX
Comparison Done
ANALYSIS OF MUTATION================ 12
bash temprunProgex.sh /Users/kesina/eclipse-workspace/commons-csv/src/main/java/org/apache/commons/csv/CSVRecord PROGEX
Comparison Done
ANALYSIS OF MUTATION================ 13
bash temprunProgex.sh /Users/kesina/eclipse-workspace/commons-csv/src/main/java/org/apache/commons/csv/CSVRecord PROGEX
Comparison Done
ANALYSIS OF MUTATION================ 14
bash temprunProgex.sh /Users/kesina/eclipse-workspace/commons-csv/src/main/java/org/apache/commons/csv/CSVRecord PROGEX
Comparison Done
ANALYSIS OF MUTATION================ 15
bash temprunProgex.sh /Users/kesina/eclipse-workspace/commons-csv/src/main/java/org/apache/commons/csv/CSVRecord PROGEX
Comparison Done
ANALYSIS OF MUTATION================ 16
bash temprunProgex.sh /Users/kesina/eclipse-workspace/commons-csv/src/main/java/org/apache/commons/csv/CSVRecord PROGEX
Comparison Done
ANALYSIS OF MUTATION================ 17
bash temprunProgex.sh /Users/kesina/eclipse-workspace/commons-csv/src/main/java/org/apache/commons/csv/CSVRecord PROGEX
Comparison Done
ANALYSIS OF MUTATION================ 18
bash temprunProgex.sh /Users/kesina/eclipse-workspace/commons-csv/src/main/java/org/apache/commons/csv/CSVRecord PROGEX
Comparison Done
ANALYSIS OF MUTATION================ 19
bash temprunProgex.sh /Users/kesina/eclipse-workspace/commons-csv/src/main/java/org/apache/commons/csv/CSVRecord PROGEX
Comparison Done
ANALYSIS OF MUTATION================ 20
bash temprunProgex.sh /Users/kesina/eclipse-workspace/commons-csv/src/main/java/org/apache/commons/csv/CSVRecord PROGEX
Comparison Done
ANALYSIS OF MUTATION================ 21
bash temprunProgex.sh /Users/kesina/eclipse-workspace/commons-csv/src/main/java/org/apache/commons/csv/CSVRecord PROGEX
Comparison Done
ANALYSIS OF MUTATION================ 22
bash temprunProgex.sh /Users/kesina/eclipse-workspace/commons-csv/src/main/java/org/apache/commons/csv/CSVRecord PROGEX
Comparison Done
ANALYSIS OF MUTATION================ 23
bash temprunProgex.sh /Users/kesina/eclipse-workspace/commons-csv/src/main/java/org/apache/commons/csv/CSVRecord PROGEX
Comparison Done
ANALYSIS OF MUTATION================ 24
bash temprunProgex.sh /Users/kesina/eclipse-workspace/commons-csv/src/main/java/org/apache/commons/csv/CSVRecord PROGEX
Comparison Done
ANALYSIS OF MUTATION================ 25
bash temprunProgex.sh /Users/kesina/eclipse-workspace/commons-csv/src/main/java/org/apache/commons/csv/CSVRecord PROGEX
Comparison Done
ANALYSIS OF MUTATION================ 26
bash temprunProgex.sh /Users/kesina/eclipse-workspace/commons-csv/src/main/java/org/apache/commons/csv/CSVRecord PROGEX
Comparison Done
ANALYSIS OF MUTATION================ 27
bash temprunProgex.sh /Users/kesina/eclipse-workspace/commons-csv/src/main/java/org/apache/commons/csv/CSVRecord PROGEX
Comparison Done
ANALYSIS OF MUTATION================ 28
bash temprunProgex.sh /Users/kesina/eclipse-workspace/commons-csv/src/main/java/org/apache/commons/csv/CSVRecord PROGEX
Comparison Done
ANALYSIS OF MUTATION================ 29
bash temprunProgex.sh /Users/kesina/eclipse-workspace/commons-csv/src/main/java/org/apache/commons/csv/CSVRecord PROGEX
Comparison Done
ANALYSIS OF MUTATION================ 30
bash temprunProgex.sh /Users/kesina/eclipse-workspace/commons-csv/src/main/java/org/apache/commons/csv/CSVRecord PROGEX
Comparison Done
ANALYSIS OF MUTATION================ 31
bash temprunProgex.sh /Users/kesina/eclipse-workspace/commons-csv/src/main/java/org/apache/commons/csv/CSVRecord PROGEX
Comparison Done
ANALYSIS OF MUTATION================ 32
bash temprunProgex.sh /Users/kesina/eclipse-workspace/commons-csv/src/main/java/org/apache/commons/csv/CSVRecord PROGEX
Comparison Done
ANALYSIS OF MUTATION================ 33
bash temprunProgex.sh /Users/kesina/eclipse-workspace/commons-csv/src/main/java/org/apache/commons/csv/CSVRecord PROGEX
Comparison Done
ANALYSIS OF MUTATION================ 34
bash temprunProgex.sh /Users/kesina/eclipse-workspace/commons-csv/src/main/java/org/apache/commons/csv/CSVRecord PROGEX
Comparison Done
ANALYSIS OF MUTATION================ 35
bash temprunProgex.sh /Users/kesina/eclipse-workspace/commons-csv/src/main/java/org/apache/commons/csv/CSVRecord PROGEX
Comparison Done
ANALYSIS OF MUTATION================ 36
bash temprunProgex.sh /Users/kesina/eclipse-workspace/commons-csv/src/main/java/org/apache/commons/csv/CSVRecord PROGEX
Comparison Done
ANALYSIS OF MUTATION================ 37
bash temprunProgex.sh /Users/kesina/eclipse-workspace/commons-csv/src/main/java/org/apache/commons/csv/CSVRecord PROGEX
Comparison Done
ANALYSIS OF MUTATION================ 38
bash temprunProgex.sh /Users/kesina/eclipse-workspace/commons-csv/src/main/java/org/apache/commons/csv/CSVRecord PROGEX
Comparison Done
ANALYSIS OF MUTATION================ 39
bash temprunProgex.sh /Users/kesina/eclipse-workspace/commons-csv/src/main/java/org/apache/commons/csv/CSVRecord PROGEX
Comparison Done
ANALYSIS OF MUTATION================ 40
bash temprunProgex.sh /Users/kesina/eclipse-workspace/commons-csv/src/main/java/org/apache/commons/csv/CSVRecord PROGEX
Comparison Done
ANALYSIS OF MUTATION================ 41
bash temprunProgex.sh /Users/kesina/eclipse-workspace/commons-csv/src/main/java/org/apache/commons/csv/CSVRecord PROGEX
Comparison Done
ANALYSIS OF MUTATION================ 42
bash temprunProgex.sh /Users/kesina/eclipse-workspace/commons-csv/src/main/java/org/apache/commons/csv/CSVRecord PROGEX
Comparison Done
ANALYSIS OF MUTATION================ 43
bash temprunProgex.sh /Users/kesina/eclipse-workspace/commons-csv/src/main/java/org/apache/commons/csv/CSVRecord PROGEX
Comparison Done
ANALYSIS OF MUTATION================ 44
bash temprunProgex.sh /Users/kesina/eclipse-workspace/commons-csv/src/main/java/org/apache/commons/csv/CSVRecord PROGEX
Comparison Done
ANALYSIS OF MUTATION================ 45
bash temprunProgex.sh /Users/kesina/eclipse-workspace/commons-csv/src/main/java/org/apache/commons/csv/CSVRecord PROGEX
Comparison Done
ANALYSIS OF MUTATION================ 46
bash temprunProgex.sh /Users/kesina/eclipse-workspace/commons-csv/src/main/java/org/apache/commons/csv/CSVRecord PROGEXOUTPUT FOLDER "09-10-2020_12_00_04" created
/Users/kesina/eclipse-workspace/commons-csv/src/main/java/org/apache/commons/csv/CSVRecord
=================CFG created for CSVRecord.java
DOT FILE SUCCESSFULLY CLEAN!!
CFG GRAPH PARSING STARTED OF... CSVRecord.java
/Users/kesina/eclipse-workspace/commons-csv/output/09-10-2020_12_00_04/CSVRecord-CFGmapping.json  CREATED
/Users/kesina/eclipse-workspace/commons-csv/output/09-10-2020_12_00_04/CSVRecord-CFGedgeCoverageRequirements.txt  CREATED
/Users/kesina/eclipse-workspace/commons-csv/output/09-10-2020_12_00_04/CSVRecord-CFGnodeGrpByFunction.json  CREATED
CFG GRAPH PARSED SUCCESSFULLY!
Statement coverage wasn't tracked.
SmartTest mapping not created.
OUTPUT FOLDER "09-10-2020_12_00_06" created
/Users/kesina/eclipse-workspace/commons-csv/src/main/java/org/apache/commons/csv/CSVRecord
=================CFG created for CSVRecord.java
DOT FILE SUCCESSFULLY CLEAN!!
CFG GRAPH PARSING STARTED OF... CSVRecord.java
/Users/kesina/eclipse-workspace/commons-csv/output/09-10-2020_12_00_06/CSVRecord-CFGmapping.json  CREATED
/Users/kesina/eclipse-workspace/commons-csv/output/09-10-2020_12_00_06/CSVRecord-CFGedgeCoverageRequirements.txt  CREATED
/Users/kesina/eclipse-workspace/commons-csv/output/09-10-2020_12_00_06/CSVRecord-CFGnodeGrpByFunction.json  CREATED
CFG GRAPH PARSED SUCCESSFULLY!
Statement coverage wasn't tracked.
SmartTest mapping not created.
OUTPUT FOLDER "09-10-2020_12_00_08" created
/Users/kesina/eclipse-workspace/commons-csv/src/main/java/org/apache/commons/csv/CSVRecord
=================CFG created for CSVRecord.java
DOT FILE SUCCESSFULLY CLEAN!!
CFG GRAPH PARSING STARTED OF... CSVRecord.java
/Users/kesina/eclipse-workspace/commons-csv/output/09-10-2020_12_00_08/CSVRecord-CFGmapping.json  CREATED
/Users/kesina/eclipse-workspace/commons-csv/output/09-10-2020_12_00_08/CSVRecord-CFGedgeCoverageRequirements.txt  CREATED
/Users/kesina/eclipse-workspace/commons-csv/output/09-10-2020_12_00_08/CSVRecord-CFGnodeGrpByFunction.json  CREATED
CFG GRAPH PARSED SUCCESSFULLY!
Statement coverage wasn't tracked.
SmartTest mapping not created.
OUTPUT FOLDER "09-10-2020_12_00_10" created
/Users/kesina/eclipse-workspace/commons-csv/src/main/java/org/apache/commons/csv/CSVRecord
=================CFG created for CSVRecord.java
DOT FILE SUCCESSFULLY CLEAN!!
CFG GRAPH PARSING STARTED OF... CSVRecord.java
/Users/kesina/eclipse-workspace/commons-csv/output/09-10-2020_12_00_10/CSVRecord-CFGmapping.json  CREATED
/Users/kesina/eclipse-workspace/commons-csv/output/09-10-2020_12_00_10/CSVRecord-CFGedgeCoverageRequirements.txt  CREATED
/Users/kesina/eclipse-workspace/commons-csv/output/09-10-2020_12_00_10/CSVRecord-CFGnodeGrpByFunction.json  CREATED
CFG GRAPH PARSED SUCCESSFULLY!
Statement coverage wasn't tracked.
SmartTest mapping not created.
OUTPUT FOLDER "09-10-2020_12_00_12" created
/Users/kesina/eclipse-workspace/commons-csv/src/main/java/org/apache/commons/csv/CSVRecord
=================CFG created for CSVRecord.java
DOT FILE SUCCESSFULLY CLEAN!!
CFG GRAPH PARSING STARTED OF... CSVRecord.java
/Users/kesina/eclipse-workspace/commons-csv/output/09-10-2020_12_00_12/CSVRecord-CFGmapping.json  CREATED
/Users/kesina/eclipse-workspace/commons-csv/output/09-10-2020_12_00_12/CSVRecord-CFGedgeCoverageRequirements.txt  CREATED
/Users/kesina/eclipse-workspace/commons-csv/output/09-10-2020_12_00_12/CSVRecord-CFGnodeGrpByFunction.json  CREATED
CFG GRAPH PARSED SUCCESSFULLY!
Statement coverage wasn't tracked.
SmartTest mapping not created.

Comparison Done
ANALYSIS OF MUTATION================ 47
bash temprunProgex.sh /Users/kesina/eclipse-workspace/commons-csv/src/main/java/org/apache/commons/csv/CSVRecord PROGEX
Comparison Done
ANALYSIS OF MUTATION================ 48
bash temprunProgex.sh /Users/kesina/eclipse-workspace/commons-csv/src/main/java/org/apache/commons/csv/CSVRecord PROGEX
Comparison Done
ANALYSIS OF MUTATION================ 49
bash temprunProgex.sh /Users/kesina/eclipse-workspace/commons-csv/src/main/java/org/apache/commons/csv/CSVRecord PROGEX
Comparison Done
ANALYSIS OF MUTATION================ 50
bash temprunProgex.sh /Users/kesina/eclipse-workspace/commons-csv/src/main/java/org/apache/commons/csv/CSVRecord PROGEX
Comparison Done
Output saved
==================TIME TAKEN FOR ANALYSIS======================== 123.3644597530365
