OUTPUT FOLDER "09-10-2020_12_01_28" created
/Users/kesina/eclipse-workspace/commons-csv/src/main/java/org/apache/commons/csv/ExtendedBufferedReader
=================CFG created for ExtendedBufferedReader.java
DOT FILE SUCCESSFULLY CLEAN!!
CFG GRAPH PARSING STARTED OF... ExtendedBufferedReader.java
/Users/kesina/eclipse-workspace/commons-csv/output/09-10-2020_12_01_28/ExtendedBufferedReader-CFGmapping.json  CREATED
/Users/kesina/eclipse-workspace/commons-csv/output/09-10-2020_12_01_28/ExtendedBufferedReader-CFGedgeCoverageRequirements.txt  CREATED
/Users/kesina/eclipse-workspace/commons-csv/output/09-10-2020_12_01_28/ExtendedBufferedReader-CFGnodeGrpByFunction.json  CREATED
CFG GRAPH PARSED SUCCESSFULLY!
Statement coverage wasn't tracked.
SmartTest mapping not created.
OUTPUT FOLDER "09-10-2020_12_01_33" created
/Users/kesina/eclipse-workspace/commons-csv/src/main/java/org/apache/commons/csv/ExtendedBufferedReader
=================CFG created for ExtendedBufferedReader.java
DOT FILE SUCCESSFULLY CLEAN!!
CFG GRAPH PARSING STARTED OF... ExtendedBufferedReader.java
/Users/kesina/eclipse-workspace/commons-csv/output/09-10-2020_12_01_33/ExtendedBufferedReader-CFGmapping.json  CREATED
/Users/kesina/eclipse-workspace/commons-csv/output/09-10-2020_12_01_33/ExtendedBufferedReader-CFGedgeCoverageRequirements.txt  CREATED
/Users/kesina/eclipse-workspace/commons-csv/output/09-10-2020_12_01_33/ExtendedBufferedReader-CFGnodeGrpByFunction.json  CREATED
CFG GRAPH PARSED SUCCESSFULLY!
Statement coverage wasn't tracked.
SmartTest mapping not created.
OUTPUT FOLDER "09-10-2020_12_01_35" created
/Users/kesina/eclipse-workspace/commons-csv/src/main/java/org/apache/commons/csv/ExtendedBufferedReader
=================CFG created for ExtendedBufferedReader.java
DOT FILE SUCCESSFULLY CLEAN!!
CFG GRAPH PARSING STARTED OF... ExtendedBufferedReader.java
/Users/kesina/eclipse-workspace/commons-csv/output/09-10-2020_12_01_35/ExtendedBufferedReader-CFGmapping.json  CREATED
/Users/kesina/eclipse-workspace/commons-csv/output/09-10-2020_12_01_35/ExtendedBufferedReader-CFGedgeCoverageRequirements.txt  CREATED
/Users/kesina/eclipse-workspace/commons-csv/output/09-10-2020_12_01_35/ExtendedBufferedReader-CFGnodeGrpByFunction.json  CREATED
CFG GRAPH PARSED SUCCESSFULLY!
Statement coverage wasn't tracked.
SmartTest mapping not created.
OUTPUT FOLDER "09-10-2020_12_01_38" created
/Users/kesina/eclipse-workspace/commons-csv/src/main/java/org/apache/commons/csv/ExtendedBufferedReader
=================CFG created for ExtendedBufferedReader.java
DOT FILE SUCCESSFULLY CLEAN!!
CFG GRAPH PARSING STARTED OF... ExtendedBufferedReader.java
/Users/kesina/eclipse-workspace/commons-csv/output/09-10-2020_12_01_38/ExtendedBufferedReader-CFGmapping.json  CREATED
/Users/kesina/eclipse-workspace/commons-csv/output/09-10-2020_12_01_38/ExtendedBufferedReader-CFGedgeCoverageRequirements.txt  CREATED
/Users/kesina/eclipse-workspace/commons-csv/output/09-10-2020_12_01_38/ExtendedBufferedReader-CFGnodeGrpByFunction.json  CREATED
CFG GRAPH PARSED SUCCESSFULLY!
Statement coverage wasn't tracked.
SmartTest mapping not created.
OUTPUT FOLDER "09-10-2020_12_01_40" created
/Users/kesina/eclipse-workspace/commons-csv/src/main/java/org/apache/commons/csv/ExtendedBufferedReader
=================CFG created for ExtendedBufferedReader.java
DOT FILE SUCCESSFULLY CLEAN!!
CFG GRAPH PARSING STARTED OF... ExtendedBufferedReader.java
/Users/kesina/eclipse-workspace/commons-csv/output/09-10-2020_12_01_40/ExtendedBufferedReader-CFGmapping.json  CREATED
/Users/kesina/eclipse-workspace/commons-csv/output/09-10-2020_12_01_40/ExtendedBufferedReader-CFGedgeCoverageRequirements.txt  CREATED
/Users/kesina/eclipse-workspace/commons-csv/output/09-10-2020_12_01_40/ExtendedBufferedReader-CFGnodeGrpByFunction.json  CREATED
CFG GRAPH PARSED SUCCESSFULLY!
Statement coverage wasn't tracked.
SmartTest mapping not created.
OUTPUT FOLDER "09-10-2020_12_01_43" created
/Users/kesina/eclipse-workspace/commons-csv/src/main/java/org/apache/commons/csv/ExtendedBufferedReader
=================CFG created for ExtendedBufferedReader.java
DOT FILE SUCCESSFULLY CLEAN!!
CFG GRAPH PARSING STARTED OF... ExtendedBufferedReader.java
/Users/kesina/eclipse-workspace/commons-csv/output/09-10-2020_12_01_43/ExtendedBufferedReader-CFGmapping.json  CREATED
/Users/kesina/eclipse-workspace/commons-csv/output/09-10-2020_12_01_43/ExtendedBufferedReader-CFGedgeCoverageRequirements.txt  CREATED
/Users/kesina/eclipse-workspace/commons-csv/output/09-10-2020_12_01_43/ExtendedBufferedReader-CFGnodeGrpByFunction.json  CREATED
CFG GRAPH PARSED SUCCESSFULLY!
Statement coverage wasn't tracked.
SmartTest mapping not created.
OUTPUT FOLDER "09-10-2020_12_01_45" created
/Users/kesina/eclipse-workspace/commons-csv/src/main/java/org/apache/commons/csv/ExtendedBufferedReader
=================CFG created for ExtendedBufferedReader.java
DOT FILE SUCCESSFULLY CLEAN!!
CFG GRAPH PARSING STARTED OF... ExtendedBufferedReader.java
/Users/kesina/eclipse-workspace/commons-csv/output/09-10-2020_12_01_45/ExtendedBufferedReader-CFGmapping.json  CREATED
/Users/kesina/eclipse-workspace/commons-csv/output/09-10-2020_12_01_45/ExtendedBufferedReader-CFGedgeCoverageRequirements.txt  CREATED
/Users/kesina/eclipse-workspace/commons-csv/output/09-10-2020_12_01_45/ExtendedBufferedReader-CFGnodeGrpByFunction.json  CREATED
CFG GRAPH PARSED SUCCESSFULLY!
Statement coverage wasn't tracked.
SmartTest mapping not created.
OUTPUT FOLDER "09-10-2020_12_01_48" created
/Users/kesina/eclipse-workspace/commons-csv/src/main/java/org/apache/commons/csv/ExtendedBufferedReader
=================CFG created for ExtendedBufferedReader.java
DOT FILE SUCCESSFULLY CLEAN!!
CFG GRAPH PARSING STARTED OF... ExtendedBufferedReader.java
/Users/kesina/eclipse-workspace/commons-csv/output/09-10-2020_12_01_48/ExtendedBufferedReader-CFGmapping.json  CREATED
/Users/kesina/eclipse-workspace/commons-csv/output/09-10-2020_12_01_48/ExtendedBufferedReader-CFGedgeCoverageRequirements.txt  CREATED
/Users/kesina/eclipse-workspace/commons-csv/output/09-10-2020_12_01_48/ExtendedBufferedReader-CFGnodeGrpByFunction.json  CREATED
CFG GRAPH PARSED SUCCESSFULLY!
Statement coverage wasn't tracked.
SmartTest mapping not created.
OUTPUT FOLDER "09-10-2020_12_01_50" created
/Users/kesina/eclipse-workspace/commons-csv/src/main/java/org/apache/commons/csv/ExtendedBufferedReader
=================CFG created for ExtendedBufferedReader.java
DOT FILE SUCCESSFULLY CLEAN!!
CFG GRAPH PARSING STARTED OF... ExtendedBufferedReader.java
/Users/kesina/eclipse-workspace/commons-csv/output/09-10-2020_12_01_50/ExtendedBufferedReader-CFGmapping.json  CREATED
/Users/kesina/eclipse-workspace/commons-csv/output/09-10-2020_12_01_50/ExtendedBufferedReader-CFGedgeCoverageRequirements.txt  CREATED
/Users/kesina/eclipse-workspace/commons-csv/output/09-10-2020_12_01_50/ExtendedBufferedReader-CFGnodeGrpByFunction.json  CREATED
CFG GRAPH PARSED SUCCESSFULLY!
Statement coverage wasn't tracked.
SmartTest mapping not created.
OUTPUT FOLDER "09-10-2020_12_01_52" created
/Users/kesina/eclipse-workspace/commons-csv/src/main/java/org/apache/commons/csv/ExtendedBufferedReader
=================CFG created for ExtendedBufferedReader.java
DOT FILE SUCCESSFULLY CLEAN!!
CFG GRAPH PARSING STARTED OF... ExtendedBufferedReader.java
/Users/kesina/eclipse-workspace/commons-csv/output/09-10-2020_12_01_52/ExtendedBufferedReader-CFGmapping.json  CREATED
/Users/kesina/eclipse-workspace/commons-csv/output/09-10-2020_12_01_52/ExtendedBufferedReader-CFGedgeCoverageRequirements.txt  CREATED
/Users/kesina/eclipse-workspace/commons-csv/output/09-10-2020_12_01_52/ExtendedBufferedReader-CFGnodeGrpByFunction.json  CREATED
CFG GRAPH PARSED SUCCESSFULLY!
Statement coverage wasn't tracked.
SmartTest mapping not created.
OUTPUT FOLDER "09-10-2020_12_01_54" created
/Users/kesina/eclipse-workspace/commons-csv/src/main/java/org/apache/commons/csv/ExtendedBufferedReader
=================CFG created for ExtendedBufferedReader.java
DOT FILE SUCCESSFULLY CLEAN!!
CFG GRAPH PARSING STARTED OF... ExtendedBufferedReader.java
/Users/kesina/eclipse-workspace/commons-csv/output/09-10-2020_12_01_54/ExtendedBufferedReader-CFGmapping.json  CREATED
/Users/kesina/eclipse-workspace/commons-csv/output/09-10-2020_12_01_54/ExtendedBufferedReader-CFGedgeCoverageRequirements.txt  CREATED
/Users/kesina/eclipse-workspace/commons-csv/output/09-10-2020_12_01_54/ExtendedBufferedReader-CFGnodeGrpByFunction.json  CREATED
CFG GRAPH PARSED SUCCESSFULLY!
Statement coverage wasn't tracked.
SmartTest mapping not created.
OUTPUT FOLDER "09-10-2020_12_01_56" created
/Users/kesina/eclipse-workspace/commons-csv/src/main/java/org/apache/commons/csv/ExtendedBufferedReader
=================CFG created for ExtendedBufferedReader.java
DOT FILE SUCCESSFULLY CLEAN!!
CFG GRAPH PARSING STARTED OF... ExtendedBufferedReader.java
/Users/kesina/eclipse-workspace/commons-csv/output/09-10-2020_12_01_56/ExtendedBufferedReader-CFGmapping.json  CREATED
/Users/kesina/eclipse-workspace/commons-csv/output/09-10-2020_12_01_56/ExtendedBufferedReader-CFGedgeCoverageRequirements.txt  CREATED
/Users/kesina/eclipse-workspace/commons-csv/output/09-10-2020_12_01_56/ExtendedBufferedReader-CFGnodeGrpByFunction.json  CREATED
CFG GRAPH PARSED SUCCESSFULLY!
Statement coverage wasn't tracked.
SmartTest mapping not created.
OUTPUT FOLDER "09-10-2020_12_01_58" created
/Users/kesina/eclipse-workspace/commons-csv/src/main/java/org/apache/commons/csv/ExtendedBufferedReader
=================CFG created for ExtendedBufferedReader.java
DOT FILE SUCCESSFULLY CLEAN!!
CFG GRAPH PARSING STARTED OF... ExtendedBufferedReader.java
/Users/kesina/eclipse-workspace/commons-csv/output/09-10-2020_12_01_58/ExtendedBufferedReader-CFGmapping.json  CREATED
/Users/kesina/eclipse-workspace/commons-csv/output/09-10-2020_12_01_58/ExtendedBufferedReader-CFGedgeCoverageRequirements.txt  CREATED
/Users/kesina/eclipse-workspace/commons-csv/output/09-10-2020_12_01_58/ExtendedBufferedReader-CFGnodeGrpByFunction.json  CREATED
CFG GRAPH PARSED SUCCESSFULLY!
Statement coverage wasn't tracked.
SmartTest mapping not created.
OUTPUT FOLDER "09-10-2020_12_02_00" created
/Users/kesina/eclipse-workspace/commons-csv/src/main/java/org/apache/commons/csv/ExtendedBufferedReader
=================CFG created for ExtendedBufferedReader.java
DOT FILE SUCCESSFULLY CLEAN!!
CFG GRAPH PARSING STARTED OF... ExtendedBufferedReader.java
/Users/kesina/eclipse-workspace/commons-csv/output/09-10-2020_12_02_00/ExtendedBufferedReader-CFGmapping.json  CREATED
/Users/kesina/eclipse-workspace/commons-csv/output/09-10-2020_12_02_00/ExtendedBufferedReader-CFGedgeCoverageRequirements.txt  CREATED
/Users/kesina/eclipse-workspace/commons-csv/output/09-10-2020_12_02_00/ExtendedBufferedReader-CFGnodeGrpByFunction.json  CREATED
CFG GRAPH PARSED SUCCESSFULLY!
Statement coverage wasn't tracked.
SmartTest mapping not created.
OUTPUT FOLDER "09-10-2020_12_02_02" created
/Users/kesina/eclipse-workspace/commons-csv/src/main/java/org/apache/commons/csv/ExtendedBufferedReader
=================CFG created for ExtendedBufferedReader.java
DOT FILE SUCCESSFULLY CLEAN!!
CFG GRAPH PARSING STARTED OF... ExtendedBufferedReader.java
/Users/kesina/eclipse-workspace/commons-csv/output/09-10-2020_12_02_02/ExtendedBufferedReader-CFGmapping.json  CREATED
/Users/kesina/eclipse-workspace/commons-csv/output/09-10-2020_12_02_02/ExtendedBufferedReader-CFGedgeCoverageRequirements.txt  CREATED
/Users/kesina/eclipse-workspace/commons-csv/output/09-10-2020_12_02_02/ExtendedBufferedReader-CFGnodeGrpByFunction.json  CREATED
CFG GRAPH PARSED SUCCESSFULLY!
Statement coverage wasn't tracked.
SmartTest mapping not created.
OUTPUT FOLDER "09-10-2020_12_02_03" created
/Users/kesina/eclipse-workspace/commons-csv/src/main/java/org/apache/commons/csv/ExtendedBufferedReader
=================CFG created for ExtendedBufferedReader.java
DOT FILE SUCCESSFULLY CLEAN!!
CFG GRAPH PARSING STARTED OF... ExtendedBufferedReader.java
/Users/kesina/eclipse-workspace/commons-csv/output/09-10-2020_12_02_03/ExtendedBufferedReader-CFGmapping.json  CREATED
/Users/kesina/eclipse-workspace/commons-csv/output/09-10-2020_12_02_03/ExtendedBufferedReader-CFGedgeCoverageRequirements.txt  CREATED
/Users/kesina/eclipse-workspace/commons-csv/output/09-10-2020_12_02_03/ExtendedBufferedReader-CFGnodeGrpByFunction.json  CREATED
CFG GRAPH PARSED SUCCESSFULLY!
Statement coverage wasn't tracked.
SmartTest mapping not created.
OUTPUT FOLDER "09-10-2020_12_02_05" created
/Users/kesina/eclipse-workspace/commons-csv/src/main/java/org/apache/commons/csv/ExtendedBufferedReader
=================CFG created for ExtendedBufferedReader.java
DOT FILE SUCCESSFULLY CLEAN!!
CFG GRAPH PARSING STARTED OF... ExtendedBufferedReader.java
/Users/kesina/eclipse-workspace/commons-csv/output/09-10-2020_12_02_05/ExtendedBufferedReader-CFGmapping.json  CREATED
/Users/kesina/eclipse-workspace/commons-csv/output/09-10-2020_12_02_05/ExtendedBufferedReader-CFGedgeCoverageRequirements.txt  CREATED
/Users/kesina/eclipse-workspace/commons-csv/output/09-10-2020_12_02_05/ExtendedBufferedReader-CFGnodeGrpByFunction.json  CREATED
CFG GRAPH PARSED SUCCESSFULLY!
Statement coverage wasn't tracked.
SmartTest mapping not created.
OUTPUT FOLDER "09-10-2020_12_02_07" created
/Users/kesina/eclipse-workspace/commons-csv/src/main/java/org/apache/commons/csv/ExtendedBufferedReader
=================CFG created for ExtendedBufferedReader.java
DOT FILE SUCCESSFULLY CLEAN!!
CFG GRAPH PARSING STARTED OF... ExtendedBufferedReader.java
/Users/kesina/eclipse-workspace/commons-csv/output/09-10-2020_12_02_07/ExtendedBufferedReader-CFGmapping.json  CREATED
/Users/kesina/eclipse-workspace/commons-csv/output/09-10-2020_12_02_07/ExtendedBufferedReader-CFGedgeCoverageRequirements.txt  CREATED
/Users/kesina/eclipse-workspace/commons-csv/output/09-10-2020_12_02_07/ExtendedBufferedReader-CFGnodeGrpByFunction.json  CREATED
CFG GRAPH PARSED SUCCESSFULLY!
Statement coverage wasn't tracked.
SmartTest mapping not created.
OUTPUT FOLDER "09-10-2020_12_02_09" created
/Users/kesina/eclipse-workspace/commons-csv/src/main/java/org/apache/commons/csv/ExtendedBufferedReader
=================CFG created for ExtendedBufferedReader.java
DOT FILE SUCCESSFULLY CLEAN!!
CFG GRAPH PARSING STARTED OF... ExtendedBufferedReader.java
/Users/kesina/eclipse-workspace/commons-csv/output/09-10-2020_12_02_09/ExtendedBufferedReader-CFGmapping.json  CREATED
/Users/kesina/eclipse-workspace/commons-csv/output/09-10-2020_12_02_09/ExtendedBufferedReader-CFGedgeCoverageRequirements.txt  CREATED
/Users/kesina/eclipse-workspace/commons-csv/output/09-10-2020_12_02_09/ExtendedBufferedReader-CFGnodeGrpByFunction.json  CREATED
CFG GRAPH PARSED SUCCESSFULLY!
Statement coverage wasn't tracked.
SmartTest mapping not created.
OUTPUT FOLDER "09-10-2020_12_02_10" created
/Users/kesina/eclipse-workspace/commons-csv/src/main/java/org/apache/commons/csv/ExtendedBufferedReader
=================CFG created for ExtendedBufferedReader.java
DOT FILE SUCCESSFULLY CLEAN!!
CFG GRAPH PARSING STARTED OF... ExtendedBufferedReader.java
/Users/kesina/eclipse-workspace/commons-csv/output/09-10-2020_12_02_10/ExtendedBufferedReader-CFGmapping.json  CREATED
/Users/kesina/eclipse-workspace/commons-csv/output/09-10-2020_12_02_10/ExtendedBufferedReader-CFGedgeCoverageRequirements.txt  CREATED
/Users/kesina/eclipse-workspace/commons-csv/output/09-10-2020_12_02_10/ExtendedBufferedReader-CFGnodeGrpByFunction.json  CREATED
CFG GRAPH PARSED SUCCESSFULLY!
Statement coverage wasn't tracked.
SmartTest mapping not created.
OUTPUT FOLDER "09-10-2020_12_02_12" created
/Users/kesina/eclipse-workspace/commons-csv/src/main/java/org/apache/commons/csv/ExtendedBufferedReader
=================CFG created for ExtendedBufferedReader.java
DOT FILE SUCCESSFULLY CLEAN!!
CFG GRAPH PARSING STARTED OF... ExtendedBufferedReader.java
/Users/kesina/eclipse-workspace/commons-csv/output/09-10-2020_12_02_12/ExtendedBufferedReader-CFGmapping.json  CREATED
/Users/kesina/eclipse-workspace/commons-csv/output/09-10-2020_12_02_12/ExtendedBufferedReader-CFGedgeCoverageRequirements.txt  CREATED
/Users/kesina/eclipse-workspace/commons-csv/output/09-10-2020_12_02_12/ExtendedBufferedReader-CFGnodeGrpByFunction.json  CREATED
CFG GRAPH PARSED SUCCESSFULLY!
Statement coverage wasn't tracked.
SmartTest mapping not created.
OUTPUT FOLDER "09-10-2020_12_02_14" created
/Users/kesina/eclipse-workspace/commons-csv/src/main/java/org/apache/commons/csv/ExtendedBufferedReader
=================CFG created for ExtendedBufferedReader.java
DOT FILE SUCCESSFULLY CLEAN!!
CFG GRAPH PARSING STARTED OF... ExtendedBufferedReader.java
/Users/kesina/eclipse-workspace/commons-csv/output/09-10-2020_12_02_14/ExtendedBufferedReader-CFGmapping.json  CREATED
/Users/kesina/eclipse-workspace/commons-csv/output/09-10-2020_12_02_14/ExtendedBufferedReader-CFGedgeCoverageRequirements.txt  CREATED
/Users/kesina/eclipse-workspace/commons-csv/output/09-10-2020_12_02_14/ExtendedBufferedReader-CFGnodeGrpByFunction.json  CREATED
CFG GRAPH PARSED SUCCESSFULLY!
Statement coverage wasn't tracked.
SmartTest mapping not created.
OUTPUT FOLDER "09-10-2020_12_02_16" created
/Users/kesina/eclipse-workspace/commons-csv/src/main/java/org/apache/commons/csv/ExtendedBufferedReader
=================CFG created for ExtendedBufferedReader.java
DOT FILE SUCCESSFULLY CLEAN!!
CFG GRAPH PARSING STARTED OF... ExtendedBufferedReader.java
/Users/kesina/eclipse-workspace/commons-csv/output/09-10-2020_12_02_16/ExtendedBufferedReader-CFGmapping.json  CREATED
/Users/kesina/eclipse-workspace/commons-csv/output/09-10-2020_12_02_16/ExtendedBufferedReader-CFGedgeCoverageRequirements.txt  CREATED
/Users/kesina/eclipse-workspace/commons-csv/output/09-10-2020_12_02_16/ExtendedBufferedReader-CFGnodeGrpByFunction.json  CREATED
CFG GRAPH PARSED SUCCESSFULLY!
Statement coverage wasn't tracked.
SmartTest mapping not created.
OUTPUT FOLDER "09-10-2020_12_02_18" created
/Users/kesina/eclipse-workspace/commons-csv/src/main/java/org/apache/commons/csv/ExtendedBufferedReader
=================CFG created for ExtendedBufferedReader.java
DOT FILE SUCCESSFULLY CLEAN!!
CFG GRAPH PARSING STARTED OF... ExtendedBufferedReader.java
/Users/kesina/eclipse-workspace/commons-csv/output/09-10-2020_12_02_18/ExtendedBufferedReader-CFGmapping.json  CREATED
/Users/kesina/eclipse-workspace/commons-csv/output/09-10-2020_12_02_18/ExtendedBufferedReader-CFGedgeCoverageRequirements.txt  CREATED
/Users/kesina/eclipse-workspace/commons-csv/output/09-10-2020_12_02_18/ExtendedBufferedReader-CFGnodeGrpByFunction.json  CREATED
CFG GRAPH PARSED SUCCESSFULLY!
Statement coverage wasn't tracked.
SmartTest mapping not created.
OUTPUT FOLDER "09-10-2020_12_02_19" created
/Users/kesina/eclipse-workspace/commons-csv/src/main/java/org/apache/commons/csv/ExtendedBufferedReader
=================CFG created for ExtendedBufferedReader.java
DOT FILE SUCCESSFULLY CLEAN!!
CFG GRAPH PARSING STARTED OF... ExtendedBufferedReader.java
/Users/kesina/eclipse-workspace/commons-csv/output/09-10-2020_12_02_19/ExtendedBufferedReader-CFGmapping.json  CREATED
/Users/kesina/eclipse-workspace/commons-csv/output/09-10-2020_12_02_19/ExtendedBufferedReader-CFGedgeCoverageRequirements.txt  CREATED
/Users/kesina/eclipse-workspace/commons-csv/output/09-10-2020_12_02_19/ExtendedBufferedReader-CFGnodeGrpByFunction.json  CREATED
CFG GRAPH PARSED SUCCESSFULLY!
Statement coverage wasn't tracked.
SmartTest mapping not created.
OUTPUT FOLDER "09-10-2020_12_02_21" created
/Users/kesina/eclipse-workspace/commons-csv/src/main/java/org/apache/commons/csv/ExtendedBufferedReader
=================CFG created for ExtendedBufferedReader.java
DOT FILE SUCCESSFULLY CLEAN!!
CFG GRAPH PARSING STARTED OF... ExtendedBufferedReader.java
/Users/kesina/eclipse-workspace/commons-csv/output/09-10-2020_12_02_21/ExtendedBufferedReader-CFGmapping.json  CREATED
/Users/kesina/eclipse-workspace/commons-csv/output/09-10-2020_12_02_21/ExtendedBufferedReader-CFGedgeCoverageRequirements.txt  CREATED
/Users/kesina/eclipse-workspace/commons-csv/output/09-10-2020_12_02_21/ExtendedBufferedReader-CFGnodeGrpByFunction.json  CREATED
CFG GRAPH PARSED SUCCESSFULLY!
Statement coverage wasn't tracked.
SmartTest mapping not created.
OUTPUT FOLDER "09-10-2020_12_02_23" created
/Users/kesina/eclipse-workspace/commons-csv/src/main/java/org/apache/commons/csv/ExtendedBufferedReader
=================CFG created for ExtendedBufferedReader.java
DOT FILE SUCCESSFULLY CLEAN!!
CFG GRAPH PARSING STARTED OF... ExtendedBufferedReader.java
/Users/kesina/eclipse-workspace/commons-csv/output/09-10-2020_12_02_23/ExtendedBufferedReader-CFGmapping.json  CREATED
/Users/kesina/eclipse-workspace/commons-csv/output/09-10-2020_12_02_23/ExtendedBufferedReader-CFGedgeCoverageRequirements.txt  CREATED
/Users/kesina/eclipse-workspace/commons-csv/output/09-10-2020_12_02_23/ExtendedBufferedReader-CFGnodeGrpByFunction.json  CREATED
CFG GRAPH PARSED SUCCESSFULLY!
Statement coverage wasn't tracked.
SmartTest mapping not created.
OUTPUT FOLDER "09-10-2020_12_02_26" created
/Users/kesina/eclipse-workspace/commons-csv/src/main/java/org/apache/commons/csv/ExtendedBufferedReader
=================CFG created for ExtendedBufferedReader.java
DOT FILE SUCCESSFULLY CLEAN!!
CFG GRAPH PARSING STARTED OF... ExtendedBufferedReader.java
/Users/kesina/eclipse-workspace/commons-csv/output/09-10-2020_12_02_26/ExtendedBufferedReader-CFGmapping.json  CREATED
/Users/kesina/eclipse-workspace/commons-csv/output/09-10-2020_12_02_26/ExtendedBufferedReader-CFGedgeCoverageRequirements.txt  CREATED
/Users/kesina/eclipse-workspace/commons-csv/output/09-10-2020_12_02_26/ExtendedBufferedReader-CFGnodeGrpByFunction.json  CREATED
CFG GRAPH PARSED SUCCESSFULLY!
Statement coverage wasn't tracked.
SmartTest mapping not created.
OUTPUT FOLDER "09-10-2020_12_02_27" created
/Users/kesina/eclipse-workspace/commons-csv/src/main/java/org/apache/commons/csv/ExtendedBufferedReader
=================CFG created for ExtendedBufferedReader.java
DOT FILE SUCCESSFULLY CLEAN!!
CFG GRAPH PARSING STARTED OF... ExtendedBufferedReader.java
/Users/kesina/eclipse-workspace/commons-csv/output/09-10-2020_12_02_27/ExtendedBufferedReader-CFGmapping.json  CREATED
/Users/kesina/eclipse-workspace/commons-csv/output/09-10-2020_12_02_27/ExtendedBufferedReader-CFGedgeCoverageRequirements.txt  CREATED
/Users/kesina/eclipse-workspace/commons-csv/output/09-10-2020_12_02_27/ExtendedBufferedReader-CFGnodeGrpByFunction.json  CREATED
CFG GRAPH PARSED SUCCESSFULLY!
Statement coverage wasn't tracked.
SmartTest mapping not created.
OUTPUT FOLDER "09-10-2020_12_02_29" created
/Users/kesina/eclipse-workspace/commons-csv/src/main/java/org/apache/commons/csv/ExtendedBufferedReader
=================CFG created for ExtendedBufferedReader.java
DOT FILE SUCCESSFULLY CLEAN!!
CFG GRAPH PARSING STARTED OF... ExtendedBufferedReader.java
/Users/kesina/eclipse-workspace/commons-csv/output/09-10-2020_12_02_29/ExtendedBufferedReader-CFGmapping.json  CREATED
/Users/kesina/eclipse-workspace/commons-csv/output/09-10-2020_12_02_29/ExtendedBufferedReader-CFGedgeCoverageRequirements.txt  CREATED
/Users/kesina/eclipse-workspace/commons-csv/output/09-10-2020_12_02_29/ExtendedBufferedReader-CFGnodeGrpByFunction.json  CREATED
CFG GRAPH PARSED SUCCESSFULLY!
Statement coverage wasn't tracked.
SmartTest mapping not created.
OUTPUT FOLDER "09-10-2020_12_02_31" created
/Users/kesina/eclipse-workspace/commons-csv/src/main/java/org/apache/commons/csv/ExtendedBufferedReader
=================CFG created for ExtendedBufferedReader.java
DOT FILE SUCCESSFULLY CLEAN!!
CFG GRAPH PARSING STARTED OF... ExtendedBufferedReader.java
/Users/kesina/eclipse-workspace/commons-csv/output/09-10-2020_12_02_31/ExtendedBufferedReader-CFGmapping.json  CREATED
/Users/kesina/eclipse-workspace/commons-csv/output/09-10-2020_12_02_31/ExtendedBufferedReader-CFGedgeCoverageRequirements.txt  CREATED
/Users/kesina/eclipse-workspace/commons-csv/output/09-10-2020_12_02_31/ExtendedBufferedReader-CFGnodeGrpByFunction.json  CREATED
CFG GRAPH PARSED SUCCESSFULLY!
Statement coverage wasn't tracked.
SmartTest mapping not created.
OUTPUT FOLDER "09-10-2020_12_02_33" created
/Users/kesina/eclipse-workspace/commons-csv/src/main/java/org/apache/commons/csv/ExtendedBufferedReader
=================CFG created for ExtendedBufferedReader.java
DOT FILE SUCCESSFULLY CLEAN!!
CFG GRAPH PARSING STARTED OF... ExtendedBufferedReader.java
/Users/kesina/eclipse-workspace/commons-csv/output/09-10-2020_12_02_33/ExtendedBufferedReader-CFGmapping.json  CREATED
/Users/kesina/eclipse-workspace/commons-csv/output/09-10-2020_12_02_33/ExtendedBufferedReader-CFGedgeCoverageRequirements.txt  CREATED
/Users/kesina/eclipse-workspace/commons-csv/output/09-10-2020_12_02_33/ExtendedBufferedReader-CFGnodeGrpByFunction.json  CREATED
CFG GRAPH PARSED SUCCESSFULLY!
Statement coverage wasn't tracked.
SmartTest mapping not created.
OUTPUT FOLDER "09-10-2020_12_02_35" created
/Users/kesina/eclipse-workspace/commons-csv/src/main/java/org/apache/commons/csv/ExtendedBufferedReader
=================CFG created for ExtendedBufferedReader.java
DOT FILE SUCCESSFULLY CLEAN!!
CFG GRAPH PARSING STARTED OF... ExtendedBufferedReader.java
/Users/kesina/eclipse-workspace/commons-csv/output/09-10-2020_12_02_35/ExtendedBufferedReader-CFGmapping.json  CREATED
/Users/kesina/eclipse-workspace/commons-csv/output/09-10-2020_12_02_35/ExtendedBufferedReader-CFGedgeCoverageRequirements.txt  CREATED
/Users/kesina/eclipse-workspace/commons-csv/output/09-10-2020_12_02_35/ExtendedBufferedReader-CFGnodeGrpByFunction.json  CREATED
CFG GRAPH PARSED SUCCESSFULLY!
Statement coverage wasn't tracked.
SmartTest mapping not created.
OUTPUT FOLDER "09-10-2020_12_02_37" created
/Users/kesina/eclipse-workspace/commons-csv/src/main/java/org/apache/commons/csv/ExtendedBufferedReader
=================CFG created for ExtendedBufferedReader.java
DOT FILE SUCCESSFULLY CLEAN!!
CFG GRAPH PARSING STARTED OF... ExtendedBufferedReader.java
/Users/kesina/eclipse-workspace/commons-csv/output/09-10-2020_12_02_37/ExtendedBufferedReader-CFGmapping.json  CREATED
/Users/kesina/eclipse-workspace/commons-csv/output/09-10-2020_12_02_37/ExtendedBufferedReader-CFGedgeCoverageRequirements.txt  CREATED
/Users/kesina/eclipse-workspace/commons-csv/output/09-10-2020_12_02_37/ExtendedBufferedReader-CFGnodeGrpByFunction.json  CREATED
CFG GRAPH PARSED SUCCESSFULLY!
Statement coverage wasn't tracked.
SmartTest mapping not created.
OUTPUT FOLDER "09-10-2020_12_02_39" created
/Users/kesina/eclipse-workspace/commons-csv/src/main/java/org/apache/commons/csv/ExtendedBufferedReader
=================CFG created for ExtendedBufferedReader.java
DOT FILE SUCCESSFULLY CLEAN!!
CFG GRAPH PARSING STARTED OF... ExtendedBufferedReader.java
/Users/kesina/eclipse-workspace/commons-csv/output/09-10-2020_12_02_39/ExtendedBufferedReader-CFGmapping.json  CREATED
/Users/kesina/eclipse-workspace/commons-csv/output/09-10-2020_12_02_39/ExtendedBufferedReader-CFGedgeCoverageRequirements.txt  CREATED
/Users/kesina/eclipse-workspace/commons-csv/output/09-10-2020_12_02_39/ExtendedBufferedReader-CFGnodeGrpByFunction.json  CREATED
CFG GRAPH PARSED SUCCESSFULLY!
Statement coverage wasn't tracked.
SmartTest mapping not created.
OUTPUT FOLDER "09-10-2020_12_02_40" created
/Users/kesina/eclipse-workspace/commons-csv/src/main/java/org/apache/commons/csv/ExtendedBufferedReader
=================CFG created for ExtendedBufferedReader.java
DOT FILE SUCCESSFULLY CLEAN!!
CFG GRAPH PARSING STARTED OF... ExtendedBufferedReader.java
/Users/kesina/eclipse-workspace/commons-csv/output/09-10-2020_12_02_40/ExtendedBufferedReader-CFGmapping.json  CREATED
/Users/kesina/eclipse-workspace/commons-csv/output/09-10-2020_12_02_40/ExtendedBufferedReader-CFGedgeCoverageRequirements.txt  CREATED
/Users/kesina/eclipse-workspace/commons-csv/output/09-10-2020_12_02_40/ExtendedBufferedReader-CFGnodeGrpByFunction.json  CREATED
CFG GRAPH PARSED SUCCESSFULLY!
Statement coverage wasn't tracked.
SmartTest mapping not created.
OUTPUT FOLDER "09-10-2020_12_02_42" created
/Users/kesina/eclipse-workspace/commons-csv/src/main/java/org/apache/commons/csv/ExtendedBufferedReader
=================CFG created for ExtendedBufferedReader.java
DOT FILE SUCCESSFULLY CLEAN!!
CFG GRAPH PARSING STARTED OF... ExtendedBufferedReader.java
/Users/kesina/eclipse-workspace/commons-csv/output/09-10-2020_12_02_42/ExtendedBufferedReader-CFGmapping.json  CREATED
/Users/kesina/eclipse-workspace/commons-csv/output/09-10-2020_12_02_42/ExtendedBufferedReader-CFGedgeCoverageRequirements.txt  CREATED
/Users/kesina/eclipse-workspace/commons-csv/output/09-10-2020_12_02_42/ExtendedBufferedReader-CFGnodeGrpByFunction.json  CREATED
CFG GRAPH PARSED SUCCESSFULLY!
Statement coverage wasn't tracked.
SmartTest mapping not created.
OUTPUT FOLDER "09-10-2020_12_02_44" created
/Users/kesina/eclipse-workspace/commons-csv/src/main/java/org/apache/commons/csv/ExtendedBufferedReader
=================CFG created for ExtendedBufferedReader.java
DOT FILE SUCCESSFULLY CLEAN!!
CFG GRAPH PARSING STARTED OF... ExtendedBufferedReader.java
/Users/kesina/eclipse-workspace/commons-csv/output/09-10-2020_12_02_44/ExtendedBufferedReader-CFGmapping.json  CREATED
/Users/kesina/eclipse-workspace/commons-csv/output/09-10-2020_12_02_44/ExtendedBufferedReader-CFGedgeCoverageRequirements.txt  CREATED
/Users/kesina/eclipse-workspace/commons-csv/output/09-10-2020_12_02_44/ExtendedBufferedReader-CFGnodeGrpByFunction.json  CREATED
CFG GRAPH PARSED SUCCESSFULLY!
Statement coverage wasn't tracked.
SmartTest mapping not created.
OUTPUT FOLDER "09-10-2020_12_02_46" created
/Users/kesina/eclipse-workspace/commons-csv/src/main/java/org/apache/commons/csv/ExtendedBufferedReader
=================CFG created for ExtendedBufferedReader.java
DOT FILE SUCCESSFULLY CLEAN!!
CFG GRAPH PARSING STARTED OF... ExtendedBufferedReader.java
/Users/kesina/eclipse-workspace/commons-csv/output/09-10-2020_12_02_46/ExtendedBufferedReader-CFGmapping.json  CREATED
/Users/kesina/eclipse-workspace/commons-csv/output/09-10-2020_12_02_46/ExtendedBufferedReader-CFGedgeCoverageRequirements.txt  CREATED
/Users/kesina/eclipse-workspace/commons-csv/output/09-10-2020_12_02_46/ExtendedBufferedReader-CFGnodeGrpByFunction.json  CREATED
CFG GRAPH PARSED SUCCESSFULLY!
Statement coverage wasn't tracked.
SmartTest mapping not created.
OUTPUT FOLDER "09-10-2020_12_02_47" created
/Users/kesina/eclipse-workspace/commons-csv/src/main/java/org/apache/commons/csv/ExtendedBufferedReader
=================CFG created for ExtendedBufferedReader.java
DOT FILE SUCCESSFULLY CLEAN!!
CFG GRAPH PARSING STARTED OF... ExtendedBufferedReader.java
/Users/kesina/eclipse-workspace/commons-csv/output/09-10-2020_12_02_47/ExtendedBufferedReader-CFGmapping.json  CREATED
/Users/kesina/eclipse-workspace/commons-csv/output/09-10-2020_12_02_47/ExtendedBufferedReader-CFGedgeCoverageRequirements.txt  CREATED
/Users/kesina/eclipse-workspace/commons-csv/output/09-10-2020_12_02_47/ExtendedBufferedReader-CFGnodeGrpByFunction.json  CREATED
CFG GRAPH PARSED SUCCESSFULLY!
Statement coverage wasn't tracked.
SmartTest mapping not created.
OUTPUT FOLDER "09-10-2020_12_02_49" created
/Users/kesina/eclipse-workspace/commons-csv/src/main/java/org/apache/commons/csv/ExtendedBufferedReader
=================CFG created for ExtendedBufferedReader.java
DOT FILE SUCCESSFULLY CLEAN!!
CFG GRAPH PARSING STARTED OF... ExtendedBufferedReader.java
/Users/kesina/eclipse-workspace/commons-csv/output/09-10-2020_12_02_49/ExtendedBufferedReader-CFGmapping.json  CREATED
/Users/kesina/eclipse-workspace/commons-csv/output/09-10-2020_12_02_49/ExtendedBufferedReader-CFGedgeCoverageRequirements.txt  CREATED
/Users/kesina/eclipse-workspace/commons-csv/output/09-10-2020_12_02_49/ExtendedBufferedReader-CFGnodeGrpByFunction.json  CREATED
CFG GRAPH PARSED SUCCESSFULLY!
Statement coverage wasn't tracked.
SmartTest mapping not created.
OUTPUT FOLDER "09-10-2020_12_02_53" created
/Users/kesina/eclipse-workspace/commons-csv/src/main/java/org/apache/commons/csv/ExtendedBufferedReader
=================CFG created for ExtendedBufferedReader.java
DOT FILE SUCCESSFULLY CLEAN!!
CFG GRAPH PARSING STARTED OF... ExtendedBufferedReader.java
/Users/kesina/eclipse-workspace/commons-csv/output/09-10-2020_12_02_53/ExtendedBufferedReader-CFGmapping.json  CREATED
/Users/kesina/eclipse-workspace/commons-csv/output/09-10-2020_12_02_53/ExtendedBufferedReader-CFGedgeCoverageRequirements.txt  CREATED
/Users/kesina/eclipse-workspace/commons-csv/output/09-10-2020_12_02_53/ExtendedBufferedReader-CFGnodeGrpByFunction.json  CREATED
CFG GRAPH PARSED SUCCESSFULLY!
Statement coverage wasn't tracked.
SmartTest mapping not created.
/Users/kesina/eclipse-workspace/commons-csv/src/main/java/org/apache/commons/csv/ExtendedBufferedReader
ANALYSIS OF MUTATION================ 1
bash temprunProgex.sh /Users/kesina/eclipse-workspace/commons-csv/src/main/java/org/apache/commons/csv/ExtendedBufferedReader PROGEX
Comparison Done
No test to rerun
ANALYSIS OF MUTATION================ 2
bash temprunProgex.sh /Users/kesina/eclipse-workspace/commons-csv/src/main/java/org/apache/commons/csv/ExtendedBufferedReader PROGEX
Comparison Done
ANALYSIS OF MUTATION================ 3
bash temprunProgex.sh /Users/kesina/eclipse-workspace/commons-csv/src/main/java/org/apache/commons/csv/ExtendedBufferedReader PROGEX
Comparison Done
ANALYSIS OF MUTATION================ 4
bash temprunProgex.sh /Users/kesina/eclipse-workspace/commons-csv/src/main/java/org/apache/commons/csv/ExtendedBufferedReader PROGEX
Comparison Done
ANALYSIS OF MUTATION================ 5
bash temprunProgex.sh /Users/kesina/eclipse-workspace/commons-csv/src/main/java/org/apache/commons/csv/ExtendedBufferedReader PROGEX
Comparison Done
ANALYSIS OF MUTATION================ 6
bash temprunProgex.sh /Users/kesina/eclipse-workspace/commons-csv/src/main/java/org/apache/commons/csv/ExtendedBufferedReader PROGEX
Comparison Done
ANALYSIS OF MUTATION================ 7
bash temprunProgex.sh /Users/kesina/eclipse-workspace/commons-csv/src/main/java/org/apache/commons/csv/ExtendedBufferedReader PROGEX
Comparison Done
ANALYSIS OF MUTATION================ 8
bash temprunProgex.sh /Users/kesina/eclipse-workspace/commons-csv/src/main/java/org/apache/commons/csv/ExtendedBufferedReader PROGEX
Comparison Done
ANALYSIS OF MUTATION================ 9
bash temprunProgex.sh /Users/kesina/eclipse-workspace/commons-csv/src/main/java/org/apache/commons/csv/ExtendedBufferedReader PROGEX
Comparison Done
ANALYSIS OF MUTATION================ 10
bash temprunProgex.sh /Users/kesina/eclipse-workspace/commons-csv/src/main/java/org/apache/commons/csv/ExtendedBufferedReader PROGEX
Comparison Done
ANALYSIS OF MUTATION================ 11
bash temprunProgex.sh /Users/kesina/eclipse-workspace/commons-csv/src/main/java/org/apache/commons/csv/ExtendedBufferedReader PROGEX
Comparison Done
ANALYSIS OF MUTATION================ 12
bash temprunProgex.sh /Users/kesina/eclipse-workspace/commons-csv/src/main/java/org/apache/commons/csv/ExtendedBufferedReader PROGEX
Comparison Done
ANALYSIS OF MUTATION================ 13
bash temprunProgex.sh /Users/kesina/eclipse-workspace/commons-csv/src/main/java/org/apache/commons/csv/ExtendedBufferedReader PROGEX
Comparison Done
ANALYSIS OF MUTATION================ 14
bash temprunProgex.sh /Users/kesina/eclipse-workspace/commons-csv/src/main/java/org/apache/commons/csv/ExtendedBufferedReader PROGEX
Comparison Done
ANALYSIS OF MUTATION================ 15
bash temprunProgex.sh /Users/kesina/eclipse-workspace/commons-csv/src/main/java/org/apache/commons/csv/ExtendedBufferedReader PROGEX
Comparison Done
ANALYSIS OF MUTATION================ 16
bash temprunProgex.sh /Users/kesina/eclipse-workspace/commons-csv/src/main/java/org/apache/commons/csv/ExtendedBufferedReader PROGEX
Comparison Done
ANALYSIS OF MUTATION================ 17
bash temprunProgex.sh /Users/kesina/eclipse-workspace/commons-csv/src/main/java/org/apache/commons/csv/ExtendedBufferedReader PROGEX
Comparison Done
ANALYSIS OF MUTATION================ 18
bash temprunProgex.sh /Users/kesina/eclipse-workspace/commons-csv/src/main/java/org/apache/commons/csv/ExtendedBufferedReader PROGEX
Comparison Done
ANALYSIS OF MUTATION================ 19
bash temprunProgex.sh /Users/kesina/eclipse-workspace/commons-csv/src/main/java/org/apache/commons/csv/ExtendedBufferedReader PROGEX
Comparison Done
ANALYSIS OF MUTATION================ 20
bash temprunProgex.sh /Users/kesina/eclipse-workspace/commons-csv/src/main/java/org/apache/commons/csv/ExtendedBufferedReader PROGEX
Comparison Done
ANALYSIS OF MUTATION================ 21
bash temprunProgex.sh /Users/kesina/eclipse-workspace/commons-csv/src/main/java/org/apache/commons/csv/ExtendedBufferedReader PROGEX
Comparison Done
ANALYSIS OF MUTATION================ 22
bash temprunProgex.sh /Users/kesina/eclipse-workspace/commons-csv/src/main/java/org/apache/commons/csv/ExtendedBufferedReader PROGEX
Comparison Done
ANALYSIS OF MUTATION================ 23
bash temprunProgex.sh /Users/kesina/eclipse-workspace/commons-csv/src/main/java/org/apache/commons/csv/ExtendedBufferedReader PROGEX
Comparison Done
ANALYSIS OF MUTATION================ 24
bash temprunProgex.sh /Users/kesina/eclipse-workspace/commons-csv/src/main/java/org/apache/commons/csv/ExtendedBufferedReader PROGEX
Comparison Done
ANALYSIS OF MUTATION================ 25
bash temprunProgex.sh /Users/kesina/eclipse-workspace/commons-csv/src/main/java/org/apache/commons/csv/ExtendedBufferedReader PROGEX
Comparison Done
ANALYSIS OF MUTATION================ 26
bash temprunProgex.sh /Users/kesina/eclipse-workspace/commons-csv/src/main/java/org/apache/commons/csv/ExtendedBufferedReader PROGEX
Comparison Done
ANALYSIS OF MUTATION================ 27
bash temprunProgex.sh /Users/kesina/eclipse-workspace/commons-csv/src/main/java/org/apache/commons/csv/ExtendedBufferedReader PROGEX
Comparison Done
ANALYSIS OF MUTATION================ 28
bash temprunProgex.sh /Users/kesina/eclipse-workspace/commons-csv/src/main/java/org/apache/commons/csv/ExtendedBufferedReader PROGEX
Comparison Done
ANALYSIS OF MUTATION================ 29
bash temprunProgex.sh /Users/kesina/eclipse-workspace/commons-csv/src/main/java/org/apache/commons/csv/ExtendedBufferedReader PROGEX
Comparison Done
ANALYSIS OF MUTATION================ 30
bash temprunProgex.sh /Users/kesina/eclipse-workspace/commons-csv/src/main/java/org/apache/commons/csv/ExtendedBufferedReader PROGEX
Comparison Done
ANALYSIS OF MUTATION================ 31
bash temprunProgex.sh /Users/kesina/eclipse-workspace/commons-csv/src/main/java/org/apache/commons/csv/ExtendedBufferedReader PROGEX
Comparison Done
ANALYSIS OF MUTATION================ 32
bash temprunProgex.sh /Users/kesina/eclipse-workspace/commons-csv/src/main/java/org/apache/commons/csv/ExtendedBufferedReader PROGEX
Comparison Done
ANALYSIS OF MUTATION================ 33
bash temprunProgex.sh /Users/kesina/eclipse-workspace/commons-csv/src/main/java/org/apache/commons/csv/ExtendedBufferedReader PROGEX
Comparison Done
ANALYSIS OF MUTATION================ 34
bash temprunProgex.sh /Users/kesina/eclipse-workspace/commons-csv/src/main/java/org/apache/commons/csv/ExtendedBufferedReader PROGEX
Comparison Done
ANALYSIS OF MUTATION================ 35
bash temprunProgex.sh /Users/kesina/eclipse-workspace/commons-csv/src/main/java/org/apache/commons/csv/ExtendedBufferedReader PROGEX
Comparison Done
ANALYSIS OF MUTATION================ 36
bash temprunProgex.sh /Users/kesina/eclipse-workspace/commons-csv/src/main/java/org/apache/commons/csv/ExtendedBufferedReader PROGEX
Comparison Done
ANALYSIS OF MUTATION================ 37
bash temprunProgex.sh /Users/kesina/eclipse-workspace/commons-csv/src/main/java/org/apache/commons/csv/ExtendedBufferedReader PROGEX
Comparison Done
ANALYSIS OF MUTATION================ 38
bash temprunProgex.sh /Users/kesina/eclipse-workspace/commons-csv/src/main/java/org/apache/commons/csv/ExtendedBufferedReader PROGEX
Comparison Done
ANALYSIS OF MUTATION================ 39
bash temprunProgex.sh /Users/kesina/eclipse-workspace/commons-csv/src/main/java/org/apache/commons/csv/ExtendedBufferedReader PROGEX
Comparison Done
ANALYSIS OF MUTATION================ 40
bash temprunProgex.sh /Users/kesina/eclipse-workspace/commons-csv/src/main/java/org/apache/commons/csv/ExtendedBufferedReader PROGEX
Comparison Done
ANALYSIS OF MUTATION================ 41
bash temprunProgex.sh /Users/kesina/eclipse-workspace/commons-csv/src/main/java/org/apache/commons/csv/ExtendedBufferedReader PROGEX
Comparison Done
ANALYSIS OF MUTATION================ 42
bash temprunProgex.sh /Users/kesina/eclipse-workspace/commons-csv/src/main/java/org/apache/commons/csv/ExtendedBufferedReader PROGEX
Comparison Done
ANALYSIS OF MUTATION================ 43
bash temprunProgex.sh /Users/kesina/eclipse-workspace/commons-csv/src/main/java/org/apache/commons/csv/ExtendedBufferedReaderOUTPUT FOLDER "09-10-2020_12_02_55" created
/Users/kesina/eclipse-workspace/commons-csv/src/main/java/org/apache/commons/csv/ExtendedBufferedReader
=================CFG created for ExtendedBufferedReader.java
DOT FILE SUCCESSFULLY CLEAN!!
CFG GRAPH PARSING STARTED OF... ExtendedBufferedReader.java
/Users/kesina/eclipse-workspace/commons-csv/output/09-10-2020_12_02_55/ExtendedBufferedReader-CFGmapping.json  CREATED
/Users/kesina/eclipse-workspace/commons-csv/output/09-10-2020_12_02_55/ExtendedBufferedReader-CFGedgeCoverageRequirements.txt  CREATED
/Users/kesina/eclipse-workspace/commons-csv/output/09-10-2020_12_02_55/ExtendedBufferedReader-CFGnodeGrpByFunction.json  CREATED
CFG GRAPH PARSED SUCCESSFULLY!
Statement coverage wasn't tracked.
SmartTest mapping not created.
OUTPUT FOLDER "09-10-2020_12_02_57" created
/Users/kesina/eclipse-workspace/commons-csv/src/main/java/org/apache/commons/csv/ExtendedBufferedReader
=================CFG created for ExtendedBufferedReader.java
DOT FILE SUCCESSFULLY CLEAN!!
CFG GRAPH PARSING STARTED OF... ExtendedBufferedReader.java
/Users/kesina/eclipse-workspace/commons-csv/output/09-10-2020_12_02_57/ExtendedBufferedReader-CFGmapping.json  CREATED
/Users/kesina/eclipse-workspace/commons-csv/output/09-10-2020_12_02_57/ExtendedBufferedReader-CFGedgeCoverageRequirements.txt  CREATED
/Users/kesina/eclipse-workspace/commons-csv/output/09-10-2020_12_02_57/ExtendedBufferedReader-CFGnodeGrpByFunction.json  CREATED
CFG GRAPH PARSED SUCCESSFULLY!
Statement coverage wasn't tracked.
SmartTest mapping not created.
OUTPUT FOLDER "09-10-2020_12_02_59" created
/Users/kesina/eclipse-workspace/commons-csv/src/main/java/org/apache/commons/csv/ExtendedBufferedReader
=================CFG created for ExtendedBufferedReader.java
DOT FILE SUCCESSFULLY CLEAN!!
CFG GRAPH PARSING STARTED OF... ExtendedBufferedReader.java
/Users/kesina/eclipse-workspace/commons-csv/output/09-10-2020_12_02_59/ExtendedBufferedReader-CFGmapping.json  CREATED
/Users/kesina/eclipse-workspace/commons-csv/output/09-10-2020_12_02_59/ExtendedBufferedReader-CFGedgeCoverageRequirements.txt  CREATED
/Users/kesina/eclipse-workspace/commons-csv/output/09-10-2020_12_02_59/ExtendedBufferedReader-CFGnodeGrpByFunction.json  CREATED
CFG GRAPH PARSED SUCCESSFULLY!
Statement coverage wasn't tracked.
SmartTest mapping not created.
OUTPUT FOLDER "09-10-2020_12_03_01" created
/Users/kesina/eclipse-workspace/commons-csv/src/main/java/org/apache/commons/csv/ExtendedBufferedReader
=================CFG created for ExtendedBufferedReader.java
DOT FILE SUCCESSFULLY CLEAN!!
CFG GRAPH PARSING STARTED OF... ExtendedBufferedReader.java
/Users/kesina/eclipse-workspace/commons-csv/output/09-10-2020_12_03_01/ExtendedBufferedReader-CFGmapping.json  CREATED
/Users/kesina/eclipse-workspace/commons-csv/output/09-10-2020_12_03_01/ExtendedBufferedReader-CFGedgeCoverageRequirements.txt  CREATED
/Users/kesina/eclipse-workspace/commons-csv/output/09-10-2020_12_03_01/ExtendedBufferedReader-CFGnodeGrpByFunction.json  CREATED
CFG GRAPH PARSED SUCCESSFULLY!
Statement coverage wasn't tracked.
SmartTest mapping not created.
OUTPUT FOLDER "09-10-2020_12_03_04" created
/Users/kesina/eclipse-workspace/commons-csv/src/main/java/org/apache/commons/csv/ExtendedBufferedReader
=================CFG created for ExtendedBufferedReader.java
DOT FILE SUCCESSFULLY CLEAN!!
CFG GRAPH PARSING STARTED OF... ExtendedBufferedReader.java
/Users/kesina/eclipse-workspace/commons-csv/output/09-10-2020_12_03_04/ExtendedBufferedReader-CFGmapping.json  CREATED
/Users/kesina/eclipse-workspace/commons-csv/output/09-10-2020_12_03_04/ExtendedBufferedReader-CFGedgeCoverageRequirements.txt  CREATED
/Users/kesina/eclipse-workspace/commons-csv/output/09-10-2020_12_03_04/ExtendedBufferedReader-CFGnodeGrpByFunction.json  CREATED
CFG GRAPH PARSED SUCCESSFULLY!
Statement coverage wasn't tracked.
SmartTest mapping not created.
OUTPUT FOLDER "09-10-2020_12_03_05" created
/Users/kesina/eclipse-workspace/commons-csv/src/main/java/org/apache/commons/csv/ExtendedBufferedReader
=================CFG created for ExtendedBufferedReader.java
DOT FILE SUCCESSFULLY CLEAN!!
CFG GRAPH PARSING STARTED OF... ExtendedBufferedReader.java
/Users/kesina/eclipse-workspace/commons-csv/output/09-10-2020_12_03_05/ExtendedBufferedReader-CFGmapping.json  CREATED
/Users/kesina/eclipse-workspace/commons-csv/output/09-10-2020_12_03_05/ExtendedBufferedReader-CFGedgeCoverageRequirements.txt  CREATED
/Users/kesina/eclipse-workspace/commons-csv/output/09-10-2020_12_03_05/ExtendedBufferedReader-CFGnodeGrpByFunction.json  CREATED
CFG GRAPH PARSED SUCCESSFULLY!
Statement coverage wasn't tracked.
SmartTest mapping not created.
OUTPUT FOLDER "09-10-2020_12_03_07" created
/Users/kesina/eclipse-workspace/commons-csv/src/main/java/org/apache/commons/csv/ExtendedBufferedReader
=================CFG created for ExtendedBufferedReader.java
DOT FILE SUCCESSFULLY CLEAN!!
CFG GRAPH PARSING STARTED OF... ExtendedBufferedReader.java
/Users/kesina/eclipse-workspace/commons-csv/output/09-10-2020_12_03_07/ExtendedBufferedReader-CFGmapping.json  CREATED
/Users/kesina/eclipse-workspace/commons-csv/output/09-10-2020_12_03_07/ExtendedBufferedReader-CFGedgeCoverageRequirements.txt  CREATED
/Users/kesina/eclipse-workspace/commons-csv/output/09-10-2020_12_03_07/ExtendedBufferedReader-CFGnodeGrpByFunction.json  CREATED
CFG GRAPH PARSED SUCCESSFULLY!
Statement coverage wasn't tracked.
SmartTest mapping not created.
OUTPUT FOLDER "09-10-2020_12_03_09" created
/Users/kesina/eclipse-workspace/commons-csv/src/main/java/org/apache/commons/csv/ExtendedBufferedReader
=================CFG created for ExtendedBufferedReader.java
DOT FILE SUCCESSFULLY CLEAN!!
CFG GRAPH PARSING STARTED OF... ExtendedBufferedReader.java
/Users/kesina/eclipse-workspace/commons-csv/output/09-10-2020_12_03_09/ExtendedBufferedReader-CFGmapping.json  CREATED
/Users/kesina/eclipse-workspace/commons-csv/output/09-10-2020_12_03_09/ExtendedBufferedReader-CFGedgeCoverageRequirements.txt  CREATED
/Users/kesina/eclipse-workspace/commons-csv/output/09-10-2020_12_03_09/ExtendedBufferedReader-CFGnodeGrpByFunction.json  CREATED
CFG GRAPH PARSED SUCCESSFULLY!
Statement coverage wasn't tracked.
SmartTest mapping not created.
 PROGEX
Comparison Done
ANALYSIS OF MUTATION================ 44
bash temprunProgex.sh /Users/kesina/eclipse-workspace/commons-csv/src/main/java/org/apache/commons/csv/ExtendedBufferedReader PROGEX
Comparison Done
ANALYSIS OF MUTATION================ 45
bash temprunProgex.sh /Users/kesina/eclipse-workspace/commons-csv/src/main/java/org/apache/commons/csv/ExtendedBufferedReader PROGEX
Comparison Done
ANALYSIS OF MUTATION================ 46
bash temprunProgex.sh /Users/kesina/eclipse-workspace/commons-csv/src/main/java/org/apache/commons/csv/ExtendedBufferedReader PROGEX
Comparison Done
ANALYSIS OF MUTATION================ 47
bash temprunProgex.sh /Users/kesina/eclipse-workspace/commons-csv/src/main/java/org/apache/commons/csv/ExtendedBufferedReader PROGEX
Comparison Done
ANALYSIS OF MUTATION================ 48
bash temprunProgex.sh /Users/kesina/eclipse-workspace/commons-csv/src/main/java/org/apache/commons/csv/ExtendedBufferedReader PROGEX
Comparison Done
ANALYSIS OF MUTATION================ 49
bash temprunProgex.sh /Users/kesina/eclipse-workspace/commons-csv/src/main/java/org/apache/commons/csv/ExtendedBufferedReader PROGEX
Comparison Done
ANALYSIS OF MUTATION================ 50
bash temprunProgex.sh /Users/kesina/eclipse-workspace/commons-csv/src/main/java/org/apache/commons/csv/ExtendedBufferedReader PROGEX
Comparison Done
Output saved
==================TIME TAKEN FOR ANALYSIS======================== 101.93278694152832
