VERIFICATION DONE===========CSVFormat-09-10-2020_10_19_05.json is good
VERIFICATION DONE===========CSVFormat-09-10-2020_10_21_18.json is good
VERIFICATION DONE===========CSVFormat-09-10-2020_10_23_00.json is good
VERIFICATION DONE===========CSVFormat-09-10-2020_10_24_30.json is good
VERIFICATION DONE===========CSVFormat-09-10-2020_10_25_53.json is good
VERIFICATION DONE===========CSVFormat-09-10-2020_10_27_21.json is good
VERIFICATION DONE===========CSVFormat-09-10-2020_10_28_45.json is good
VERIFICATION DONE===========CSVFormat-09-10-2020_10_30_12.json is good
VERIFICATION DONE===========CSVFormat-09-10-2020_10_31_38.json is good
VERIFICATION DONE===========CSVFormat-09-10-2020_10_33_03.json is good
VERIFICATION DONE===========CSVFormat-09-10-2020_10_34_27.json is good
VERIFICATION DONE===========CSVFormat-09-10-2020_10_35_12.json is good
VERIFICATION DONE===========CSVFormat-09-10-2020_10_35_56.json is good
VERIFICATION DONE===========CSVFormat-09-10-2020_10_36_44.json is good
VERIFICATION DONE===========CSVFormat-09-10-2020_10_37_29.json is good
VERIFICATION DONE===========CSVFormat-09-10-2020_10_38_12.json is good
VERIFICATION DONE===========CSVFormat-09-10-2020_10_38_39.json is good
VERIFICATION DONE===========CSVFormat-09-10-2020_10_39_09.json is good
VERIFICATION DONE===========CSVFormat-09-10-2020_10_39_38.json is good
CSVFormat-09-10-2020_10_40_10.json ------- Line didn't match
CSVFormat-09-10-2020_10_40_40.json ------- Line didn't match
CSVFormat-09-10-2020_10_41_15.json ------- Line didn't match
CSVFormat-09-10-2020_10_41_46.json ------- Line didn't match
CSVFormat-09-10-2020_10_42_18.json ------- No test affected or reported. Matches
CSVFormat-09-10-2020_10_42_20.json ------- No test affected or reported. Matches
CSVFormat-09-10-2020_10_42_23.json ------- No test affected or reported. Matches
VERIFICATION DONE===========CSVFormat-09-10-2020_10_42_26.json is good
VERIFICATION DONE===========CSVFormat-09-10-2020_10_42_32.json is good
VERIFICATION DONE===========CSVFormat-09-10-2020_10_42_36.json is good




VERIFICATION DONE===========CSVPrinter-09-10-2020_11_06_20.json is good
VERIFICATION DONE===========CSVPrinter-09-10-2020_11_06_25.json is good
CSVPrinter-09-10-2020_11_06_30.json ------- No test affected or reported. Matches
CSVPrinter-09-10-2020_11_06_34.json ------- No test affected or reported. Matches
CSVPrinter-09-10-2020_11_06_37.json ------- No test affected or reported. Matches
VERIFICATION DONE===========CSVPrinter-09-10-2020_11_06_40.json is good
CSVPrinter-09-10-2020_11_06_42.json ------- No test affected or reported. Matches
CSVPrinter-09-10-2020_11_06_43.json ------- No test affected or reported. Matches
CSVPrinter-09-10-2020_11_06_45.json ------- No test affected or reported. Matches
CSVPrinter-09-10-2020_11_06_46.json ------- No test affected or reported. Matches
CSVPrinter-09-10-2020_11_06_47.json ------- No test affected or reported. Matches
CSVPrinter-09-10-2020_11_06_48.json ------- No test affected or reported. Matches
CSVPrinter-09-10-2020_11_06_50.json ------- No test affected or reported. Matches
VERIFICATION DONE===========CSVPrinter-09-10-2020_11_06_51.json is good
VERIFICATION DONE===========CSVPrinter-09-10-2020_11_09_38.json is good
VERIFICATION DONE===========CSVPrinter-09-10-2020_11_11_56.json is good
VERIFICATION DONE===========CSVPrinter-09-10-2020_11_15_49.json is good
VERIFICATION DONE===========CSVPrinter-09-10-2020_11_18_13.json is good
VERIFICATION DONE===========CSVPrinter-09-10-2020_11_20_35.json is good
VERIFICATION DONE===========CSVPrinter-09-10-2020_11_22_52.json is good
VERIFICATION DONE===========CSVPrinter-09-10-2020_11_22_57.json is good
VERIFICATION DONE===========CSVPrinter-09-10-2020_11_25_18.json is good
CSVPrinter-09-10-2020_11_25_29.json ------- No test affected or reported. Matches
VERIFICATION DONE===========CSVPrinter-09-10-2020_11_25_31.json is good
VERIFICATION DONE===========CSVPrinter-09-10-2020_11_26_19.json is good
VERIFICATION DONE===========CSVPrinter-09-10-2020_11_27_02.json is good
VERIFICATION DONE===========CSVPrinter-09-10-2020_11_27_46.json is good
VERIFICATION DONE===========CSVPrinter-09-10-2020_11_27_56.json is good
VERIFICATION DONE===========CSVPrinter-09-10-2020_11_28_03.json is good
VERIFICATION DONE===========CSVPrinter-09-10-2020_11_28_06.json is good
VERIFICATION DONE===========CSVPrinter-09-10-2020_11_28_12.json is good
CSVPrinter-09-10-2020_11_28_19.json ------- No test affected or reported. Matches
VERIFICATION DONE===========CSVPrinter-09-10-2020_11_28_21.json is good
VERIFICATION DONE===========CSVPrinter-09-10-2020_11_28_28.json is good
VERIFICATION DONE===========CSVPrinter-09-10-2020_11_28_35.json is good
VERIFICATION DONE===========CSVPrinter-09-10-2020_11_28_41.json is good
VERIFICATION DONE===========CSVPrinter-09-10-2020_11_28_47.json is good
VERIFICATION DONE===========CSVPrinter-09-10-2020_11_28_53.json is good
VERIFICATION DONE===========CSVPrinter-09-10-2020_11_29_00.json is good
VERIFICATION DONE===========CSVPrinter-09-10-2020_11_29_08.json is good
CSVPrinter-09-10-2020_11_29_15.json ------- No test affected or reported. Matches
CSVPrinter-09-10-2020_11_29_16.json ------- No test affected or reported. Matches
CSVPrinter-09-10-2020_11_29_17.json ------- No test affected or reported. Matches
CSVPrinter-09-10-2020_11_29_19.json ------- No test affected or reported. Matches
CSVPrinter-09-10-2020_11_29_20.json ------- No test affected or reported. Matches
CSVPrinter-09-10-2020_11_29_22.json ------- No test affected or reported. Matches
CSVPrinter-09-10-2020_11_29_23.json ------- No test affected or reported. Matches
CSVPrinter-09-10-2020_11_29_25.json ------- No test affected or reported. Matches
CSVPrinter-09-10-2020_11_29_27.json ------- No test affected or reported. Matches




CSVRecord-09-10-2020_11_58_13.json ------- No test affected or reported. Matches
CSVRecord-09-10-2020_11_58_14.json ------- No test affected or reported. Matches
CSVRecord-09-10-2020_11_58_15.json ------- No test affected or reported. Matches
CSVRecord-09-10-2020_11_58_17.json ------- No test affected or reported. Matches
CSVRecord-09-10-2020_11_58_18.json ------- No test affected or reported. Matches
CSVRecord-09-10-2020_11_58_19.json ------- No test affected or reported. Matches
CSVRecord-09-10-2020_11_58_21.json ------- No test affected or reported. Matches
CSVRecord-09-10-2020_11_58_23.json ------- No test affected or reported. Matches
CSVRecord-09-10-2020_11_58_25.json ------- No test affected or reported. Matches
CSVRecord-09-10-2020_11_58_28.json ------- No test affected or reported. Matches
CSVRecord-09-10-2020_11_58_30.json ------- No test affected or reported. Matches
CSVRecord-09-10-2020_11_58_34.json ------- No test affected or reported. Matches
CSVRecord-09-10-2020_11_58_39.json ------- No test affected or reported. Matches
CSVRecord-09-10-2020_11_58_42.json ------- No test affected or reported. Matches
CSVRecord-09-10-2020_11_58_47.json ------- No test affected or reported. Matches
CSVRecord-09-10-2020_11_58_49.json ------- No test affected or reported. Matches
CSVRecord-09-10-2020_11_58_51.json ------- No test affected or reported. Matches
CSVRecord-09-10-2020_11_58_53.json ------- No test affected or reported. Matches
CSVRecord-09-10-2020_11_58_57.json ------- No test affected or reported. Matches
CSVRecord-09-10-2020_11_59_02.json ------- No test affected or reported. Matches
CSVRecord-09-10-2020_11_59_05.json ------- No test affected or reported. Matches
CSVRecord-09-10-2020_11_59_07.json ------- No test affected or reported. Matches
CSVRecord-09-10-2020_11_59_09.json ------- No test affected or reported. Matches
CSVRecord-09-10-2020_11_59_12.json ------- No test affected or reported. Matches
CSVRecord-09-10-2020_11_59_14.json ------- No test affected or reported. Matches
CSVRecord-09-10-2020_11_59_17.json ------- No test affected or reported. Matches
CSVRecord-09-10-2020_11_59_19.json ------- No test affected or reported. Matches
CSVRecord-09-10-2020_11_59_22.json ------- No test affected or reported. Matches
CSVRecord-09-10-2020_11_59_24.json ------- No test affected or reported. Matches
CSVRecord-09-10-2020_11_59_26.json ------- No test affected or reported. Matches
CSVRecord-09-10-2020_11_59_29.json ------- No test affected or reported. Matches
CSVRecord-09-10-2020_11_59_31.json ------- No test affected or reported. Matches
CSVRecord-09-10-2020_11_59_33.json ------- No test affected or reported. Matches
CSVRecord-09-10-2020_11_59_35.json ------- No test affected or reported. Matches
CSVRecord-09-10-2020_11_59_36.json ------- No test affected or reported. Matches
CSVRecord-09-10-2020_11_59_39.json ------- No test affected or reported. Matches
CSVRecord-09-10-2020_11_59_42.json ------- No test affected or reported. Matches
CSVRecord-09-10-2020_11_59_44.json ------- No test affected or reported. Matches
CSVRecord-09-10-2020_11_59_47.json ------------ Affected requirement didn't match
CSVRecord-09-10-2020_11_59_51.json ------- No test affected or reported. Matches
CSVRecord-09-10-2020_11_59_55.json ------- No test affected or reported. Matches
VERIFICATION DONE===========CSVRecord-09-10-2020_12_00_01.json is good
CSVRecord-09-10-2020_12_00_03.json ------- No test affected or reported. Matches
CSVRecord-09-10-2020_12_00_04.json ------- No test affected or reported. Matches
CSVRecord-09-10-2020_12_00_06.json ------- No test affected or reported. Matches
CSVRecord-09-10-2020_12_00_08.json ------- No test affected or reported. Matches
CSVRecord-09-10-2020_12_00_10.json ------- No test affected or reported. Matches
VERIFICATION DONE===========CSVRecord-09-10-2020_12_00_12.json is good



ExtendedBufferedReader-09-10-2020_12_01_33.json ------- No test affected or reported. Matches
ExtendedBufferedReader-09-10-2020_12_01_35.json ------- No test affected or reported. Matches
ExtendedBufferedReader-09-10-2020_12_01_38.json ------- No test affected or reported. Matches
ExtendedBufferedReader-09-10-2020_12_01_40.json ------- No test affected or reported. Matches
ExtendedBufferedReader-09-10-2020_12_01_43.json ------- No test affected or reported. Matches
ExtendedBufferedReader-09-10-2020_12_01_45.json ------- No test affected or reported. Matches
ExtendedBufferedReader-09-10-2020_12_01_48.json ------- No test affected or reported. Matches
ExtendedBufferedReader-09-10-2020_12_01_50.json ------- No test affected or reported. Matches
ExtendedBufferedReader-09-10-2020_12_01_52.json ------- No test affected or reported. Matches
ExtendedBufferedReader-09-10-2020_12_01_54.json ------- No test affected or reported. Matches
ExtendedBufferedReader-09-10-2020_12_01_56.json ------- No test affected or reported. Matches
ExtendedBufferedReader-09-10-2020_12_01_58.json ------- No test affected or reported. Matches
ExtendedBufferedReader-09-10-2020_12_02_00.json ------- No test affected or reported. Matches
ExtendedBufferedReader-09-10-2020_12_02_02.json ------- No test affected or reported. Matches
ExtendedBufferedReader-09-10-2020_12_02_03.json ------- No test affected or reported. Matches
ExtendedBufferedReader-09-10-2020_12_02_05.json ------- No test affected or reported. Matches
ExtendedBufferedReader-09-10-2020_12_02_07.json ------- No test affected or reported. Matches
ExtendedBufferedReader-09-10-2020_12_02_09.json ------- No test affected or reported. Matches
ExtendedBufferedReader-09-10-2020_12_02_10.json ------- No test affected or reported. Matches
ExtendedBufferedReader-09-10-2020_12_02_12.json ------- No test affected or reported. Matches
ExtendedBufferedReader-09-10-2020_12_02_14.json ------- No test affected or reported. Matches
ExtendedBufferedReader-09-10-2020_12_02_16.json ------- No test affected or reported. Matches
ExtendedBufferedReader-09-10-2020_12_02_18.json ------- No test affected or reported. Matches
ExtendedBufferedReader-09-10-2020_12_02_19.json ------- No test affected or reported. Matches
ExtendedBufferedReader-09-10-2020_12_02_21.json ------- No test affected or reported. Matches
ExtendedBufferedReader-09-10-2020_12_02_23.json ------- No test affected or reported. Matches
ExtendedBufferedReader-09-10-2020_12_02_26.json ------- No test affected or reported. Matches
ExtendedBufferedReader-09-10-2020_12_02_27.json ------- No test affected or reported. Matches
ExtendedBufferedReader-09-10-2020_12_02_29.json ------- No test affected or reported. Matches
ExtendedBufferedReader-09-10-2020_12_02_31.json ------- No test affected or reported. Matches
ExtendedBufferedReader-09-10-2020_12_02_33.json ------- No test affected or reported. Matches
ExtendedBufferedReader-09-10-2020_12_02_35.json ------- No test affected or reported. Matches
ExtendedBufferedReader-09-10-2020_12_02_37.json ------- No test affected or reported. Matches
ExtendedBufferedReader-09-10-2020_12_02_39.json ------- No test affected or reported. Matches
ExtendedBufferedReader-09-10-2020_12_02_40.json ------- No test affected or reported. Matches
ExtendedBufferedReader-09-10-2020_12_02_42.json ------- No test affected or reported. Matches
ExtendedBufferedReader-09-10-2020_12_02_44.json ------- No test affected or reported. Matches
ExtendedBufferedReader-09-10-2020_12_02_46.json ------- No test affected or reported. Matches
ExtendedBufferedReader-09-10-2020_12_02_47.json ------- No test affected or reported. Matches
ExtendedBufferedReader-09-10-2020_12_02_49.json ------- No test affected or reported. Matches
ExtendedBufferedReader-09-10-2020_12_02_53.json ------- No test affected or reported. Matches
ExtendedBufferedReader-09-10-2020_12_02_55.json ------- No test affected or reported. Matches
ExtendedBufferedReader-09-10-2020_12_02_57.json ------- No test affected or reported. Matches
ExtendedBufferedReader-09-10-2020_12_02_59.json ------- No test affected or reported. Matches
ExtendedBufferedReader-09-10-2020_12_03_01.json ------- No test affected or reported. Matches
ExtendedBufferedReader-09-10-2020_12_03_04.json ------- No test affected or reported. Matches
ExtendedBufferedReader-09-10-2020_12_03_05.json ------- No test affected or reported. Matches
ExtendedBufferedReader-09-10-2020_12_03_07.json ------- No test affected or reported. Matches
ExtendedBufferedReader-09-10-2020_12_03_09.json ------- No test affected or reported. Matches


Lexer-09-10-2020_12_04_20.json ------- No test affected or reported. Matches
Lexer-09-10-2020_12_04_22.json ------- No test affected or reported. Matches
Lexer-09-10-2020_12_04_24.json ------- No test affected or reported. Matches
Lexer-09-10-2020_12_04_26.json ------- No test affected or reported. Matches
Lexer-09-10-2020_12_04_27.json ------- No test affected or reported. Matches
Lexer-09-10-2020_12_04_29.json ------- No test affected or reported. Matches
Lexer-09-10-2020_12_04_30.json ------- No test affected or reported. Matches
Lexer-09-10-2020_12_04_32.json ------- No test affected or reported. Matches
Lexer-09-10-2020_12_04_34.json ------- No test affected or reported. Matches
Lexer-09-10-2020_12_04_36.json ------- No test affected or reported. Matches
Lexer-09-10-2020_12_04_37.json ------- No test affected or reported. Matches
Lexer-09-10-2020_12_04_39.json ------- No test affected or reported. Matches
Lexer-09-10-2020_12_04_40.json ------- No test affected or reported. Matches
Lexer-09-10-2020_12_04_42.json ------- No test affected or reported. Matches
Lexer-09-10-2020_12_04_44.json ------- No test affected or reported. Matches
Lexer-09-10-2020_12_04_45.json ------- No test affected or reported. Matches
Lexer-09-10-2020_12_04_47.json ------- No test affected or reported. Matches
Lexer-09-10-2020_12_04_48.json ------- No test affected or reported. Matches
Lexer-09-10-2020_12_04_50.json ------- No test affected or reported. Matches
Lexer-09-10-2020_12_04_52.json ------- No test affected or reported. Matches
Lexer-09-10-2020_12_04_53.json ------- No test affected or reported. Matches
Lexer-09-10-2020_12_04_55.json ------- No test affected or reported. Matches
Lexer-09-10-2020_12_04_56.json ------- No test affected or reported. Matches
Lexer-09-10-2020_12_04_58.json ------- No test affected or reported. Matches
Lexer-09-10-2020_12_04_59.json ------- No test affected or reported. Matches
Lexer-09-10-2020_12_05_01.json ------- No test affected or reported. Matches
Lexer-09-10-2020_12_05_02.json ------- No test affected or reported. Matches
Lexer-09-10-2020_12_05_04.json ------- No test affected or reported. Matches
Lexer-09-10-2020_12_05_05.json ------- No test affected or reported. Matches
Lexer-09-10-2020_12_05_07.json ------- No test affected or reported. Matches
Lexer-09-10-2020_12_05_09.json ------- No test affected or reported. Matches
Lexer-09-10-2020_12_05_10.json ------- No test affected or reported. Matches
Lexer-09-10-2020_12_05_12.json ------- No test affected or reported. Matches
Lexer-09-10-2020_12_05_13.json ------- No test affected or reported. Matches
Lexer-09-10-2020_12_05_15.json ------- No test affected or reported. Matches
Lexer-09-10-2020_12_05_16.json ------- No test affected or reported. Matches
Lexer-09-10-2020_12_05_18.json ------- No test affected or reported. Matches
Lexer-09-10-2020_12_05_19.json ------- No test affected or reported. Matches
Lexer-09-10-2020_12_05_20.json ------- No test affected or reported. Matches
Lexer-09-10-2020_12_05_22.json ------- No test affected or reported. Matches
Lexer-09-10-2020_12_05_23.json ------- No test affected or reported. Matches
Lexer-09-10-2020_12_05_25.json ------- No test affected or reported. Matches
Lexer-09-10-2020_12_05_26.json ------- No test affected or reported. Matches
Lexer-09-10-2020_12_05_27.json ------- No test affected or reported. Matches
Lexer-09-10-2020_12_05_29.json ------- No test affected or reported. Matches
Lexer-09-10-2020_12_05_30.json ------- No test affected or reported. Matches
Lexer-09-10-2020_12_05_32.json ------- No test affected or reported. Matches
Lexer-09-10-2020_12_05_33.json ------- No test affected or reported. Matches

